[0.115s] DEBUG:colcon:Command line arguments: ['/usr/bin/colcon', 'build', '--symlink-install', '--cmake-args', '-DCMAKE_BUILD_TYPE=RelWithDebInfo', '-DCMAKE_EXPORT_COMPILE_COMMANDS=ON', '--packages-up-to', 'my_hardware_interface']
[0.115s] DEBUG:colcon:Parsed command line arguments: Namespace(log_base=None, log_level=None, verb_name='build', build_base='build', install_base='install', merge_install=False, symlink_install=True, test_result_base=None, continue_on_error=False, executor='parallel', parallel_workers=8, event_handlers=None, ignore_user_meta=False, metas=['./colcon.meta'], base_paths=['.'], packages_ignore=None, packages_ignore_regex=None, paths=None, packages_up_to=['my_hardware_interface'], packages_up_to_regex=None, packages_above=None, packages_above_and_dependencies=None, packages_above_depth=None, packages_select_by_dep=None, packages_skip_by_dep=None, packages_skip_up_to=None, packages_select_build_failed=False, packages_skip_build_finished=False, packages_select_test_failures=False, packages_skip_test_passed=False, packages_select=None, packages_skip=None, packages_select_regex=None, packages_skip_regex=None, packages_start=None, packages_end=None, allow_overriding=[], cmake_args=['-DCMAKE_BUILD_TYPE=RelWithDebInfo', '-DCMAKE_EXPORT_COMPILE_COMMANDS=ON'], cmake_target=None, cmake_target_skip_unavailable=False, cmake_clean_cache=False, cmake_clean_first=False, cmake_force_configure=False, ament_cmake_args=None, catkin_cmake_args=None, catkin_skip_building_tests=False, verb_parser=<colcon_defaults.argument_parser.defaults.DefaultArgumentsDecorator object at 0x7aa71b21d1e0>, verb_extension=<colcon_core.verb.build.BuildVerb object at 0x7aa71b21ccd0>, main=<bound method BuildVerb.main of <colcon_core.verb.build.BuildVerb object at 0x7aa71b21ccd0>>)
[0.304s] Level 1:colcon.colcon_core.package_discovery:discover_packages(colcon_meta) check parameters
[0.304s] Level 1:colcon.colcon_core.package_discovery:discover_packages(recursive) check parameters
[0.304s] Level 1:colcon.colcon_core.package_discovery:discover_packages(ignore) check parameters
[0.304s] Level 1:colcon.colcon_core.package_discovery:discover_packages(path) check parameters
[0.304s] Level 1:colcon.colcon_core.package_discovery:discover_packages(colcon_meta) discover
[0.305s] Level 1:colcon.colcon_core.package_discovery:discover_packages(recursive) discover
[0.305s] INFO:colcon.colcon_core.package_discovery:Crawling recursively for packages in '/home/gbb/rrbot_ws'
[0.305s] Level 1:colcon.colcon_core.package_identification:_identify(.) by extensions ['ignore', 'ignore_ament_install']
[0.305s] Level 1:colcon.colcon_core.package_identification:_identify(.) by extension 'ignore'
[0.305s] Level 1:colcon.colcon_core.package_identification:_identify(.) by extension 'ignore_ament_install'
[0.305s] Level 1:colcon.colcon_core.package_identification:_identify(.) by extensions ['colcon_pkg']
[0.305s] Level 1:colcon.colcon_core.package_identification:_identify(.) by extension 'colcon_pkg'
[0.305s] Level 1:colcon.colcon_core.package_identification:_identify(.) by extensions ['colcon_meta']
[0.305s] Level 1:colcon.colcon_core.package_identification:_identify(.) by extension 'colcon_meta'
[0.305s] Level 1:colcon.colcon_core.package_identification:_identify(.) by extensions ['ros']
[0.305s] Level 1:colcon.colcon_core.package_identification:_identify(.) by extension 'ros'
[0.316s] Level 1:colcon.colcon_core.package_identification:_identify(.) by extensions ['cmake', 'python']
[0.316s] Level 1:colcon.colcon_core.package_identification:_identify(.) by extension 'cmake'
[0.316s] Level 1:colcon.colcon_core.package_identification:_identify(.) by extension 'python'
[0.316s] Level 1:colcon.colcon_core.package_identification:_identify(.) by extensions ['python_setup_py']
[0.316s] Level 1:colcon.colcon_core.package_identification:_identify(.) by extension 'python_setup_py'
[0.316s] Level 1:colcon.colcon_core.package_identification:_identify(build) by extensions ['ignore', 'ignore_ament_install']
[0.316s] Level 1:colcon.colcon_core.package_identification:_identify(build) by extension 'ignore'
[0.317s] Level 1:colcon.colcon_core.package_identification:_identify(build) ignored
[0.317s] Level 1:colcon.colcon_core.package_identification:_identify(install) by extensions ['ignore', 'ignore_ament_install']
[0.317s] Level 1:colcon.colcon_core.package_identification:_identify(install) by extension 'ignore'
[0.317s] Level 1:colcon.colcon_core.package_identification:_identify(install) ignored
[0.317s] Level 1:colcon.colcon_core.package_identification:_identify(log) by extensions ['ignore', 'ignore_ament_install']
[0.317s] Level 1:colcon.colcon_core.package_identification:_identify(log) by extension 'ignore'
[0.317s] Level 1:colcon.colcon_core.package_identification:_identify(log) ignored
[0.317s] Level 1:colcon.colcon_core.package_identification:_identify(my_hardware_interface) by extensions ['ignore', 'ignore_ament_install']
[0.318s] Level 1:colcon.colcon_core.package_identification:_identify(my_hardware_interface) by extension 'ignore'
[0.318s] Level 1:colcon.colcon_core.package_identification:_identify(my_hardware_interface) by extension 'ignore_ament_install'
[0.318s] Level 1:colcon.colcon_core.package_identification:_identify(my_hardware_interface) by extensions ['colcon_pkg']
[0.318s] Level 1:colcon.colcon_core.package_identification:_identify(my_hardware_interface) by extension 'colcon_pkg'
[0.318s] Level 1:colcon.colcon_core.package_identification:_identify(my_hardware_interface) by extensions ['colcon_meta']
[0.318s] Level 1:colcon.colcon_core.package_identification:_identify(my_hardware_interface) by extension 'colcon_meta'
[0.318s] Level 1:colcon.colcon_core.package_identification:_identify(my_hardware_interface) by extensions ['ros']
[0.318s] Level 1:colcon.colcon_core.package_identification:_identify(my_hardware_interface) by extension 'ros'
[0.321s] DEBUG:colcon.colcon_core.package_identification:Package 'my_hardware_interface' with type 'ros.ament_cmake' and name 'my_hardware_interface'
[0.321s] Level 1:colcon.colcon_core.package_identification:_identify(src) by extensions ['ignore', 'ignore_ament_install']
[0.321s] Level 1:colcon.colcon_core.package_identification:_identify(src) by extension 'ignore'
[0.321s] Level 1:colcon.colcon_core.package_identification:_identify(src) by extension 'ignore_ament_install'
[0.322s] Level 1:colcon.colcon_core.package_identification:_identify(src) by extensions ['colcon_pkg']
[0.322s] Level 1:colcon.colcon_core.package_identification:_identify(src) by extension 'colcon_pkg'
[0.322s] Level 1:colcon.colcon_core.package_identification:_identify(src) by extensions ['colcon_meta']
[0.322s] Level 1:colcon.colcon_core.package_identification:_identify(src) by extension 'colcon_meta'
[0.322s] Level 1:colcon.colcon_core.package_identification:_identify(src) by extensions ['ros']
[0.322s] Level 1:colcon.colcon_core.package_identification:_identify(src) by extension 'ros'
[0.322s] Level 1:colcon.colcon_core.package_identification:_identify(src) by extensions ['cmake', 'python']
[0.322s] Level 1:colcon.colcon_core.package_identification:_identify(src) by extension 'cmake'
[0.322s] Level 1:colcon.colcon_core.package_identification:_identify(src) by extension 'python'
[0.322s] Level 1:colcon.colcon_core.package_identification:_identify(src) by extensions ['python_setup_py']
[0.322s] Level 1:colcon.colcon_core.package_identification:_identify(src) by extension 'python_setup_py'
[0.322s] Level 1:colcon.colcon_core.package_identification:_identify(src/controlko_bringup) by extensions ['ignore', 'ignore_ament_install']
[0.322s] Level 1:colcon.colcon_core.package_identification:_identify(src/controlko_bringup) by extension 'ignore'
[0.322s] Level 1:colcon.colcon_core.package_identification:_identify(src/controlko_bringup) by extension 'ignore_ament_install'
[0.322s] Level 1:colcon.colcon_core.package_identification:_identify(src/controlko_bringup) by extensions ['colcon_pkg']
[0.322s] Level 1:colcon.colcon_core.package_identification:_identify(src/controlko_bringup) by extension 'colcon_pkg'
[0.322s] Level 1:colcon.colcon_core.package_identification:_identify(src/controlko_bringup) by extensions ['colcon_meta']
[0.322s] Level 1:colcon.colcon_core.package_identification:_identify(src/controlko_bringup) by extension 'colcon_meta'
[0.323s] Level 1:colcon.colcon_core.package_identification:_identify(src/controlko_bringup) by extensions ['ros']
[0.323s] Level 1:colcon.colcon_core.package_identification:_identify(src/controlko_bringup) by extension 'ros'
[0.323s] DEBUG:colcon.colcon_core.package_identification:Package 'src/controlko_bringup' with type 'ros.ament_cmake' and name 'controlko_bringup'
[0.323s] Level 1:colcon.colcon_core.package_identification:_identify(src/controlko_controllers) by extensions ['ignore', 'ignore_ament_install']
[0.323s] Level 1:colcon.colcon_core.package_identification:_identify(src/controlko_controllers) by extension 'ignore'
[0.323s] Level 1:colcon.colcon_core.package_identification:_identify(src/controlko_controllers) by extension 'ignore_ament_install'
[0.324s] Level 1:colcon.colcon_core.package_identification:_identify(src/controlko_controllers) by extensions ['colcon_pkg']
[0.324s] Level 1:colcon.colcon_core.package_identification:_identify(src/controlko_controllers) by extension 'colcon_pkg'
[0.324s] Level 1:colcon.colcon_core.package_identification:_identify(src/controlko_controllers) by extensions ['colcon_meta']
[0.324s] Level 1:colcon.colcon_core.package_identification:_identify(src/controlko_controllers) by extension 'colcon_meta'
[0.324s] Level 1:colcon.colcon_core.package_identification:_identify(src/controlko_controllers) by extensions ['ros']
[0.324s] Level 1:colcon.colcon_core.package_identification:_identify(src/controlko_controllers) by extension 'ros'
[0.326s] DEBUG:colcon.colcon_core.package_identification:Package 'src/controlko_controllers' with type 'ros.ament_cmake' and name 'controlko_controllers'
[0.326s] Level 1:colcon.colcon_core.package_identification:_identify(src/controlko_description) by extensions ['ignore', 'ignore_ament_install']
[0.326s] Level 1:colcon.colcon_core.package_identification:_identify(src/controlko_description) by extension 'ignore'
[0.326s] Level 1:colcon.colcon_core.package_identification:_identify(src/controlko_description) by extension 'ignore_ament_install'
[0.326s] Level 1:colcon.colcon_core.package_identification:_identify(src/controlko_description) by extensions ['colcon_pkg']
[0.326s] Level 1:colcon.colcon_core.package_identification:_identify(src/controlko_description) by extension 'colcon_pkg'
[0.326s] Level 1:colcon.colcon_core.package_identification:_identify(src/controlko_description) by extensions ['colcon_meta']
[0.326s] Level 1:colcon.colcon_core.package_identification:_identify(src/controlko_description) by extension 'colcon_meta'
[0.326s] Level 1:colcon.colcon_core.package_identification:_identify(src/controlko_description) by extensions ['ros']
[0.326s] Level 1:colcon.colcon_core.package_identification:_identify(src/controlko_description) by extension 'ros'
[0.327s] DEBUG:colcon.colcon_core.package_identification:Package 'src/controlko_description' with type 'ros.ament_cmake' and name 'controlko_description'
[0.327s] Level 1:colcon.colcon_core.package_identification:_identify(src/controlko_hardware_interface) by extensions ['ignore', 'ignore_ament_install']
[0.327s] Level 1:colcon.colcon_core.package_identification:_identify(src/controlko_hardware_interface) by extension 'ignore'
[0.327s] Level 1:colcon.colcon_core.package_identification:_identify(src/controlko_hardware_interface) by extension 'ignore_ament_install'
[0.327s] Level 1:colcon.colcon_core.package_identification:_identify(src/controlko_hardware_interface) by extensions ['colcon_pkg']
[0.327s] Level 1:colcon.colcon_core.package_identification:_identify(src/controlko_hardware_interface) by extension 'colcon_pkg'
[0.327s] Level 1:colcon.colcon_core.package_identification:_identify(src/controlko_hardware_interface) by extensions ['colcon_meta']
[0.327s] Level 1:colcon.colcon_core.package_identification:_identify(src/controlko_hardware_interface) by extension 'colcon_meta'
[0.327s] Level 1:colcon.colcon_core.package_identification:_identify(src/controlko_hardware_interface) by extensions ['ros']
[0.327s] Level 1:colcon.colcon_core.package_identification:_identify(src/controlko_hardware_interface) by extension 'ros'
[0.328s] DEBUG:colcon.colcon_core.package_identification:Package 'src/controlko_hardware_interface' with type 'ros.ament_cmake' and name 'controlko_hardware_interface'
[0.328s] Level 1:colcon.colcon_core.package_identification:_identify(src/roscon2022_control_workshop) by extensions ['ignore', 'ignore_ament_install']
[0.328s] Level 1:colcon.colcon_core.package_identification:_identify(src/roscon2022_control_workshop) by extension 'ignore'
[0.328s] Level 1:colcon.colcon_core.package_identification:_identify(src/roscon2022_control_workshop) by extension 'ignore_ament_install'
[0.329s] Level 1:colcon.colcon_core.package_identification:_identify(src/roscon2022_control_workshop) by extensions ['colcon_pkg']
[0.329s] Level 1:colcon.colcon_core.package_identification:_identify(src/roscon2022_control_workshop) by extension 'colcon_pkg'
[0.329s] Level 1:colcon.colcon_core.package_identification:_identify(src/roscon2022_control_workshop) by extensions ['colcon_meta']
[0.329s] Level 1:colcon.colcon_core.package_identification:_identify(src/roscon2022_control_workshop) by extension 'colcon_meta'
[0.329s] Level 1:colcon.colcon_core.package_identification:_identify(src/roscon2022_control_workshop) by extensions ['ros']
[0.329s] Level 1:colcon.colcon_core.package_identification:_identify(src/roscon2022_control_workshop) by extension 'ros'
[0.329s] DEBUG:colcon.colcon_core.package_identification:Package 'src/roscon2022_control_workshop' with type 'ros.ament_cmake' and name 'roscon2022_control_workshop'
[0.329s] Level 1:colcon.colcon_core.package_discovery:discover_packages(recursive) using defaults
[0.329s] Level 1:colcon.colcon_core.package_discovery:discover_packages(ignore) discover
[0.329s] Level 1:colcon.colcon_core.package_discovery:discover_packages(ignore) using defaults
[0.329s] Level 1:colcon.colcon_core.package_discovery:discover_packages(path) discover
[0.329s] Level 1:colcon.colcon_core.package_discovery:discover_packages(path) using defaults
[0.361s] INFO:colcon.colcon_core.package_selection:Skipping package 'controlko_bringup' in 'src/controlko_bringup'
[0.361s] INFO:colcon.colcon_core.package_selection:Skipping package 'roscon2022_control_workshop' in 'src/roscon2022_control_workshop'
[0.361s] INFO:colcon.colcon_core.package_selection:Skipping package 'controlko_hardware_interface' in 'src/controlko_hardware_interface'
[0.361s] INFO:colcon.colcon_core.package_selection:Skipping package 'controlko_description' in 'src/controlko_description'
[0.361s] INFO:colcon.colcon_core.package_selection:Skipping package 'controlko_controllers' in 'src/controlko_controllers'
[0.361s] Level 1:colcon.colcon_core.package_discovery:discover_packages(prefix_path) check parameters
[0.361s] Level 1:colcon.colcon_core.package_discovery:discover_packages(prefix_path) discover
[0.363s] DEBUG:colcon.colcon_installed_package_information.package_discovery:Found 5 installed packages in /home/gbb/rrbot_ws/install
[0.365s] DEBUG:colcon.colcon_installed_package_information.package_discovery:Found 371 installed packages in /opt/ros/humble
[0.367s] Level 1:colcon.colcon_core.package_discovery:discover_packages(prefix_path) using defaults
[0.414s] Level 5:colcon.colcon_core.verb:set package 'my_hardware_interface' build argument 'cmake_args' from command line to '['-DCMAKE_BUILD_TYPE=RelWithDebInfo', '-DCMAKE_EXPORT_COMPILE_COMMANDS=ON']'
[0.414s] Level 5:colcon.colcon_core.verb:set package 'my_hardware_interface' build argument 'cmake_target' from command line to 'None'
[0.414s] Level 5:colcon.colcon_core.verb:set package 'my_hardware_interface' build argument 'cmake_target_skip_unavailable' from command line to 'False'
[0.414s] Level 5:colcon.colcon_core.verb:set package 'my_hardware_interface' build argument 'cmake_clean_cache' from command line to 'False'
[0.414s] Level 5:colcon.colcon_core.verb:set package 'my_hardware_interface' build argument 'cmake_clean_first' from command line to 'False'
[0.414s] Level 5:colcon.colcon_core.verb:set package 'my_hardware_interface' build argument 'cmake_force_configure' from command line to 'False'
[0.414s] Level 5:colcon.colcon_core.verb:set package 'my_hardware_interface' build argument 'ament_cmake_args' from command line to 'None'
[0.414s] Level 5:colcon.colcon_core.verb:set package 'my_hardware_interface' build argument 'catkin_cmake_args' from command line to 'None'
[0.414s] Level 5:colcon.colcon_core.verb:set package 'my_hardware_interface' build argument 'catkin_skip_building_tests' from command line to 'False'
[0.414s] DEBUG:colcon.colcon_core.verb:Building package 'my_hardware_interface' with the following arguments: {'ament_cmake_args': None, 'build_base': '/home/gbb/rrbot_ws/build/my_hardware_interface', 'catkin_cmake_args': None, 'catkin_skip_building_tests': False, 'cmake_args': ['-DCMAKE_BUILD_TYPE=RelWithDebInfo', '-DCMAKE_EXPORT_COMPILE_COMMANDS=ON'], 'cmake_clean_cache': False, 'cmake_clean_first': False, 'cmake_force_configure': False, 'cmake_target': None, 'cmake_target_skip_unavailable': False, 'install_base': '/home/gbb/rrbot_ws/install/my_hardware_interface', 'merge_install': False, 'path': '/home/gbb/rrbot_ws/my_hardware_interface', 'symlink_install': True, 'test_result_base': None}
[0.414s] INFO:colcon.colcon_core.executor:Executing jobs using 'parallel' executor
[0.416s] DEBUG:colcon.colcon_parallel_executor.executor.parallel:run_until_complete
[0.416s] INFO:colcon.colcon_ros.task.ament_cmake.build:Building ROS package in '/home/gbb/rrbot_ws/my_hardware_interface' with build type 'ament_cmake'
[0.416s] INFO:colcon.colcon_cmake.task.cmake.build:Building CMake package in '/home/gbb/rrbot_ws/my_hardware_interface'
[0.419s] INFO:colcon.colcon_core.plugin_system:Skipping extension 'colcon_core.shell.bat': Not used on non-Windows systems
[0.419s] INFO:colcon.colcon_core.shell:Skip shell extension 'powershell' for command environment: Not usable outside of PowerShell
[0.419s] DEBUG:colcon.colcon_core.shell:Skip shell extension 'dsv' for command environment
[0.445s] DEBUG:colcon.colcon_core.event_handler.log_command:Invoking command in '/home/gbb/rrbot_ws/build/my_hardware_interface': CMAKE_PREFIX_PATH=${CMAKE_PREFIX_PATH}:/opt/ros/humble /usr/bin/cmake /home/gbb/rrbot_ws/my_hardware_interface -DCMAKE_BUILD_TYPE=RelWithDebInfo -DCMAKE_EXPORT_COMPILE_COMMANDS=ON -DAMENT_CMAKE_SYMLINK_INSTALL=1 -DCMAKE_INSTALL_PREFIX=/home/gbb/rrbot_ws/install/my_hardware_interface
[2.360s] DEBUG:colcon.colcon_core.event_handler.log_command:Invoked command in '/home/gbb/rrbot_ws/build/my_hardware_interface' returned '0': CMAKE_PREFIX_PATH=${CMAKE_PREFIX_PATH}:/opt/ros/humble /usr/bin/cmake /home/gbb/rrbot_ws/my_hardware_interface -DCMAKE_BUILD_TYPE=RelWithDebInfo -DCMAKE_EXPORT_COMPILE_COMMANDS=ON -DAMENT_CMAKE_SYMLINK_INSTALL=1 -DCMAKE_INSTALL_PREFIX=/home/gbb/rrbot_ws/install/my_hardware_interface
[2.361s] DEBUG:colcon.colcon_core.event_handler.log_command:Invoking command in '/home/gbb/rrbot_ws/build/my_hardware_interface': CMAKE_PREFIX_PATH=${CMAKE_PREFIX_PATH}:/opt/ros/humble /usr/bin/cmake --build /home/gbb/rrbot_ws/build/my_hardware_interface -- -j8 -l8
[19.126s] DEBUG:colcon.colcon_core.event_handler.log_command:Invoked command in '/home/gbb/rrbot_ws/build/my_hardware_interface' returned '0': CMAKE_PREFIX_PATH=${CMAKE_PREFIX_PATH}:/opt/ros/humble /usr/bin/cmake --build /home/gbb/rrbot_ws/build/my_hardware_interface -- -j8 -l8
[19.140s] DEBUG:colcon.colcon_core.event_handler.log_command:Invoking command in '/home/gbb/rrbot_ws/build/my_hardware_interface': CMAKE_PREFIX_PATH=${CMAKE_PREFIX_PATH}:/opt/ros/humble /usr/bin/cmake --install /home/gbb/rrbot_ws/build/my_hardware_interface
[19.491s] Level 1:colcon.colcon_core.environment:create_environment_scripts_only(my_hardware_interface)
[19.492s] DEBUG:colcon.colcon_core.event_handler.log_command:Invoked command in '/home/gbb/rrbot_ws/build/my_hardware_interface' returned '0': CMAKE_PREFIX_PATH=${CMAKE_PREFIX_PATH}:/opt/ros/humble /usr/bin/cmake --install /home/gbb/rrbot_ws/build/my_hardware_interface
[19.496s] Level 1:colcon.colcon_core.environment:checking '/home/gbb/rrbot_ws/install/my_hardware_interface' for CMake module files
[19.497s] Level 1:colcon.colcon_core.environment:checking '/home/gbb/rrbot_ws/install/my_hardware_interface' for CMake config files
[19.498s] Level 1:colcon.colcon_core.shell:create_environment_hook('my_hardware_interface', 'cmake_prefix_path')
[19.499s] INFO:colcon.colcon_core.shell:Creating environment hook '/home/gbb/rrbot_ws/install/my_hardware_interface/share/my_hardware_interface/hook/cmake_prefix_path.ps1'
[19.500s] INFO:colcon.colcon_core.shell:Creating environment descriptor '/home/gbb/rrbot_ws/install/my_hardware_interface/share/my_hardware_interface/hook/cmake_prefix_path.dsv'
[19.500s] INFO:colcon.colcon_core.shell:Creating environment hook '/home/gbb/rrbot_ws/install/my_hardware_interface/share/my_hardware_interface/hook/cmake_prefix_path.sh'
[19.502s] Level 1:colcon.colcon_core.environment:checking '/home/gbb/rrbot_ws/install/my_hardware_interface/lib'
[19.502s] Level 1:colcon.colcon_core.shell:create_environment_hook('my_hardware_interface', 'ld_library_path_lib')
[19.502s] INFO:colcon.colcon_core.shell:Creating environment hook '/home/gbb/rrbot_ws/install/my_hardware_interface/share/my_hardware_interface/hook/ld_library_path_lib.ps1'
[19.503s] INFO:colcon.colcon_core.shell:Creating environment descriptor '/home/gbb/rrbot_ws/install/my_hardware_interface/share/my_hardware_interface/hook/ld_library_path_lib.dsv'
[19.503s] INFO:colcon.colcon_core.shell:Creating environment hook '/home/gbb/rrbot_ws/install/my_hardware_interface/share/my_hardware_interface/hook/ld_library_path_lib.sh'
[19.504s] Level 1:colcon.colcon_core.environment:checking '/home/gbb/rrbot_ws/install/my_hardware_interface/bin'
[19.504s] Level 1:colcon.colcon_core.environment:checking '/home/gbb/rrbot_ws/install/my_hardware_interface/lib/pkgconfig/my_hardware_interface.pc'
[19.505s] Level 1:colcon.colcon_core.environment:checking '/home/gbb/rrbot_ws/install/my_hardware_interface/lib/python3.10/site-packages'
[19.505s] Level 1:colcon.colcon_core.environment:checking '/home/gbb/rrbot_ws/install/my_hardware_interface/bin'
[19.506s] INFO:colcon.colcon_core.shell:Creating package script '/home/gbb/rrbot_ws/install/my_hardware_interface/share/my_hardware_interface/package.ps1'
[19.508s] INFO:colcon.colcon_core.shell:Creating package descriptor '/home/gbb/rrbot_ws/install/my_hardware_interface/share/my_hardware_interface/package.dsv'
[19.508s] INFO:colcon.colcon_core.shell:Creating package script '/home/gbb/rrbot_ws/install/my_hardware_interface/share/my_hardware_interface/package.sh'
[19.509s] INFO:colcon.colcon_core.shell:Creating package script '/home/gbb/rrbot_ws/install/my_hardware_interface/share/my_hardware_interface/package.bash'
[19.510s] INFO:colcon.colcon_core.shell:Creating package script '/home/gbb/rrbot_ws/install/my_hardware_interface/share/my_hardware_interface/package.zsh'
[19.511s] Level 1:colcon.colcon_core.environment:create_file_with_runtime_dependencies(/home/gbb/rrbot_ws/install/my_hardware_interface/share/colcon-core/packages/my_hardware_interface)
[19.512s] Level 1:colcon.colcon_core.environment:create_environment_scripts_only(my_hardware_interface)
[19.513s] Level 1:colcon.colcon_core.environment:checking '/home/gbb/rrbot_ws/install/my_hardware_interface' for CMake module files
[19.513s] Level 1:colcon.colcon_core.environment:checking '/home/gbb/rrbot_ws/install/my_hardware_interface' for CMake config files
[19.514s] Level 1:colcon.colcon_core.shell:create_environment_hook('my_hardware_interface', 'cmake_prefix_path')
[19.515s] INFO:colcon.colcon_core.shell:Creating environment hook '/home/gbb/rrbot_ws/install/my_hardware_interface/share/my_hardware_interface/hook/cmake_prefix_path.ps1'
[19.515s] INFO:colcon.colcon_core.shell:Creating environment descriptor '/home/gbb/rrbot_ws/install/my_hardware_interface/share/my_hardware_interface/hook/cmake_prefix_path.dsv'
[19.516s] INFO:colcon.colcon_core.shell:Creating environment hook '/home/gbb/rrbot_ws/install/my_hardware_interface/share/my_hardware_interface/hook/cmake_prefix_path.sh'
[19.517s] Level 1:colcon.colcon_core.environment:checking '/home/gbb/rrbot_ws/install/my_hardware_interface/lib'
[19.518s] Level 1:colcon.colcon_core.shell:create_environment_hook('my_hardware_interface', 'ld_library_path_lib')
[19.518s] INFO:colcon.colcon_core.shell:Creating environment hook '/home/gbb/rrbot_ws/install/my_hardware_interface/share/my_hardware_interface/hook/ld_library_path_lib.ps1'
[19.519s] INFO:colcon.colcon_core.shell:Creating environment descriptor '/home/gbb/rrbot_ws/install/my_hardware_interface/share/my_hardware_interface/hook/ld_library_path_lib.dsv'
[19.520s] INFO:colcon.colcon_core.shell:Creating environment hook '/home/gbb/rrbot_ws/install/my_hardware_interface/share/my_hardware_interface/hook/ld_library_path_lib.sh'
[19.521s] Level 1:colcon.colcon_core.environment:checking '/home/gbb/rrbot_ws/install/my_hardware_interface/bin'
[19.521s] Level 1:colcon.colcon_core.environment:checking '/home/gbb/rrbot_ws/install/my_hardware_interface/lib/pkgconfig/my_hardware_interface.pc'
[19.521s] Level 1:colcon.colcon_core.environment:checking '/home/gbb/rrbot_ws/install/my_hardware_interface/lib/python3.10/site-packages'
[19.522s] Level 1:colcon.colcon_core.environment:checking '/home/gbb/rrbot_ws/install/my_hardware_interface/bin'
[19.522s] INFO:colcon.colcon_core.shell:Creating package script '/home/gbb/rrbot_ws/install/my_hardware_interface/share/my_hardware_interface/package.ps1'
[19.523s] INFO:colcon.colcon_core.shell:Creating package descriptor '/home/gbb/rrbot_ws/install/my_hardware_interface/share/my_hardware_interface/package.dsv'
[19.523s] INFO:colcon.colcon_core.shell:Creating package script '/home/gbb/rrbot_ws/install/my_hardware_interface/share/my_hardware_interface/package.sh'
[19.524s] INFO:colcon.colcon_core.shell:Creating package script '/home/gbb/rrbot_ws/install/my_hardware_interface/share/my_hardware_interface/package.bash'
[19.525s] INFO:colcon.colcon_core.shell:Creating package script '/home/gbb/rrbot_ws/install/my_hardware_interface/share/my_hardware_interface/package.zsh'
[19.526s] Level 1:colcon.colcon_core.environment:create_file_with_runtime_dependencies(/home/gbb/rrbot_ws/install/my_hardware_interface/share/colcon-core/packages/my_hardware_interface)
[19.527s] DEBUG:colcon.colcon_parallel_executor.executor.parallel:closing loop
[19.528s] DEBUG:colcon.colcon_parallel_executor.executor.parallel:loop closed
[19.528s] DEBUG:colcon.colcon_parallel_executor.executor.parallel:run_until_complete finished with '0'
[19.528s] DEBUG:colcon.colcon_core.event_reactor:joining thread
[19.536s] INFO:colcon.colcon_core.plugin_system:Skipping extension 'colcon_notification.desktop_notification.terminal_notifier': Not used on non-Darwin systems
[19.536s] INFO:colcon.colcon_core.plugin_system:Skipping extension 'colcon_notification.desktop_notification.win32': Not used on non-Windows systems
[19.536s] INFO:colcon.colcon_notification.desktop_notification:Sending desktop notification using 'notify2'
[19.551s] DEBUG:colcon.colcon_core.event_reactor:joined thread
[19.552s] INFO:colcon.colcon_core.shell:Creating prefix script '/home/gbb/rrbot_ws/install/local_setup.ps1'
[19.555s] INFO:colcon.colcon_core.shell:Creating prefix util module '/home/gbb/rrbot_ws/install/_local_setup_util_ps1.py'
[19.558s] INFO:colcon.colcon_core.shell:Creating prefix chain script '/home/gbb/rrbot_ws/install/setup.ps1'
[19.562s] INFO:colcon.colcon_core.shell:Creating prefix script '/home/gbb/rrbot_ws/install/local_setup.sh'
[19.563s] INFO:colcon.colcon_core.shell:Creating prefix util module '/home/gbb/rrbot_ws/install/_local_setup_util_sh.py'
[19.565s] INFO:colcon.colcon_core.shell:Creating prefix chain script '/home/gbb/rrbot_ws/install/setup.sh'
[19.569s] INFO:colcon.colcon_core.shell:Creating prefix script '/home/gbb/rrbot_ws/install/local_setup.bash'
[19.570s] INFO:colcon.colcon_core.shell:Creating prefix chain script '/home/gbb/rrbot_ws/install/setup.bash'
[19.572s] INFO:colcon.colcon_core.shell:Creating prefix script '/home/gbb/rrbot_ws/install/local_setup.zsh'
[19.574s] INFO:colcon.colcon_core.shell:Creating prefix chain script '/home/gbb/rrbot_ws/install/setup.zsh'
