[0.078s] Invoking command in '/home/gbb/rrbot_ws/build/forward_command_controller': CMAKE_PREFIX_PATH=${CMAKE_PREFIX_PATH}:/home/gbb/rrbot_ws/install/test_my_position_controller:/opt/ros/humble /usr/bin/cmake --build /home/gbb/rrbot_ws/build/forward_command_controller -- -j8 -l8
[1.055s] [  9%] Built target forward_command_controller_parameters
[1.101s] [ 23%] Built target gmock
[1.129s] [ 33%] Built target multi_interface_forward_command_controller_parameters
[1.136s] [ 42%] Built target gmock_main
[1.379s] [ 61%] Built target forward_command_controller
[1.504s] [ 71%] Built target test_forward_command_controller
[1.512s] [ 80%] Built target test_load_forward_command_controller
[1.536s] [ 90%] Built target test_multi_interface_forward_command_controller
[1.574s] [100%] Built target test_load_multi_interface_forward_command_controller
[1.957s] Invoked command in '/home/gbb/rrbot_ws/build/forward_command_controller' returned '0': CMAKE_PREFIX_PATH=${CMAKE_PREFIX_PATH}:/home/gbb/rrbot_ws/install/test_my_position_controller:/opt/ros/humble /usr/bin/cmake --build /home/gbb/rrbot_ws/build/forward_command_controller -- -j8 -l8
[2.024s] Invoking command in '/home/gbb/rrbot_ws/build/forward_command_controller': CMAKE_PREFIX_PATH=${CMAKE_PREFIX_PATH}:/home/gbb/rrbot_ws/install/test_my_position_controller:/opt/ros/humble /usr/bin/cmake --install /home/gbb/rrbot_ws/build/forward_command_controller
[2.032s] -- Install configuration: ""
[2.032s] -- Up-to-date: /home/gbb/rrbot_ws/install/forward_command_controller/include/forward_command_controller
[2.033s] -- Up-to-date: /home/gbb/rrbot_ws/install/forward_command_controller/include/forward_command_controller/multi_interface_forward_command_controller_parameters.hpp
[2.033s] -- Up-to-date: /home/gbb/rrbot_ws/install/forward_command_controller/include/forward_command_controller/forward_command_controller_parameters.hpp
[2.033s] -- Up-to-date: /home/gbb/rrbot_ws/install/forward_command_controller/include/forward_command_controller
[2.034s] -- Up-to-date: /home/gbb/rrbot_ws/install/forward_command_controller/include/forward_command_controller/multi_interface_forward_command_controller_parameters.hpp
[2.034s] -- Up-to-date: /home/gbb/rrbot_ws/install/forward_command_controller/include/forward_command_controller/forward_command_controller_parameters.hpp
[2.034s] -- Up-to-date: /home/gbb/rrbot_ws/install/forward_command_controller/share/forward_command_controller/forward_command_plugin.xml
[2.036s] -- Up-to-date: /home/gbb/rrbot_ws/install/forward_command_controller/include/forward_command_controller
[2.036s] -- Up-to-date: /home/gbb/rrbot_ws/install/forward_command_controller/include/forward_command_controller/forward_command_controller
[2.036s] -- Up-to-date: /home/gbb/rrbot_ws/install/forward_command_controller/include/forward_command_controller/forward_command_controller/visibility_control.h
[2.037s] -- Up-to-date: /home/gbb/rrbot_ws/install/forward_command_controller/include/forward_command_controller/forward_command_controller/multi_interface_forward_command_controller.hpp
[2.037s] -- Up-to-date: /home/gbb/rrbot_ws/install/forward_command_controller/include/forward_command_controller/forward_command_controller/forward_command_controller.hpp
[2.037s] -- Up-to-date: /home/gbb/rrbot_ws/install/forward_command_controller/include/forward_command_controller/forward_command_controller/forward_controllers_base.hpp
[2.037s] -- Up-to-date: /home/gbb/rrbot_ws/install/forward_command_controller/lib/libforward_command_controller.so
[2.037s] -- Up-to-date: /home/gbb/rrbot_ws/install/forward_command_controller/share/forward_command_controller/environment/library_path.sh
[2.038s] -- Up-to-date: /home/gbb/rrbot_ws/install/forward_command_controller/share/forward_command_controller/environment/library_path.dsv
[2.040s] -- Up-to-date: /home/gbb/rrbot_ws/install/forward_command_controller/share/ament_index/resource_index/package_run_dependencies/forward_command_controller
[2.042s] -- Up-to-date: /home/gbb/rrbot_ws/install/forward_command_controller/share/ament_index/resource_index/parent_prefix_path/forward_command_controller
[2.043s] -- Up-to-date: /home/gbb/rrbot_ws/install/forward_command_controller/share/forward_command_controller/environment/ament_prefix_path.sh
[2.043s] -- Up-to-date: /home/gbb/rrbot_ws/install/forward_command_controller/share/forward_command_controller/environment/ament_prefix_path.dsv
[2.044s] -- Up-to-date: /home/gbb/rrbot_ws/install/forward_command_controller/share/forward_command_controller/environment/path.sh
[2.044s] -- Up-to-date: /home/gbb/rrbot_ws/install/forward_command_controller/share/forward_command_controller/environment/path.dsv
[2.044s] -- Up-to-date: /home/gbb/rrbot_ws/install/forward_command_controller/share/forward_command_controller/local_setup.bash
[2.045s] -- Up-to-date: /home/gbb/rrbot_ws/install/forward_command_controller/share/forward_command_controller/local_setup.sh
[2.045s] -- Up-to-date: /home/gbb/rrbot_ws/install/forward_command_controller/share/forward_command_controller/local_setup.zsh
[2.045s] -- Up-to-date: /home/gbb/rrbot_ws/install/forward_command_controller/share/forward_command_controller/local_setup.dsv
[2.045s] -- Installing: /home/gbb/rrbot_ws/install/forward_command_controller/share/forward_command_controller/package.dsv
[2.046s] -- Up-to-date: /home/gbb/rrbot_ws/install/forward_command_controller/share/ament_index/resource_index/packages/forward_command_controller
[2.046s] -- Up-to-date: /home/gbb/rrbot_ws/install/forward_command_controller/share/ament_index/resource_index/controller_interface__pluginlib__plugin/forward_command_controller
[2.046s] -- Up-to-date: /home/gbb/rrbot_ws/install/forward_command_controller/share/forward_command_controller/cmake/export_forward_command_controllerExport.cmake
[2.046s] -- Up-to-date: /home/gbb/rrbot_ws/install/forward_command_controller/share/forward_command_controller/cmake/export_forward_command_controllerExport-noconfig.cmake
[2.047s] -- Up-to-date: /home/gbb/rrbot_ws/install/forward_command_controller/share/forward_command_controller/cmake/ament_cmake_export_dependencies-extras.cmake
[2.048s] -- Up-to-date: /home/gbb/rrbot_ws/install/forward_command_controller/share/forward_command_controller/cmake/ament_cmake_export_targets-extras.cmake
[2.049s] -- Up-to-date: /home/gbb/rrbot_ws/install/forward_command_controller/share/forward_command_controller/cmake/forward_command_controllerConfig.cmake
[2.051s] -- Up-to-date: /home/gbb/rrbot_ws/install/forward_command_controller/share/forward_command_controller/cmake/forward_command_controllerConfig-version.cmake
[2.051s] -- Up-to-date: /home/gbb/rrbot_ws/install/forward_command_controller/share/forward_command_controller/package.xml
[2.330s] Invoked command in '/home/gbb/rrbot_ws/build/forward_command_controller' returned '0': CMAKE_PREFIX_PATH=${CMAKE_PREFIX_PATH}:/home/gbb/rrbot_ws/install/test_my_position_controller:/opt/ros/humble /usr/bin/cmake --install /home/gbb/rrbot_ws/build/forward_command_controller
