[0.051s] Invoking command in '/home/gbb/rrbot_ws/build/forward_command_controller': CMAKE_PREFIX_PATH=/opt/ros/humble /usr/bin/cmake /home/gbb/rrbot_ws/src/forward_command_controller -DCMAKE_INSTALL_PREFIX=/home/gbb/rrbot_ws/install/forward_command_controller
[0.313s] -- The CXX compiler identification is GNU 11.4.0
[0.363s] -- Detecting CXX compiler ABI info
[0.579s] -- Detecting CXX compiler ABI info - done
[0.656s] -- Check for working CXX compiler: /usr/bin/c++ - skipped
[0.656s] -- Detecting CXX compile features
[0.656s] -- Detecting CXX compile features - done
[0.692s] -- Found ament_cmake: 1.3.12 (/opt/ros/humble/share/ament_cmake/cmake)
[1.191s] -- Found Python3: /usr/bin/python3 (found version "3.10.12") found components: Interpreter 
[1.425s] -- Found controller_interface: 2.51.0 (/opt/ros/humble/share/controller_interface/cmake)
[1.526s] -- Found rosidl_generator_c: 3.1.7 (/opt/ros/humble/share/rosidl_generator_c/cmake)
[1.538s] -- Found rosidl_adapter: 3.1.7 (/opt/ros/humble/share/rosidl_adapter/cmake)
[1.561s] -- Found rosidl_generator_cpp: 3.1.7 (/opt/ros/humble/share/rosidl_generator_cpp/cmake)
[1.590s] -- Using all available rosidl_typesupport_c: rosidl_typesupport_fastrtps_c;rosidl_typesupport_introspection_c
[1.634s] -- Using all available rosidl_typesupport_cpp: rosidl_typesupport_fastrtps_cpp;rosidl_typesupport_introspection_cpp
[2.119s] -- Found rmw_implementation_cmake: 6.1.2 (/opt/ros/humble/share/rmw_implementation_cmake/cmake)
[2.125s] -- Found rmw_fastrtps_cpp: 6.2.8 (/opt/ros/humble/share/rmw_fastrtps_cpp/cmake)
[2.171s] -- Found TinyXML2 via Config file: TinyXML2_DIR-NOTFOUND
[2.262s] -- Found OpenSSL: /usr/lib/x86_64-linux-gnu/libcrypto.so (found version "3.0.2")  
[2.269s] -- Found TinyXML2 via Config file: TinyXML2_DIR-NOTFOUND
[2.295s] -- Found FastRTPS: /opt/ros/humble/include  
[2.302s] -- Found TinyXML2 via Config file: TinyXML2_DIR-NOTFOUND
[2.317s] -- Found TinyXML2 via Config file: TinyXML2_DIR-NOTFOUND
[2.337s] -- Using RMW implementation 'rmw_fastrtps_cpp' as default
[2.352s] -- Looking for C++ include pthread.h
[2.553s] -- Looking for C++ include pthread.h - found
[2.557s] -- Performing Test CMAKE_HAVE_LIBC_PTHREAD
[2.740s] -- Performing Test CMAKE_HAVE_LIBC_PTHREAD - Success
[2.740s] -- Found Threads: TRUE  
[2.819s] -- Found generate_parameter_library: 0.5.0 (/opt/ros/humble/share/generate_parameter_library/cmake)
[2.822s] -- Found parameter_traits: 0.5.0 (/opt/ros/humble/share/parameter_traits/cmake)
[2.854s] -- Found realtime_tools: 2.14.0 (/opt/ros/humble/share/realtime_tools/cmake)
[2.892s] -- Found ament_cmake_gmock: 1.3.12 (/opt/ros/humble/share/ament_cmake_gmock/cmake)
[2.894s] -- Found controller_manager: 2.51.0 (/opt/ros/humble/share/controller_manager/cmake)
[2.941s] -- Found ros2_control_test_assets: 2.51.0 (/opt/ros/humble/share/ros2_control_test_assets/cmake)
[2.943s] -- Found gmock sources under '/opt/ros/humble/src/gmock_vendor': C++ tests using 'Google Mock' will be built
[3.013s] -- The C compiler identification is GNU 11.4.0
[3.026s] -- Detecting C compiler ABI info
[3.235s] -- Detecting C compiler ABI info - done
[3.265s] -- Check for working C compiler: /usr/bin/cc - skipped
[3.267s] -- Detecting C compile features
[3.267s] -- Detecting C compile features - done
[3.275s] -- Found ament_cmake_gtest: 1.3.12 (/opt/ros/humble/share/ament_cmake_gtest/cmake)
[3.279s] -- Found gtest sources under '/opt/ros/humble/src/gtest_vendor': C++ tests using 'Google Test' will be built
[3.833s] -- Configuring done
[4.460s] -- Generating done
[4.530s] -- Build files have been written to: /home/gbb/rrbot_ws/build/forward_command_controller
[4.564s] Invoked command in '/home/gbb/rrbot_ws/build/forward_command_controller' returned '0': CMAKE_PREFIX_PATH=/opt/ros/humble /usr/bin/cmake /home/gbb/rrbot_ws/src/forward_command_controller -DCMAKE_INSTALL_PREFIX=/home/gbb/rrbot_ws/install/forward_command_controller
[4.574s] Invoking command in '/home/gbb/rrbot_ws/build/forward_command_controller': CMAKE_PREFIX_PATH=/opt/ros/humble /usr/bin/cmake --build /home/gbb/rrbot_ws/build/forward_command_controller -- -j8 -l8
[4.810s] [  4%] [32mBuilding CXX object gmock/CMakeFiles/gmock_main.dir/src/gmock_main.cc.o[0m
[4.825s] [  9%] [34m[1mRunning `/opt/ros/humble/bin/generate_parameter_library_cpp /home/gbb/rrbot_ws/build/forward_command_controller/include/forward_command_controller/forward_command_controller_parameters.hpp /home/gbb/rrbot_ws/src/forward_command_controller/src/forward_command_controller_parameters.yaml `[0m
[4.826s] [ 14%] [34m[1mRunning `/opt/ros/humble/bin/generate_parameter_library_cpp /home/gbb/rrbot_ws/build/forward_command_controller/include/forward_command_controller/multi_interface_forward_command_controller_parameters.hpp /home/gbb/rrbot_ws/src/forward_command_controller/src/multi_interface_forward_command_controller_parameters.yaml `[0m
[4.826s] [ 19%] [32mBuilding CXX object gmock/CMakeFiles/gmock.dir/src/gmock-all.cc.o[0m
[4.836s] [ 23%] [32mBuilding CXX object gmock/CMakeFiles/gmock.dir/opt/ros/humble/src/gtest_vendor/src/gtest-all.cc.o[0m
[5.784s] [ 28%] [34m[1mCreating deprecated header file /home/gbb/rrbot_ws/build/forward_command_controller/include/multi_interface_forward_command_controller_parameters.hpp[0m
[5.839s] [ 33%] [34m[1mCreating deprecated header file /home/gbb/rrbot_ws/build/forward_command_controller/include/forward_command_controller_parameters.hpp[0m
[5.889s] [ 33%] Built target multi_interface_forward_command_controller_parameters
[5.951s] [ 33%] Built target forward_command_controller_parameters
[6.081s] [ 38%] [32mBuilding CXX object CMakeFiles/forward_command_controller.dir/src/multi_interface_forward_command_controller.cpp.o[0m
[6.090s] [ 42%] [32mBuilding CXX object CMakeFiles/forward_command_controller.dir/src/forward_command_controller.cpp.o[0m
[6.108s] [ 47%] [32mBuilding CXX object CMakeFiles/forward_command_controller.dir/src/forward_controllers_base.cpp.o[0m
[19.430s] [ 52%] [32m[1mLinking CXX static library libgmock_main.a[0m
[19.673s] [ 52%] Built target gmock_main
[26.313s] [ 57%] [32m[1mLinking CXX static library libgmock.a[0m
[26.944s] [ 57%] Built target gmock
[38.705s] [ 61%] [32m[1mLinking CXX shared library libforward_command_controller.so[0m
[40.019s] [ 61%] Built target forward_command_controller
[40.074s] [ 66%] [32mBuilding CXX object CMakeFiles/test_forward_command_controller.dir/test/test_forward_command_controller.cpp.o[0m
[40.082s] [ 71%] [32mBuilding CXX object CMakeFiles/test_load_forward_command_controller.dir/test/test_load_forward_command_controller.cpp.o[0m
[40.088s] [ 76%] [32mBuilding CXX object CMakeFiles/test_multi_interface_forward_command_controller.dir/test/test_multi_interface_forward_command_controller.cpp.o[0m
[40.114s] [ 80%] [32mBuilding CXX object CMakeFiles/test_load_multi_interface_forward_command_controller.dir/test/test_load_multi_interface_forward_command_controller.cpp.o[0m
[53.673s] [ 85%] [32m[1mLinking CXX executable test_load_multi_interface_forward_command_controller[0m
[53.733s] [ 90%] [32m[1mLinking CXX executable test_load_forward_command_controller[0m
[54.733s] [ 90%] Built target test_load_multi_interface_forward_command_controller
[54.794s] [ 90%] Built target test_load_forward_command_controller
[55.453s] [ 95%] [32m[1mLinking CXX executable test_multi_interface_forward_command_controller[0m
[55.814s] [100%] [32m[1mLinking CXX executable test_forward_command_controller[0m
[57.149s] [100%] Built target test_multi_interface_forward_command_controller
[57.236s] [100%] Built target test_forward_command_controller
[57.251s] Invoked command in '/home/gbb/rrbot_ws/build/forward_command_controller' returned '0': CMAKE_PREFIX_PATH=/opt/ros/humble /usr/bin/cmake --build /home/gbb/rrbot_ws/build/forward_command_controller -- -j8 -l8
[57.252s] Invoking command in '/home/gbb/rrbot_ws/build/forward_command_controller': CMAKE_PREFIX_PATH=/opt/ros/humble /usr/bin/cmake --install /home/gbb/rrbot_ws/build/forward_command_controller
[57.262s] -- Install configuration: ""
[57.262s] -- Installing: /home/gbb/rrbot_ws/install/forward_command_controller/include/forward_command_controller
[57.262s] -- Installing: /home/gbb/rrbot_ws/install/forward_command_controller/include/forward_command_controller/multi_interface_forward_command_controller_parameters.hpp
[57.263s] -- Installing: /home/gbb/rrbot_ws/install/forward_command_controller/include/forward_command_controller/forward_command_controller_parameters.hpp
[57.263s] -- Up-to-date: /home/gbb/rrbot_ws/install/forward_command_controller/include/forward_command_controller
[57.263s] -- Up-to-date: /home/gbb/rrbot_ws/install/forward_command_controller/include/forward_command_controller/multi_interface_forward_command_controller_parameters.hpp
[57.263s] -- Up-to-date: /home/gbb/rrbot_ws/install/forward_command_controller/include/forward_command_controller/forward_command_controller_parameters.hpp
[57.263s] -- Installing: /home/gbb/rrbot_ws/install/forward_command_controller/share/forward_command_controller/forward_command_plugin.xml
[57.264s] -- Up-to-date: /home/gbb/rrbot_ws/install/forward_command_controller/include/forward_command_controller
[57.264s] -- Installing: /home/gbb/rrbot_ws/install/forward_command_controller/include/forward_command_controller/forward_command_controller
[57.265s] -- Installing: /home/gbb/rrbot_ws/install/forward_command_controller/include/forward_command_controller/forward_command_controller/visibility_control.h
[57.265s] -- Installing: /home/gbb/rrbot_ws/install/forward_command_controller/include/forward_command_controller/forward_command_controller/multi_interface_forward_command_controller.hpp
[57.265s] -- Installing: /home/gbb/rrbot_ws/install/forward_command_controller/include/forward_command_controller/forward_command_controller/forward_command_controller.hpp
[57.265s] -- Installing: /home/gbb/rrbot_ws/install/forward_command_controller/include/forward_command_controller/forward_command_controller/forward_controllers_base.hpp
[57.265s] -- Installing: /home/gbb/rrbot_ws/install/forward_command_controller/lib/libforward_command_controller.so
[57.272s] -- Set runtime path of "/home/gbb/rrbot_ws/install/forward_command_controller/lib/libforward_command_controller.so" to ""
[57.273s] -- Installing: /home/gbb/rrbot_ws/install/forward_command_controller/share/forward_command_controller/environment/library_path.sh
[57.273s] -- Installing: /home/gbb/rrbot_ws/install/forward_command_controller/share/forward_command_controller/environment/library_path.dsv
[57.273s] -- Installing: /home/gbb/rrbot_ws/install/forward_command_controller/share/ament_index/resource_index/package_run_dependencies/forward_command_controller
[57.273s] -- Installing: /home/gbb/rrbot_ws/install/forward_command_controller/share/ament_index/resource_index/parent_prefix_path/forward_command_controller
[57.273s] -- Installing: /home/gbb/rrbot_ws/install/forward_command_controller/share/forward_command_controller/environment/ament_prefix_path.sh
[57.274s] -- Installing: /home/gbb/rrbot_ws/install/forward_command_controller/share/forward_command_controller/environment/ament_prefix_path.dsv
[57.274s] -- Installing: /home/gbb/rrbot_ws/install/forward_command_controller/share/forward_command_controller/environment/path.sh
[57.274s] -- Installing: /home/gbb/rrbot_ws/install/forward_command_controller/share/forward_command_controller/environment/path.dsv
[57.274s] -- Installing: /home/gbb/rrbot_ws/install/forward_command_controller/share/forward_command_controller/local_setup.bash
[57.274s] -- Installing: /home/gbb/rrbot_ws/install/forward_command_controller/share/forward_command_controller/local_setup.sh
[57.275s] -- Installing: /home/gbb/rrbot_ws/install/forward_command_controller/share/forward_command_controller/local_setup.zsh
[57.275s] -- Installing: /home/gbb/rrbot_ws/install/forward_command_controller/share/forward_command_controller/local_setup.dsv
[57.275s] -- Installing: /home/gbb/rrbot_ws/install/forward_command_controller/share/forward_command_controller/package.dsv
[57.275s] -- Installing: /home/gbb/rrbot_ws/install/forward_command_controller/share/ament_index/resource_index/packages/forward_command_controller
[57.275s] -- Installing: /home/gbb/rrbot_ws/install/forward_command_controller/share/ament_index/resource_index/controller_interface__pluginlib__plugin/forward_command_controller
[57.276s] -- Installing: /home/gbb/rrbot_ws/install/forward_command_controller/share/forward_command_controller/cmake/export_forward_command_controllerExport.cmake
[57.276s] -- Installing: /home/gbb/rrbot_ws/install/forward_command_controller/share/forward_command_controller/cmake/export_forward_command_controllerExport-noconfig.cmake
[57.276s] -- Installing: /home/gbb/rrbot_ws/install/forward_command_controller/share/forward_command_controller/cmake/ament_cmake_export_dependencies-extras.cmake
[57.276s] -- Installing: /home/gbb/rrbot_ws/install/forward_command_controller/share/forward_command_controller/cmake/ament_cmake_export_targets-extras.cmake
[57.276s] -- Installing: /home/gbb/rrbot_ws/install/forward_command_controller/share/forward_command_controller/cmake/forward_command_controllerConfig.cmake
[57.277s] -- Installing: /home/gbb/rrbot_ws/install/forward_command_controller/share/forward_command_controller/cmake/forward_command_controllerConfig-version.cmake
[57.277s] -- Installing: /home/gbb/rrbot_ws/install/forward_command_controller/share/forward_command_controller/package.xml
[57.280s] Invoked command in '/home/gbb/rrbot_ws/build/forward_command_controller' returned '0': CMAKE_PREFIX_PATH=/opt/ros/humble /usr/bin/cmake --install /home/gbb/rrbot_ws/build/forward_command_controller
