[0.111s] DEBUG:colcon:Command line arguments: ['/usr/bin/colcon', 'build']
[0.111s] DEBUG:colcon:Parsed command line arguments: Namespace(log_base=None, log_level=None, verb_name='build', build_base='build', install_base='install', merge_install=False, symlink_install=False, test_result_base=None, continue_on_error=False, executor='parallel', parallel_workers=8, event_handlers=None, ignore_user_meta=False, metas=['./colcon.meta'], base_paths=['.'], packages_ignore=None, packages_ignore_regex=None, paths=None, packages_up_to=None, packages_up_to_regex=None, packages_above=None, packages_above_and_dependencies=None, packages_above_depth=None, packages_select_by_dep=None, packages_skip_by_dep=None, packages_skip_up_to=None, packages_select_build_failed=False, packages_skip_build_finished=False, packages_select_test_failures=False, packages_skip_test_passed=False, packages_select=None, packages_skip=None, packages_select_regex=None, packages_skip_regex=None, packages_start=None, packages_end=None, allow_overriding=[], cmake_args=None, cmake_target=None, cmake_target_skip_unavailable=False, cmake_clean_cache=False, cmake_clean_first=False, cmake_force_configure=False, ament_cmake_args=None, catkin_cmake_args=None, catkin_skip_building_tests=False, verb_parser=<colcon_defaults.argument_parser.defaults.DefaultArgumentsDecorator object at 0x7f424515c9d0>, verb_extension=<colcon_core.verb.build.BuildVerb object at 0x7f424515c4c0>, main=<bound method BuildVerb.main of <colcon_core.verb.build.BuildVerb object at 0x7f424515c4c0>>)
[0.279s] Level 1:colcon.colcon_core.package_discovery:discover_packages(colcon_meta) check parameters
[0.280s] Level 1:colcon.colcon_core.package_discovery:discover_packages(recursive) check parameters
[0.280s] Level 1:colcon.colcon_core.package_discovery:discover_packages(ignore) check parameters
[0.280s] Level 1:colcon.colcon_core.package_discovery:discover_packages(path) check parameters
[0.280s] Level 1:colcon.colcon_core.package_discovery:discover_packages(colcon_meta) discover
[0.280s] Level 1:colcon.colcon_core.package_discovery:discover_packages(recursive) discover
[0.280s] INFO:colcon.colcon_core.package_discovery:Crawling recursively for packages in '/home/gbb/rrbot_ws'
[0.280s] Level 1:colcon.colcon_core.package_identification:_identify(.) by extensions ['ignore', 'ignore_ament_install']
[0.280s] Level 1:colcon.colcon_core.package_identification:_identify(.) by extension 'ignore'
[0.280s] Level 1:colcon.colcon_core.package_identification:_identify(.) by extension 'ignore_ament_install'
[0.280s] Level 1:colcon.colcon_core.package_identification:_identify(.) by extensions ['colcon_pkg']
[0.280s] Level 1:colcon.colcon_core.package_identification:_identify(.) by extension 'colcon_pkg'
[0.280s] Level 1:colcon.colcon_core.package_identification:_identify(.) by extensions ['colcon_meta']
[0.280s] Level 1:colcon.colcon_core.package_identification:_identify(.) by extension 'colcon_meta'
[0.280s] Level 1:colcon.colcon_core.package_identification:_identify(.) by extensions ['ros']
[0.280s] Level 1:colcon.colcon_core.package_identification:_identify(.) by extension 'ros'
[0.291s] Level 1:colcon.colcon_core.package_identification:_identify(.) by extensions ['cmake', 'python']
[0.291s] Level 1:colcon.colcon_core.package_identification:_identify(.) by extension 'cmake'
[0.291s] Level 1:colcon.colcon_core.package_identification:_identify(.) by extension 'python'
[0.291s] Level 1:colcon.colcon_core.package_identification:_identify(.) by extensions ['python_setup_py']
[0.291s] Level 1:colcon.colcon_core.package_identification:_identify(.) by extension 'python_setup_py'
[0.291s] Level 1:colcon.colcon_core.package_identification:_identify(build) by extensions ['ignore', 'ignore_ament_install']
[0.291s] Level 1:colcon.colcon_core.package_identification:_identify(build) by extension 'ignore'
[0.291s] Level 1:colcon.colcon_core.package_identification:_identify(build) ignored
[0.291s] Level 1:colcon.colcon_core.package_identification:_identify(install) by extensions ['ignore', 'ignore_ament_install']
[0.291s] Level 1:colcon.colcon_core.package_identification:_identify(install) by extension 'ignore'
[0.291s] Level 1:colcon.colcon_core.package_identification:_identify(install) ignored
[0.292s] Level 1:colcon.colcon_core.package_identification:_identify(log) by extensions ['ignore', 'ignore_ament_install']
[0.292s] Level 1:colcon.colcon_core.package_identification:_identify(log) by extension 'ignore'
[0.292s] Level 1:colcon.colcon_core.package_identification:_identify(log) ignored
[0.292s] Level 1:colcon.colcon_core.package_identification:_identify(src) by extensions ['ignore', 'ignore_ament_install']
[0.292s] Level 1:colcon.colcon_core.package_identification:_identify(src) by extension 'ignore'
[0.292s] Level 1:colcon.colcon_core.package_identification:_identify(src) by extension 'ignore_ament_install'
[0.292s] Level 1:colcon.colcon_core.package_identification:_identify(src) by extensions ['colcon_pkg']
[0.292s] Level 1:colcon.colcon_core.package_identification:_identify(src) by extension 'colcon_pkg'
[0.292s] Level 1:colcon.colcon_core.package_identification:_identify(src) by extensions ['colcon_meta']
[0.292s] Level 1:colcon.colcon_core.package_identification:_identify(src) by extension 'colcon_meta'
[0.292s] Level 1:colcon.colcon_core.package_identification:_identify(src) by extensions ['ros']
[0.292s] Level 1:colcon.colcon_core.package_identification:_identify(src) by extension 'ros'
[0.292s] Level 1:colcon.colcon_core.package_identification:_identify(src) by extensions ['cmake', 'python']
[0.292s] Level 1:colcon.colcon_core.package_identification:_identify(src) by extension 'cmake'
[0.292s] Level 1:colcon.colcon_core.package_identification:_identify(src) by extension 'python'
[0.292s] Level 1:colcon.colcon_core.package_identification:_identify(src) by extensions ['python_setup_py']
[0.292s] Level 1:colcon.colcon_core.package_identification:_identify(src) by extension 'python_setup_py'
[0.292s] Level 1:colcon.colcon_core.package_identification:_identify(src/controlko_bringup) by extensions ['ignore', 'ignore_ament_install']
[0.293s] Level 1:colcon.colcon_core.package_identification:_identify(src/controlko_bringup) by extension 'ignore'
[0.293s] Level 1:colcon.colcon_core.package_identification:_identify(src/controlko_bringup) by extension 'ignore_ament_install'
[0.293s] Level 1:colcon.colcon_core.package_identification:_identify(src/controlko_bringup) by extensions ['colcon_pkg']
[0.293s] Level 1:colcon.colcon_core.package_identification:_identify(src/controlko_bringup) by extension 'colcon_pkg'
[0.293s] Level 1:colcon.colcon_core.package_identification:_identify(src/controlko_bringup) by extensions ['colcon_meta']
[0.293s] Level 1:colcon.colcon_core.package_identification:_identify(src/controlko_bringup) by extension 'colcon_meta'
[0.293s] Level 1:colcon.colcon_core.package_identification:_identify(src/controlko_bringup) by extensions ['ros']
[0.293s] Level 1:colcon.colcon_core.package_identification:_identify(src/controlko_bringup) by extension 'ros'
[0.295s] DEBUG:colcon.colcon_core.package_identification:Package 'src/controlko_bringup' with type 'ros.ament_cmake' and name 'controlko_bringup'
[0.295s] Level 1:colcon.colcon_core.package_identification:_identify(src/controlko_controllers) by extensions ['ignore', 'ignore_ament_install']
[0.296s] Level 1:colcon.colcon_core.package_identification:_identify(src/controlko_controllers) by extension 'ignore'
[0.296s] Level 1:colcon.colcon_core.package_identification:_identify(src/controlko_controllers) by extension 'ignore_ament_install'
[0.296s] Level 1:colcon.colcon_core.package_identification:_identify(src/controlko_controllers) by extensions ['colcon_pkg']
[0.296s] Level 1:colcon.colcon_core.package_identification:_identify(src/controlko_controllers) by extension 'colcon_pkg'
[0.296s] Level 1:colcon.colcon_core.package_identification:_identify(src/controlko_controllers) by extensions ['colcon_meta']
[0.296s] Level 1:colcon.colcon_core.package_identification:_identify(src/controlko_controllers) by extension 'colcon_meta'
[0.296s] Level 1:colcon.colcon_core.package_identification:_identify(src/controlko_controllers) by extensions ['ros']
[0.296s] Level 1:colcon.colcon_core.package_identification:_identify(src/controlko_controllers) by extension 'ros'
[0.298s] DEBUG:colcon.colcon_core.package_identification:Package 'src/controlko_controllers' with type 'ros.ament_cmake' and name 'controlko_controllers'
[0.298s] Level 1:colcon.colcon_core.package_identification:_identify(src/controlko_description) by extensions ['ignore', 'ignore_ament_install']
[0.298s] Level 1:colcon.colcon_core.package_identification:_identify(src/controlko_description) by extension 'ignore'
[0.298s] Level 1:colcon.colcon_core.package_identification:_identify(src/controlko_description) by extension 'ignore_ament_install'
[0.298s] Level 1:colcon.colcon_core.package_identification:_identify(src/controlko_description) by extensions ['colcon_pkg']
[0.298s] Level 1:colcon.colcon_core.package_identification:_identify(src/controlko_description) by extension 'colcon_pkg'
[0.298s] Level 1:colcon.colcon_core.package_identification:_identify(src/controlko_description) by extensions ['colcon_meta']
[0.298s] Level 1:colcon.colcon_core.package_identification:_identify(src/controlko_description) by extension 'colcon_meta'
[0.298s] Level 1:colcon.colcon_core.package_identification:_identify(src/controlko_description) by extensions ['ros']
[0.298s] Level 1:colcon.colcon_core.package_identification:_identify(src/controlko_description) by extension 'ros'
[0.299s] DEBUG:colcon.colcon_core.package_identification:Package 'src/controlko_description' with type 'ros.ament_cmake' and name 'controlko_description'
[0.299s] Level 1:colcon.colcon_core.package_identification:_identify(src/controlko_hardware_interface) by extensions ['ignore', 'ignore_ament_install']
[0.299s] Level 1:colcon.colcon_core.package_identification:_identify(src/controlko_hardware_interface) by extension 'ignore'
[0.299s] Level 1:colcon.colcon_core.package_identification:_identify(src/controlko_hardware_interface) by extension 'ignore_ament_install'
[0.299s] Level 1:colcon.colcon_core.package_identification:_identify(src/controlko_hardware_interface) by extensions ['colcon_pkg']
[0.299s] Level 1:colcon.colcon_core.package_identification:_identify(src/controlko_hardware_interface) by extension 'colcon_pkg'
[0.299s] Level 1:colcon.colcon_core.package_identification:_identify(src/controlko_hardware_interface) by extensions ['colcon_meta']
[0.299s] Level 1:colcon.colcon_core.package_identification:_identify(src/controlko_hardware_interface) by extension 'colcon_meta'
[0.299s] Level 1:colcon.colcon_core.package_identification:_identify(src/controlko_hardware_interface) by extensions ['ros']
[0.299s] Level 1:colcon.colcon_core.package_identification:_identify(src/controlko_hardware_interface) by extension 'ros'
[0.300s] DEBUG:colcon.colcon_core.package_identification:Package 'src/controlko_hardware_interface' with type 'ros.ament_cmake' and name 'controlko_hardware_interface'
[0.300s] Level 1:colcon.colcon_core.package_identification:_identify(src/roscon2022_control_workshop) by extensions ['ignore', 'ignore_ament_install']
[0.300s] Level 1:colcon.colcon_core.package_identification:_identify(src/roscon2022_control_workshop) by extension 'ignore'
[0.300s] Level 1:colcon.colcon_core.package_identification:_identify(src/roscon2022_control_workshop) by extension 'ignore_ament_install'
[0.301s] Level 1:colcon.colcon_core.package_identification:_identify(src/roscon2022_control_workshop) by extensions ['colcon_pkg']
[0.301s] Level 1:colcon.colcon_core.package_identification:_identify(src/roscon2022_control_workshop) by extension 'colcon_pkg'
[0.301s] Level 1:colcon.colcon_core.package_identification:_identify(src/roscon2022_control_workshop) by extensions ['colcon_meta']
[0.301s] Level 1:colcon.colcon_core.package_identification:_identify(src/roscon2022_control_workshop) by extension 'colcon_meta'
[0.301s] Level 1:colcon.colcon_core.package_identification:_identify(src/roscon2022_control_workshop) by extensions ['ros']
[0.301s] Level 1:colcon.colcon_core.package_identification:_identify(src/roscon2022_control_workshop) by extension 'ros'
[0.301s] DEBUG:colcon.colcon_core.package_identification:Package 'src/roscon2022_control_workshop' with type 'ros.ament_cmake' and name 'roscon2022_control_workshop'
[0.301s] Level 1:colcon.colcon_core.package_discovery:discover_packages(recursive) using defaults
[0.301s] Level 1:colcon.colcon_core.package_discovery:discover_packages(ignore) discover
[0.301s] Level 1:colcon.colcon_core.package_discovery:discover_packages(ignore) using defaults
[0.301s] Level 1:colcon.colcon_core.package_discovery:discover_packages(path) discover
[0.301s] Level 1:colcon.colcon_core.package_discovery:discover_packages(path) using defaults
[0.330s] Level 1:colcon.colcon_core.package_discovery:discover_packages(prefix_path) check parameters
[0.330s] Level 1:colcon.colcon_core.package_discovery:discover_packages(prefix_path) discover
[0.332s] DEBUG:colcon.colcon_installed_package_information.package_discovery:Found 5 installed packages in /home/gbb/rrbot_ws/install
[0.334s] DEBUG:colcon.colcon_installed_package_information.package_discovery:Found 371 installed packages in /opt/ros/humble
[0.335s] Level 1:colcon.colcon_core.package_discovery:discover_packages(prefix_path) using defaults
[0.381s] Level 5:colcon.colcon_core.verb:set package 'controlko_controllers' build argument 'cmake_args' from command line to 'None'
[0.381s] Level 5:colcon.colcon_core.verb:set package 'controlko_controllers' build argument 'cmake_target' from command line to 'None'
[0.381s] Level 5:colcon.colcon_core.verb:set package 'controlko_controllers' build argument 'cmake_target_skip_unavailable' from command line to 'False'
[0.381s] Level 5:colcon.colcon_core.verb:set package 'controlko_controllers' build argument 'cmake_clean_cache' from command line to 'False'
[0.381s] Level 5:colcon.colcon_core.verb:set package 'controlko_controllers' build argument 'cmake_clean_first' from command line to 'False'
[0.381s] Level 5:colcon.colcon_core.verb:set package 'controlko_controllers' build argument 'cmake_force_configure' from command line to 'False'
[0.381s] Level 5:colcon.colcon_core.verb:set package 'controlko_controllers' build argument 'ament_cmake_args' from command line to 'None'
[0.381s] Level 5:colcon.colcon_core.verb:set package 'controlko_controllers' build argument 'catkin_cmake_args' from command line to 'None'
[0.381s] Level 5:colcon.colcon_core.verb:set package 'controlko_controllers' build argument 'catkin_skip_building_tests' from command line to 'False'
[0.381s] DEBUG:colcon.colcon_core.verb:Building package 'controlko_controllers' with the following arguments: {'ament_cmake_args': None, 'build_base': '/home/gbb/rrbot_ws/build/controlko_controllers', 'catkin_cmake_args': None, 'catkin_skip_building_tests': False, 'cmake_args': None, 'cmake_clean_cache': False, 'cmake_clean_first': False, 'cmake_force_configure': False, 'cmake_target': None, 'cmake_target_skip_unavailable': False, 'install_base': '/home/gbb/rrbot_ws/install/controlko_controllers', 'merge_install': False, 'path': '/home/gbb/rrbot_ws/src/controlko_controllers', 'symlink_install': False, 'test_result_base': None}
[0.381s] Level 5:colcon.colcon_core.verb:set package 'controlko_description' build argument 'cmake_args' from command line to 'None'
[0.381s] Level 5:colcon.colcon_core.verb:set package 'controlko_description' build argument 'cmake_target' from command line to 'None'
[0.381s] Level 5:colcon.colcon_core.verb:set package 'controlko_description' build argument 'cmake_target_skip_unavailable' from command line to 'False'
[0.381s] Level 5:colcon.colcon_core.verb:set package 'controlko_description' build argument 'cmake_clean_cache' from command line to 'False'
[0.381s] Level 5:colcon.colcon_core.verb:set package 'controlko_description' build argument 'cmake_clean_first' from command line to 'False'
[0.381s] Level 5:colcon.colcon_core.verb:set package 'controlko_description' build argument 'cmake_force_configure' from command line to 'False'
[0.381s] Level 5:colcon.colcon_core.verb:set package 'controlko_description' build argument 'ament_cmake_args' from command line to 'None'
[0.382s] Level 5:colcon.colcon_core.verb:set package 'controlko_description' build argument 'catkin_cmake_args' from command line to 'None'
[0.382s] Level 5:colcon.colcon_core.verb:set package 'controlko_description' build argument 'catkin_skip_building_tests' from command line to 'False'
[0.382s] DEBUG:colcon.colcon_core.verb:Building package 'controlko_description' with the following arguments: {'ament_cmake_args': None, 'build_base': '/home/gbb/rrbot_ws/build/controlko_description', 'catkin_cmake_args': None, 'catkin_skip_building_tests': False, 'cmake_args': None, 'cmake_clean_cache': False, 'cmake_clean_first': False, 'cmake_force_configure': False, 'cmake_target': None, 'cmake_target_skip_unavailable': False, 'install_base': '/home/gbb/rrbot_ws/install/controlko_description', 'merge_install': False, 'path': '/home/gbb/rrbot_ws/src/controlko_description', 'symlink_install': False, 'test_result_base': None}
[0.382s] Level 5:colcon.colcon_core.verb:set package 'controlko_hardware_interface' build argument 'cmake_args' from command line to 'None'
[0.382s] Level 5:colcon.colcon_core.verb:set package 'controlko_hardware_interface' build argument 'cmake_target' from command line to 'None'
[0.382s] Level 5:colcon.colcon_core.verb:set package 'controlko_hardware_interface' build argument 'cmake_target_skip_unavailable' from command line to 'False'
[0.382s] Level 5:colcon.colcon_core.verb:set package 'controlko_hardware_interface' build argument 'cmake_clean_cache' from command line to 'False'
[0.382s] Level 5:colcon.colcon_core.verb:set package 'controlko_hardware_interface' build argument 'cmake_clean_first' from command line to 'False'
[0.382s] Level 5:colcon.colcon_core.verb:set package 'controlko_hardware_interface' build argument 'cmake_force_configure' from command line to 'False'
[0.382s] Level 5:colcon.colcon_core.verb:set package 'controlko_hardware_interface' build argument 'ament_cmake_args' from command line to 'None'
[0.382s] Level 5:colcon.colcon_core.verb:set package 'controlko_hardware_interface' build argument 'catkin_cmake_args' from command line to 'None'
[0.382s] Level 5:colcon.colcon_core.verb:set package 'controlko_hardware_interface' build argument 'catkin_skip_building_tests' from command line to 'False'
[0.382s] DEBUG:colcon.colcon_core.verb:Building package 'controlko_hardware_interface' with the following arguments: {'ament_cmake_args': None, 'build_base': '/home/gbb/rrbot_ws/build/controlko_hardware_interface', 'catkin_cmake_args': None, 'catkin_skip_building_tests': False, 'cmake_args': None, 'cmake_clean_cache': False, 'cmake_clean_first': False, 'cmake_force_configure': False, 'cmake_target': None, 'cmake_target_skip_unavailable': False, 'install_base': '/home/gbb/rrbot_ws/install/controlko_hardware_interface', 'merge_install': False, 'path': '/home/gbb/rrbot_ws/src/controlko_hardware_interface', 'symlink_install': False, 'test_result_base': None}
[0.383s] Level 5:colcon.colcon_core.verb:set package 'roscon2022_control_workshop' build argument 'cmake_args' from command line to 'None'
[0.383s] Level 5:colcon.colcon_core.verb:set package 'roscon2022_control_workshop' build argument 'cmake_target' from command line to 'None'
[0.383s] Level 5:colcon.colcon_core.verb:set package 'roscon2022_control_workshop' build argument 'cmake_target_skip_unavailable' from command line to 'False'
[0.383s] Level 5:colcon.colcon_core.verb:set package 'roscon2022_control_workshop' build argument 'cmake_clean_cache' from command line to 'False'
[0.383s] Level 5:colcon.colcon_core.verb:set package 'roscon2022_control_workshop' build argument 'cmake_clean_first' from command line to 'False'
[0.383s] Level 5:colcon.colcon_core.verb:set package 'roscon2022_control_workshop' build argument 'cmake_force_configure' from command line to 'False'
[0.383s] Level 5:colcon.colcon_core.verb:set package 'roscon2022_control_workshop' build argument 'ament_cmake_args' from command line to 'None'
[0.383s] Level 5:colcon.colcon_core.verb:set package 'roscon2022_control_workshop' build argument 'catkin_cmake_args' from command line to 'None'
[0.383s] Level 5:colcon.colcon_core.verb:set package 'roscon2022_control_workshop' build argument 'catkin_skip_building_tests' from command line to 'False'
[0.383s] DEBUG:colcon.colcon_core.verb:Building package 'roscon2022_control_workshop' with the following arguments: {'ament_cmake_args': None, 'build_base': '/home/gbb/rrbot_ws/build/roscon2022_control_workshop', 'catkin_cmake_args': None, 'catkin_skip_building_tests': False, 'cmake_args': None, 'cmake_clean_cache': False, 'cmake_clean_first': False, 'cmake_force_configure': False, 'cmake_target': None, 'cmake_target_skip_unavailable': False, 'install_base': '/home/gbb/rrbot_ws/install/roscon2022_control_workshop', 'merge_install': False, 'path': '/home/gbb/rrbot_ws/src/roscon2022_control_workshop', 'symlink_install': False, 'test_result_base': None}
[0.383s] Level 5:colcon.colcon_core.verb:set package 'controlko_bringup' build argument 'cmake_args' from command line to 'None'
[0.383s] Level 5:colcon.colcon_core.verb:set package 'controlko_bringup' build argument 'cmake_target' from command line to 'None'
[0.383s] Level 5:colcon.colcon_core.verb:set package 'controlko_bringup' build argument 'cmake_target_skip_unavailable' from command line to 'False'
[0.383s] Level 5:colcon.colcon_core.verb:set package 'controlko_bringup' build argument 'cmake_clean_cache' from command line to 'False'
[0.383s] Level 5:colcon.colcon_core.verb:set package 'controlko_bringup' build argument 'cmake_clean_first' from command line to 'False'
[0.383s] Level 5:colcon.colcon_core.verb:set package 'controlko_bringup' build argument 'cmake_force_configure' from command line to 'False'
[0.383s] Level 5:colcon.colcon_core.verb:set package 'controlko_bringup' build argument 'ament_cmake_args' from command line to 'None'
[0.383s] Level 5:colcon.colcon_core.verb:set package 'controlko_bringup' build argument 'catkin_cmake_args' from command line to 'None'
[0.383s] Level 5:colcon.colcon_core.verb:set package 'controlko_bringup' build argument 'catkin_skip_building_tests' from command line to 'False'
[0.383s] DEBUG:colcon.colcon_core.verb:Building package 'controlko_bringup' with the following arguments: {'ament_cmake_args': None, 'build_base': '/home/gbb/rrbot_ws/build/controlko_bringup', 'catkin_cmake_args': None, 'catkin_skip_building_tests': False, 'cmake_args': None, 'cmake_clean_cache': False, 'cmake_clean_first': False, 'cmake_force_configure': False, 'cmake_target': None, 'cmake_target_skip_unavailable': False, 'install_base': '/home/gbb/rrbot_ws/install/controlko_bringup', 'merge_install': False, 'path': '/home/gbb/rrbot_ws/src/controlko_bringup', 'symlink_install': False, 'test_result_base': None}
[0.384s] INFO:colcon.colcon_core.executor:Executing jobs using 'parallel' executor
[0.385s] DEBUG:colcon.colcon_parallel_executor.executor.parallel:run_until_complete
[0.386s] INFO:colcon.colcon_ros.task.ament_cmake.build:Building ROS package in '/home/gbb/rrbot_ws/src/controlko_description' with build type 'ament_cmake'
[0.386s] INFO:colcon.colcon_cmake.task.cmake.build:Building CMake package in '/home/gbb/rrbot_ws/src/controlko_description'
[0.388s] INFO:colcon.colcon_core.plugin_system:Skipping extension 'colcon_core.shell.bat': Not used on non-Windows systems
[0.388s] INFO:colcon.colcon_core.shell:Skip shell extension 'powershell' for command environment: Not usable outside of PowerShell
[0.388s] DEBUG:colcon.colcon_core.shell:Skip shell extension 'dsv' for command environment
[0.393s] INFO:colcon.colcon_ros.task.ament_cmake.build:Building ROS package in '/home/gbb/rrbot_ws/src/controlko_controllers' with build type 'ament_cmake'
[0.393s] INFO:colcon.colcon_cmake.task.cmake.build:Building CMake package in '/home/gbb/rrbot_ws/src/controlko_controllers'
[0.394s] INFO:colcon.colcon_core.shell:Skip shell extension 'powershell' for command environment: Not usable outside of PowerShell
[0.394s] DEBUG:colcon.colcon_core.shell:Skip shell extension 'dsv' for command environment
[0.399s] INFO:colcon.colcon_ros.task.ament_cmake.build:Building ROS package in '/home/gbb/rrbot_ws/src/controlko_hardware_interface' with build type 'ament_cmake'
[0.399s] INFO:colcon.colcon_cmake.task.cmake.build:Building CMake package in '/home/gbb/rrbot_ws/src/controlko_hardware_interface'
[0.399s] INFO:colcon.colcon_core.shell:Skip shell extension 'powershell' for command environment: Not usable outside of PowerShell
[0.399s] DEBUG:colcon.colcon_core.shell:Skip shell extension 'dsv' for command environment
[0.405s] INFO:colcon.colcon_ros.task.ament_cmake.build:Building ROS package in '/home/gbb/rrbot_ws/src/roscon2022_control_workshop' with build type 'ament_cmake'
[0.406s] INFO:colcon.colcon_cmake.task.cmake.build:Building CMake package in '/home/gbb/rrbot_ws/src/roscon2022_control_workshop'
[0.406s] INFO:colcon.colcon_core.shell:Skip shell extension 'powershell' for command environment: Not usable outside of PowerShell
[0.406s] DEBUG:colcon.colcon_core.shell:Skip shell extension 'dsv' for command environment
[0.422s] DEBUG:colcon.colcon_core.event_handler.log_command:Invoking command in '/home/gbb/rrbot_ws/build/controlko_description': CMAKE_PREFIX_PATH=${CMAKE_PREFIX_PATH}:/opt/ros/humble /usr/bin/cmake --build /home/gbb/rrbot_ws/build/controlko_description -- -j8 -l8
[0.430s] DEBUG:colcon.colcon_core.event_handler.log_command:Invoking command in '/home/gbb/rrbot_ws/build/controlko_controllers': CMAKE_PREFIX_PATH=${CMAKE_PREFIX_PATH}:/opt/ros/humble /usr/bin/cmake --build /home/gbb/rrbot_ws/build/controlko_controllers -- -j8 -l8
[0.440s] DEBUG:colcon.colcon_core.event_handler.log_command:Invoking command in '/home/gbb/rrbot_ws/build/controlko_hardware_interface': CMAKE_PREFIX_PATH=${CMAKE_PREFIX_PATH}:/opt/ros/humble /usr/bin/cmake --build /home/gbb/rrbot_ws/build/controlko_hardware_interface -- -j8 -l8
[0.450s] DEBUG:colcon.colcon_core.event_handler.log_command:Invoking command in '/home/gbb/rrbot_ws/build/roscon2022_control_workshop': CMAKE_PREFIX_PATH=${CMAKE_PREFIX_PATH}:/opt/ros/humble /usr/bin/cmake --build /home/gbb/rrbot_ws/build/roscon2022_control_workshop -- -j8 -l8
[0.498s] DEBUG:colcon.colcon_core.event_handler.log_command:Invoked command in '/home/gbb/rrbot_ws/build/controlko_description' returned '0': CMAKE_PREFIX_PATH=${CMAKE_PREFIX_PATH}:/opt/ros/humble /usr/bin/cmake --build /home/gbb/rrbot_ws/build/controlko_description -- -j8 -l8
[0.520s] DEBUG:colcon.colcon_core.event_handler.log_command:Invoking command in '/home/gbb/rrbot_ws/build/controlko_description': CMAKE_PREFIX_PATH=${CMAKE_PREFIX_PATH}:/opt/ros/humble /usr/bin/cmake --install /home/gbb/rrbot_ws/build/controlko_description
[0.549s] DEBUG:colcon.colcon_core.event_handler.log_command:Invoked command in '/home/gbb/rrbot_ws/build/roscon2022_control_workshop' returned '0': CMAKE_PREFIX_PATH=${CMAKE_PREFIX_PATH}:/opt/ros/humble /usr/bin/cmake --build /home/gbb/rrbot_ws/build/roscon2022_control_workshop -- -j8 -l8
[0.550s] DEBUG:colcon.colcon_core.event_handler.log_command:Invoking command in '/home/gbb/rrbot_ws/build/roscon2022_control_workshop': CMAKE_PREFIX_PATH=${CMAKE_PREFIX_PATH}:/opt/ros/humble /usr/bin/cmake --install /home/gbb/rrbot_ws/build/roscon2022_control_workshop
[0.571s] Level 1:colcon.colcon_core.environment:create_environment_scripts_only(controlko_description)
[0.576s] DEBUG:colcon.colcon_core.event_handler.log_command:Invoked command in '/home/gbb/rrbot_ws/build/controlko_description' returned '0': CMAKE_PREFIX_PATH=${CMAKE_PREFIX_PATH}:/opt/ros/humble /usr/bin/cmake --install /home/gbb/rrbot_ws/build/controlko_description
[0.577s] Level 1:colcon.colcon_core.environment:checking '/home/gbb/rrbot_ws/install/controlko_description' for CMake module files
[0.578s] Level 1:colcon.colcon_core.environment:checking '/home/gbb/rrbot_ws/install/controlko_description' for CMake config files
[0.579s] Level 1:colcon.colcon_core.shell:create_environment_hook('controlko_description', 'cmake_prefix_path')
[0.579s] INFO:colcon.colcon_core.shell:Creating environment hook '/home/gbb/rrbot_ws/install/controlko_description/share/controlko_description/hook/cmake_prefix_path.ps1'
[0.581s] INFO:colcon.colcon_core.shell:Creating environment descriptor '/home/gbb/rrbot_ws/install/controlko_description/share/controlko_description/hook/cmake_prefix_path.dsv'
[0.583s] INFO:colcon.colcon_core.shell:Creating environment hook '/home/gbb/rrbot_ws/install/controlko_description/share/controlko_description/hook/cmake_prefix_path.sh'
[0.587s] Level 1:colcon.colcon_core.environment:checking '/home/gbb/rrbot_ws/install/controlko_description/bin'
[0.587s] Level 1:colcon.colcon_core.environment:checking '/home/gbb/rrbot_ws/install/controlko_description/lib/pkgconfig/controlko_description.pc'
[0.588s] Level 1:colcon.colcon_core.environment:checking '/home/gbb/rrbot_ws/install/controlko_description/lib/python3.10/site-packages'
[0.588s] Level 1:colcon.colcon_core.environment:checking '/home/gbb/rrbot_ws/install/controlko_description/bin'
[0.589s] INFO:colcon.colcon_core.shell:Creating package script '/home/gbb/rrbot_ws/install/controlko_description/share/controlko_description/package.ps1'
[0.591s] INFO:colcon.colcon_core.shell:Creating package descriptor '/home/gbb/rrbot_ws/install/controlko_description/share/controlko_description/package.dsv'
[0.592s] INFO:colcon.colcon_core.shell:Creating package script '/home/gbb/rrbot_ws/install/controlko_description/share/controlko_description/package.sh'
[0.596s] INFO:colcon.colcon_core.shell:Creating package script '/home/gbb/rrbot_ws/install/controlko_description/share/controlko_description/package.bash'
[0.598s] INFO:colcon.colcon_core.shell:Creating package script '/home/gbb/rrbot_ws/install/controlko_description/share/controlko_description/package.zsh'
[0.601s] Level 1:colcon.colcon_core.environment:create_file_with_runtime_dependencies(/home/gbb/rrbot_ws/install/controlko_description/share/colcon-core/packages/controlko_description)
[0.603s] Level 1:colcon.colcon_core.environment:create_environment_scripts_only(controlko_description)
[0.604s] Level 1:colcon.colcon_core.environment:checking '/home/gbb/rrbot_ws/install/controlko_description' for CMake module files
[0.606s] Level 1:colcon.colcon_core.environment:checking '/home/gbb/rrbot_ws/install/controlko_description' for CMake config files
[0.607s] Level 1:colcon.colcon_core.shell:create_environment_hook('controlko_description', 'cmake_prefix_path')
[0.607s] INFO:colcon.colcon_core.shell:Creating environment hook '/home/gbb/rrbot_ws/install/controlko_description/share/controlko_description/hook/cmake_prefix_path.ps1'
[0.608s] INFO:colcon.colcon_core.shell:Creating environment descriptor '/home/gbb/rrbot_ws/install/controlko_description/share/controlko_description/hook/cmake_prefix_path.dsv'
[0.609s] INFO:colcon.colcon_core.shell:Creating environment hook '/home/gbb/rrbot_ws/install/controlko_description/share/controlko_description/hook/cmake_prefix_path.sh'
[0.610s] Level 1:colcon.colcon_core.environment:checking '/home/gbb/rrbot_ws/install/controlko_description/bin'
[0.611s] Level 1:colcon.colcon_core.environment:checking '/home/gbb/rrbot_ws/install/controlko_description/lib/pkgconfig/controlko_description.pc'
[0.611s] Level 1:colcon.colcon_core.environment:checking '/home/gbb/rrbot_ws/install/controlko_description/lib/python3.10/site-packages'
[0.611s] Level 1:colcon.colcon_core.environment:checking '/home/gbb/rrbot_ws/install/controlko_description/bin'
[0.612s] INFO:colcon.colcon_core.shell:Creating package script '/home/gbb/rrbot_ws/install/controlko_description/share/controlko_description/package.ps1'
[0.613s] INFO:colcon.colcon_core.shell:Creating package descriptor '/home/gbb/rrbot_ws/install/controlko_description/share/controlko_description/package.dsv'
[0.614s] INFO:colcon.colcon_core.shell:Creating package script '/home/gbb/rrbot_ws/install/controlko_description/share/controlko_description/package.sh'
[0.615s] INFO:colcon.colcon_core.shell:Creating package script '/home/gbb/rrbot_ws/install/controlko_description/share/controlko_description/package.bash'
[0.616s] INFO:colcon.colcon_core.shell:Creating package script '/home/gbb/rrbot_ws/install/controlko_description/share/controlko_description/package.zsh'
[0.617s] Level 1:colcon.colcon_core.environment:create_file_with_runtime_dependencies(/home/gbb/rrbot_ws/install/controlko_description/share/colcon-core/packages/controlko_description)
[0.619s] INFO:colcon.colcon_ros.task.ament_cmake.build:Building ROS package in '/home/gbb/rrbot_ws/src/controlko_bringup' with build type 'ament_cmake'
[0.619s] INFO:colcon.colcon_cmake.task.cmake.build:Building CMake package in '/home/gbb/rrbot_ws/src/controlko_bringup'
[0.620s] INFO:colcon.colcon_core.shell:Skip shell extension 'powershell' for command environment: Not usable outside of PowerShell
[0.620s] DEBUG:colcon.colcon_core.shell:Skip shell extension 'dsv' for command environment
[0.629s] Level 1:colcon.colcon_core.environment:create_environment_scripts_only(roscon2022_control_workshop)
[0.632s] Level 1:colcon.colcon_core.environment:checking '/home/gbb/rrbot_ws/install/roscon2022_control_workshop' for CMake module files
[0.632s] Level 1:colcon.colcon_core.environment:checking '/home/gbb/rrbot_ws/install/roscon2022_control_workshop' for CMake config files
[0.633s] Level 1:colcon.colcon_core.shell:create_environment_hook('roscon2022_control_workshop', 'cmake_prefix_path')
[0.633s] INFO:colcon.colcon_core.shell:Creating environment hook '/home/gbb/rrbot_ws/install/roscon2022_control_workshop/share/roscon2022_control_workshop/hook/cmake_prefix_path.ps1'
[0.631s] DEBUG:colcon.colcon_core.event_handler.log_command:Invoked command in '/home/gbb/rrbot_ws/build/roscon2022_control_workshop' returned '0': CMAKE_PREFIX_PATH=${CMAKE_PREFIX_PATH}:/opt/ros/humble /usr/bin/cmake --install /home/gbb/rrbot_ws/build/roscon2022_control_workshop
[0.635s] INFO:colcon.colcon_core.shell:Creating environment descriptor '/home/gbb/rrbot_ws/install/roscon2022_control_workshop/share/roscon2022_control_workshop/hook/cmake_prefix_path.dsv'
[0.635s] INFO:colcon.colcon_core.shell:Creating environment hook '/home/gbb/rrbot_ws/install/roscon2022_control_workshop/share/roscon2022_control_workshop/hook/cmake_prefix_path.sh'
[0.637s] Level 1:colcon.colcon_core.environment:checking '/home/gbb/rrbot_ws/install/roscon2022_control_workshop/bin'
[0.637s] Level 1:colcon.colcon_core.environment:checking '/home/gbb/rrbot_ws/install/roscon2022_control_workshop/lib/pkgconfig/roscon2022_control_workshop.pc'
[0.637s] Level 1:colcon.colcon_core.environment:checking '/home/gbb/rrbot_ws/install/roscon2022_control_workshop/lib/python3.10/site-packages'
[0.638s] Level 1:colcon.colcon_core.environment:checking '/home/gbb/rrbot_ws/install/roscon2022_control_workshop/bin'
[0.639s] INFO:colcon.colcon_core.shell:Creating package script '/home/gbb/rrbot_ws/install/roscon2022_control_workshop/share/roscon2022_control_workshop/package.ps1'
[0.640s] INFO:colcon.colcon_core.shell:Creating package descriptor '/home/gbb/rrbot_ws/install/roscon2022_control_workshop/share/roscon2022_control_workshop/package.dsv'
[0.642s] INFO:colcon.colcon_core.shell:Creating package script '/home/gbb/rrbot_ws/install/roscon2022_control_workshop/share/roscon2022_control_workshop/package.sh'
[0.643s] INFO:colcon.colcon_core.shell:Creating package script '/home/gbb/rrbot_ws/install/roscon2022_control_workshop/share/roscon2022_control_workshop/package.bash'
[0.644s] INFO:colcon.colcon_core.shell:Creating package script '/home/gbb/rrbot_ws/install/roscon2022_control_workshop/share/roscon2022_control_workshop/package.zsh'
[0.645s] Level 1:colcon.colcon_core.environment:create_file_with_runtime_dependencies(/home/gbb/rrbot_ws/install/roscon2022_control_workshop/share/colcon-core/packages/roscon2022_control_workshop)
[0.646s] Level 1:colcon.colcon_core.environment:create_environment_scripts_only(roscon2022_control_workshop)
[0.646s] Level 1:colcon.colcon_core.environment:checking '/home/gbb/rrbot_ws/install/roscon2022_control_workshop' for CMake module files
[0.647s] Level 1:colcon.colcon_core.environment:checking '/home/gbb/rrbot_ws/install/roscon2022_control_workshop' for CMake config files
[0.647s] Level 1:colcon.colcon_core.shell:create_environment_hook('roscon2022_control_workshop', 'cmake_prefix_path')
[0.648s] INFO:colcon.colcon_core.shell:Creating environment hook '/home/gbb/rrbot_ws/install/roscon2022_control_workshop/share/roscon2022_control_workshop/hook/cmake_prefix_path.ps1'
[0.649s] INFO:colcon.colcon_core.shell:Creating environment descriptor '/home/gbb/rrbot_ws/install/roscon2022_control_workshop/share/roscon2022_control_workshop/hook/cmake_prefix_path.dsv'
[0.650s] INFO:colcon.colcon_core.shell:Creating environment hook '/home/gbb/rrbot_ws/install/roscon2022_control_workshop/share/roscon2022_control_workshop/hook/cmake_prefix_path.sh'
[0.651s] Level 1:colcon.colcon_core.environment:checking '/home/gbb/rrbot_ws/install/roscon2022_control_workshop/bin'
[0.651s] Level 1:colcon.colcon_core.environment:checking '/home/gbb/rrbot_ws/install/roscon2022_control_workshop/lib/pkgconfig/roscon2022_control_workshop.pc'
[0.652s] Level 1:colcon.colcon_core.environment:checking '/home/gbb/rrbot_ws/install/roscon2022_control_workshop/lib/python3.10/site-packages'
[0.652s] Level 1:colcon.colcon_core.environment:checking '/home/gbb/rrbot_ws/install/roscon2022_control_workshop/bin'
[0.653s] INFO:colcon.colcon_core.shell:Creating package script '/home/gbb/rrbot_ws/install/roscon2022_control_workshop/share/roscon2022_control_workshop/package.ps1'
[0.654s] INFO:colcon.colcon_core.shell:Creating package descriptor '/home/gbb/rrbot_ws/install/roscon2022_control_workshop/share/roscon2022_control_workshop/package.dsv'
[0.655s] INFO:colcon.colcon_core.shell:Creating package script '/home/gbb/rrbot_ws/install/roscon2022_control_workshop/share/roscon2022_control_workshop/package.sh'
[0.656s] INFO:colcon.colcon_core.shell:Creating package script '/home/gbb/rrbot_ws/install/roscon2022_control_workshop/share/roscon2022_control_workshop/package.bash'
[0.657s] INFO:colcon.colcon_core.shell:Creating package script '/home/gbb/rrbot_ws/install/roscon2022_control_workshop/share/roscon2022_control_workshop/package.zsh'
[0.658s] Level 1:colcon.colcon_core.environment:create_file_with_runtime_dependencies(/home/gbb/rrbot_ws/install/roscon2022_control_workshop/share/colcon-core/packages/roscon2022_control_workshop)
[0.666s] DEBUG:colcon.colcon_core.event_handler.log_command:Invoking command in '/home/gbb/rrbot_ws/build/controlko_bringup': CMAKE_PREFIX_PATH=/home/gbb/rrbot_ws/install/controlko_description:/home/gbb/rrbot_ws/install/roscon2022_control_workshop:/home/gbb/rrbot_ws/install/controlko_hardware_interface:/home/gbb/rrbot_ws/install/controlko_bringup:/home/gbb/rrbot_ws/install/controlko_controllers:/opt/ros/humble /usr/bin/cmake --build /home/gbb/rrbot_ws/build/controlko_bringup -- -j8 -l8
[0.674s] DEBUG:colcon.colcon_core.event_handler.log_command:Invoked command in '/home/gbb/rrbot_ws/build/controlko_hardware_interface' returned '0': CMAKE_PREFIX_PATH=${CMAKE_PREFIX_PATH}:/opt/ros/humble /usr/bin/cmake --build /home/gbb/rrbot_ws/build/controlko_hardware_interface -- -j8 -l8
[0.676s] DEBUG:colcon.colcon_core.event_handler.log_command:Invoking command in '/home/gbb/rrbot_ws/build/controlko_hardware_interface': CMAKE_PREFIX_PATH=${CMAKE_PREFIX_PATH}:/opt/ros/humble /usr/bin/cmake --install /home/gbb/rrbot_ws/build/controlko_hardware_interface
[0.697s] Level 1:colcon.colcon_core.environment:create_environment_scripts_only(controlko_hardware_interface)
[0.697s] Level 1:colcon.colcon_core.environment:checking '/home/gbb/rrbot_ws/install/controlko_hardware_interface' for CMake module files
[0.698s] Level 1:colcon.colcon_core.environment:checking '/home/gbb/rrbot_ws/install/controlko_hardware_interface' for CMake config files
[0.698s] Level 1:colcon.colcon_core.shell:create_environment_hook('controlko_hardware_interface', 'cmake_prefix_path')
[0.699s] INFO:colcon.colcon_core.shell:Creating environment hook '/home/gbb/rrbot_ws/install/controlko_hardware_interface/share/controlko_hardware_interface/hook/cmake_prefix_path.ps1'
[0.701s] DEBUG:colcon.colcon_core.event_handler.log_command:Invoked command in '/home/gbb/rrbot_ws/build/controlko_hardware_interface' returned '0': CMAKE_PREFIX_PATH=${CMAKE_PREFIX_PATH}:/opt/ros/humble /usr/bin/cmake --install /home/gbb/rrbot_ws/build/controlko_hardware_interface
[0.701s] INFO:colcon.colcon_core.shell:Creating environment descriptor '/home/gbb/rrbot_ws/install/controlko_hardware_interface/share/controlko_hardware_interface/hook/cmake_prefix_path.dsv'
[0.701s] INFO:colcon.colcon_core.shell:Creating environment hook '/home/gbb/rrbot_ws/install/controlko_hardware_interface/share/controlko_hardware_interface/hook/cmake_prefix_path.sh'
[0.702s] Level 1:colcon.colcon_core.environment:checking '/home/gbb/rrbot_ws/install/controlko_hardware_interface/lib'
[0.703s] Level 1:colcon.colcon_core.shell:create_environment_hook('controlko_hardware_interface', 'ld_library_path_lib')
[0.703s] INFO:colcon.colcon_core.shell:Creating environment hook '/home/gbb/rrbot_ws/install/controlko_hardware_interface/share/controlko_hardware_interface/hook/ld_library_path_lib.ps1'
[0.704s] INFO:colcon.colcon_core.shell:Creating environment descriptor '/home/gbb/rrbot_ws/install/controlko_hardware_interface/share/controlko_hardware_interface/hook/ld_library_path_lib.dsv'
[0.705s] INFO:colcon.colcon_core.shell:Creating environment hook '/home/gbb/rrbot_ws/install/controlko_hardware_interface/share/controlko_hardware_interface/hook/ld_library_path_lib.sh'
[0.705s] Level 1:colcon.colcon_core.environment:checking '/home/gbb/rrbot_ws/install/controlko_hardware_interface/bin'
[0.706s] Level 1:colcon.colcon_core.environment:checking '/home/gbb/rrbot_ws/install/controlko_hardware_interface/lib/pkgconfig/controlko_hardware_interface.pc'
[0.706s] Level 1:colcon.colcon_core.environment:checking '/home/gbb/rrbot_ws/install/controlko_hardware_interface/lib/python3.10/site-packages'
[0.706s] Level 1:colcon.colcon_core.environment:checking '/home/gbb/rrbot_ws/install/controlko_hardware_interface/bin'
[0.707s] INFO:colcon.colcon_core.shell:Creating package script '/home/gbb/rrbot_ws/install/controlko_hardware_interface/share/controlko_hardware_interface/package.ps1'
[0.708s] INFO:colcon.colcon_core.shell:Creating package descriptor '/home/gbb/rrbot_ws/install/controlko_hardware_interface/share/controlko_hardware_interface/package.dsv'
[0.709s] INFO:colcon.colcon_core.shell:Creating package script '/home/gbb/rrbot_ws/install/controlko_hardware_interface/share/controlko_hardware_interface/package.sh'
[0.710s] INFO:colcon.colcon_core.shell:Creating package script '/home/gbb/rrbot_ws/install/controlko_hardware_interface/share/controlko_hardware_interface/package.bash'
[0.711s] INFO:colcon.colcon_core.shell:Creating package script '/home/gbb/rrbot_ws/install/controlko_hardware_interface/share/controlko_hardware_interface/package.zsh'
[0.712s] Level 1:colcon.colcon_core.environment:create_file_with_runtime_dependencies(/home/gbb/rrbot_ws/install/controlko_hardware_interface/share/colcon-core/packages/controlko_hardware_interface)
[0.713s] Level 1:colcon.colcon_core.environment:create_environment_scripts_only(controlko_hardware_interface)
[0.714s] Level 1:colcon.colcon_core.environment:checking '/home/gbb/rrbot_ws/install/controlko_hardware_interface' for CMake module files
[0.715s] Level 1:colcon.colcon_core.environment:checking '/home/gbb/rrbot_ws/install/controlko_hardware_interface' for CMake config files
[0.716s] Level 1:colcon.colcon_core.shell:create_environment_hook('controlko_hardware_interface', 'cmake_prefix_path')
[0.716s] INFO:colcon.colcon_core.shell:Creating environment hook '/home/gbb/rrbot_ws/install/controlko_hardware_interface/share/controlko_hardware_interface/hook/cmake_prefix_path.ps1'
[0.717s] INFO:colcon.colcon_core.shell:Creating environment descriptor '/home/gbb/rrbot_ws/install/controlko_hardware_interface/share/controlko_hardware_interface/hook/cmake_prefix_path.dsv'
[0.718s] INFO:colcon.colcon_core.shell:Creating environment hook '/home/gbb/rrbot_ws/install/controlko_hardware_interface/share/controlko_hardware_interface/hook/cmake_prefix_path.sh'
[0.719s] Level 1:colcon.colcon_core.environment:checking '/home/gbb/rrbot_ws/install/controlko_hardware_interface/lib'
[0.720s] Level 1:colcon.colcon_core.shell:create_environment_hook('controlko_hardware_interface', 'ld_library_path_lib')
[0.720s] INFO:colcon.colcon_core.shell:Creating environment hook '/home/gbb/rrbot_ws/install/controlko_hardware_interface/share/controlko_hardware_interface/hook/ld_library_path_lib.ps1'
[0.721s] INFO:colcon.colcon_core.shell:Creating environment descriptor '/home/gbb/rrbot_ws/install/controlko_hardware_interface/share/controlko_hardware_interface/hook/ld_library_path_lib.dsv'
[0.722s] INFO:colcon.colcon_core.shell:Creating environment hook '/home/gbb/rrbot_ws/install/controlko_hardware_interface/share/controlko_hardware_interface/hook/ld_library_path_lib.sh'
[0.722s] Level 1:colcon.colcon_core.environment:checking '/home/gbb/rrbot_ws/install/controlko_hardware_interface/bin'
[0.723s] Level 1:colcon.colcon_core.environment:checking '/home/gbb/rrbot_ws/install/controlko_hardware_interface/lib/pkgconfig/controlko_hardware_interface.pc'
[0.723s] Level 1:colcon.colcon_core.environment:checking '/home/gbb/rrbot_ws/install/controlko_hardware_interface/lib/python3.10/site-packages'
[0.723s] Level 1:colcon.colcon_core.environment:checking '/home/gbb/rrbot_ws/install/controlko_hardware_interface/bin'
[0.724s] INFO:colcon.colcon_core.shell:Creating package script '/home/gbb/rrbot_ws/install/controlko_hardware_interface/share/controlko_hardware_interface/package.ps1'
[0.725s] INFO:colcon.colcon_core.shell:Creating package descriptor '/home/gbb/rrbot_ws/install/controlko_hardware_interface/share/controlko_hardware_interface/package.dsv'
[0.726s] INFO:colcon.colcon_core.shell:Creating package script '/home/gbb/rrbot_ws/install/controlko_hardware_interface/share/controlko_hardware_interface/package.sh'
[0.727s] INFO:colcon.colcon_core.shell:Creating package script '/home/gbb/rrbot_ws/install/controlko_hardware_interface/share/controlko_hardware_interface/package.bash'
[0.728s] INFO:colcon.colcon_core.shell:Creating package script '/home/gbb/rrbot_ws/install/controlko_hardware_interface/share/controlko_hardware_interface/package.zsh'
[0.729s] Level 1:colcon.colcon_core.environment:create_file_with_runtime_dependencies(/home/gbb/rrbot_ws/install/controlko_hardware_interface/share/colcon-core/packages/controlko_hardware_interface)
[0.739s] DEBUG:colcon.colcon_core.event_handler.log_command:Invoked command in '/home/gbb/rrbot_ws/build/controlko_controllers' returned '0': CMAKE_PREFIX_PATH=${CMAKE_PREFIX_PATH}:/opt/ros/humble /usr/bin/cmake --build /home/gbb/rrbot_ws/build/controlko_controllers -- -j8 -l8
[0.740s] DEBUG:colcon.colcon_core.event_handler.log_command:Invoking command in '/home/gbb/rrbot_ws/build/controlko_controllers': CMAKE_PREFIX_PATH=${CMAKE_PREFIX_PATH}:/opt/ros/humble /usr/bin/cmake --install /home/gbb/rrbot_ws/build/controlko_controllers
[0.747s] DEBUG:colcon.colcon_core.event_handler.log_command:Invoked command in '/home/gbb/rrbot_ws/build/controlko_bringup' returned '0': CMAKE_PREFIX_PATH=/home/gbb/rrbot_ws/install/controlko_description:/home/gbb/rrbot_ws/install/roscon2022_control_workshop:/home/gbb/rrbot_ws/install/controlko_hardware_interface:/home/gbb/rrbot_ws/install/controlko_bringup:/home/gbb/rrbot_ws/install/controlko_controllers:/opt/ros/humble /usr/bin/cmake --build /home/gbb/rrbot_ws/build/controlko_bringup -- -j8 -l8
[0.754s] DEBUG:colcon.colcon_core.event_handler.log_command:Invoking command in '/home/gbb/rrbot_ws/build/controlko_bringup': CMAKE_PREFIX_PATH=/home/gbb/rrbot_ws/install/controlko_description:/home/gbb/rrbot_ws/install/roscon2022_control_workshop:/home/gbb/rrbot_ws/install/controlko_hardware_interface:/home/gbb/rrbot_ws/install/controlko_bringup:/home/gbb/rrbot_ws/install/controlko_controllers:/opt/ros/humble /usr/bin/cmake --install /home/gbb/rrbot_ws/build/controlko_bringup
[0.766s] Level 1:colcon.colcon_core.environment:create_environment_scripts_only(controlko_controllers)
[0.767s] DEBUG:colcon.colcon_core.event_handler.log_command:Invoked command in '/home/gbb/rrbot_ws/build/controlko_controllers' returned '0': CMAKE_PREFIX_PATH=${CMAKE_PREFIX_PATH}:/opt/ros/humble /usr/bin/cmake --install /home/gbb/rrbot_ws/build/controlko_controllers
[0.767s] Level 1:colcon.colcon_core.environment:checking '/home/gbb/rrbot_ws/install/controlko_controllers' for CMake module files
[0.776s] Level 1:colcon.colcon_core.environment:checking '/home/gbb/rrbot_ws/install/controlko_controllers' for CMake config files
[0.778s] Level 1:colcon.colcon_core.shell:create_environment_hook('controlko_controllers', 'cmake_prefix_path')
[0.778s] INFO:colcon.colcon_core.shell:Creating environment hook '/home/gbb/rrbot_ws/install/controlko_controllers/share/controlko_controllers/hook/cmake_prefix_path.ps1'
[0.779s] INFO:colcon.colcon_core.shell:Creating environment descriptor '/home/gbb/rrbot_ws/install/controlko_controllers/share/controlko_controllers/hook/cmake_prefix_path.dsv'
[0.780s] INFO:colcon.colcon_core.shell:Creating environment hook '/home/gbb/rrbot_ws/install/controlko_controllers/share/controlko_controllers/hook/cmake_prefix_path.sh'
[0.781s] Level 1:colcon.colcon_core.environment:checking '/home/gbb/rrbot_ws/install/controlko_controllers/lib'
[0.781s] Level 1:colcon.colcon_core.shell:create_environment_hook('controlko_controllers', 'ld_library_path_lib')
[0.781s] INFO:colcon.colcon_core.shell:Creating environment hook '/home/gbb/rrbot_ws/install/controlko_controllers/share/controlko_controllers/hook/ld_library_path_lib.ps1'
[0.782s] INFO:colcon.colcon_core.shell:Creating environment descriptor '/home/gbb/rrbot_ws/install/controlko_controllers/share/controlko_controllers/hook/ld_library_path_lib.dsv'
[0.784s] INFO:colcon.colcon_core.shell:Creating environment hook '/home/gbb/rrbot_ws/install/controlko_controllers/share/controlko_controllers/hook/ld_library_path_lib.sh'
[0.785s] Level 1:colcon.colcon_core.environment:checking '/home/gbb/rrbot_ws/install/controlko_controllers/bin'
[0.785s] Level 1:colcon.colcon_core.environment:checking '/home/gbb/rrbot_ws/install/controlko_controllers/lib/pkgconfig/controlko_controllers.pc'
[0.786s] Level 1:colcon.colcon_core.environment:checking '/home/gbb/rrbot_ws/install/controlko_controllers/lib/python3.10/site-packages'
[0.786s] Level 1:colcon.colcon_core.environment:checking '/home/gbb/rrbot_ws/install/controlko_controllers/bin'
[0.787s] INFO:colcon.colcon_core.shell:Creating package script '/home/gbb/rrbot_ws/install/controlko_controllers/share/controlko_controllers/package.ps1'
[0.788s] INFO:colcon.colcon_core.shell:Creating package descriptor '/home/gbb/rrbot_ws/install/controlko_controllers/share/controlko_controllers/package.dsv'
[0.789s] INFO:colcon.colcon_core.shell:Creating package script '/home/gbb/rrbot_ws/install/controlko_controllers/share/controlko_controllers/package.sh'
[0.790s] INFO:colcon.colcon_core.shell:Creating package script '/home/gbb/rrbot_ws/install/controlko_controllers/share/controlko_controllers/package.bash'
[0.791s] INFO:colcon.colcon_core.shell:Creating package script '/home/gbb/rrbot_ws/install/controlko_controllers/share/controlko_controllers/package.zsh'
[0.793s] Level 1:colcon.colcon_core.environment:create_file_with_runtime_dependencies(/home/gbb/rrbot_ws/install/controlko_controllers/share/colcon-core/packages/controlko_controllers)
[0.794s] Level 1:colcon.colcon_core.environment:create_environment_scripts_only(controlko_controllers)
[0.794s] Level 1:colcon.colcon_core.environment:checking '/home/gbb/rrbot_ws/install/controlko_controllers' for CMake module files
[0.795s] Level 1:colcon.colcon_core.environment:checking '/home/gbb/rrbot_ws/install/controlko_controllers' for CMake config files
[0.795s] Level 1:colcon.colcon_core.shell:create_environment_hook('controlko_controllers', 'cmake_prefix_path')
[0.795s] INFO:colcon.colcon_core.shell:Creating environment hook '/home/gbb/rrbot_ws/install/controlko_controllers/share/controlko_controllers/hook/cmake_prefix_path.ps1'
[0.797s] INFO:colcon.colcon_core.shell:Creating environment descriptor '/home/gbb/rrbot_ws/install/controlko_controllers/share/controlko_controllers/hook/cmake_prefix_path.dsv'
[0.798s] INFO:colcon.colcon_core.shell:Creating environment hook '/home/gbb/rrbot_ws/install/controlko_controllers/share/controlko_controllers/hook/cmake_prefix_path.sh'
[0.799s] Level 1:colcon.colcon_core.environment:checking '/home/gbb/rrbot_ws/install/controlko_controllers/lib'
[0.799s] Level 1:colcon.colcon_core.shell:create_environment_hook('controlko_controllers', 'ld_library_path_lib')
[0.800s] INFO:colcon.colcon_core.shell:Creating environment hook '/home/gbb/rrbot_ws/install/controlko_controllers/share/controlko_controllers/hook/ld_library_path_lib.ps1'
[0.800s] INFO:colcon.colcon_core.shell:Creating environment descriptor '/home/gbb/rrbot_ws/install/controlko_controllers/share/controlko_controllers/hook/ld_library_path_lib.dsv'
[0.801s] INFO:colcon.colcon_core.shell:Creating environment hook '/home/gbb/rrbot_ws/install/controlko_controllers/share/controlko_controllers/hook/ld_library_path_lib.sh'
[0.802s] Level 1:colcon.colcon_core.environment:checking '/home/gbb/rrbot_ws/install/controlko_controllers/bin'
[0.802s] Level 1:colcon.colcon_core.environment:checking '/home/gbb/rrbot_ws/install/controlko_controllers/lib/pkgconfig/controlko_controllers.pc'
[0.802s] Level 1:colcon.colcon_core.environment:checking '/home/gbb/rrbot_ws/install/controlko_controllers/lib/python3.10/site-packages'
[0.802s] Level 1:colcon.colcon_core.environment:checking '/home/gbb/rrbot_ws/install/controlko_controllers/bin'
[0.803s] INFO:colcon.colcon_core.shell:Creating package script '/home/gbb/rrbot_ws/install/controlko_controllers/share/controlko_controllers/package.ps1'
[0.804s] INFO:colcon.colcon_core.shell:Creating package descriptor '/home/gbb/rrbot_ws/install/controlko_controllers/share/controlko_controllers/package.dsv'
[0.805s] INFO:colcon.colcon_core.shell:Creating package script '/home/gbb/rrbot_ws/install/controlko_controllers/share/controlko_controllers/package.sh'
[0.806s] INFO:colcon.colcon_core.shell:Creating package script '/home/gbb/rrbot_ws/install/controlko_controllers/share/controlko_controllers/package.bash'
[0.807s] INFO:colcon.colcon_core.shell:Creating package script '/home/gbb/rrbot_ws/install/controlko_controllers/share/controlko_controllers/package.zsh'
[0.808s] Level 1:colcon.colcon_core.environment:create_file_with_runtime_dependencies(/home/gbb/rrbot_ws/install/controlko_controllers/share/colcon-core/packages/controlko_controllers)
[0.810s] Level 1:colcon.colcon_core.environment:create_environment_scripts_only(controlko_bringup)
[0.811s] DEBUG:colcon.colcon_core.event_handler.log_command:Invoked command in '/home/gbb/rrbot_ws/build/controlko_bringup' returned '0': CMAKE_PREFIX_PATH=/home/gbb/rrbot_ws/install/controlko_description:/home/gbb/rrbot_ws/install/roscon2022_control_workshop:/home/gbb/rrbot_ws/install/controlko_hardware_interface:/home/gbb/rrbot_ws/install/controlko_bringup:/home/gbb/rrbot_ws/install/controlko_controllers:/opt/ros/humble /usr/bin/cmake --install /home/gbb/rrbot_ws/build/controlko_bringup
[0.811s] Level 1:colcon.colcon_core.environment:checking '/home/gbb/rrbot_ws/install/controlko_bringup' for CMake module files
[0.813s] Level 1:colcon.colcon_core.environment:checking '/home/gbb/rrbot_ws/install/controlko_bringup' for CMake config files
[0.813s] Level 1:colcon.colcon_core.shell:create_environment_hook('controlko_bringup', 'cmake_prefix_path')
[0.813s] INFO:colcon.colcon_core.shell:Creating environment hook '/home/gbb/rrbot_ws/install/controlko_bringup/share/controlko_bringup/hook/cmake_prefix_path.ps1'
[0.814s] INFO:colcon.colcon_core.shell:Creating environment descriptor '/home/gbb/rrbot_ws/install/controlko_bringup/share/controlko_bringup/hook/cmake_prefix_path.dsv'
[0.815s] INFO:colcon.colcon_core.shell:Creating environment hook '/home/gbb/rrbot_ws/install/controlko_bringup/share/controlko_bringup/hook/cmake_prefix_path.sh'
[0.815s] Level 1:colcon.colcon_core.environment:checking '/home/gbb/rrbot_ws/install/controlko_bringup/bin'
[0.816s] Level 1:colcon.colcon_core.environment:checking '/home/gbb/rrbot_ws/install/controlko_bringup/lib/pkgconfig/controlko_bringup.pc'
[0.816s] Level 1:colcon.colcon_core.environment:checking '/home/gbb/rrbot_ws/install/controlko_bringup/lib/python3.10/site-packages'
[0.816s] Level 1:colcon.colcon_core.environment:checking '/home/gbb/rrbot_ws/install/controlko_bringup/bin'
[0.817s] INFO:colcon.colcon_core.shell:Creating package script '/home/gbb/rrbot_ws/install/controlko_bringup/share/controlko_bringup/package.ps1'
[0.818s] INFO:colcon.colcon_core.shell:Creating package descriptor '/home/gbb/rrbot_ws/install/controlko_bringup/share/controlko_bringup/package.dsv'
[0.819s] INFO:colcon.colcon_core.shell:Creating package script '/home/gbb/rrbot_ws/install/controlko_bringup/share/controlko_bringup/package.sh'
[0.820s] INFO:colcon.colcon_core.shell:Creating package script '/home/gbb/rrbot_ws/install/controlko_bringup/share/controlko_bringup/package.bash'
[0.820s] INFO:colcon.colcon_core.shell:Creating package script '/home/gbb/rrbot_ws/install/controlko_bringup/share/controlko_bringup/package.zsh'
[0.821s] Level 1:colcon.colcon_core.environment:create_file_with_runtime_dependencies(/home/gbb/rrbot_ws/install/controlko_bringup/share/colcon-core/packages/controlko_bringup)
[0.822s] Level 1:colcon.colcon_core.environment:create_environment_scripts_only(controlko_bringup)
[0.822s] Level 1:colcon.colcon_core.environment:checking '/home/gbb/rrbot_ws/install/controlko_bringup' for CMake module files
[0.823s] Level 1:colcon.colcon_core.environment:checking '/home/gbb/rrbot_ws/install/controlko_bringup' for CMake config files
[0.824s] Level 1:colcon.colcon_core.shell:create_environment_hook('controlko_bringup', 'cmake_prefix_path')
[0.825s] INFO:colcon.colcon_core.shell:Creating environment hook '/home/gbb/rrbot_ws/install/controlko_bringup/share/controlko_bringup/hook/cmake_prefix_path.ps1'
[0.827s] INFO:colcon.colcon_core.shell:Creating environment descriptor '/home/gbb/rrbot_ws/install/controlko_bringup/share/controlko_bringup/hook/cmake_prefix_path.dsv'
[0.827s] INFO:colcon.colcon_core.shell:Creating environment hook '/home/gbb/rrbot_ws/install/controlko_bringup/share/controlko_bringup/hook/cmake_prefix_path.sh'
[0.829s] Level 1:colcon.colcon_core.environment:checking '/home/gbb/rrbot_ws/install/controlko_bringup/bin'
[0.829s] Level 1:colcon.colcon_core.environment:checking '/home/gbb/rrbot_ws/install/controlko_bringup/lib/pkgconfig/controlko_bringup.pc'
[0.830s] Level 1:colcon.colcon_core.environment:checking '/home/gbb/rrbot_ws/install/controlko_bringup/lib/python3.10/site-packages'
[0.830s] Level 1:colcon.colcon_core.environment:checking '/home/gbb/rrbot_ws/install/controlko_bringup/bin'
[0.831s] INFO:colcon.colcon_core.shell:Creating package script '/home/gbb/rrbot_ws/install/controlko_bringup/share/controlko_bringup/package.ps1'
[0.832s] INFO:colcon.colcon_core.shell:Creating package descriptor '/home/gbb/rrbot_ws/install/controlko_bringup/share/controlko_bringup/package.dsv'
[0.833s] INFO:colcon.colcon_core.shell:Creating package script '/home/gbb/rrbot_ws/install/controlko_bringup/share/controlko_bringup/package.sh'
[0.834s] INFO:colcon.colcon_core.shell:Creating package script '/home/gbb/rrbot_ws/install/controlko_bringup/share/controlko_bringup/package.bash'
[0.835s] INFO:colcon.colcon_core.shell:Creating package script '/home/gbb/rrbot_ws/install/controlko_bringup/share/controlko_bringup/package.zsh'
[0.836s] Level 1:colcon.colcon_core.environment:create_file_with_runtime_dependencies(/home/gbb/rrbot_ws/install/controlko_bringup/share/colcon-core/packages/controlko_bringup)
[0.836s] DEBUG:colcon.colcon_parallel_executor.executor.parallel:closing loop
[0.837s] DEBUG:colcon.colcon_parallel_executor.executor.parallel:loop closed
[0.837s] DEBUG:colcon.colcon_parallel_executor.executor.parallel:run_until_complete finished with '0'
[0.837s] DEBUG:colcon.colcon_core.event_reactor:joining thread
[0.851s] INFO:colcon.colcon_core.plugin_system:Skipping extension 'colcon_notification.desktop_notification.terminal_notifier': Not used on non-Darwin systems
[0.851s] INFO:colcon.colcon_core.plugin_system:Skipping extension 'colcon_notification.desktop_notification.win32': Not used on non-Windows systems
[0.851s] INFO:colcon.colcon_notification.desktop_notification:Sending desktop notification using 'notify2'
[0.871s] DEBUG:colcon.colcon_core.event_reactor:joined thread
[0.871s] INFO:colcon.colcon_core.shell:Creating prefix script '/home/gbb/rrbot_ws/install/local_setup.ps1'
[0.873s] INFO:colcon.colcon_core.shell:Creating prefix util module '/home/gbb/rrbot_ws/install/_local_setup_util_ps1.py'
[0.878s] INFO:colcon.colcon_core.shell:Creating prefix chain script '/home/gbb/rrbot_ws/install/setup.ps1'
[0.881s] INFO:colcon.colcon_core.shell:Creating prefix script '/home/gbb/rrbot_ws/install/local_setup.sh'
[0.882s] INFO:colcon.colcon_core.shell:Creating prefix util module '/home/gbb/rrbot_ws/install/_local_setup_util_sh.py'
[0.884s] INFO:colcon.colcon_core.shell:Creating prefix chain script '/home/gbb/rrbot_ws/install/setup.sh'
[0.886s] INFO:colcon.colcon_core.shell:Creating prefix script '/home/gbb/rrbot_ws/install/local_setup.bash'
[0.888s] INFO:colcon.colcon_core.shell:Creating prefix chain script '/home/gbb/rrbot_ws/install/setup.bash'
[0.891s] INFO:colcon.colcon_core.shell:Creating prefix script '/home/gbb/rrbot_ws/install/local_setup.zsh'
[0.892s] INFO:colcon.colcon_core.shell:Creating prefix chain script '/home/gbb/rrbot_ws/install/setup.zsh'
