-- The C compiler identification is GNU 11.4.0
-- The CXX compiler identification is GNU 11.4.0
-- Detecting C compiler ABI info
-- Detecting C compiler ABI info - done
-- Check for working C compiler: /usr/bin/cc - skipped
-- Detecting C compile features
-- Detecting C compile features - done
-- Detecting CXX compiler ABI info
-- Detecting CXX compiler ABI info - done
-- Check for working CXX compiler: /usr/bin/c++ - skipped
-- Detecting CXX compile features
-- Detecting CXX compile features - done
-- Found ament_cmake: 1.3.12 (/opt/ros/humble/share/ament_cmake/cmake)
-- Found Python3: /usr/bin/python3 (found version "3.10.12") found components: Interpreter 
-- Found generate_parameter_library: 0.5.0 (/opt/ros/humble/share/generate_parameter_library/cmake)
-- Found parameter_traits: 0.5.0 (/opt/ros/humble/share/parameter_traits/cmake)
-- Found rosidl_generator_c: 3.1.7 (/opt/ros/humble/share/rosidl_generator_c/cmake)
-- Found rosidl_adapter: 3.1.7 (/opt/ros/humble/share/rosidl_adapter/cmake)
-- Found rosidl_generator_cpp: 3.1.7 (/opt/ros/humble/share/rosidl_generator_cpp/cmake)
-- Using all available rosidl_typesupport_c: rosidl_typesupport_fastrtps_c;rosidl_typesupport_introspection_c
-- Using all available rosidl_typesupport_cpp: rosidl_typesupport_fastrtps_cpp;rosidl_typesupport_introspection_cpp
-- Found rmw_implementation_cmake: 6.1.2 (/opt/ros/humble/share/rmw_implementation_cmake/cmake)
-- Found rmw_fastrtps_cpp: 6.2.8 (/opt/ros/humble/share/rmw_fastrtps_cpp/cmake)
-- Found OpenSSL: /usr/lib/x86_64-linux-gnu/libcrypto.so (found version "3.0.2")  
-- Found FastRTPS: /opt/ros/humble/include  
-- Using RMW implementation 'rmw_fastrtps_cpp' as default
-- Looking for pthread.h
-- Looking for pthread.h - found
-- Performing Test CMAKE_HAVE_LIBC_PTHREAD
-- Performing Test CMAKE_HAVE_LIBC_PTHREAD - Success
-- Found Threads: TRUE  
-- Found rclcpp_lifecycle: 16.0.14 (/opt/ros/humble/share/rclcpp_lifecycle/cmake)
-- Found control_msgs: 4.8.0 (/opt/ros/humble/share/control_msgs/cmake)
-- Found controller_interface: 2.51.0 (/opt/ros/humble/share/controller_interface/cmake)
-- Found realtime_tools: 2.14.0 (/opt/ros/humble/share/realtime_tools/cmake)
-- Found std_srvs: 4.9.0 (/opt/ros/humble/share/std_srvs/cmake)
-- Configuring done
-- Generating done
-- Build files have been written to: /home/gbb/rrbot_ws/build/my_position_controller
[ 25%] [34m[1mRunning `/opt/ros/humble/bin/generate_parameter_library_cpp /home/gbb/rrbot_ws/build/my_position_controller/include/my_position_controller/my_position_controller_parameters.hpp /home/gbb/rrbot_ws/src/my_position_controller/src/my_position_controller.yaml validate_my_position_controller_parameters.hpp`[0m
[ 50%] [34m[1mCreating deprecated header file /home/gbb/rrbot_ws/build/my_position_controller/include/my_position_controller_parameters.hpp[0m
[ 50%] Built target my_position_controller_parameters
[ 75%] [32mBuilding CXX object CMakeFiles/my_position_controller.dir/src/my_position_controller.cpp.o[0m
[100%] [32m[1mLinking CXX shared library libmy_position_controller.so[0m
[100%] Built target my_position_controller
-- Install configuration: ""
-- Installing: /home/gbb/rrbot_ws/install/my_position_controller/include/my_position_controller
-- Installing: /home/gbb/rrbot_ws/install/my_position_controller/include/my_position_controller/validate_my_position_controller_parameters.hpp
-- Installing: /home/gbb/rrbot_ws/install/my_position_controller/include/my_position_controller/my_position_controller_parameters.hpp
-- Installing: /home/gbb/rrbot_ws/install/my_position_controller/share/my_position_controller/my_position_controller.xml
-- Installing: /home/gbb/rrbot_ws/install/my_position_controller/lib/libmy_position_controller.so
-- Set runtime path of "/home/gbb/rrbot_ws/install/my_position_controller/lib/libmy_position_controller.so" to ""
-- Up-to-date: /home/gbb/rrbot_ws/install/my_position_controller/include/my_position_controller
-- Installing: /home/gbb/rrbot_ws/install/my_position_controller/include/my_position_controller/my_position_controller
-- Installing: /home/gbb/rrbot_ws/install/my_position_controller/include/my_position_controller/my_position_controller/validate_my_position_controller_parameters.hpp
-- Installing: /home/gbb/rrbot_ws/install/my_position_controller/include/my_position_controller/my_position_controller/my_position_controller.hpp
-- Installing: /home/gbb/rrbot_ws/install/my_position_controller/include/my_position_controller/my_position_controller/visibility_control.h
-- Installing: /home/gbb/rrbot_ws/install/my_position_controller/share/my_position_controller/environment/library_path.sh
-- Installing: /home/gbb/rrbot_ws/install/my_position_controller/share/my_position_controller/environment/library_path.dsv
-- Installing: /home/gbb/rrbot_ws/install/my_position_controller/share/ament_index/resource_index/package_run_dependencies/my_position_controller
-- Installing: /home/gbb/rrbot_ws/install/my_position_controller/share/ament_index/resource_index/parent_prefix_path/my_position_controller
-- Installing: /home/gbb/rrbot_ws/install/my_position_controller/share/my_position_controller/environment/ament_prefix_path.sh
-- Installing: /home/gbb/rrbot_ws/install/my_position_controller/share/my_position_controller/environment/ament_prefix_path.dsv
-- Installing: /home/gbb/rrbot_ws/install/my_position_controller/share/my_position_controller/environment/path.sh
-- Installing: /home/gbb/rrbot_ws/install/my_position_controller/share/my_position_controller/environment/path.dsv
-- Installing: /home/gbb/rrbot_ws/install/my_position_controller/share/my_position_controller/local_setup.bash
-- Installing: /home/gbb/rrbot_ws/install/my_position_controller/share/my_position_controller/local_setup.sh
-- Installing: /home/gbb/rrbot_ws/install/my_position_controller/share/my_position_controller/local_setup.zsh
-- Installing: /home/gbb/rrbot_ws/install/my_position_controller/share/my_position_controller/local_setup.dsv
-- Installing: /home/gbb/rrbot_ws/install/my_position_controller/share/my_position_controller/package.dsv
-- Installing: /home/gbb/rrbot_ws/install/my_position_controller/share/ament_index/resource_index/packages/my_position_controller
-- Installing: /home/gbb/rrbot_ws/install/my_position_controller/share/ament_index/resource_index/controller_interface__pluginlib__plugin/my_position_controller
-- Installing: /home/gbb/rrbot_ws/install/my_position_controller/share/my_position_controller/cmake/ament_cmake_export_dependencies-extras.cmake
-- Installing: /home/gbb/rrbot_ws/install/my_position_controller/share/my_position_controller/cmake/ament_cmake_export_include_directories-extras.cmake
-- Installing: /home/gbb/rrbot_ws/install/my_position_controller/share/my_position_controller/cmake/ament_cmake_export_libraries-extras.cmake
-- Installing: /home/gbb/rrbot_ws/install/my_position_controller/share/my_position_controller/cmake/my_position_controllerConfig.cmake
-- Installing: /home/gbb/rrbot_ws/install/my_position_controller/share/my_position_controller/cmake/my_position_controllerConfig-version.cmake
-- Installing: /home/gbb/rrbot_ws/install/my_position_controller/share/my_position_controller/package.xml
