[0.063s] Invoking command in '/home/gbb/rrbot_ws/build/controlko_description': CMAKE_PREFIX_PATH=/opt/ros/humble /usr/bin/cmake /home/gbb/rrbot_ws/src/controlko_description -DCMAKE_INSTALL_PREFIX=/home/gbb/rrbot_ws/install/controlko_description
[0.314s] -- The C compiler identification is GNU 11.4.0
[0.439s] -- The CXX compiler identification is GNU 11.4.0
[0.464s] -- Detecting C compiler ABI info
[0.605s] -- Detecting C compiler ABI info - done
[0.634s] -- Check for working C compiler: /usr/bin/cc - skipped
[0.636s] -- Detecting C compile features
[0.637s] -- Detecting C compile features - done
[0.643s] -- Detecting CXX compiler ABI info
[0.851s] -- Detecting CXX compiler ABI info - done
[0.866s] -- Check for working CXX compiler: /usr/bin/c++ - skipped
[0.867s] -- Detecting CXX compile features
[0.869s] -- Detecting CXX compile features - done
[0.874s] -- Found ament_cmake: 1.3.12 (/opt/ros/humble/share/ament_cmake/cmake)
[1.267s] -- Found Python3: /usr/bin/python3 (found version "3.10.12") found components: Interpreter 
[1.440s] -- Found ament_lint_auto: 0.12.14 (/opt/ros/humble/share/ament_lint_auto/cmake)
[1.628s] -- Added test 'flake8' to check Python code syntax and style conventions
[1.631s] -- Added test 'lint_cmake' to check CMake code style
[1.634s] -- Added test 'pep257' to check Python code against some of the docstring style conventions in PEP 257
[1.643s] -- Added test 'xmllint' to check XML markup files
[1.644s] -- Configuring done
[1.648s] -- Generating done
[1.653s] -- Build files have been written to: /home/gbb/rrbot_ws/build/controlko_description
[1.672s] Invoked command in '/home/gbb/rrbot_ws/build/controlko_description' returned '0': CMAKE_PREFIX_PATH=/opt/ros/humble /usr/bin/cmake /home/gbb/rrbot_ws/src/controlko_description -DCMAKE_INSTALL_PREFIX=/home/gbb/rrbot_ws/install/controlko_description
[1.673s] Invoking command in '/home/gbb/rrbot_ws/build/controlko_description': CMAKE_PREFIX_PATH=/opt/ros/humble /usr/bin/cmake --build /home/gbb/rrbot_ws/build/controlko_description -- -j8 -l8
[1.734s] Invoked command in '/home/gbb/rrbot_ws/build/controlko_description' returned '0': CMAKE_PREFIX_PATH=/opt/ros/humble /usr/bin/cmake --build /home/gbb/rrbot_ws/build/controlko_description -- -j8 -l8
[1.749s] Invoking command in '/home/gbb/rrbot_ws/build/controlko_description': CMAKE_PREFIX_PATH=/opt/ros/humble /usr/bin/cmake --install /home/gbb/rrbot_ws/build/controlko_description
[1.761s] -- Install configuration: ""
[1.761s] -- Installing: /home/gbb/rrbot_ws/install/controlko_description/share/controlko_description/config
[1.761s] -- Installing: /home/gbb/rrbot_ws/install/controlko_description/share/controlko_description/config/.gitkeep
[1.763s] -- Up-to-date: /home/gbb/rrbot_ws/install/controlko_description/share/controlko_description
[1.763s] -- Installing: /home/gbb/rrbot_ws/install/controlko_description/share/controlko_description/view_rrbot.launch.py
[1.765s] -- Installing: /home/gbb/rrbot_ws/install/controlko_description/share/controlko_description/meshes
[1.766s] -- Installing: /home/gbb/rrbot_ws/install/controlko_description/share/controlko_description/meshes/rrbot
[1.767s] -- Installing: /home/gbb/rrbot_ws/install/controlko_description/share/controlko_description/meshes/rrbot/visual
[1.767s] -- Installing: /home/gbb/rrbot_ws/install/controlko_description/share/controlko_description/meshes/rrbot/visual/.gitkeep
[1.768s] -- Installing: /home/gbb/rrbot_ws/install/controlko_description/share/controlko_description/rviz
[1.769s] -- Installing: /home/gbb/rrbot_ws/install/controlko_description/share/controlko_description/rviz/rrbot.rviz
[1.770s] -- Installing: /home/gbb/rrbot_ws/install/controlko_description/share/controlko_description/urdf
[1.770s] -- Installing: /home/gbb/rrbot_ws/install/controlko_description/share/controlko_description/urdf/common.xacro
[1.772s] -- Installing: /home/gbb/rrbot_ws/install/controlko_description/share/controlko_description/urdf/rrbot.urdf.xacro
[1.775s] -- Installing: /home/gbb/rrbot_ws/install/controlko_description/share/controlko_description/urdf/rrbot
[1.776s] -- Installing: /home/gbb/rrbot_ws/install/controlko_description/share/controlko_description/urdf/rrbot/rrbot_macro.ros2_control.xacro
[1.776s] -- Installing: /home/gbb/rrbot_ws/install/controlko_description/share/controlko_description/urdf/rrbot/rrbot_macro.xacro
[1.776s] -- Installing: /home/gbb/rrbot_ws/install/controlko_description/share/ament_index/resource_index/package_run_dependencies/controlko_description
[1.778s] -- Installing: /home/gbb/rrbot_ws/install/controlko_description/share/ament_index/resource_index/parent_prefix_path/controlko_description
[1.778s] -- Installing: /home/gbb/rrbot_ws/install/controlko_description/share/controlko_description/environment/ament_prefix_path.sh
[1.778s] -- Installing: /home/gbb/rrbot_ws/install/controlko_description/share/controlko_description/environment/ament_prefix_path.dsv
[1.778s] -- Installing: /home/gbb/rrbot_ws/install/controlko_description/share/controlko_description/environment/path.sh
[1.778s] -- Installing: /home/gbb/rrbot_ws/install/controlko_description/share/controlko_description/environment/path.dsv
[1.778s] -- Installing: /home/gbb/rrbot_ws/install/controlko_description/share/controlko_description/local_setup.bash
[1.778s] -- Installing: /home/gbb/rrbot_ws/install/controlko_description/share/controlko_description/local_setup.sh
[1.779s] -- Installing: /home/gbb/rrbot_ws/install/controlko_description/share/controlko_description/local_setup.zsh
[1.779s] -- Installing: /home/gbb/rrbot_ws/install/controlko_description/share/controlko_description/local_setup.dsv
[1.779s] -- Installing: /home/gbb/rrbot_ws/install/controlko_description/share/controlko_description/package.dsv
[1.779s] -- Installing: /home/gbb/rrbot_ws/install/controlko_description/share/ament_index/resource_index/packages/controlko_description
[1.779s] -- Installing: /home/gbb/rrbot_ws/install/controlko_description/share/controlko_description/cmake/controlko_descriptionConfig.cmake
[1.780s] -- Installing: /home/gbb/rrbot_ws/install/controlko_description/share/controlko_description/cmake/controlko_descriptionConfig-version.cmake
[1.780s] -- Installing: /home/gbb/rrbot_ws/install/controlko_description/share/controlko_description/package.xml
[1.789s] Invoked command in '/home/gbb/rrbot_ws/build/controlko_description' returned '0': CMAKE_PREFIX_PATH=/opt/ros/humble /usr/bin/cmake --install /home/gbb/rrbot_ws/build/controlko_description
