[0.103s] Invoking command in '/home/gbb/rrbot_ws/build/controlko_description': CMAKE_PREFIX_PATH=${CMAKE_PREFIX_PATH}:/opt/ros/humble /usr/bin/cmake --build /home/gbb/rrbot_ws/build/controlko_description -- -j8 -l8
[0.962s] Invoked command in '/home/gbb/rrbot_ws/build/controlko_description' returned '0': CMAKE_PREFIX_PATH=${CMAKE_PREFIX_PATH}:/opt/ros/humble /usr/bin/cmake --build /home/gbb/rrbot_ws/build/controlko_description -- -j8 -l8
[0.983s] Invoking command in '/home/gbb/rrbot_ws/build/controlko_description': CMAKE_PREFIX_PATH=${CMAKE_PREFIX_PATH}:/opt/ros/humble /usr/bin/cmake --install /home/gbb/rrbot_ws/build/controlko_description
[1.077s] -- Install configuration: ""
[1.077s] -- Up-to-date: /home/gbb/rrbot_ws/install/controlko_description/share/controlko_description/config
[1.078s] -- Up-to-date: /home/gbb/rrbot_ws/install/controlko_description/share/controlko_description/config/.gitkeep
[1.078s] -- Up-to-date: /home/gbb/rrbot_ws/install/controlko_description/share/controlko_description
[1.078s] -- Up-to-date: /home/gbb/rrbot_ws/install/controlko_description/share/controlko_description/view_rrbot.launch.py
[1.078s] -- Up-to-date: /home/gbb/rrbot_ws/install/controlko_description/share/controlko_description/meshes
[1.079s] -- Up-to-date: /home/gbb/rrbot_ws/install/controlko_description/share/controlko_description/meshes/rrbot
[1.079s] -- Up-to-date: /home/gbb/rrbot_ws/install/controlko_description/share/controlko_description/meshes/rrbot/visual
[1.080s] -- Up-to-date: /home/gbb/rrbot_ws/install/controlko_description/share/controlko_description/meshes/rrbot/visual/.gitkeep
[1.080s] -- Up-to-date: /home/gbb/rrbot_ws/install/controlko_description/share/controlko_description/rviz
[1.080s] -- Up-to-date: /home/gbb/rrbot_ws/install/controlko_description/share/controlko_description/rviz/rrbot.rviz
[1.080s] -- Up-to-date: /home/gbb/rrbot_ws/install/controlko_description/share/controlko_description/urdf
[1.080s] -- Up-to-date: /home/gbb/rrbot_ws/install/controlko_description/share/controlko_description/urdf/common.xacro
[1.080s] -- Up-to-date: /home/gbb/rrbot_ws/install/controlko_description/share/controlko_description/urdf/rrbot.urdf.xacro
[1.081s] -- Up-to-date: /home/gbb/rrbot_ws/install/controlko_description/share/controlko_description/urdf/rrbot
[1.081s] -- Up-to-date: /home/gbb/rrbot_ws/install/controlko_description/share/controlko_description/urdf/rrbot/rrbot_macro.ros2_control.xacro
[1.082s] -- Up-to-date: /home/gbb/rrbot_ws/install/controlko_description/share/controlko_description/urdf/rrbot/rrbot_macro.xacro
[1.082s] -- Up-to-date: /home/gbb/rrbot_ws/install/controlko_description/share/ament_index/resource_index/package_run_dependencies/controlko_description
[1.083s] -- Up-to-date: /home/gbb/rrbot_ws/install/controlko_description/share/ament_index/resource_index/parent_prefix_path/controlko_description
[1.083s] -- Up-to-date: /home/gbb/rrbot_ws/install/controlko_description/share/controlko_description/environment/ament_prefix_path.sh
[1.086s] -- Up-to-date: /home/gbb/rrbot_ws/install/controlko_description/share/controlko_description/environment/ament_prefix_path.dsv
[1.086s] -- Up-to-date: /home/gbb/rrbot_ws/install/controlko_description/share/controlko_description/environment/path.sh
[1.087s] -- Up-to-date: /home/gbb/rrbot_ws/install/controlko_description/share/controlko_description/environment/path.dsv
[1.087s] -- Up-to-date: /home/gbb/rrbot_ws/install/controlko_description/share/controlko_description/local_setup.bash
[1.087s] -- Up-to-date: /home/gbb/rrbot_ws/install/controlko_description/share/controlko_description/local_setup.sh
[1.088s] -- Up-to-date: /home/gbb/rrbot_ws/install/controlko_description/share/controlko_description/local_setup.zsh
[1.088s] -- Up-to-date: /home/gbb/rrbot_ws/install/controlko_description/share/controlko_description/local_setup.dsv
[1.088s] -- Installing: /home/gbb/rrbot_ws/install/controlko_description/share/controlko_description/package.dsv
[1.088s] -- Up-to-date: /home/gbb/rrbot_ws/install/controlko_description/share/ament_index/resource_index/packages/controlko_description
[1.089s] -- Up-to-date: /home/gbb/rrbot_ws/install/controlko_description/share/controlko_description/cmake/controlko_descriptionConfig.cmake
[1.089s] -- Up-to-date: /home/gbb/rrbot_ws/install/controlko_description/share/controlko_description/cmake/controlko_descriptionConfig-version.cmake
[1.089s] -- Up-to-date: /home/gbb/rrbot_ws/install/controlko_description/share/controlko_description/package.xml
[1.165s] Invoked command in '/home/gbb/rrbot_ws/build/controlko_description' returned '0': CMAKE_PREFIX_PATH=${CMAKE_PREFIX_PATH}:/opt/ros/humble /usr/bin/cmake --install /home/gbb/rrbot_ws/build/controlko_description
