[0.035s] Invoking command in '/home/gbb/rrbot_ws/build/roscon2022_control_workshop': CMAKE_PREFIX_PATH=${CMAKE_PREFIX_PATH}:/opt/ros/humble /usr/bin/cmake /home/gbb/rrbot_ws/src/roscon2022_control_workshop -DCMAKE_INSTALL_PREFIX=/home/gbb/rrbot_ws/install/roscon2022_control_workshop
[0.164s] -- The C compiler identification is GNU 11.4.0
[0.294s] -- The CXX compiler identification is GNU 11.4.0
[0.312s] -- Detecting C compiler ABI info
[0.442s] -- Detecting C compiler ABI info - done
[0.466s] -- Check for working C compiler: /usr/bin/cc - skipped
[0.466s] -- Detecting C compile features
[0.467s] -- Detecting C compile features - done
[0.473s] -- Detecting CXX compiler ABI info
[0.634s] -- Detecting CXX compiler ABI info - done
[0.651s] -- Check for working CXX compiler: /usr/bin/c++ - skipped
[0.652s] -- Detecting CXX compile features
[0.655s] -- Detecting CXX compile features - done
[0.677s] -- Found ament_cmake: 1.3.12 (/opt/ros/humble/share/ament_cmake/cmake)
[0.942s] -- Found Python3: /usr/bin/python3 (found version "3.10.12") found components: Interpreter 
[1.257s] -- Configuring done
[1.263s] -- Generating done
[1.267s] -- Build files have been written to: /home/gbb/rrbot_ws/build/roscon2022_control_workshop
[1.285s] Invoked command in '/home/gbb/rrbot_ws/build/roscon2022_control_workshop' returned '0': CMAKE_PREFIX_PATH=${CMAKE_PREFIX_PATH}:/opt/ros/humble /usr/bin/cmake /home/gbb/rrbot_ws/src/roscon2022_control_workshop -DCMAKE_INSTALL_PREFIX=/home/gbb/rrbot_ws/install/roscon2022_control_workshop
[1.286s] Invoking command in '/home/gbb/rrbot_ws/build/roscon2022_control_workshop': CMAKE_PREFIX_PATH=${CMAKE_PREFIX_PATH}:/opt/ros/humble /usr/bin/cmake --build /home/gbb/rrbot_ws/build/roscon2022_control_workshop -- -j8 -l8
[1.363s] Invoked command in '/home/gbb/rrbot_ws/build/roscon2022_control_workshop' returned '0': CMAKE_PREFIX_PATH=${CMAKE_PREFIX_PATH}:/opt/ros/humble /usr/bin/cmake --build /home/gbb/rrbot_ws/build/roscon2022_control_workshop -- -j8 -l8
[1.383s] Invoking command in '/home/gbb/rrbot_ws/build/roscon2022_control_workshop': CMAKE_PREFIX_PATH=${CMAKE_PREFIX_PATH}:/opt/ros/humble /usr/bin/cmake --install /home/gbb/rrbot_ws/build/roscon2022_control_workshop
[1.392s] -- Install configuration: ""
[1.392s] -- Installing: /home/gbb/rrbot_ws/install/roscon2022_control_workshop/share/ament_index/resource_index/package_run_dependencies/roscon2022_control_workshop
[1.393s] -- Installing: /home/gbb/rrbot_ws/install/roscon2022_control_workshop/share/ament_index/resource_index/parent_prefix_path/roscon2022_control_workshop
[1.395s] -- Installing: /home/gbb/rrbot_ws/install/roscon2022_control_workshop/share/roscon2022_control_workshop/environment/ament_prefix_path.sh
[1.395s] -- Installing: /home/gbb/rrbot_ws/install/roscon2022_control_workshop/share/roscon2022_control_workshop/environment/ament_prefix_path.dsv
[1.395s] -- Installing: /home/gbb/rrbot_ws/install/roscon2022_control_workshop/share/roscon2022_control_workshop/environment/path.sh
[1.396s] -- Installing: /home/gbb/rrbot_ws/install/roscon2022_control_workshop/share/roscon2022_control_workshop/environment/path.dsv
[1.397s] -- Installing: /home/gbb/rrbot_ws/install/roscon2022_control_workshop/share/roscon2022_control_workshop/local_setup.bash
[1.397s] -- Installing: /home/gbb/rrbot_ws/install/roscon2022_control_workshop/share/roscon2022_control_workshop/local_setup.sh
[1.397s] -- Installing: /home/gbb/rrbot_ws/install/roscon2022_control_workshop/share/roscon2022_control_workshop/local_setup.zsh
[1.397s] -- Installing: /home/gbb/rrbot_ws/install/roscon2022_control_workshop/share/roscon2022_control_workshop/local_setup.dsv
[1.398s] -- Installing: /home/gbb/rrbot_ws/install/roscon2022_control_workshop/share/roscon2022_control_workshop/package.dsv
[1.398s] -- Installing: /home/gbb/rrbot_ws/install/roscon2022_control_workshop/share/ament_index/resource_index/packages/roscon2022_control_workshop
[1.398s] -- Installing: /home/gbb/rrbot_ws/install/roscon2022_control_workshop/share/roscon2022_control_workshop/cmake/roscon2022_control_workshopConfig.cmake
[1.398s] -- Installing: /home/gbb/rrbot_ws/install/roscon2022_control_workshop/share/roscon2022_control_workshop/cmake/roscon2022_control_workshopConfig-version.cmake
[1.399s] -- Installing: /home/gbb/rrbot_ws/install/roscon2022_control_workshop/share/roscon2022_control_workshop/package.xml
[1.401s] Invoked command in '/home/gbb/rrbot_ws/build/roscon2022_control_workshop' returned '0': CMAKE_PREFIX_PATH=${CMAKE_PREFIX_PATH}:/opt/ros/humble /usr/bin/cmake --install /home/gbb/rrbot_ws/build/roscon2022_control_workshop
