[0.047s] Invoking command in '/home/gbb/rrbot_ws/build/controlko_bringup': CMAKE_PREFIX_PATH=/home/gbb/rrbot_ws/install/controlko_description:/home/gbb/rrbot_ws/install/roscon2022_control_workshop:/home/gbb/rrbot_ws/install/controlko_hardware_interface:/home/gbb/rrbot_ws/install/controlko_bringup:/home/gbb/rrbot_ws/install/controlko_controllers:/opt/ros/humble /usr/bin/cmake --build /home/gbb/rrbot_ws/build/controlko_bringup -- -j8 -l8
[0.128s] Invoked command in '/home/gbb/rrbot_ws/build/controlko_bringup' returned '0': CMAKE_PREFIX_PATH=/home/gbb/rrbot_ws/install/controlko_description:/home/gbb/rrbot_ws/install/roscon2022_control_workshop:/home/gbb/rrbot_ws/install/controlko_hardware_interface:/home/gbb/rrbot_ws/install/controlko_bringup:/home/gbb/rrbot_ws/install/controlko_controllers:/opt/ros/humble /usr/bin/cmake --build /home/gbb/rrbot_ws/build/controlko_bringup -- -j8 -l8
[0.135s] Invoking command in '/home/gbb/rrbot_ws/build/controlko_bringup': CMAKE_PREFIX_PATH=/home/gbb/rrbot_ws/install/controlko_description:/home/gbb/rrbot_ws/install/roscon2022_control_workshop:/home/gbb/rrbot_ws/install/controlko_hardware_interface:/home/gbb/rrbot_ws/install/controlko_bringup:/home/gbb/rrbot_ws/install/controlko_controllers:/opt/ros/humble /usr/bin/cmake --install /home/gbb/rrbot_ws/build/controlko_bringup
[0.149s] -- Install configuration: ""
[0.150s] -- Up-to-date: /home/gbb/rrbot_ws/install/controlko_bringup/share/controlko_bringup/config
[0.150s] -- Up-to-date: /home/gbb/rrbot_ws/install/controlko_bringup/share/controlko_bringup/config/soho-12_controllers.yaml
[0.150s] -- Up-to-date: /home/gbb/rrbot_ws/install/controlko_bringup/share/controlko_bringup/config/test_goal_publishers_config.yaml
[0.150s] -- Up-to-date: /home/gbb/rrbot_ws/install/controlko_bringup/share/controlko_bringup/config/rrbot_controllers.yaml
[0.150s] -- Up-to-date: /home/gbb/rrbot_ws/install/controlko_bringup/share/controlko_bringup
[0.150s] -- Up-to-date: /home/gbb/rrbot_ws/install/controlko_bringup/share/controlko_bringup/test_joint_trajectory_controller.launch.py
[0.150s] -- Installing: /home/gbb/rrbot_ws/install/controlko_bringup/share/controlko_bringup/rrbot_sim_gazebo_classic.launch.py
[0.152s] -- Up-to-date: /home/gbb/rrbot_ws/install/controlko_bringup/share/controlko_bringup/soho-12.launch.py
[0.152s] -- Up-to-date: /home/gbb/rrbot_ws/install/controlko_bringup/share/controlko_bringup/test_forward_position_controller.launch.py
[0.153s] -- Up-to-date: /home/gbb/rrbot_ws/install/controlko_bringup/share/controlko_bringup/rrbot.launch.py
[0.153s] -- Up-to-date: /home/gbb/rrbot_ws/install/controlko_bringup/share/controlko_bringup/rrbot_sim_gazebo.launch.py
[0.153s] -- Up-to-date: /home/gbb/rrbot_ws/install/controlko_bringup/share/ament_index/resource_index/package_run_dependencies/controlko_bringup
[0.153s] -- Up-to-date: /home/gbb/rrbot_ws/install/controlko_bringup/share/ament_index/resource_index/parent_prefix_path/controlko_bringup
[0.154s] -- Up-to-date: /home/gbb/rrbot_ws/install/controlko_bringup/share/controlko_bringup/environment/ament_prefix_path.sh
[0.154s] -- Up-to-date: /home/gbb/rrbot_ws/install/controlko_bringup/share/controlko_bringup/environment/ament_prefix_path.dsv
[0.155s] -- Up-to-date: /home/gbb/rrbot_ws/install/controlko_bringup/share/controlko_bringup/environment/path.sh
[0.155s] -- Up-to-date: /home/gbb/rrbot_ws/install/controlko_bringup/share/controlko_bringup/environment/path.dsv
[0.155s] -- Up-to-date: /home/gbb/rrbot_ws/install/controlko_bringup/share/controlko_bringup/local_setup.bash
[0.156s] -- Up-to-date: /home/gbb/rrbot_ws/install/controlko_bringup/share/controlko_bringup/local_setup.sh
[0.156s] -- Up-to-date: /home/gbb/rrbot_ws/install/controlko_bringup/share/controlko_bringup/local_setup.zsh
[0.157s] -- Up-to-date: /home/gbb/rrbot_ws/install/controlko_bringup/share/controlko_bringup/local_setup.dsv
[0.157s] -- Up-to-date: /home/gbb/rrbot_ws/install/controlko_bringup/share/controlko_bringup/package.dsv
[0.157s] -- Up-to-date: /home/gbb/rrbot_ws/install/controlko_bringup/share/ament_index/resource_index/packages/controlko_bringup
[0.158s] -- Up-to-date: /home/gbb/rrbot_ws/install/controlko_bringup/share/controlko_bringup/cmake/controlko_bringupConfig.cmake
[0.158s] -- Up-to-date: /home/gbb/rrbot_ws/install/controlko_bringup/share/controlko_bringup/cmake/controlko_bringupConfig-version.cmake
[0.159s] -- Up-to-date: /home/gbb/rrbot_ws/install/controlko_bringup/share/controlko_bringup/package.xml
[0.192s] Invoked command in '/home/gbb/rrbot_ws/build/controlko_bringup' returned '0': CMAKE_PREFIX_PATH=/home/gbb/rrbot_ws/install/controlko_description:/home/gbb/rrbot_ws/install/roscon2022_control_workshop:/home/gbb/rrbot_ws/install/controlko_hardware_interface:/home/gbb/rrbot_ws/install/controlko_bringup:/home/gbb/rrbot_ws/install/controlko_controllers:/opt/ros/humble /usr/bin/cmake --install /home/gbb/rrbot_ws/build/controlko_bringup
