[0.088s] Invoking command in '/home/gbb/rrbot_ws/build/controlko_hardware_interface': CMAKE_PREFIX_PATH=${CMAKE_PREFIX_PATH}:/opt/ros/humble /usr/bin/cmake --build /home/gbb/rrbot_ws/build/controlko_hardware_interface -- -j8 -l8
[0.411s] [ 33%] Built target gmock
[0.413s] [ 55%] Built target gmock_main
[0.430s] [ 77%] Built target controlko_hardware_interface
[0.499s] [100%] Built target test_rrbot_hardware_interface
[0.954s] Invoked command in '/home/gbb/rrbot_ws/build/controlko_hardware_interface' returned '0': CMAKE_PREFIX_PATH=${CMAKE_PREFIX_PATH}:/opt/ros/humble /usr/bin/cmake --build /home/gbb/rrbot_ws/build/controlko_hardware_interface -- -j8 -l8
[0.960s] Invoking command in '/home/gbb/rrbot_ws/build/controlko_hardware_interface': CMAKE_PREFIX_PATH=${CMAKE_PREFIX_PATH}:/opt/ros/humble /usr/bin/cmake --install /home/gbb/rrbot_ws/build/controlko_hardware_interface
[1.004s] -- Install configuration: ""
[1.004s] -- Up-to-date: /home/gbb/rrbot_ws/install/controlko_hardware_interface/share/controlko_hardware_interface/controlko_hardware_interface.xml
[1.004s] -- Up-to-date: /home/gbb/rrbot_ws/install/controlko_hardware_interface/lib/libcontrolko_hardware_interface.so
[1.004s] -- Up-to-date: /home/gbb/rrbot_ws/install/controlko_hardware_interface/include
[1.005s] -- Up-to-date: /home/gbb/rrbot_ws/install/controlko_hardware_interface/include/controlko_hardware_interface
[1.006s] -- Up-to-date: /home/gbb/rrbot_ws/install/controlko_hardware_interface/include/controlko_hardware_interface/rrbot_hardware_interface.hpp
[1.007s] -- Up-to-date: /home/gbb/rrbot_ws/install/controlko_hardware_interface/include/controlko_hardware_interface/visibility_control.h
[1.007s] -- Up-to-date: /home/gbb/rrbot_ws/install/controlko_hardware_interface/include/controlko_hardware_interface/dr_denis_rrbot_comms.hpp
[1.007s] -- Up-to-date: /home/gbb/rrbot_ws/install/controlko_hardware_interface/share/controlko_hardware_interface/environment/library_path.sh
[1.008s] -- Up-to-date: /home/gbb/rrbot_ws/install/controlko_hardware_interface/share/controlko_hardware_interface/environment/library_path.dsv
[1.008s] -- Up-to-date: /home/gbb/rrbot_ws/install/controlko_hardware_interface/share/ament_index/resource_index/package_run_dependencies/controlko_hardware_interface
[1.008s] -- Up-to-date: /home/gbb/rrbot_ws/install/controlko_hardware_interface/share/ament_index/resource_index/parent_prefix_path/controlko_hardware_interface
[1.008s] -- Up-to-date: /home/gbb/rrbot_ws/install/controlko_hardware_interface/share/controlko_hardware_interface/environment/ament_prefix_path.sh
[1.010s] -- Up-to-date: /home/gbb/rrbot_ws/install/controlko_hardware_interface/share/controlko_hardware_interface/environment/ament_prefix_path.dsv
[1.011s] -- Up-to-date: /home/gbb/rrbot_ws/install/controlko_hardware_interface/share/controlko_hardware_interface/environment/path.sh
[1.012s] -- Up-to-date: /home/gbb/rrbot_ws/install/controlko_hardware_interface/share/controlko_hardware_interface/environment/path.dsv
[1.012s] -- Up-to-date: /home/gbb/rrbot_ws/install/controlko_hardware_interface/share/controlko_hardware_interface/local_setup.bash
[1.014s] -- Up-to-date: /home/gbb/rrbot_ws/install/controlko_hardware_interface/share/controlko_hardware_interface/local_setup.sh
[1.015s] -- Up-to-date: /home/gbb/rrbot_ws/install/controlko_hardware_interface/share/controlko_hardware_interface/local_setup.zsh
[1.015s] -- Up-to-date: /home/gbb/rrbot_ws/install/controlko_hardware_interface/share/controlko_hardware_interface/local_setup.dsv
[1.015s] -- Installing: /home/gbb/rrbot_ws/install/controlko_hardware_interface/share/controlko_hardware_interface/package.dsv
[1.016s] -- Up-to-date: /home/gbb/rrbot_ws/install/controlko_hardware_interface/share/ament_index/resource_index/packages/controlko_hardware_interface
[1.018s] -- Up-to-date: /home/gbb/rrbot_ws/install/controlko_hardware_interface/share/ament_index/resource_index/hardware_interface__pluginlib__plugin/controlko_hardware_interface
[1.018s] -- Up-to-date: /home/gbb/rrbot_ws/install/controlko_hardware_interface/share/controlko_hardware_interface/cmake/ament_cmake_export_include_directories-extras.cmake
[1.018s] -- Up-to-date: /home/gbb/rrbot_ws/install/controlko_hardware_interface/share/controlko_hardware_interface/cmake/ament_cmake_export_libraries-extras.cmake
[1.018s] -- Up-to-date: /home/gbb/rrbot_ws/install/controlko_hardware_interface/share/controlko_hardware_interface/cmake/ament_cmake_export_dependencies-extras.cmake
[1.020s] -- Up-to-date: /home/gbb/rrbot_ws/install/controlko_hardware_interface/share/controlko_hardware_interface/cmake/controlko_hardware_interfaceConfig.cmake
[1.021s] -- Up-to-date: /home/gbb/rrbot_ws/install/controlko_hardware_interface/share/controlko_hardware_interface/cmake/controlko_hardware_interfaceConfig-version.cmake
[1.022s] -- Up-to-date: /home/gbb/rrbot_ws/install/controlko_hardware_interface/share/controlko_hardware_interface/package.xml
[1.200s] Invoked command in '/home/gbb/rrbot_ws/build/controlko_hardware_interface' returned '0': CMAKE_PREFIX_PATH=${CMAKE_PREFIX_PATH}:/opt/ros/humble /usr/bin/cmake --install /home/gbb/rrbot_ws/build/controlko_hardware_interface
