[0.098s] Invoking command in '/home/gbb/rrbot_ws/build/forward_command_controller': CMAKE_PREFIX_PATH=/opt/ros/humble /usr/bin/cmake --build /home/gbb/rrbot_ws/build/forward_command_controller -- -j8 -l8
[0.389s] [  9%] Built target multi_interface_forward_command_controller_parameters
[0.401s] [ 19%] Built target forward_command_controller_parameters
[0.420s] [ 33%] Built target gmock
[0.434s] [ 42%] Built target gmock_main
[0.508s] [ 61%] Built target forward_command_controller
[0.626s] [ 71%] Built target test_forward_command_controller
[0.637s] [ 80%] Built target test_load_multi_interface_forward_command_controller
[0.642s] [ 90%] Built target test_multi_interface_forward_command_controller
[0.651s] [100%] Built target test_load_forward_command_controller
[1.066s] Invoked command in '/home/gbb/rrbot_ws/build/forward_command_controller' returned '0': CMAKE_PREFIX_PATH=/opt/ros/humble /usr/bin/cmake --build /home/gbb/rrbot_ws/build/forward_command_controller -- -j8 -l8
[1.073s] Invoking command in '/home/gbb/rrbot_ws/build/forward_command_controller': CMAKE_PREFIX_PATH=/opt/ros/humble /usr/bin/cmake --install /home/gbb/rrbot_ws/build/forward_command_controller
[1.149s] -- Install configuration: ""
[1.151s] -- Up-to-date: /home/gbb/rrbot_ws/install/forward_command_controller/include/forward_command_controller
[1.151s] -- Up-to-date: /home/gbb/rrbot_ws/install/forward_command_controller/include/forward_command_controller/multi_interface_forward_command_controller_parameters.hpp
[1.151s] -- Up-to-date: /home/gbb/rrbot_ws/install/forward_command_controller/include/forward_command_controller/forward_command_controller_parameters.hpp
[1.152s] -- Up-to-date: /home/gbb/rrbot_ws/install/forward_command_controller/include/forward_command_controller
[1.152s] -- Up-to-date: /home/gbb/rrbot_ws/install/forward_command_controller/include/forward_command_controller/multi_interface_forward_command_controller_parameters.hpp
[1.152s] -- Up-to-date: /home/gbb/rrbot_ws/install/forward_command_controller/include/forward_command_controller/forward_command_controller_parameters.hpp
[1.153s] -- Up-to-date: /home/gbb/rrbot_ws/install/forward_command_controller/share/forward_command_controller/forward_command_plugin.xml
[1.153s] -- Up-to-date: /home/gbb/rrbot_ws/install/forward_command_controller/include/forward_command_controller
[1.154s] -- Up-to-date: /home/gbb/rrbot_ws/install/forward_command_controller/include/forward_command_controller/forward_command_controller
[1.154s] -- Up-to-date: /home/gbb/rrbot_ws/install/forward_command_controller/include/forward_command_controller/forward_command_controller/visibility_control.h
[1.154s] -- Up-to-date: /home/gbb/rrbot_ws/install/forward_command_controller/include/forward_command_controller/forward_command_controller/multi_interface_forward_command_controller.hpp
[1.155s] -- Up-to-date: /home/gbb/rrbot_ws/install/forward_command_controller/include/forward_command_controller/forward_command_controller/forward_command_controller.hpp
[1.155s] -- Up-to-date: /home/gbb/rrbot_ws/install/forward_command_controller/include/forward_command_controller/forward_command_controller/forward_controllers_base.hpp
[1.155s] -- Up-to-date: /home/gbb/rrbot_ws/install/forward_command_controller/lib/libforward_command_controller.so
[1.156s] -- Up-to-date: /home/gbb/rrbot_ws/install/forward_command_controller/share/forward_command_controller/environment/library_path.sh
[1.156s] -- Up-to-date: /home/gbb/rrbot_ws/install/forward_command_controller/share/forward_command_controller/environment/library_path.dsv
[1.156s] -- Up-to-date: /home/gbb/rrbot_ws/install/forward_command_controller/share/ament_index/resource_index/package_run_dependencies/forward_command_controller
[1.156s] -- Up-to-date: /home/gbb/rrbot_ws/install/forward_command_controller/share/ament_index/resource_index/parent_prefix_path/forward_command_controller
[1.163s] -- Up-to-date: /home/gbb/rrbot_ws/install/forward_command_controller/share/forward_command_controller/environment/ament_prefix_path.sh
[1.164s] -- Up-to-date: /home/gbb/rrbot_ws/install/forward_command_controller/share/forward_command_controller/environment/ament_prefix_path.dsv
[1.164s] -- Up-to-date: /home/gbb/rrbot_ws/install/forward_command_controller/share/forward_command_controller/environment/path.sh
[1.164s] -- Up-to-date: /home/gbb/rrbot_ws/install/forward_command_controller/share/forward_command_controller/environment/path.dsv
[1.165s] -- Up-to-date: /home/gbb/rrbot_ws/install/forward_command_controller/share/forward_command_controller/local_setup.bash
[1.165s] -- Up-to-date: /home/gbb/rrbot_ws/install/forward_command_controller/share/forward_command_controller/local_setup.sh
[1.166s] -- Up-to-date: /home/gbb/rrbot_ws/install/forward_command_controller/share/forward_command_controller/local_setup.zsh
[1.166s] -- Up-to-date: /home/gbb/rrbot_ws/install/forward_command_controller/share/forward_command_controller/local_setup.dsv
[1.166s] -- Installing: /home/gbb/rrbot_ws/install/forward_command_controller/share/forward_command_controller/package.dsv
[1.167s] -- Up-to-date: /home/gbb/rrbot_ws/install/forward_command_controller/share/ament_index/resource_index/packages/forward_command_controller
[1.167s] -- Up-to-date: /home/gbb/rrbot_ws/install/forward_command_controller/share/ament_index/resource_index/controller_interface__pluginlib__plugin/forward_command_controller
[1.169s] -- Up-to-date: /home/gbb/rrbot_ws/install/forward_command_controller/share/forward_command_controller/cmake/export_forward_command_controllerExport.cmake
[1.170s] -- Up-to-date: /home/gbb/rrbot_ws/install/forward_command_controller/share/forward_command_controller/cmake/export_forward_command_controllerExport-noconfig.cmake
[1.170s] -- Up-to-date: /home/gbb/rrbot_ws/install/forward_command_controller/share/forward_command_controller/cmake/ament_cmake_export_dependencies-extras.cmake
[1.170s] -- Up-to-date: /home/gbb/rrbot_ws/install/forward_command_controller/share/forward_command_controller/cmake/ament_cmake_export_targets-extras.cmake
[1.170s] -- Up-to-date: /home/gbb/rrbot_ws/install/forward_command_controller/share/forward_command_controller/cmake/forward_command_controllerConfig.cmake
[1.170s] -- Up-to-date: /home/gbb/rrbot_ws/install/forward_command_controller/share/forward_command_controller/cmake/forward_command_controllerConfig-version.cmake
[1.170s] -- Up-to-date: /home/gbb/rrbot_ws/install/forward_command_controller/share/forward_command_controller/package.xml
[1.353s] Invoked command in '/home/gbb/rrbot_ws/build/forward_command_controller' returned '0': CMAKE_PREFIX_PATH=/opt/ros/humble /usr/bin/cmake --install /home/gbb/rrbot_ws/build/forward_command_controller
