[0.093s] Invoking command in '/home/gbb/rrbot_ws/build/my_hardware_interface': CMAKE_PREFIX_PATH=/opt/ros/humble /usr/bin/cmake --build /home/gbb/rrbot_ws/build/my_hardware_interface -- -j8 -l8
[0.324s] [ 22%] Built target my_hardware_interface
[0.392s] [ 55%] Built target gmock
[0.465s] [ 77%] Built target gmock_main
[0.629s] [100%] Built target test_rrbot_hardware_interface
[0.860s] Invoked command in '/home/gbb/rrbot_ws/build/my_hardware_interface' returned '0': CMAKE_PREFIX_PATH=/opt/ros/humble /usr/bin/cmake --build /home/gbb/rrbot_ws/build/my_hardware_interface -- -j8 -l8
[0.878s] Invoking command in '/home/gbb/rrbot_ws/build/my_hardware_interface': CMAKE_PREFIX_PATH=/opt/ros/humble /usr/bin/cmake --install /home/gbb/rrbot_ws/build/my_hardware_interface
[0.904s] -- Install configuration: ""
[0.904s] -- Up-to-date: /home/gbb/rrbot_ws/install/my_hardware_interface/share/my_hardware_interface/my_hardware_interface.xml
[0.904s] -- Up-to-date: /home/gbb/rrbot_ws/install/my_hardware_interface/lib/libmy_hardware_interface.so
[0.906s] -- Up-to-date: /home/gbb/rrbot_ws/install/my_hardware_interface/include
[0.907s] -- Up-to-date: /home/gbb/rrbot_ws/install/my_hardware_interface/include/my_hardware_interface
[0.908s] -- Up-to-date: /home/gbb/rrbot_ws/install/my_hardware_interface/include/my_hardware_interface/rrbot_hardware_interface.hpp
[0.909s] -- Up-to-date: /home/gbb/rrbot_ws/install/my_hardware_interface/include/my_hardware_interface/visibility_control.h
[0.909s] -- Up-to-date: /home/gbb/rrbot_ws/install/my_hardware_interface/share/my_hardware_interface/environment/library_path.sh
[0.909s] -- Up-to-date: /home/gbb/rrbot_ws/install/my_hardware_interface/share/my_hardware_interface/environment/library_path.dsv
[0.913s] -- Up-to-date: /home/gbb/rrbot_ws/install/my_hardware_interface/share/ament_index/resource_index/package_run_dependencies/my_hardware_interface
[0.918s] -- Up-to-date: /home/gbb/rrbot_ws/install/my_hardware_interface/share/ament_index/resource_index/parent_prefix_path/my_hardware_interface
[0.919s] -- Up-to-date: /home/gbb/rrbot_ws/install/my_hardware_interface/share/my_hardware_interface/environment/ament_prefix_path.sh
[0.919s] -- Up-to-date: /home/gbb/rrbot_ws/install/my_hardware_interface/share/my_hardware_interface/environment/ament_prefix_path.dsv
[0.919s] -- Up-to-date: /home/gbb/rrbot_ws/install/my_hardware_interface/share/my_hardware_interface/environment/path.sh
[0.919s] -- Up-to-date: /home/gbb/rrbot_ws/install/my_hardware_interface/share/my_hardware_interface/environment/path.dsv
[0.919s] -- Up-to-date: /home/gbb/rrbot_ws/install/my_hardware_interface/share/my_hardware_interface/local_setup.bash
[0.920s] -- Up-to-date: /home/gbb/rrbot_ws/install/my_hardware_interface/share/my_hardware_interface/local_setup.sh
[0.920s] -- Up-to-date: /home/gbb/rrbot_ws/install/my_hardware_interface/share/my_hardware_interface/local_setup.zsh
[0.920s] -- Up-to-date: /home/gbb/rrbot_ws/install/my_hardware_interface/share/my_hardware_interface/local_setup.dsv
[0.920s] -- Installing: /home/gbb/rrbot_ws/install/my_hardware_interface/share/my_hardware_interface/package.dsv
[0.920s] -- Up-to-date: /home/gbb/rrbot_ws/install/my_hardware_interface/share/ament_index/resource_index/packages/my_hardware_interface
[0.920s] -- Up-to-date: /home/gbb/rrbot_ws/install/my_hardware_interface/share/ament_index/resource_index/hardware_interface__pluginlib__plugin/my_hardware_interface
[0.920s] -- Up-to-date: /home/gbb/rrbot_ws/install/my_hardware_interface/share/my_hardware_interface/cmake/ament_cmake_export_include_directories-extras.cmake
[0.920s] -- Up-to-date: /home/gbb/rrbot_ws/install/my_hardware_interface/share/my_hardware_interface/cmake/ament_cmake_export_libraries-extras.cmake
[0.921s] -- Up-to-date: /home/gbb/rrbot_ws/install/my_hardware_interface/share/my_hardware_interface/cmake/ament_cmake_export_dependencies-extras.cmake
[0.921s] -- Up-to-date: /home/gbb/rrbot_ws/install/my_hardware_interface/share/my_hardware_interface/cmake/my_hardware_interfaceConfig.cmake
[0.924s] -- Up-to-date: /home/gbb/rrbot_ws/install/my_hardware_interface/share/my_hardware_interface/cmake/my_hardware_interfaceConfig-version.cmake
[0.924s] -- Up-to-date: /home/gbb/rrbot_ws/install/my_hardware_interface/share/my_hardware_interface/package.xml
[0.934s] Invoked command in '/home/gbb/rrbot_ws/build/my_hardware_interface' returned '0': CMAKE_PREFIX_PATH=/opt/ros/humble /usr/bin/cmake --install /home/gbb/rrbot_ws/build/my_hardware_interface
