[0.081s] Invoking command in '/home/gbb/rrbot_ws/build/controlko_description': CMAKE_PREFIX_PATH=${CMAKE_PREFIX_PATH}:/home/gbb/rrbot_ws/install/test_my_position_controller:/opt/ros/humble /usr/bin/cmake --build /home/gbb/rrbot_ws/build/controlko_description -- -j8 -l8
[1.923s] Invoked command in '/home/gbb/rrbot_ws/build/controlko_description' returned '0': CMAKE_PREFIX_PATH=${CMAKE_PREFIX_PATH}:/home/gbb/rrbot_ws/install/test_my_position_controller:/opt/ros/humble /usr/bin/cmake --build /home/gbb/rrbot_ws/build/controlko_description -- -j8 -l8
[1.937s] Invoking command in '/home/gbb/rrbot_ws/build/controlko_description': CMAKE_PREFIX_PATH=${CMAKE_PREFIX_PATH}:/home/gbb/rrbot_ws/install/test_my_position_controller:/opt/ros/humble /usr/bin/cmake --install /home/gbb/rrbot_ws/build/controlko_description
[2.001s] -- Install configuration: ""
[2.002s] -- Up-to-date: /home/gbb/rrbot_ws/install/controlko_description/share/controlko_description/config
[2.007s] -- Up-to-date: /home/gbb/rrbot_ws/install/controlko_description/share/controlko_description/config/.gitkeep
[2.010s] -- Up-to-date: /home/gbb/rrbot_ws/install/controlko_description/share/controlko_description
[2.010s] -- Up-to-date: /home/gbb/rrbot_ws/install/controlko_description/share/controlko_description/view_rrbot.launch.py
[2.010s] -- Up-to-date: /home/gbb/rrbot_ws/install/controlko_description/share/controlko_description/meshes
[2.010s] -- Up-to-date: /home/gbb/rrbot_ws/install/controlko_description/share/controlko_description/meshes/rrbot
[2.010s] -- Up-to-date: /home/gbb/rrbot_ws/install/controlko_description/share/controlko_description/meshes/rrbot/visual
[2.011s] -- Up-to-date: /home/gbb/rrbot_ws/install/controlko_description/share/controlko_description/meshes/rrbot/visual/.gitkeep
[2.011s] -- Up-to-date: /home/gbb/rrbot_ws/install/controlko_description/share/controlko_description/rviz
[2.011s] -- Up-to-date: /home/gbb/rrbot_ws/install/controlko_description/share/controlko_description/rviz/rrbot.rviz
[2.011s] -- Up-to-date: /home/gbb/rrbot_ws/install/controlko_description/share/controlko_description/urdf
[2.011s] -- Up-to-date: /home/gbb/rrbot_ws/install/controlko_description/share/controlko_description/urdf/common.xacro
[2.011s] -- Up-to-date: /home/gbb/rrbot_ws/install/controlko_description/share/controlko_description/urdf/rrbot.urdf.xacro
[2.011s] -- Up-to-date: /home/gbb/rrbot_ws/install/controlko_description/share/controlko_description/urdf/rrbot
[2.011s] -- Up-to-date: /home/gbb/rrbot_ws/install/controlko_description/share/controlko_description/urdf/rrbot/rrbot_macro.ros2_control.xacro
[2.012s] -- Up-to-date: /home/gbb/rrbot_ws/install/controlko_description/share/controlko_description/urdf/rrbot/rrbot_macro.xacro
[2.012s] -- Up-to-date: /home/gbb/rrbot_ws/install/controlko_description/share/ament_index/resource_index/package_run_dependencies/controlko_description
[2.012s] -- Up-to-date: /home/gbb/rrbot_ws/install/controlko_description/share/ament_index/resource_index/parent_prefix_path/controlko_description
[2.012s] -- Up-to-date: /home/gbb/rrbot_ws/install/controlko_description/share/controlko_description/environment/ament_prefix_path.sh
[2.012s] -- Up-to-date: /home/gbb/rrbot_ws/install/controlko_description/share/controlko_description/environment/ament_prefix_path.dsv
[2.016s] -- Up-to-date: /home/gbb/rrbot_ws/install/controlko_description/share/controlko_description/environment/path.sh
[2.016s] -- Up-to-date: /home/gbb/rrbot_ws/install/controlko_description/share/controlko_description/environment/path.dsv
[2.016s] -- Up-to-date: /home/gbb/rrbot_ws/install/controlko_description/share/controlko_description/local_setup.bash
[2.016s] -- Up-to-date: /home/gbb/rrbot_ws/install/controlko_description/share/controlko_description/local_setup.sh
[2.017s] -- Up-to-date: /home/gbb/rrbot_ws/install/controlko_description/share/controlko_description/local_setup.zsh
[2.017s] -- Up-to-date: /home/gbb/rrbot_ws/install/controlko_description/share/controlko_description/local_setup.dsv
[2.017s] -- Installing: /home/gbb/rrbot_ws/install/controlko_description/share/controlko_description/package.dsv
[2.017s] -- Up-to-date: /home/gbb/rrbot_ws/install/controlko_description/share/ament_index/resource_index/packages/controlko_description
[2.017s] -- Up-to-date: /home/gbb/rrbot_ws/install/controlko_description/share/controlko_description/cmake/controlko_descriptionConfig.cmake
[2.017s] -- Up-to-date: /home/gbb/rrbot_ws/install/controlko_description/share/controlko_description/cmake/controlko_descriptionConfig-version.cmake
[2.017s] -- Up-to-date: /home/gbb/rrbot_ws/install/controlko_description/share/controlko_description/package.xml
[2.081s] Invoked command in '/home/gbb/rrbot_ws/build/controlko_description' returned '0': CMAKE_PREFIX_PATH=${CMAKE_PREFIX_PATH}:/home/gbb/rrbot_ws/install/test_my_position_controller:/opt/ros/humble /usr/bin/cmake --install /home/gbb/rrbot_ws/build/controlko_description
