[0.085s] Invoking command in '/home/gbb/rrbot_ws/build/my_hardware_interface': CMAKE_PREFIX_PATH=${CMAKE_PREFIX_PATH}:/home/gbb/rrbot_ws/install/test_my_position_controller:/opt/ros/humble /usr/bin/cmake --build /home/gbb/rrbot_ws/build/my_hardware_interface -- -j8 -l8
[0.328s] [ 22%] Built target gmock_main
[0.332s] [ 55%] Built target gmock
[0.344s] [ 77%] Built target my_hardware_interface
[0.453s] [100%] Built target test_rrbot_hardware_interface
[0.932s] Invoked command in '/home/gbb/rrbot_ws/build/my_hardware_interface' returned '0': CMAKE_PREFIX_PATH=${CMAKE_PREFIX_PATH}:/home/gbb/rrbot_ws/install/test_my_position_controller:/opt/ros/humble /usr/bin/cmake --build /home/gbb/rrbot_ws/build/my_hardware_interface -- -j8 -l8
[0.936s] Invoking command in '/home/gbb/rrbot_ws/build/my_hardware_interface': CMAKE_PREFIX_PATH=${CMAKE_PREFIX_PATH}:/home/gbb/rrbot_ws/install/test_my_position_controller:/opt/ros/humble /usr/bin/cmake --install /home/gbb/rrbot_ws/build/my_hardware_interface
[1.014s] -- Install configuration: ""
[1.014s] -- Up-to-date: /home/gbb/rrbot_ws/install/my_hardware_interface/share/my_hardware_interface/my_hardware_interface.xml
[1.015s] -- Up-to-date: /home/gbb/rrbot_ws/install/my_hardware_interface/lib/libmy_hardware_interface.so
[1.015s] -- Up-to-date: /home/gbb/rrbot_ws/install/my_hardware_interface/include
[1.015s] -- Up-to-date: /home/gbb/rrbot_ws/install/my_hardware_interface/include/my_hardware_interface
[1.015s] -- Up-to-date: /home/gbb/rrbot_ws/install/my_hardware_interface/include/my_hardware_interface/rrbot_hardware_interface.hpp
[1.016s] -- Up-to-date: /home/gbb/rrbot_ws/install/my_hardware_interface/include/my_hardware_interface/visibility_control.h
[1.016s] -- Up-to-date: /home/gbb/rrbot_ws/install/my_hardware_interface/share/my_hardware_interface/environment/library_path.sh
[1.016s] -- Up-to-date: /home/gbb/rrbot_ws/install/my_hardware_interface/share/my_hardware_interface/environment/library_path.dsv
[1.016s] -- Up-to-date: /home/gbb/rrbot_ws/install/my_hardware_interface/share/ament_index/resource_index/package_run_dependencies/my_hardware_interface
[1.017s] -- Up-to-date: /home/gbb/rrbot_ws/install/my_hardware_interface/share/ament_index/resource_index/parent_prefix_path/my_hardware_interface
[1.017s] -- Up-to-date: /home/gbb/rrbot_ws/install/my_hardware_interface/share/my_hardware_interface/environment/ament_prefix_path.sh
[1.017s] -- Up-to-date: /home/gbb/rrbot_ws/install/my_hardware_interface/share/my_hardware_interface/environment/ament_prefix_path.dsv
[1.018s] -- Up-to-date: /home/gbb/rrbot_ws/install/my_hardware_interface/share/my_hardware_interface/environment/path.sh
[1.020s] -- Up-to-date: /home/gbb/rrbot_ws/install/my_hardware_interface/share/my_hardware_interface/environment/path.dsv
[1.020s] -- Up-to-date: /home/gbb/rrbot_ws/install/my_hardware_interface/share/my_hardware_interface/local_setup.bash
[1.021s] -- Up-to-date: /home/gbb/rrbot_ws/install/my_hardware_interface/share/my_hardware_interface/local_setup.sh
[1.021s] -- Up-to-date: /home/gbb/rrbot_ws/install/my_hardware_interface/share/my_hardware_interface/local_setup.zsh
[1.021s] -- Up-to-date: /home/gbb/rrbot_ws/install/my_hardware_interface/share/my_hardware_interface/local_setup.dsv
[1.021s] -- Installing: /home/gbb/rrbot_ws/install/my_hardware_interface/share/my_hardware_interface/package.dsv
[1.021s] -- Up-to-date: /home/gbb/rrbot_ws/install/my_hardware_interface/share/ament_index/resource_index/packages/my_hardware_interface
[1.023s] -- Up-to-date: /home/gbb/rrbot_ws/install/my_hardware_interface/share/ament_index/resource_index/hardware_interface__pluginlib__plugin/my_hardware_interface
[1.024s] -- Up-to-date: /home/gbb/rrbot_ws/install/my_hardware_interface/share/my_hardware_interface/cmake/ament_cmake_export_include_directories-extras.cmake
[1.024s] -- Up-to-date: /home/gbb/rrbot_ws/install/my_hardware_interface/share/my_hardware_interface/cmake/ament_cmake_export_libraries-extras.cmake
[1.024s] -- Up-to-date: /home/gbb/rrbot_ws/install/my_hardware_interface/share/my_hardware_interface/cmake/ament_cmake_export_dependencies-extras.cmake
[1.025s] -- Up-to-date: /home/gbb/rrbot_ws/install/my_hardware_interface/share/my_hardware_interface/cmake/my_hardware_interfaceConfig.cmake
[1.025s] -- Up-to-date: /home/gbb/rrbot_ws/install/my_hardware_interface/share/my_hardware_interface/cmake/my_hardware_interfaceConfig-version.cmake
[1.026s] -- Up-to-date: /home/gbb/rrbot_ws/install/my_hardware_interface/share/my_hardware_interface/package.xml
[1.203s] Invoked command in '/home/gbb/rrbot_ws/build/my_hardware_interface' returned '0': CMAKE_PREFIX_PATH=${CMAKE_PREFIX_PATH}:/home/gbb/rrbot_ws/install/test_my_position_controller:/opt/ros/humble /usr/bin/cmake --install /home/gbb/rrbot_ws/build/my_hardware_interface
