[0.078s] Invoking command in '/home/gbb/rrbot_ws/build/forward_command_controller': CMAKE_PREFIX_PATH=/opt/ros/humble /usr/bin/cmake --build /home/gbb/rrbot_ws/build/forward_command_controller -- -j8 -l8
[0.225s] [  9%] Built target forward_command_controller_parameters
[0.256s] [35m[1mConsolidate compiler generated dependencies of target gmock[0m
[0.326s] [ 23%] Built target gmock
[0.350s] [35m[1mConsolidate compiler generated dependencies of target gmock_main[0m
[0.381s] [ 33%] Built target gmock_main
[0.458s] [ 42%] Built target multi_interface_forward_command_controller_parameters
[0.490s] [35m[1mConsolidate compiler generated dependencies of target forward_command_controller[0m
[0.554s] [ 61%] Built target forward_command_controller
[0.588s] [35m[1mConsolidate compiler generated dependencies of target test_load_forward_command_controller[0m
[0.712s] [ 71%] Built target test_load_forward_command_controller
[0.765s] [35m[1mConsolidate compiler generated dependencies of target test_multi_interface_forward_command_controller[0m
[0.923s] [ 80%] Built target test_multi_interface_forward_command_controller
[0.989s] [35m[1mConsolidate compiler generated dependencies of target test_load_multi_interface_forward_command_controller[0m
[1.155s] [ 90%] Built target test_load_multi_interface_forward_command_controller
[1.191s] [35m[1mConsolidate compiler generated dependencies of target test_forward_command_controller[0m
[1.289s] [100%] Built target test_forward_command_controller
[1.400s] Invoked command in '/home/gbb/rrbot_ws/build/forward_command_controller' returned '0': CMAKE_PREFIX_PATH=/opt/ros/humble /usr/bin/cmake --build /home/gbb/rrbot_ws/build/forward_command_controller -- -j8 -l8
[1.405s] Invoking command in '/home/gbb/rrbot_ws/build/forward_command_controller': CMAKE_PREFIX_PATH=/opt/ros/humble /usr/bin/cmake --install /home/gbb/rrbot_ws/build/forward_command_controller
[1.419s] -- Install configuration: ""
[1.419s] -- Installing: /home/gbb/rrbot_ws/install/forward_command_controller/include/forward_command_controller
[1.419s] -- Installing: /home/gbb/rrbot_ws/install/forward_command_controller/include/forward_command_controller/multi_interface_forward_command_controller_parameters.hpp
[1.419s] -- Installing: /home/gbb/rrbot_ws/install/forward_command_controller/include/forward_command_controller/forward_command_controller_parameters.hpp
[1.421s] -- Up-to-date: /home/gbb/rrbot_ws/install/forward_command_controller/include/forward_command_controller
[1.421s] -- Up-to-date: /home/gbb/rrbot_ws/install/forward_command_controller/include/forward_command_controller/multi_interface_forward_command_controller_parameters.hpp
[1.422s] -- Up-to-date: /home/gbb/rrbot_ws/install/forward_command_controller/include/forward_command_controller/forward_command_controller_parameters.hpp
[1.422s] -- Installing: /home/gbb/rrbot_ws/install/forward_command_controller/share/forward_command_controller/forward_command_plugin.xml
[1.422s] -- Up-to-date: /home/gbb/rrbot_ws/install/forward_command_controller/include/forward_command_controller
[1.422s] -- Installing: /home/gbb/rrbot_ws/install/forward_command_controller/include/forward_command_controller/forward_command_controller
[1.423s] -- Installing: /home/gbb/rrbot_ws/install/forward_command_controller/include/forward_command_controller/forward_command_controller/visibility_control.h
[1.423s] -- Installing: /home/gbb/rrbot_ws/install/forward_command_controller/include/forward_command_controller/forward_command_controller/multi_interface_forward_command_controller.hpp
[1.423s] -- Installing: /home/gbb/rrbot_ws/install/forward_command_controller/include/forward_command_controller/forward_command_controller/forward_command_controller.hpp
[1.423s] -- Installing: /home/gbb/rrbot_ws/install/forward_command_controller/include/forward_command_controller/forward_command_controller/forward_controllers_base.hpp
[1.423s] -- Installing: /home/gbb/rrbot_ws/install/forward_command_controller/lib/libforward_command_controller.so
[1.436s] -- Set runtime path of "/home/gbb/rrbot_ws/install/forward_command_controller/lib/libforward_command_controller.so" to ""
[1.436s] -- Installing: /home/gbb/rrbot_ws/install/forward_command_controller/share/forward_command_controller/environment/library_path.sh
[1.436s] -- Installing: /home/gbb/rrbot_ws/install/forward_command_controller/share/forward_command_controller/environment/library_path.dsv
[1.439s] -- Installing: /home/gbb/rrbot_ws/install/forward_command_controller/share/ament_index/resource_index/package_run_dependencies/forward_command_controller
[1.439s] -- Installing: /home/gbb/rrbot_ws/install/forward_command_controller/share/ament_index/resource_index/parent_prefix_path/forward_command_controller
[1.439s] -- Installing: /home/gbb/rrbot_ws/install/forward_command_controller/share/forward_command_controller/environment/ament_prefix_path.sh
[1.439s] -- Installing: /home/gbb/rrbot_ws/install/forward_command_controller/share/forward_command_controller/environment/ament_prefix_path.dsv
[1.439s] -- Installing: /home/gbb/rrbot_ws/install/forward_command_controller/share/forward_command_controller/environment/path.sh
[1.439s] -- Installing: /home/gbb/rrbot_ws/install/forward_command_controller/share/forward_command_controller/environment/path.dsv
[1.440s] -- Installing: /home/gbb/rrbot_ws/install/forward_command_controller/share/forward_command_controller/local_setup.bash
[1.440s] -- Installing: /home/gbb/rrbot_ws/install/forward_command_controller/share/forward_command_controller/local_setup.sh
[1.440s] -- Installing: /home/gbb/rrbot_ws/install/forward_command_controller/share/forward_command_controller/local_setup.zsh
[1.441s] -- Installing: /home/gbb/rrbot_ws/install/forward_command_controller/share/forward_command_controller/local_setup.dsv
[1.441s] -- Installing: /home/gbb/rrbot_ws/install/forward_command_controller/share/forward_command_controller/package.dsv
[1.441s] -- Installing: /home/gbb/rrbot_ws/install/forward_command_controller/share/ament_index/resource_index/packages/forward_command_controller
[1.442s] -- Installing: /home/gbb/rrbot_ws/install/forward_command_controller/share/ament_index/resource_index/controller_interface__pluginlib__plugin/forward_command_controller
[1.442s] -- Installing: /home/gbb/rrbot_ws/install/forward_command_controller/share/forward_command_controller/cmake/export_forward_command_controllerExport.cmake
[1.443s] -- Installing: /home/gbb/rrbot_ws/install/forward_command_controller/share/forward_command_controller/cmake/export_forward_command_controllerExport-noconfig.cmake
[1.443s] -- Installing: /home/gbb/rrbot_ws/install/forward_command_controller/share/forward_command_controller/cmake/ament_cmake_export_dependencies-extras.cmake
[1.443s] -- Installing: /home/gbb/rrbot_ws/install/forward_command_controller/share/forward_command_controller/cmake/ament_cmake_export_targets-extras.cmake
[1.444s] -- Installing: /home/gbb/rrbot_ws/install/forward_command_controller/share/forward_command_controller/cmake/forward_command_controllerConfig.cmake
[1.444s] -- Installing: /home/gbb/rrbot_ws/install/forward_command_controller/share/forward_command_controller/cmake/forward_command_controllerConfig-version.cmake
[1.448s] -- Installing: /home/gbb/rrbot_ws/install/forward_command_controller/share/forward_command_controller/package.xml
[1.460s] Invoked command in '/home/gbb/rrbot_ws/build/forward_command_controller' returned '0': CMAKE_PREFIX_PATH=/opt/ros/humble /usr/bin/cmake --install /home/gbb/rrbot_ws/build/forward_command_controller
