[0.088s] Invoking command in '/home/gbb/rrbot_ws/build/controlko_hardware_interface': CMAKE_PREFIX_PATH=${CMAKE_PREFIX_PATH}:/home/gbb/rrbot_ws/install/test_my_position_controller:/opt/ros/humble /usr/bin/cmake --build /home/gbb/rrbot_ws/build/controlko_hardware_interface -- -j8 -l8
[0.958s] [ 33%] Built target gmock
[1.038s] [ 55%] Built target controlko_hardware_interface
[1.194s] [ 77%] Built target gmock_main
[1.373s] [100%] Built target test_rrbot_hardware_interface
[1.924s] Invoked command in '/home/gbb/rrbot_ws/build/controlko_hardware_interface' returned '0': CMAKE_PREFIX_PATH=${CMAKE_PREFIX_PATH}:/home/gbb/rrbot_ws/install/test_my_position_controller:/opt/ros/humble /usr/bin/cmake --build /home/gbb/rrbot_ws/build/controlko_hardware_interface -- -j8 -l8
[1.928s] Invoking command in '/home/gbb/rrbot_ws/build/controlko_hardware_interface': CMAKE_PREFIX_PATH=${CMAKE_PREFIX_PATH}:/home/gbb/rrbot_ws/install/test_my_position_controller:/opt/ros/humble /usr/bin/cmake --install /home/gbb/rrbot_ws/build/controlko_hardware_interface
[1.991s] -- Install configuration: ""
[1.992s] -- Up-to-date: /home/gbb/rrbot_ws/install/controlko_hardware_interface/share/controlko_hardware_interface/controlko_hardware_interface.xml
[1.992s] -- Up-to-date: /home/gbb/rrbot_ws/install/controlko_hardware_interface/lib/libcontrolko_hardware_interface.so
[1.996s] -- Up-to-date: /home/gbb/rrbot_ws/install/controlko_hardware_interface/include
[1.996s] -- Up-to-date: /home/gbb/rrbot_ws/install/controlko_hardware_interface/include/controlko_hardware_interface
[1.997s] -- Up-to-date: /home/gbb/rrbot_ws/install/controlko_hardware_interface/include/controlko_hardware_interface/rrbot_hardware_interface.hpp
[1.997s] -- Up-to-date: /home/gbb/rrbot_ws/install/controlko_hardware_interface/include/controlko_hardware_interface/visibility_control.h
[1.997s] -- Up-to-date: /home/gbb/rrbot_ws/install/controlko_hardware_interface/include/controlko_hardware_interface/dr_denis_rrbot_comms.hpp
[1.997s] -- Up-to-date: /home/gbb/rrbot_ws/install/controlko_hardware_interface/share/controlko_hardware_interface/environment/library_path.sh
[1.997s] -- Up-to-date: /home/gbb/rrbot_ws/install/controlko_hardware_interface/share/controlko_hardware_interface/environment/library_path.dsv
[1.997s] -- Up-to-date: /home/gbb/rrbot_ws/install/controlko_hardware_interface/share/ament_index/resource_index/package_run_dependencies/controlko_hardware_interface
[1.997s] -- Up-to-date: /home/gbb/rrbot_ws/install/controlko_hardware_interface/share/ament_index/resource_index/parent_prefix_path/controlko_hardware_interface
[1.998s] -- Up-to-date: /home/gbb/rrbot_ws/install/controlko_hardware_interface/share/controlko_hardware_interface/environment/ament_prefix_path.sh
[1.998s] -- Up-to-date: /home/gbb/rrbot_ws/install/controlko_hardware_interface/share/controlko_hardware_interface/environment/ament_prefix_path.dsv
[1.998s] -- Up-to-date: /home/gbb/rrbot_ws/install/controlko_hardware_interface/share/controlko_hardware_interface/environment/path.sh
[2.000s] -- Up-to-date: /home/gbb/rrbot_ws/install/controlko_hardware_interface/share/controlko_hardware_interface/environment/path.dsv
[2.000s] -- Up-to-date: /home/gbb/rrbot_ws/install/controlko_hardware_interface/share/controlko_hardware_interface/local_setup.bash
[2.000s] -- Up-to-date: /home/gbb/rrbot_ws/install/controlko_hardware_interface/share/controlko_hardware_interface/local_setup.sh
[2.000s] -- Up-to-date: /home/gbb/rrbot_ws/install/controlko_hardware_interface/share/controlko_hardware_interface/local_setup.zsh
[2.001s] -- Up-to-date: /home/gbb/rrbot_ws/install/controlko_hardware_interface/share/controlko_hardware_interface/local_setup.dsv
[2.001s] -- Installing: /home/gbb/rrbot_ws/install/controlko_hardware_interface/share/controlko_hardware_interface/package.dsv
[2.001s] -- Up-to-date: /home/gbb/rrbot_ws/install/controlko_hardware_interface/share/ament_index/resource_index/packages/controlko_hardware_interface
[2.001s] -- Up-to-date: /home/gbb/rrbot_ws/install/controlko_hardware_interface/share/ament_index/resource_index/hardware_interface__pluginlib__plugin/controlko_hardware_interface
[2.001s] -- Up-to-date: /home/gbb/rrbot_ws/install/controlko_hardware_interface/share/controlko_hardware_interface/cmake/ament_cmake_export_include_directories-extras.cmake
[2.002s] -- Up-to-date: /home/gbb/rrbot_ws/install/controlko_hardware_interface/share/controlko_hardware_interface/cmake/ament_cmake_export_libraries-extras.cmake
[2.002s] -- Up-to-date: /home/gbb/rrbot_ws/install/controlko_hardware_interface/share/controlko_hardware_interface/cmake/ament_cmake_export_dependencies-extras.cmake
[2.002s] -- Up-to-date: /home/gbb/rrbot_ws/install/controlko_hardware_interface/share/controlko_hardware_interface/cmake/controlko_hardware_interfaceConfig.cmake
[2.002s] -- Up-to-date: /home/gbb/rrbot_ws/install/controlko_hardware_interface/share/controlko_hardware_interface/cmake/controlko_hardware_interfaceConfig-version.cmake
[2.003s] -- Up-to-date: /home/gbb/rrbot_ws/install/controlko_hardware_interface/share/controlko_hardware_interface/package.xml
[2.206s] Invoked command in '/home/gbb/rrbot_ws/build/controlko_hardware_interface' returned '0': CMAKE_PREFIX_PATH=${CMAKE_PREFIX_PATH}:/home/gbb/rrbot_ws/install/test_my_position_controller:/opt/ros/humble /usr/bin/cmake --install /home/gbb/rrbot_ws/build/controlko_hardware_interface
