[0.072s] Invoking command in '/home/gbb/rrbot_ws/build/my_position_controller': CMAKE_PREFIX_PATH=${CMAKE_PREFIX_PATH}:/home/gbb/rrbot_ws/install/test_my_position_controller:/opt/ros/humble /usr/bin/cmake --build /home/gbb/rrbot_ws/build/my_position_controller -- -j8 -l8
[0.268s] [ 50%] Built target my_position_controller_parameters
[0.362s] [100%] Built target my_position_controller
[0.818s] Invoked command in '/home/gbb/rrbot_ws/build/my_position_controller' returned '0': CMAKE_PREFIX_PATH=${CMAKE_PREFIX_PATH}:/home/gbb/rrbot_ws/install/test_my_position_controller:/opt/ros/humble /usr/bin/cmake --build /home/gbb/rrbot_ws/build/my_position_controller -- -j8 -l8
[0.821s] Invoking command in '/home/gbb/rrbot_ws/build/my_position_controller': CMAKE_PREFIX_PATH=${CMAKE_PREFIX_PATH}:/home/gbb/rrbot_ws/install/test_my_position_controller:/opt/ros/humble /usr/bin/cmake --install /home/gbb/rrbot_ws/build/my_position_controller
[0.871s] -- Install configuration: ""
[0.872s] -- Up-to-date: /home/gbb/rrbot_ws/install/my_position_controller/include/my_position_controller
[0.872s] -- Up-to-date: /home/gbb/rrbot_ws/install/my_position_controller/include/my_position_controller/validate_my_position_controller_parameters.hpp
[0.872s] -- Up-to-date: /home/gbb/rrbot_ws/install/my_position_controller/include/my_position_controller/my_position_controller_parameters.hpp
[0.872s] -- Up-to-date: /home/gbb/rrbot_ws/install/my_position_controller/share/my_position_controller/my_position_controller.xml
[0.873s] -- Up-to-date: /home/gbb/rrbot_ws/install/my_position_controller/lib/libmy_position_controller.so
[0.873s] -- Up-to-date: /home/gbb/rrbot_ws/install/my_position_controller/include/my_position_controller
[0.873s] -- Up-to-date: /home/gbb/rrbot_ws/install/my_position_controller/include/my_position_controller/my_position_controller
[0.873s] -- Up-to-date: /home/gbb/rrbot_ws/install/my_position_controller/include/my_position_controller/my_position_controller/validate_my_position_controller_parameters.hpp
[0.874s] -- Up-to-date: /home/gbb/rrbot_ws/install/my_position_controller/include/my_position_controller/my_position_controller/my_position_controller.hpp
[0.874s] -- Up-to-date: /home/gbb/rrbot_ws/install/my_position_controller/include/my_position_controller/my_position_controller/visibility_control.h
[0.874s] -- Up-to-date: /home/gbb/rrbot_ws/install/my_position_controller/share/my_position_controller/environment/library_path.sh
[0.874s] -- Up-to-date: /home/gbb/rrbot_ws/install/my_position_controller/share/my_position_controller/environment/library_path.dsv
[0.875s] -- Up-to-date: /home/gbb/rrbot_ws/install/my_position_controller/share/ament_index/resource_index/package_run_dependencies/my_position_controller
[0.875s] -- Up-to-date: /home/gbb/rrbot_ws/install/my_position_controller/share/ament_index/resource_index/parent_prefix_path/my_position_controller
[0.876s] -- Up-to-date: /home/gbb/rrbot_ws/install/my_position_controller/share/my_position_controller/environment/ament_prefix_path.sh
[0.876s] -- Up-to-date: /home/gbb/rrbot_ws/install/my_position_controller/share/my_position_controller/environment/ament_prefix_path.dsv
[0.876s] -- Up-to-date: /home/gbb/rrbot_ws/install/my_position_controller/share/my_position_controller/environment/path.sh
[0.876s] -- Up-to-date: /home/gbb/rrbot_ws/install/my_position_controller/share/my_position_controller/environment/path.dsv
[0.876s] -- Up-to-date: /home/gbb/rrbot_ws/install/my_position_controller/share/my_position_controller/local_setup.bash
[0.877s] -- Up-to-date: /home/gbb/rrbot_ws/install/my_position_controller/share/my_position_controller/local_setup.sh
[0.877s] -- Up-to-date: /home/gbb/rrbot_ws/install/my_position_controller/share/my_position_controller/local_setup.zsh
[0.877s] -- Up-to-date: /home/gbb/rrbot_ws/install/my_position_controller/share/my_position_controller/local_setup.dsv
[0.877s] -- Installing: /home/gbb/rrbot_ws/install/my_position_controller/share/my_position_controller/package.dsv
[0.877s] -- Up-to-date: /home/gbb/rrbot_ws/install/my_position_controller/share/ament_index/resource_index/packages/my_position_controller
[0.877s] -- Up-to-date: /home/gbb/rrbot_ws/install/my_position_controller/share/ament_index/resource_index/controller_interface__pluginlib__plugin/my_position_controller
[0.877s] -- Up-to-date: /home/gbb/rrbot_ws/install/my_position_controller/share/my_position_controller/cmake/ament_cmake_export_dependencies-extras.cmake
[0.878s] -- Up-to-date: /home/gbb/rrbot_ws/install/my_position_controller/share/my_position_controller/cmake/ament_cmake_export_include_directories-extras.cmake
[0.878s] -- Up-to-date: /home/gbb/rrbot_ws/install/my_position_controller/share/my_position_controller/cmake/ament_cmake_export_libraries-extras.cmake
[0.878s] -- Up-to-date: /home/gbb/rrbot_ws/install/my_position_controller/share/my_position_controller/cmake/my_position_controllerConfig.cmake
[0.878s] -- Up-to-date: /home/gbb/rrbot_ws/install/my_position_controller/share/my_position_controller/cmake/my_position_controllerConfig-version.cmake
[0.878s] -- Up-to-date: /home/gbb/rrbot_ws/install/my_position_controller/share/my_position_controller/package.xml
[0.972s] Invoked command in '/home/gbb/rrbot_ws/build/my_position_controller' returned '0': CMAKE_PREFIX_PATH=${CMAKE_PREFIX_PATH}:/home/gbb/rrbot_ws/install/test_my_position_controller:/opt/ros/humble /usr/bin/cmake --install /home/gbb/rrbot_ws/build/my_position_controller
