[0.074s] Invoking command in '/home/gbb/rrbot_ws/build/controlko_hardware_interface': CMAKE_PREFIX_PATH=${CMAKE_PREFIX_PATH}:/home/gbb/rrbot_ws/install/test_my_position_controller:/opt/ros/humble /usr/bin/cmake --build /home/gbb/rrbot_ws/build/controlko_hardware_interface -- -j8 -l8
[0.289s] [ 22%] Built target controlko_hardware_interface
[0.300s] [ 44%] Built target gmock_main
[0.304s] [ 77%] Built target gmock
[0.368s] [100%] Built target test_rrbot_hardware_interface
[0.828s] Invoked command in '/home/gbb/rrbot_ws/build/controlko_hardware_interface' returned '0': CMAKE_PREFIX_PATH=${CMAKE_PREFIX_PATH}:/home/gbb/rrbot_ws/install/test_my_position_controller:/opt/ros/humble /usr/bin/cmake --build /home/gbb/rrbot_ws/build/controlko_hardware_interface -- -j8 -l8
[0.832s] Invoking command in '/home/gbb/rrbot_ws/build/controlko_hardware_interface': CMAKE_PREFIX_PATH=${CMAKE_PREFIX_PATH}:/home/gbb/rrbot_ws/install/test_my_position_controller:/opt/ros/humble /usr/bin/cmake --install /home/gbb/rrbot_ws/build/controlko_hardware_interface
[0.878s] -- Install configuration: ""
[0.879s] -- Up-to-date: /home/gbb/rrbot_ws/install/controlko_hardware_interface/share/controlko_hardware_interface/controlko_hardware_interface.xml
[0.879s] -- Up-to-date: /home/gbb/rrbot_ws/install/controlko_hardware_interface/lib/libcontrolko_hardware_interface.so
[0.879s] -- Up-to-date: /home/gbb/rrbot_ws/install/controlko_hardware_interface/include
[0.879s] -- Up-to-date: /home/gbb/rrbot_ws/install/controlko_hardware_interface/include/controlko_hardware_interface
[0.879s] -- Up-to-date: /home/gbb/rrbot_ws/install/controlko_hardware_interface/include/controlko_hardware_interface/rrbot_hardware_interface.hpp
[0.880s] -- Up-to-date: /home/gbb/rrbot_ws/install/controlko_hardware_interface/include/controlko_hardware_interface/visibility_control.h
[0.880s] -- Up-to-date: /home/gbb/rrbot_ws/install/controlko_hardware_interface/include/controlko_hardware_interface/dr_denis_rrbot_comms.hpp
[0.880s] -- Up-to-date: /home/gbb/rrbot_ws/install/controlko_hardware_interface/share/controlko_hardware_interface/environment/library_path.sh
[0.880s] -- Up-to-date: /home/gbb/rrbot_ws/install/controlko_hardware_interface/share/controlko_hardware_interface/environment/library_path.dsv
[0.881s] -- Up-to-date: /home/gbb/rrbot_ws/install/controlko_hardware_interface/share/ament_index/resource_index/package_run_dependencies/controlko_hardware_interface
[0.881s] -- Up-to-date: /home/gbb/rrbot_ws/install/controlko_hardware_interface/share/ament_index/resource_index/parent_prefix_path/controlko_hardware_interface
[0.881s] -- Up-to-date: /home/gbb/rrbot_ws/install/controlko_hardware_interface/share/controlko_hardware_interface/environment/ament_prefix_path.sh
[0.881s] -- Up-to-date: /home/gbb/rrbot_ws/install/controlko_hardware_interface/share/controlko_hardware_interface/environment/ament_prefix_path.dsv
[0.881s] -- Up-to-date: /home/gbb/rrbot_ws/install/controlko_hardware_interface/share/controlko_hardware_interface/environment/path.sh
[0.882s] -- Up-to-date: /home/gbb/rrbot_ws/install/controlko_hardware_interface/share/controlko_hardware_interface/environment/path.dsv
[0.883s] -- Up-to-date: /home/gbb/rrbot_ws/install/controlko_hardware_interface/share/controlko_hardware_interface/local_setup.bash
[0.883s] -- Up-to-date: /home/gbb/rrbot_ws/install/controlko_hardware_interface/share/controlko_hardware_interface/local_setup.sh
[0.883s] -- Up-to-date: /home/gbb/rrbot_ws/install/controlko_hardware_interface/share/controlko_hardware_interface/local_setup.zsh
[0.884s] -- Up-to-date: /home/gbb/rrbot_ws/install/controlko_hardware_interface/share/controlko_hardware_interface/local_setup.dsv
[0.884s] -- Installing: /home/gbb/rrbot_ws/install/controlko_hardware_interface/share/controlko_hardware_interface/package.dsv
[0.885s] -- Up-to-date: /home/gbb/rrbot_ws/install/controlko_hardware_interface/share/ament_index/resource_index/packages/controlko_hardware_interface
[0.885s] -- Up-to-date: /home/gbb/rrbot_ws/install/controlko_hardware_interface/share/ament_index/resource_index/hardware_interface__pluginlib__plugin/controlko_hardware_interface
[0.885s] -- Up-to-date: /home/gbb/rrbot_ws/install/controlko_hardware_interface/share/controlko_hardware_interface/cmake/ament_cmake_export_include_directories-extras.cmake
[0.885s] -- Up-to-date: /home/gbb/rrbot_ws/install/controlko_hardware_interface/share/controlko_hardware_interface/cmake/ament_cmake_export_libraries-extras.cmake
[0.885s] -- Up-to-date: /home/gbb/rrbot_ws/install/controlko_hardware_interface/share/controlko_hardware_interface/cmake/ament_cmake_export_dependencies-extras.cmake
[0.886s] -- Up-to-date: /home/gbb/rrbot_ws/install/controlko_hardware_interface/share/controlko_hardware_interface/cmake/controlko_hardware_interfaceConfig.cmake
[0.886s] -- Up-to-date: /home/gbb/rrbot_ws/install/controlko_hardware_interface/share/controlko_hardware_interface/cmake/controlko_hardware_interfaceConfig-version.cmake
[0.886s] -- Up-to-date: /home/gbb/rrbot_ws/install/controlko_hardware_interface/share/controlko_hardware_interface/package.xml
[0.927s] Invoked command in '/home/gbb/rrbot_ws/build/controlko_hardware_interface' returned '0': CMAKE_PREFIX_PATH=${CMAKE_PREFIX_PATH}:/home/gbb/rrbot_ws/install/test_my_position_controller:/opt/ros/humble /usr/bin/cmake --install /home/gbb/rrbot_ws/build/controlko_hardware_interface
