[0.045s] Invoking command in '/home/gbb/rrbot_ws/build/controlko_controllers': CMAKE_PREFIX_PATH=/opt/ros/humble /usr/bin/cmake --build /home/gbb/rrbot_ws/build/controlko_controllers -- -j8 -l8
[0.563s] [ 13%] Built target displacement_controller_parameters
[0.563s] [35m[1mConsolidate compiler generated dependencies of target gmock[0m
[0.563s] [35m[1mConsolidate compiler generated dependencies of target gmock_main[0m
[0.564s] [35m[1mConsolidate compiler generated dependencies of target displacement_controller[0m
[0.564s] [ 26%] Built target gmock_main
[0.567s] [ 46%] Built target gmock
[0.567s] [ 60%] Built target displacement_controller
[0.567s] [35m[1mConsolidate compiler generated dependencies of target test_load_displacement_controller[0m
[0.567s] [35m[1mConsolidate compiler generated dependencies of target test_displacement_controller[0m
[0.570s] [35m[1mConsolidate compiler generated dependencies of target test_displacement_controller_preceeding[0m
[0.570s] [ 73%] Built target test_load_displacement_controller
[0.571s] [ 86%] Built target test_displacement_controller
[0.571s] [100%] Built target test_displacement_controller_preceeding
[0.585s] Invoked command in '/home/gbb/rrbot_ws/build/controlko_controllers' returned '0': CMAKE_PREFIX_PATH=/opt/ros/humble /usr/bin/cmake --build /home/gbb/rrbot_ws/build/controlko_controllers -- -j8 -l8
[0.586s] Invoking command in '/home/gbb/rrbot_ws/build/controlko_controllers': CMAKE_PREFIX_PATH=/opt/ros/humble /usr/bin/cmake --install /home/gbb/rrbot_ws/build/controlko_controllers
[0.605s] -- Install configuration: ""
[0.611s] -- Up-to-date: /home/gbb/rrbot_ws/install/controlko_controllers/include/controlko_controllers
[0.611s] -- Up-to-date: /home/gbb/rrbot_ws/install/controlko_controllers/include/controlko_controllers/validate_displacement_controller_parameters.hpp
[0.611s] -- Up-to-date: /home/gbb/rrbot_ws/install/controlko_controllers/include/controlko_controllers/displacement_controller_parameters.hpp
[0.612s] -- Up-to-date: /home/gbb/rrbot_ws/install/controlko_controllers/share/controlko_controllers/controlko_controllers.xml
[0.612s] -- Up-to-date: /home/gbb/rrbot_ws/install/controlko_controllers/lib/libdisplacement_controller.so
[0.612s] -- Up-to-date: /home/gbb/rrbot_ws/install/controlko_controllers/include
[0.613s] -- Up-to-date: /home/gbb/rrbot_ws/install/controlko_controllers/include/controlko_controllers
[0.613s] -- Up-to-date: /home/gbb/rrbot_ws/install/controlko_controllers/include/controlko_controllers/validate_displacement_controller_parameters.hpp
[0.613s] -- Up-to-date: /home/gbb/rrbot_ws/install/controlko_controllers/include/controlko_controllers/visibility_control.h
[0.613s] -- Up-to-date: /home/gbb/rrbot_ws/install/controlko_controllers/include/controlko_controllers/displacement_controller.hpp
[0.613s] -- Up-to-date: /home/gbb/rrbot_ws/install/controlko_controllers/share/controlko_controllers/environment/library_path.sh
[0.613s] -- Up-to-date: /home/gbb/rrbot_ws/install/controlko_controllers/share/controlko_controllers/environment/library_path.dsv
[0.613s] -- Up-to-date: /home/gbb/rrbot_ws/install/controlko_controllers/share/ament_index/resource_index/package_run_dependencies/controlko_controllers
[0.613s] -- Up-to-date: /home/gbb/rrbot_ws/install/controlko_controllers/share/ament_index/resource_index/parent_prefix_path/controlko_controllers
[0.613s] -- Up-to-date: /home/gbb/rrbot_ws/install/controlko_controllers/share/controlko_controllers/environment/ament_prefix_path.sh
[0.614s] -- Up-to-date: /home/gbb/rrbot_ws/install/controlko_controllers/share/controlko_controllers/environment/ament_prefix_path.dsv
[0.614s] -- Up-to-date: /home/gbb/rrbot_ws/install/controlko_controllers/share/controlko_controllers/environment/path.sh
[0.614s] -- Up-to-date: /home/gbb/rrbot_ws/install/controlko_controllers/share/controlko_controllers/environment/path.dsv
[0.614s] -- Up-to-date: /home/gbb/rrbot_ws/install/controlko_controllers/share/controlko_controllers/local_setup.bash
[0.614s] -- Up-to-date: /home/gbb/rrbot_ws/install/controlko_controllers/share/controlko_controllers/local_setup.sh
[0.614s] -- Up-to-date: /home/gbb/rrbot_ws/install/controlko_controllers/share/controlko_controllers/local_setup.zsh
[0.615s] -- Up-to-date: /home/gbb/rrbot_ws/install/controlko_controllers/share/controlko_controllers/local_setup.dsv
[0.615s] -- Installing: /home/gbb/rrbot_ws/install/controlko_controllers/share/controlko_controllers/package.dsv
[0.615s] -- Up-to-date: /home/gbb/rrbot_ws/install/controlko_controllers/share/ament_index/resource_index/packages/controlko_controllers
[0.615s] -- Up-to-date: /home/gbb/rrbot_ws/install/controlko_controllers/share/ament_index/resource_index/controller_interface__pluginlib__plugin/controlko_controllers
[0.616s] -- Up-to-date: /home/gbb/rrbot_ws/install/controlko_controllers/share/controlko_controllers/cmake/ament_cmake_export_dependencies-extras.cmake
[0.616s] -- Up-to-date: /home/gbb/rrbot_ws/install/controlko_controllers/share/controlko_controllers/cmake/ament_cmake_export_include_directories-extras.cmake
[0.616s] -- Up-to-date: /home/gbb/rrbot_ws/install/controlko_controllers/share/controlko_controllers/cmake/ament_cmake_export_libraries-extras.cmake
[0.616s] -- Up-to-date: /home/gbb/rrbot_ws/install/controlko_controllers/share/controlko_controllers/cmake/controlko_controllersConfig.cmake
[0.617s] -- Up-to-date: /home/gbb/rrbot_ws/install/controlko_controllers/share/controlko_controllers/cmake/controlko_controllersConfig-version.cmake
[0.617s] -- Up-to-date: /home/gbb/rrbot_ws/install/controlko_controllers/share/controlko_controllers/package.xml
[0.681s] Invoked command in '/home/gbb/rrbot_ws/build/controlko_controllers' returned '0': CMAKE_PREFIX_PATH=/opt/ros/humble /usr/bin/cmake --install /home/gbb/rrbot_ws/build/controlko_controllers
