[0.096s] Invoking command in '/home/gbb/rrbot_ws/build/my_hardware_interface': CMAKE_PREFIX_PATH=/opt/ros/humble /usr/bin/cmake --build /home/gbb/rrbot_ws/build/my_hardware_interface -- -j8 -l8
[0.370s] [ 33%] Built target gmock
[0.384s] [ 55%] Built target my_hardware_interface
[0.398s] [ 77%] Built target gmock_main
[0.483s] [100%] Built target test_rrbot_hardware_interface
[0.990s] Invoked command in '/home/gbb/rrbot_ws/build/my_hardware_interface' returned '0': CMAKE_PREFIX_PATH=/opt/ros/humble /usr/bin/cmake --build /home/gbb/rrbot_ws/build/my_hardware_interface -- -j8 -l8
[0.992s] Invoking command in '/home/gbb/rrbot_ws/build/my_hardware_interface': CMAKE_PREFIX_PATH=/opt/ros/humble /usr/bin/cmake --install /home/gbb/rrbot_ws/build/my_hardware_interface
[1.074s] -- Install configuration: ""
[1.075s] -- Up-to-date: /home/gbb/rrbot_ws/install/my_hardware_interface/share/my_hardware_interface/my_hardware_interface.xml
[1.076s] -- Up-to-date: /home/gbb/rrbot_ws/install/my_hardware_interface/lib/libmy_hardware_interface.so
[1.076s] -- Up-to-date: /home/gbb/rrbot_ws/install/my_hardware_interface/include
[1.077s] -- Up-to-date: /home/gbb/rrbot_ws/install/my_hardware_interface/include/my_hardware_interface
[1.077s] -- Up-to-date: /home/gbb/rrbot_ws/install/my_hardware_interface/include/my_hardware_interface/rrbot_hardware_interface.hpp
[1.077s] -- Up-to-date: /home/gbb/rrbot_ws/install/my_hardware_interface/include/my_hardware_interface/visibility_control.h
[1.077s] -- Up-to-date: /home/gbb/rrbot_ws/install/my_hardware_interface/share/my_hardware_interface/environment/library_path.sh
[1.078s] -- Up-to-date: /home/gbb/rrbot_ws/install/my_hardware_interface/share/my_hardware_interface/environment/library_path.dsv
[1.078s] -- Up-to-date: /home/gbb/rrbot_ws/install/my_hardware_interface/share/ament_index/resource_index/package_run_dependencies/my_hardware_interface
[1.078s] -- Up-to-date: /home/gbb/rrbot_ws/install/my_hardware_interface/share/ament_index/resource_index/parent_prefix_path/my_hardware_interface
[1.078s] -- Up-to-date: /home/gbb/rrbot_ws/install/my_hardware_interface/share/my_hardware_interface/environment/ament_prefix_path.sh
[1.079s] -- Up-to-date: /home/gbb/rrbot_ws/install/my_hardware_interface/share/my_hardware_interface/environment/ament_prefix_path.dsv
[1.079s] -- Up-to-date: /home/gbb/rrbot_ws/install/my_hardware_interface/share/my_hardware_interface/environment/path.sh
[1.079s] -- Up-to-date: /home/gbb/rrbot_ws/install/my_hardware_interface/share/my_hardware_interface/environment/path.dsv
[1.079s] -- Up-to-date: /home/gbb/rrbot_ws/install/my_hardware_interface/share/my_hardware_interface/local_setup.bash
[1.080s] -- Up-to-date: /home/gbb/rrbot_ws/install/my_hardware_interface/share/my_hardware_interface/local_setup.sh
[1.080s] -- Up-to-date: /home/gbb/rrbot_ws/install/my_hardware_interface/share/my_hardware_interface/local_setup.zsh
[1.080s] -- Up-to-date: /home/gbb/rrbot_ws/install/my_hardware_interface/share/my_hardware_interface/local_setup.dsv
[1.080s] -- Installing: /home/gbb/rrbot_ws/install/my_hardware_interface/share/my_hardware_interface/package.dsv
[1.081s] -- Up-to-date: /home/gbb/rrbot_ws/install/my_hardware_interface/share/ament_index/resource_index/packages/my_hardware_interface
[1.081s] -- Up-to-date: /home/gbb/rrbot_ws/install/my_hardware_interface/share/ament_index/resource_index/hardware_interface__pluginlib__plugin/my_hardware_interface
[1.081s] -- Up-to-date: /home/gbb/rrbot_ws/install/my_hardware_interface/share/my_hardware_interface/cmake/ament_cmake_export_include_directories-extras.cmake
[1.081s] -- Up-to-date: /home/gbb/rrbot_ws/install/my_hardware_interface/share/my_hardware_interface/cmake/ament_cmake_export_libraries-extras.cmake
[1.081s] -- Up-to-date: /home/gbb/rrbot_ws/install/my_hardware_interface/share/my_hardware_interface/cmake/ament_cmake_export_dependencies-extras.cmake
[1.082s] -- Up-to-date: /home/gbb/rrbot_ws/install/my_hardware_interface/share/my_hardware_interface/cmake/my_hardware_interfaceConfig.cmake
[1.082s] -- Up-to-date: /home/gbb/rrbot_ws/install/my_hardware_interface/share/my_hardware_interface/cmake/my_hardware_interfaceConfig-version.cmake
[1.082s] -- Up-to-date: /home/gbb/rrbot_ws/install/my_hardware_interface/share/my_hardware_interface/package.xml
[1.164s] Invoked command in '/home/gbb/rrbot_ws/build/my_hardware_interface' returned '0': CMAKE_PREFIX_PATH=/opt/ros/humble /usr/bin/cmake --install /home/gbb/rrbot_ws/build/my_hardware_interface
