[0.201s] DEBUG:colcon:Command line arguments: ['/usr/bin/colcon', 'build']
[0.201s] DEBUG:colcon:Parsed command line arguments: Namespace(log_base=None, log_level=None, verb_name='build', build_base='build', install_base='install', merge_install=False, symlink_install=False, test_result_base=None, continue_on_error=False, executor='parallel', parallel_workers=8, event_handlers=None, ignore_user_meta=False, metas=['./colcon.meta'], base_paths=['.'], packages_ignore=None, packages_ignore_regex=None, paths=None, packages_up_to=None, packages_up_to_regex=None, packages_above=None, packages_above_and_dependencies=None, packages_above_depth=None, packages_select_by_dep=None, packages_skip_by_dep=None, packages_skip_up_to=None, packages_select_build_failed=False, packages_skip_build_finished=False, packages_select_test_failures=False, packages_skip_test_passed=False, packages_select=None, packages_skip=None, packages_select_regex=None, packages_skip_regex=None, packages_start=None, packages_end=None, allow_overriding=[], cmake_args=None, cmake_target=None, cmake_target_skip_unavailable=False, cmake_clean_cache=False, cmake_clean_first=False, cmake_force_configure=False, ament_cmake_args=None, catkin_cmake_args=None, catkin_skip_building_tests=False, verb_parser=<colcon_defaults.argument_parser.defaults.DefaultArgumentsDecorator object at 0x78343c850a00>, verb_extension=<colcon_core.verb.build.BuildVerb object at 0x78343c8504f0>, main=<bound method BuildVerb.main of <colcon_core.verb.build.BuildVerb object at 0x78343c8504f0>>)
[0.470s] Level 1:colcon.colcon_core.package_discovery:discover_packages(colcon_meta) check parameters
[0.470s] Level 1:colcon.colcon_core.package_discovery:discover_packages(recursive) check parameters
[0.470s] Level 1:colcon.colcon_core.package_discovery:discover_packages(ignore) check parameters
[0.470s] Level 1:colcon.colcon_core.package_discovery:discover_packages(path) check parameters
[0.470s] Level 1:colcon.colcon_core.package_discovery:discover_packages(colcon_meta) discover
[0.471s] Level 1:colcon.colcon_core.package_discovery:discover_packages(recursive) discover
[0.471s] INFO:colcon.colcon_core.package_discovery:Crawling recursively for packages in '/home/gbb/rrbot_ws'
[0.471s] Level 1:colcon.colcon_core.package_identification:_identify(.) by extensions ['ignore', 'ignore_ament_install']
[0.471s] Level 1:colcon.colcon_core.package_identification:_identify(.) by extension 'ignore'
[0.471s] Level 1:colcon.colcon_core.package_identification:_identify(.) by extension 'ignore_ament_install'
[0.471s] Level 1:colcon.colcon_core.package_identification:_identify(.) by extensions ['colcon_pkg']
[0.471s] Level 1:colcon.colcon_core.package_identification:_identify(.) by extension 'colcon_pkg'
[0.471s] Level 1:colcon.colcon_core.package_identification:_identify(.) by extensions ['colcon_meta']
[0.471s] Level 1:colcon.colcon_core.package_identification:_identify(.) by extension 'colcon_meta'
[0.471s] Level 1:colcon.colcon_core.package_identification:_identify(.) by extensions ['ros']
[0.471s] Level 1:colcon.colcon_core.package_identification:_identify(.) by extension 'ros'
[0.487s] Level 1:colcon.colcon_core.package_identification:_identify(.) by extensions ['cmake', 'python']
[0.487s] Level 1:colcon.colcon_core.package_identification:_identify(.) by extension 'cmake'
[0.487s] Level 1:colcon.colcon_core.package_identification:_identify(.) by extension 'python'
[0.487s] Level 1:colcon.colcon_core.package_identification:_identify(.) by extensions ['python_setup_py']
[0.487s] Level 1:colcon.colcon_core.package_identification:_identify(.) by extension 'python_setup_py'
[0.487s] Level 1:colcon.colcon_core.package_identification:_identify(build) by extensions ['ignore', 'ignore_ament_install']
[0.487s] Level 1:colcon.colcon_core.package_identification:_identify(build) by extension 'ignore'
[0.487s] Level 1:colcon.colcon_core.package_identification:_identify(build) ignored
[0.488s] Level 1:colcon.colcon_core.package_identification:_identify(install) by extensions ['ignore', 'ignore_ament_install']
[0.488s] Level 1:colcon.colcon_core.package_identification:_identify(install) by extension 'ignore'
[0.488s] Level 1:colcon.colcon_core.package_identification:_identify(install) ignored
[0.488s] Level 1:colcon.colcon_core.package_identification:_identify(log) by extensions ['ignore', 'ignore_ament_install']
[0.488s] Level 1:colcon.colcon_core.package_identification:_identify(log) by extension 'ignore'
[0.488s] Level 1:colcon.colcon_core.package_identification:_identify(log) ignored
[0.488s] Level 1:colcon.colcon_core.package_identification:_identify(src) by extensions ['ignore', 'ignore_ament_install']
[0.488s] Level 1:colcon.colcon_core.package_identification:_identify(src) by extension 'ignore'
[0.488s] Level 1:colcon.colcon_core.package_identification:_identify(src) by extension 'ignore_ament_install'
[0.488s] Level 1:colcon.colcon_core.package_identification:_identify(src) by extensions ['colcon_pkg']
[0.488s] Level 1:colcon.colcon_core.package_identification:_identify(src) by extension 'colcon_pkg'
[0.488s] Level 1:colcon.colcon_core.package_identification:_identify(src) by extensions ['colcon_meta']
[0.488s] Level 1:colcon.colcon_core.package_identification:_identify(src) by extension 'colcon_meta'
[0.488s] Level 1:colcon.colcon_core.package_identification:_identify(src) by extensions ['ros']
[0.488s] Level 1:colcon.colcon_core.package_identification:_identify(src) by extension 'ros'
[0.489s] Level 1:colcon.colcon_core.package_identification:_identify(src) by extensions ['cmake', 'python']
[0.489s] Level 1:colcon.colcon_core.package_identification:_identify(src) by extension 'cmake'
[0.489s] Level 1:colcon.colcon_core.package_identification:_identify(src) by extension 'python'
[0.489s] Level 1:colcon.colcon_core.package_identification:_identify(src) by extensions ['python_setup_py']
[0.489s] Level 1:colcon.colcon_core.package_identification:_identify(src) by extension 'python_setup_py'
[0.489s] Level 1:colcon.colcon_core.package_identification:_identify(src/controlko_bringup) by extensions ['ignore', 'ignore_ament_install']
[0.489s] Level 1:colcon.colcon_core.package_identification:_identify(src/controlko_bringup) by extension 'ignore'
[0.489s] Level 1:colcon.colcon_core.package_identification:_identify(src/controlko_bringup) by extension 'ignore_ament_install'
[0.489s] Level 1:colcon.colcon_core.package_identification:_identify(src/controlko_bringup) by extensions ['colcon_pkg']
[0.489s] Level 1:colcon.colcon_core.package_identification:_identify(src/controlko_bringup) by extension 'colcon_pkg'
[0.489s] Level 1:colcon.colcon_core.package_identification:_identify(src/controlko_bringup) by extensions ['colcon_meta']
[0.489s] Level 1:colcon.colcon_core.package_identification:_identify(src/controlko_bringup) by extension 'colcon_meta'
[0.489s] Level 1:colcon.colcon_core.package_identification:_identify(src/controlko_bringup) by extensions ['ros']
[0.489s] Level 1:colcon.colcon_core.package_identification:_identify(src/controlko_bringup) by extension 'ros'
[0.494s] DEBUG:colcon.colcon_core.package_identification:Package 'src/controlko_bringup' with type 'ros.ament_cmake' and name 'controlko_bringup'
[0.494s] Level 1:colcon.colcon_core.package_identification:_identify(src/controlko_controllers) by extensions ['ignore', 'ignore_ament_install']
[0.494s] Level 1:colcon.colcon_core.package_identification:_identify(src/controlko_controllers) by extension 'ignore'
[0.494s] Level 1:colcon.colcon_core.package_identification:_identify(src/controlko_controllers) by extension 'ignore_ament_install'
[0.494s] Level 1:colcon.colcon_core.package_identification:_identify(src/controlko_controllers) by extensions ['colcon_pkg']
[0.494s] Level 1:colcon.colcon_core.package_identification:_identify(src/controlko_controllers) by extension 'colcon_pkg'
[0.494s] Level 1:colcon.colcon_core.package_identification:_identify(src/controlko_controllers) by extensions ['colcon_meta']
[0.494s] Level 1:colcon.colcon_core.package_identification:_identify(src/controlko_controllers) by extension 'colcon_meta'
[0.494s] Level 1:colcon.colcon_core.package_identification:_identify(src/controlko_controllers) by extensions ['ros']
[0.494s] Level 1:colcon.colcon_core.package_identification:_identify(src/controlko_controllers) by extension 'ros'
[0.496s] DEBUG:colcon.colcon_core.package_identification:Package 'src/controlko_controllers' with type 'ros.ament_cmake' and name 'controlko_controllers'
[0.496s] Level 1:colcon.colcon_core.package_identification:_identify(src/controlko_description) by extensions ['ignore', 'ignore_ament_install']
[0.496s] Level 1:colcon.colcon_core.package_identification:_identify(src/controlko_description) by extension 'ignore'
[0.496s] Level 1:colcon.colcon_core.package_identification:_identify(src/controlko_description) by extension 'ignore_ament_install'
[0.496s] Level 1:colcon.colcon_core.package_identification:_identify(src/controlko_description) by extensions ['colcon_pkg']
[0.496s] Level 1:colcon.colcon_core.package_identification:_identify(src/controlko_description) by extension 'colcon_pkg'
[0.496s] Level 1:colcon.colcon_core.package_identification:_identify(src/controlko_description) by extensions ['colcon_meta']
[0.496s] Level 1:colcon.colcon_core.package_identification:_identify(src/controlko_description) by extension 'colcon_meta'
[0.496s] Level 1:colcon.colcon_core.package_identification:_identify(src/controlko_description) by extensions ['ros']
[0.496s] Level 1:colcon.colcon_core.package_identification:_identify(src/controlko_description) by extension 'ros'
[0.497s] DEBUG:colcon.colcon_core.package_identification:Package 'src/controlko_description' with type 'ros.ament_cmake' and name 'controlko_description'
[0.497s] Level 1:colcon.colcon_core.package_identification:_identify(src/controlko_hardware_interface) by extensions ['ignore', 'ignore_ament_install']
[0.498s] Level 1:colcon.colcon_core.package_identification:_identify(src/controlko_hardware_interface) by extension 'ignore'
[0.498s] Level 1:colcon.colcon_core.package_identification:_identify(src/controlko_hardware_interface) by extension 'ignore_ament_install'
[0.498s] Level 1:colcon.colcon_core.package_identification:_identify(src/controlko_hardware_interface) by extensions ['colcon_pkg']
[0.498s] Level 1:colcon.colcon_core.package_identification:_identify(src/controlko_hardware_interface) by extension 'colcon_pkg'
[0.498s] Level 1:colcon.colcon_core.package_identification:_identify(src/controlko_hardware_interface) by extensions ['colcon_meta']
[0.498s] Level 1:colcon.colcon_core.package_identification:_identify(src/controlko_hardware_interface) by extension 'colcon_meta'
[0.498s] Level 1:colcon.colcon_core.package_identification:_identify(src/controlko_hardware_interface) by extensions ['ros']
[0.498s] Level 1:colcon.colcon_core.package_identification:_identify(src/controlko_hardware_interface) by extension 'ros'
[0.499s] DEBUG:colcon.colcon_core.package_identification:Package 'src/controlko_hardware_interface' with type 'ros.ament_cmake' and name 'controlko_hardware_interface'
[0.499s] Level 1:colcon.colcon_core.package_identification:_identify(src/my_hardware_interface) by extensions ['ignore', 'ignore_ament_install']
[0.500s] Level 1:colcon.colcon_core.package_identification:_identify(src/my_hardware_interface) by extension 'ignore'
[0.500s] Level 1:colcon.colcon_core.package_identification:_identify(src/my_hardware_interface) by extension 'ignore_ament_install'
[0.500s] Level 1:colcon.colcon_core.package_identification:_identify(src/my_hardware_interface) by extensions ['colcon_pkg']
[0.500s] Level 1:colcon.colcon_core.package_identification:_identify(src/my_hardware_interface) by extension 'colcon_pkg'
[0.500s] Level 1:colcon.colcon_core.package_identification:_identify(src/my_hardware_interface) by extensions ['colcon_meta']
[0.500s] Level 1:colcon.colcon_core.package_identification:_identify(src/my_hardware_interface) by extension 'colcon_meta'
[0.500s] Level 1:colcon.colcon_core.package_identification:_identify(src/my_hardware_interface) by extensions ['ros']
[0.500s] Level 1:colcon.colcon_core.package_identification:_identify(src/my_hardware_interface) by extension 'ros'
[0.501s] DEBUG:colcon.colcon_core.package_identification:Package 'src/my_hardware_interface' with type 'ros.ament_cmake' and name 'my_hardware_interface'
[0.501s] Level 1:colcon.colcon_core.package_identification:_identify(src/roscon2022_control_workshop) by extensions ['ignore', 'ignore_ament_install']
[0.501s] Level 1:colcon.colcon_core.package_identification:_identify(src/roscon2022_control_workshop) by extension 'ignore'
[0.501s] Level 1:colcon.colcon_core.package_identification:_identify(src/roscon2022_control_workshop) by extension 'ignore_ament_install'
[0.502s] Level 1:colcon.colcon_core.package_identification:_identify(src/roscon2022_control_workshop) by extensions ['colcon_pkg']
[0.502s] Level 1:colcon.colcon_core.package_identification:_identify(src/roscon2022_control_workshop) by extension 'colcon_pkg'
[0.502s] Level 1:colcon.colcon_core.package_identification:_identify(src/roscon2022_control_workshop) by extensions ['colcon_meta']
[0.502s] Level 1:colcon.colcon_core.package_identification:_identify(src/roscon2022_control_workshop) by extension 'colcon_meta'
[0.502s] Level 1:colcon.colcon_core.package_identification:_identify(src/roscon2022_control_workshop) by extensions ['ros']
[0.502s] Level 1:colcon.colcon_core.package_identification:_identify(src/roscon2022_control_workshop) by extension 'ros'
[0.503s] DEBUG:colcon.colcon_core.package_identification:Package 'src/roscon2022_control_workshop' with type 'ros.ament_cmake' and name 'roscon2022_control_workshop'
[0.503s] Level 1:colcon.colcon_core.package_discovery:discover_packages(recursive) using defaults
[0.503s] Level 1:colcon.colcon_core.package_discovery:discover_packages(ignore) discover
[0.503s] Level 1:colcon.colcon_core.package_discovery:discover_packages(ignore) using defaults
[0.503s] Level 1:colcon.colcon_core.package_discovery:discover_packages(path) discover
[0.503s] Level 1:colcon.colcon_core.package_discovery:discover_packages(path) using defaults
[0.549s] Level 1:colcon.colcon_core.package_discovery:discover_packages(prefix_path) check parameters
[0.549s] Level 1:colcon.colcon_core.package_discovery:discover_packages(prefix_path) discover
[0.554s] DEBUG:colcon.colcon_installed_package_information.package_discovery:Found 371 installed packages in /opt/ros/humble
[0.555s] Level 1:colcon.colcon_core.package_discovery:discover_packages(prefix_path) using defaults
[0.604s] Level 5:colcon.colcon_core.verb:set package 'controlko_controllers' build argument 'cmake_args' from command line to 'None'
[0.605s] Level 5:colcon.colcon_core.verb:set package 'controlko_controllers' build argument 'cmake_target' from command line to 'None'
[0.605s] Level 5:colcon.colcon_core.verb:set package 'controlko_controllers' build argument 'cmake_target_skip_unavailable' from command line to 'False'
[0.605s] Level 5:colcon.colcon_core.verb:set package 'controlko_controllers' build argument 'cmake_clean_cache' from command line to 'False'
[0.605s] Level 5:colcon.colcon_core.verb:set package 'controlko_controllers' build argument 'cmake_clean_first' from command line to 'False'
[0.605s] Level 5:colcon.colcon_core.verb:set package 'controlko_controllers' build argument 'cmake_force_configure' from command line to 'False'
[0.605s] Level 5:colcon.colcon_core.verb:set package 'controlko_controllers' build argument 'ament_cmake_args' from command line to 'None'
[0.605s] Level 5:colcon.colcon_core.verb:set package 'controlko_controllers' build argument 'catkin_cmake_args' from command line to 'None'
[0.605s] Level 5:colcon.colcon_core.verb:set package 'controlko_controllers' build argument 'catkin_skip_building_tests' from command line to 'False'
[0.605s] DEBUG:colcon.colcon_core.verb:Building package 'controlko_controllers' with the following arguments: {'ament_cmake_args': None, 'build_base': '/home/gbb/rrbot_ws/build/controlko_controllers', 'catkin_cmake_args': None, 'catkin_skip_building_tests': False, 'cmake_args': None, 'cmake_clean_cache': False, 'cmake_clean_first': False, 'cmake_force_configure': False, 'cmake_target': None, 'cmake_target_skip_unavailable': False, 'install_base': '/home/gbb/rrbot_ws/install/controlko_controllers', 'merge_install': False, 'path': '/home/gbb/rrbot_ws/src/controlko_controllers', 'symlink_install': False, 'test_result_base': None}
[0.605s] Level 5:colcon.colcon_core.verb:set package 'controlko_description' build argument 'cmake_args' from command line to 'None'
[0.605s] Level 5:colcon.colcon_core.verb:set package 'controlko_description' build argument 'cmake_target' from command line to 'None'
[0.605s] Level 5:colcon.colcon_core.verb:set package 'controlko_description' build argument 'cmake_target_skip_unavailable' from command line to 'False'
[0.605s] Level 5:colcon.colcon_core.verb:set package 'controlko_description' build argument 'cmake_clean_cache' from command line to 'False'
[0.605s] Level 5:colcon.colcon_core.verb:set package 'controlko_description' build argument 'cmake_clean_first' from command line to 'False'
[0.605s] Level 5:colcon.colcon_core.verb:set package 'controlko_description' build argument 'cmake_force_configure' from command line to 'False'
[0.605s] Level 5:colcon.colcon_core.verb:set package 'controlko_description' build argument 'ament_cmake_args' from command line to 'None'
[0.605s] Level 5:colcon.colcon_core.verb:set package 'controlko_description' build argument 'catkin_cmake_args' from command line to 'None'
[0.605s] Level 5:colcon.colcon_core.verb:set package 'controlko_description' build argument 'catkin_skip_building_tests' from command line to 'False'
[0.606s] DEBUG:colcon.colcon_core.verb:Building package 'controlko_description' with the following arguments: {'ament_cmake_args': None, 'build_base': '/home/gbb/rrbot_ws/build/controlko_description', 'catkin_cmake_args': None, 'catkin_skip_building_tests': False, 'cmake_args': None, 'cmake_clean_cache': False, 'cmake_clean_first': False, 'cmake_force_configure': False, 'cmake_target': None, 'cmake_target_skip_unavailable': False, 'install_base': '/home/gbb/rrbot_ws/install/controlko_description', 'merge_install': False, 'path': '/home/gbb/rrbot_ws/src/controlko_description', 'symlink_install': False, 'test_result_base': None}
[0.606s] Level 5:colcon.colcon_core.verb:set package 'controlko_hardware_interface' build argument 'cmake_args' from command line to 'None'
[0.606s] Level 5:colcon.colcon_core.verb:set package 'controlko_hardware_interface' build argument 'cmake_target' from command line to 'None'
[0.606s] Level 5:colcon.colcon_core.verb:set package 'controlko_hardware_interface' build argument 'cmake_target_skip_unavailable' from command line to 'False'
[0.606s] Level 5:colcon.colcon_core.verb:set package 'controlko_hardware_interface' build argument 'cmake_clean_cache' from command line to 'False'
[0.606s] Level 5:colcon.colcon_core.verb:set package 'controlko_hardware_interface' build argument 'cmake_clean_first' from command line to 'False'
[0.606s] Level 5:colcon.colcon_core.verb:set package 'controlko_hardware_interface' build argument 'cmake_force_configure' from command line to 'False'
[0.606s] Level 5:colcon.colcon_core.verb:set package 'controlko_hardware_interface' build argument 'ament_cmake_args' from command line to 'None'
[0.606s] Level 5:colcon.colcon_core.verb:set package 'controlko_hardware_interface' build argument 'catkin_cmake_args' from command line to 'None'
[0.606s] Level 5:colcon.colcon_core.verb:set package 'controlko_hardware_interface' build argument 'catkin_skip_building_tests' from command line to 'False'
[0.606s] DEBUG:colcon.colcon_core.verb:Building package 'controlko_hardware_interface' with the following arguments: {'ament_cmake_args': None, 'build_base': '/home/gbb/rrbot_ws/build/controlko_hardware_interface', 'catkin_cmake_args': None, 'catkin_skip_building_tests': False, 'cmake_args': None, 'cmake_clean_cache': False, 'cmake_clean_first': False, 'cmake_force_configure': False, 'cmake_target': None, 'cmake_target_skip_unavailable': False, 'install_base': '/home/gbb/rrbot_ws/install/controlko_hardware_interface', 'merge_install': False, 'path': '/home/gbb/rrbot_ws/src/controlko_hardware_interface', 'symlink_install': False, 'test_result_base': None}
[0.607s] Level 5:colcon.colcon_core.verb:set package 'my_hardware_interface' build argument 'cmake_args' from command line to 'None'
[0.607s] Level 5:colcon.colcon_core.verb:set package 'my_hardware_interface' build argument 'cmake_target' from command line to 'None'
[0.607s] Level 5:colcon.colcon_core.verb:set package 'my_hardware_interface' build argument 'cmake_target_skip_unavailable' from command line to 'False'
[0.607s] Level 5:colcon.colcon_core.verb:set package 'my_hardware_interface' build argument 'cmake_clean_cache' from command line to 'False'
[0.607s] Level 5:colcon.colcon_core.verb:set package 'my_hardware_interface' build argument 'cmake_clean_first' from command line to 'False'
[0.607s] Level 5:colcon.colcon_core.verb:set package 'my_hardware_interface' build argument 'cmake_force_configure' from command line to 'False'
[0.607s] Level 5:colcon.colcon_core.verb:set package 'my_hardware_interface' build argument 'ament_cmake_args' from command line to 'None'
[0.607s] Level 5:colcon.colcon_core.verb:set package 'my_hardware_interface' build argument 'catkin_cmake_args' from command line to 'None'
[0.607s] Level 5:colcon.colcon_core.verb:set package 'my_hardware_interface' build argument 'catkin_skip_building_tests' from command line to 'False'
[0.607s] DEBUG:colcon.colcon_core.verb:Building package 'my_hardware_interface' with the following arguments: {'ament_cmake_args': None, 'build_base': '/home/gbb/rrbot_ws/build/my_hardware_interface', 'catkin_cmake_args': None, 'catkin_skip_building_tests': False, 'cmake_args': None, 'cmake_clean_cache': False, 'cmake_clean_first': False, 'cmake_force_configure': False, 'cmake_target': None, 'cmake_target_skip_unavailable': False, 'install_base': '/home/gbb/rrbot_ws/install/my_hardware_interface', 'merge_install': False, 'path': '/home/gbb/rrbot_ws/src/my_hardware_interface', 'symlink_install': False, 'test_result_base': None}
[0.607s] Level 5:colcon.colcon_core.verb:set package 'roscon2022_control_workshop' build argument 'cmake_args' from command line to 'None'
[0.607s] Level 5:colcon.colcon_core.verb:set package 'roscon2022_control_workshop' build argument 'cmake_target' from command line to 'None'
[0.607s] Level 5:colcon.colcon_core.verb:set package 'roscon2022_control_workshop' build argument 'cmake_target_skip_unavailable' from command line to 'False'
[0.607s] Level 5:colcon.colcon_core.verb:set package 'roscon2022_control_workshop' build argument 'cmake_clean_cache' from command line to 'False'
[0.607s] Level 5:colcon.colcon_core.verb:set package 'roscon2022_control_workshop' build argument 'cmake_clean_first' from command line to 'False'
[0.607s] Level 5:colcon.colcon_core.verb:set package 'roscon2022_control_workshop' build argument 'cmake_force_configure' from command line to 'False'
[0.607s] Level 5:colcon.colcon_core.verb:set package 'roscon2022_control_workshop' build argument 'ament_cmake_args' from command line to 'None'
[0.607s] Level 5:colcon.colcon_core.verb:set package 'roscon2022_control_workshop' build argument 'catkin_cmake_args' from command line to 'None'
[0.607s] Level 5:colcon.colcon_core.verb:set package 'roscon2022_control_workshop' build argument 'catkin_skip_building_tests' from command line to 'False'
[0.607s] DEBUG:colcon.colcon_core.verb:Building package 'roscon2022_control_workshop' with the following arguments: {'ament_cmake_args': None, 'build_base': '/home/gbb/rrbot_ws/build/roscon2022_control_workshop', 'catkin_cmake_args': None, 'catkin_skip_building_tests': False, 'cmake_args': None, 'cmake_clean_cache': False, 'cmake_clean_first': False, 'cmake_force_configure': False, 'cmake_target': None, 'cmake_target_skip_unavailable': False, 'install_base': '/home/gbb/rrbot_ws/install/roscon2022_control_workshop', 'merge_install': False, 'path': '/home/gbb/rrbot_ws/src/roscon2022_control_workshop', 'symlink_install': False, 'test_result_base': None}
[0.608s] Level 5:colcon.colcon_core.verb:set package 'controlko_bringup' build argument 'cmake_args' from command line to 'None'
[0.608s] Level 5:colcon.colcon_core.verb:set package 'controlko_bringup' build argument 'cmake_target' from command line to 'None'
[0.608s] Level 5:colcon.colcon_core.verb:set package 'controlko_bringup' build argument 'cmake_target_skip_unavailable' from command line to 'False'
[0.608s] Level 5:colcon.colcon_core.verb:set package 'controlko_bringup' build argument 'cmake_clean_cache' from command line to 'False'
[0.608s] Level 5:colcon.colcon_core.verb:set package 'controlko_bringup' build argument 'cmake_clean_first' from command line to 'False'
[0.608s] Level 5:colcon.colcon_core.verb:set package 'controlko_bringup' build argument 'cmake_force_configure' from command line to 'False'
[0.608s] Level 5:colcon.colcon_core.verb:set package 'controlko_bringup' build argument 'ament_cmake_args' from command line to 'None'
[0.608s] Level 5:colcon.colcon_core.verb:set package 'controlko_bringup' build argument 'catkin_cmake_args' from command line to 'None'
[0.608s] Level 5:colcon.colcon_core.verb:set package 'controlko_bringup' build argument 'catkin_skip_building_tests' from command line to 'False'
[0.608s] DEBUG:colcon.colcon_core.verb:Building package 'controlko_bringup' with the following arguments: {'ament_cmake_args': None, 'build_base': '/home/gbb/rrbot_ws/build/controlko_bringup', 'catkin_cmake_args': None, 'catkin_skip_building_tests': False, 'cmake_args': None, 'cmake_clean_cache': False, 'cmake_clean_first': False, 'cmake_force_configure': False, 'cmake_target': None, 'cmake_target_skip_unavailable': False, 'install_base': '/home/gbb/rrbot_ws/install/controlko_bringup', 'merge_install': False, 'path': '/home/gbb/rrbot_ws/src/controlko_bringup', 'symlink_install': False, 'test_result_base': None}
[0.608s] INFO:colcon.colcon_core.executor:Executing jobs using 'parallel' executor
[0.609s] DEBUG:colcon.colcon_parallel_executor.executor.parallel:run_until_complete
[0.609s] INFO:colcon.colcon_ros.task.ament_cmake.build:Building ROS package in '/home/gbb/rrbot_ws/src/controlko_description' with build type 'ament_cmake'
[0.610s] INFO:colcon.colcon_cmake.task.cmake.build:Building CMake package in '/home/gbb/rrbot_ws/src/controlko_description'
[0.617s] INFO:colcon.colcon_core.plugin_system:Skipping extension 'colcon_core.shell.bat': Not used on non-Windows systems
[0.617s] INFO:colcon.colcon_core.shell:Skip shell extension 'powershell' for command environment: Not usable outside of PowerShell
[0.617s] DEBUG:colcon.colcon_core.shell:Skip shell extension 'dsv' for command environment
[0.622s] INFO:colcon.colcon_ros.task.ament_cmake.build:Building ROS package in '/home/gbb/rrbot_ws/src/controlko_controllers' with build type 'ament_cmake'
[0.622s] INFO:colcon.colcon_cmake.task.cmake.build:Building CMake package in '/home/gbb/rrbot_ws/src/controlko_controllers'
[0.622s] INFO:colcon.colcon_core.shell:Skip shell extension 'powershell' for command environment: Not usable outside of PowerShell
[0.622s] DEBUG:colcon.colcon_core.shell:Skip shell extension 'dsv' for command environment
[0.627s] INFO:colcon.colcon_ros.task.ament_cmake.build:Building ROS package in '/home/gbb/rrbot_ws/src/controlko_hardware_interface' with build type 'ament_cmake'
[0.627s] INFO:colcon.colcon_cmake.task.cmake.build:Building CMake package in '/home/gbb/rrbot_ws/src/controlko_hardware_interface'
[0.628s] INFO:colcon.colcon_core.shell:Skip shell extension 'powershell' for command environment: Not usable outside of PowerShell
[0.628s] DEBUG:colcon.colcon_core.shell:Skip shell extension 'dsv' for command environment
[0.634s] INFO:colcon.colcon_ros.task.ament_cmake.build:Building ROS package in '/home/gbb/rrbot_ws/src/my_hardware_interface' with build type 'ament_cmake'
[0.634s] INFO:colcon.colcon_cmake.task.cmake.build:Building CMake package in '/home/gbb/rrbot_ws/src/my_hardware_interface'
[0.635s] INFO:colcon.colcon_core.shell:Skip shell extension 'powershell' for command environment: Not usable outside of PowerShell
[0.635s] DEBUG:colcon.colcon_core.shell:Skip shell extension 'dsv' for command environment
[0.640s] INFO:colcon.colcon_ros.task.ament_cmake.build:Building ROS package in '/home/gbb/rrbot_ws/src/roscon2022_control_workshop' with build type 'ament_cmake'
[0.641s] INFO:colcon.colcon_cmake.task.cmake.build:Building CMake package in '/home/gbb/rrbot_ws/src/roscon2022_control_workshop'
[0.641s] INFO:colcon.colcon_core.shell:Skip shell extension 'powershell' for command environment: Not usable outside of PowerShell
[0.641s] DEBUG:colcon.colcon_core.shell:Skip shell extension 'dsv' for command environment
[0.652s] DEBUG:colcon.colcon_core.event_handler.log_command:Invoking command in '/home/gbb/rrbot_ws/build/controlko_description': CMAKE_PREFIX_PATH=/opt/ros/humble /usr/bin/cmake --build /home/gbb/rrbot_ws/build/controlko_description -- -j8 -l8
[0.668s] DEBUG:colcon.colcon_core.event_handler.log_command:Invoking command in '/home/gbb/rrbot_ws/build/controlko_controllers': CMAKE_PREFIX_PATH=/opt/ros/humble /usr/bin/cmake --build /home/gbb/rrbot_ws/build/controlko_controllers -- -j8 -l8
[0.673s] DEBUG:colcon.colcon_core.event_handler.log_command:Invoking command in '/home/gbb/rrbot_ws/build/controlko_hardware_interface': CMAKE_PREFIX_PATH=/opt/ros/humble /usr/bin/cmake --build /home/gbb/rrbot_ws/build/controlko_hardware_interface -- -j8 -l8
[0.675s] DEBUG:colcon.colcon_core.event_handler.log_command:Invoking command in '/home/gbb/rrbot_ws/build/my_hardware_interface': CMAKE_PREFIX_PATH=/opt/ros/humble /usr/bin/cmake /home/gbb/rrbot_ws/src/my_hardware_interface -DCMAKE_INSTALL_PREFIX=/home/gbb/rrbot_ws/install/my_hardware_interface
[0.691s] DEBUG:colcon.colcon_core.event_handler.log_command:Invoking command in '/home/gbb/rrbot_ws/build/roscon2022_control_workshop': CMAKE_PREFIX_PATH=/opt/ros/humble /usr/bin/cmake --build /home/gbb/rrbot_ws/build/roscon2022_control_workshop -- -j8 -l8
[0.795s] DEBUG:colcon.colcon_core.event_handler.log_command:Invoked command in '/home/gbb/rrbot_ws/build/roscon2022_control_workshop' returned '0': CMAKE_PREFIX_PATH=/opt/ros/humble /usr/bin/cmake --build /home/gbb/rrbot_ws/build/roscon2022_control_workshop -- -j8 -l8
[0.818s] DEBUG:colcon.colcon_core.event_handler.log_command:Invoking command in '/home/gbb/rrbot_ws/build/roscon2022_control_workshop': CMAKE_PREFIX_PATH=/opt/ros/humble /usr/bin/cmake --install /home/gbb/rrbot_ws/build/roscon2022_control_workshop
[0.825s] DEBUG:colcon.colcon_core.event_handler.log_command:Invoked command in '/home/gbb/rrbot_ws/build/controlko_description' returned '0': CMAKE_PREFIX_PATH=/opt/ros/humble /usr/bin/cmake --build /home/gbb/rrbot_ws/build/controlko_description -- -j8 -l8
[0.836s] DEBUG:colcon.colcon_core.event_handler.log_command:Invoking command in '/home/gbb/rrbot_ws/build/controlko_description': CMAKE_PREFIX_PATH=/opt/ros/humble /usr/bin/cmake --install /home/gbb/rrbot_ws/build/controlko_description
[0.852s] Level 1:colcon.colcon_core.environment:create_environment_scripts_only(roscon2022_control_workshop)
[0.857s] DEBUG:colcon.colcon_core.event_handler.log_command:Invoked command in '/home/gbb/rrbot_ws/build/roscon2022_control_workshop' returned '0': CMAKE_PREFIX_PATH=/opt/ros/humble /usr/bin/cmake --install /home/gbb/rrbot_ws/build/roscon2022_control_workshop
[0.882s] Level 1:colcon.colcon_core.environment:checking '/home/gbb/rrbot_ws/install/roscon2022_control_workshop' for CMake module files
[0.884s] Level 1:colcon.colcon_core.environment:checking '/home/gbb/rrbot_ws/install/roscon2022_control_workshop' for CMake config files
[0.884s] Level 1:colcon.colcon_core.shell:create_environment_hook('roscon2022_control_workshop', 'cmake_prefix_path')
[0.884s] INFO:colcon.colcon_core.shell:Creating environment hook '/home/gbb/rrbot_ws/install/roscon2022_control_workshop/share/roscon2022_control_workshop/hook/cmake_prefix_path.ps1'
[0.886s] INFO:colcon.colcon_core.shell:Creating environment descriptor '/home/gbb/rrbot_ws/install/roscon2022_control_workshop/share/roscon2022_control_workshop/hook/cmake_prefix_path.dsv'
[0.887s] INFO:colcon.colcon_core.shell:Creating environment hook '/home/gbb/rrbot_ws/install/roscon2022_control_workshop/share/roscon2022_control_workshop/hook/cmake_prefix_path.sh'
[0.890s] Level 1:colcon.colcon_core.environment:checking '/home/gbb/rrbot_ws/install/roscon2022_control_workshop/bin'
[0.890s] Level 1:colcon.colcon_core.environment:checking '/home/gbb/rrbot_ws/install/roscon2022_control_workshop/lib/pkgconfig/roscon2022_control_workshop.pc'
[0.891s] Level 1:colcon.colcon_core.environment:checking '/home/gbb/rrbot_ws/install/roscon2022_control_workshop/lib/python3.10/site-packages'
[0.891s] Level 1:colcon.colcon_core.environment:checking '/home/gbb/rrbot_ws/install/roscon2022_control_workshop/bin'
[0.892s] INFO:colcon.colcon_core.shell:Creating package script '/home/gbb/rrbot_ws/install/roscon2022_control_workshop/share/roscon2022_control_workshop/package.ps1'
[0.895s] INFO:colcon.colcon_core.shell:Creating package descriptor '/home/gbb/rrbot_ws/install/roscon2022_control_workshop/share/roscon2022_control_workshop/package.dsv'
[0.896s] INFO:colcon.colcon_core.shell:Creating package script '/home/gbb/rrbot_ws/install/roscon2022_control_workshop/share/roscon2022_control_workshop/package.sh'
[0.898s] INFO:colcon.colcon_core.shell:Creating package script '/home/gbb/rrbot_ws/install/roscon2022_control_workshop/share/roscon2022_control_workshop/package.bash'
[0.901s] INFO:colcon.colcon_core.shell:Creating package script '/home/gbb/rrbot_ws/install/roscon2022_control_workshop/share/roscon2022_control_workshop/package.zsh'
[0.908s] Level 1:colcon.colcon_core.environment:create_file_with_runtime_dependencies(/home/gbb/rrbot_ws/install/roscon2022_control_workshop/share/colcon-core/packages/roscon2022_control_workshop)
[0.913s] Level 1:colcon.colcon_core.environment:create_environment_scripts_only(roscon2022_control_workshop)
[0.914s] Level 1:colcon.colcon_core.environment:checking '/home/gbb/rrbot_ws/install/roscon2022_control_workshop' for CMake module files
[0.917s] Level 1:colcon.colcon_core.environment:checking '/home/gbb/rrbot_ws/install/roscon2022_control_workshop' for CMake config files
[0.918s] Level 1:colcon.colcon_core.shell:create_environment_hook('roscon2022_control_workshop', 'cmake_prefix_path')
[0.923s] INFO:colcon.colcon_core.shell:Creating environment hook '/home/gbb/rrbot_ws/install/roscon2022_control_workshop/share/roscon2022_control_workshop/hook/cmake_prefix_path.ps1'
[0.933s] INFO:colcon.colcon_core.shell:Creating environment descriptor '/home/gbb/rrbot_ws/install/roscon2022_control_workshop/share/roscon2022_control_workshop/hook/cmake_prefix_path.dsv'
[0.935s] INFO:colcon.colcon_core.shell:Creating environment hook '/home/gbb/rrbot_ws/install/roscon2022_control_workshop/share/roscon2022_control_workshop/hook/cmake_prefix_path.sh'
[0.937s] Level 1:colcon.colcon_core.environment:checking '/home/gbb/rrbot_ws/install/roscon2022_control_workshop/bin'
[0.939s] Level 1:colcon.colcon_core.environment:checking '/home/gbb/rrbot_ws/install/roscon2022_control_workshop/lib/pkgconfig/roscon2022_control_workshop.pc'
[0.940s] Level 1:colcon.colcon_core.environment:checking '/home/gbb/rrbot_ws/install/roscon2022_control_workshop/lib/python3.10/site-packages'
[0.940s] Level 1:colcon.colcon_core.environment:checking '/home/gbb/rrbot_ws/install/roscon2022_control_workshop/bin'
[0.941s] INFO:colcon.colcon_core.shell:Creating package script '/home/gbb/rrbot_ws/install/roscon2022_control_workshop/share/roscon2022_control_workshop/package.ps1'
[0.942s] INFO:colcon.colcon_core.shell:Creating package descriptor '/home/gbb/rrbot_ws/install/roscon2022_control_workshop/share/roscon2022_control_workshop/package.dsv'
[0.944s] INFO:colcon.colcon_core.shell:Creating package script '/home/gbb/rrbot_ws/install/roscon2022_control_workshop/share/roscon2022_control_workshop/package.sh'
[0.946s] INFO:colcon.colcon_core.shell:Creating package script '/home/gbb/rrbot_ws/install/roscon2022_control_workshop/share/roscon2022_control_workshop/package.bash'
[0.947s] INFO:colcon.colcon_core.shell:Creating package script '/home/gbb/rrbot_ws/install/roscon2022_control_workshop/share/roscon2022_control_workshop/package.zsh'
[0.948s] Level 1:colcon.colcon_core.environment:create_file_with_runtime_dependencies(/home/gbb/rrbot_ws/install/roscon2022_control_workshop/share/colcon-core/packages/roscon2022_control_workshop)
[0.953s] Level 1:colcon.colcon_core.environment:create_environment_scripts_only(controlko_description)
[0.953s] Level 1:colcon.colcon_core.environment:checking '/home/gbb/rrbot_ws/install/controlko_description' for CMake module files
[0.954s] Level 1:colcon.colcon_core.environment:checking '/home/gbb/rrbot_ws/install/controlko_description' for CMake config files
[0.955s] Level 1:colcon.colcon_core.shell:create_environment_hook('controlko_description', 'cmake_prefix_path')
[0.955s] INFO:colcon.colcon_core.shell:Creating environment hook '/home/gbb/rrbot_ws/install/controlko_description/share/controlko_description/hook/cmake_prefix_path.ps1'
[0.957s] DEBUG:colcon.colcon_core.event_handler.log_command:Invoked command in '/home/gbb/rrbot_ws/build/controlko_description' returned '0': CMAKE_PREFIX_PATH=/opt/ros/humble /usr/bin/cmake --install /home/gbb/rrbot_ws/build/controlko_description
[0.958s] INFO:colcon.colcon_core.shell:Creating environment descriptor '/home/gbb/rrbot_ws/install/controlko_description/share/controlko_description/hook/cmake_prefix_path.dsv'
[0.959s] INFO:colcon.colcon_core.shell:Creating environment hook '/home/gbb/rrbot_ws/install/controlko_description/share/controlko_description/hook/cmake_prefix_path.sh'
[0.960s] Level 1:colcon.colcon_core.environment:checking '/home/gbb/rrbot_ws/install/controlko_description/bin'
[0.961s] Level 1:colcon.colcon_core.environment:checking '/home/gbb/rrbot_ws/install/controlko_description/lib/pkgconfig/controlko_description.pc'
[0.961s] Level 1:colcon.colcon_core.environment:checking '/home/gbb/rrbot_ws/install/controlko_description/lib/python3.10/site-packages'
[0.962s] Level 1:colcon.colcon_core.environment:checking '/home/gbb/rrbot_ws/install/controlko_description/bin'
[0.963s] INFO:colcon.colcon_core.shell:Creating package script '/home/gbb/rrbot_ws/install/controlko_description/share/controlko_description/package.ps1'
[0.964s] INFO:colcon.colcon_core.shell:Creating package descriptor '/home/gbb/rrbot_ws/install/controlko_description/share/controlko_description/package.dsv'
[0.965s] INFO:colcon.colcon_core.shell:Creating package script '/home/gbb/rrbot_ws/install/controlko_description/share/controlko_description/package.sh'
[0.966s] INFO:colcon.colcon_core.shell:Creating package script '/home/gbb/rrbot_ws/install/controlko_description/share/controlko_description/package.bash'
[0.968s] INFO:colcon.colcon_core.shell:Creating package script '/home/gbb/rrbot_ws/install/controlko_description/share/controlko_description/package.zsh'
[0.969s] Level 1:colcon.colcon_core.environment:create_file_with_runtime_dependencies(/home/gbb/rrbot_ws/install/controlko_description/share/colcon-core/packages/controlko_description)
[0.970s] Level 1:colcon.colcon_core.environment:create_environment_scripts_only(controlko_description)
[0.970s] Level 1:colcon.colcon_core.environment:checking '/home/gbb/rrbot_ws/install/controlko_description' for CMake module files
[0.971s] Level 1:colcon.colcon_core.environment:checking '/home/gbb/rrbot_ws/install/controlko_description' for CMake config files
[0.972s] Level 1:colcon.colcon_core.shell:create_environment_hook('controlko_description', 'cmake_prefix_path')
[0.972s] INFO:colcon.colcon_core.shell:Creating environment hook '/home/gbb/rrbot_ws/install/controlko_description/share/controlko_description/hook/cmake_prefix_path.ps1'
[0.974s] INFO:colcon.colcon_core.shell:Creating environment descriptor '/home/gbb/rrbot_ws/install/controlko_description/share/controlko_description/hook/cmake_prefix_path.dsv'
[0.975s] INFO:colcon.colcon_core.shell:Creating environment hook '/home/gbb/rrbot_ws/install/controlko_description/share/controlko_description/hook/cmake_prefix_path.sh'
[0.976s] Level 1:colcon.colcon_core.environment:checking '/home/gbb/rrbot_ws/install/controlko_description/bin'
[0.977s] Level 1:colcon.colcon_core.environment:checking '/home/gbb/rrbot_ws/install/controlko_description/lib/pkgconfig/controlko_description.pc'
[0.977s] Level 1:colcon.colcon_core.environment:checking '/home/gbb/rrbot_ws/install/controlko_description/lib/python3.10/site-packages'
[0.977s] Level 1:colcon.colcon_core.environment:checking '/home/gbb/rrbot_ws/install/controlko_description/bin'
[0.978s] INFO:colcon.colcon_core.shell:Creating package script '/home/gbb/rrbot_ws/install/controlko_description/share/controlko_description/package.ps1'
[0.981s] INFO:colcon.colcon_core.shell:Creating package descriptor '/home/gbb/rrbot_ws/install/controlko_description/share/controlko_description/package.dsv'
[0.983s] INFO:colcon.colcon_core.shell:Creating package script '/home/gbb/rrbot_ws/install/controlko_description/share/controlko_description/package.sh'
[0.984s] INFO:colcon.colcon_core.shell:Creating package script '/home/gbb/rrbot_ws/install/controlko_description/share/controlko_description/package.bash'
[0.985s] INFO:colcon.colcon_core.shell:Creating package script '/home/gbb/rrbot_ws/install/controlko_description/share/controlko_description/package.zsh'
[0.986s] Level 1:colcon.colcon_core.environment:create_file_with_runtime_dependencies(/home/gbb/rrbot_ws/install/controlko_description/share/colcon-core/packages/controlko_description)
[0.988s] INFO:colcon.colcon_ros.task.ament_cmake.build:Building ROS package in '/home/gbb/rrbot_ws/src/controlko_bringup' with build type 'ament_cmake'
[0.988s] INFO:colcon.colcon_cmake.task.cmake.build:Building CMake package in '/home/gbb/rrbot_ws/src/controlko_bringup'
[0.989s] INFO:colcon.colcon_core.shell:Skip shell extension 'powershell' for command environment: Not usable outside of PowerShell
[0.989s] DEBUG:colcon.colcon_core.shell:Skip shell extension 'dsv' for command environment
[1.004s] DEBUG:colcon.colcon_core.event_handler.log_command:Invoking command in '/home/gbb/rrbot_ws/build/controlko_bringup': AMENT_PREFIX_PATH=/home/gbb/rrbot_ws/install/controlko_description:${AMENT_PREFIX_PATH} CMAKE_PREFIX_PATH=/home/gbb/rrbot_ws/install/controlko_description:/opt/ros/humble /usr/bin/cmake --build /home/gbb/rrbot_ws/build/controlko_bringup -- -j8 -l8
[1.028s] DEBUG:colcon.colcon_core.event_handler.log_command:Invoked command in '/home/gbb/rrbot_ws/build/controlko_hardware_interface' returned '0': CMAKE_PREFIX_PATH=/opt/ros/humble /usr/bin/cmake --build /home/gbb/rrbot_ws/build/controlko_hardware_interface -- -j8 -l8
[1.029s] DEBUG:colcon.colcon_core.event_handler.log_command:Invoking command in '/home/gbb/rrbot_ws/build/controlko_hardware_interface': CMAKE_PREFIX_PATH=/opt/ros/humble /usr/bin/cmake --install /home/gbb/rrbot_ws/build/controlko_hardware_interface
[1.059s] Level 1:colcon.colcon_core.environment:create_environment_scripts_only(controlko_hardware_interface)
[1.061s] Level 1:colcon.colcon_core.environment:checking '/home/gbb/rrbot_ws/install/controlko_hardware_interface' for CMake module files
[1.061s] DEBUG:colcon.colcon_core.event_handler.log_command:Invoked command in '/home/gbb/rrbot_ws/build/controlko_hardware_interface' returned '0': CMAKE_PREFIX_PATH=/opt/ros/humble /usr/bin/cmake --install /home/gbb/rrbot_ws/build/controlko_hardware_interface
[1.062s] Level 1:colcon.colcon_core.environment:checking '/home/gbb/rrbot_ws/install/controlko_hardware_interface' for CMake config files
[1.064s] Level 1:colcon.colcon_core.shell:create_environment_hook('controlko_hardware_interface', 'cmake_prefix_path')
[1.065s] INFO:colcon.colcon_core.shell:Creating environment hook '/home/gbb/rrbot_ws/install/controlko_hardware_interface/share/controlko_hardware_interface/hook/cmake_prefix_path.ps1'
[1.066s] INFO:colcon.colcon_core.shell:Creating environment descriptor '/home/gbb/rrbot_ws/install/controlko_hardware_interface/share/controlko_hardware_interface/hook/cmake_prefix_path.dsv'
[1.067s] INFO:colcon.colcon_core.shell:Creating environment hook '/home/gbb/rrbot_ws/install/controlko_hardware_interface/share/controlko_hardware_interface/hook/cmake_prefix_path.sh'
[1.068s] Level 1:colcon.colcon_core.environment:checking '/home/gbb/rrbot_ws/install/controlko_hardware_interface/lib'
[1.068s] Level 1:colcon.colcon_core.shell:create_environment_hook('controlko_hardware_interface', 'ld_library_path_lib')
[1.068s] INFO:colcon.colcon_core.shell:Creating environment hook '/home/gbb/rrbot_ws/install/controlko_hardware_interface/share/controlko_hardware_interface/hook/ld_library_path_lib.ps1'
[1.070s] INFO:colcon.colcon_core.shell:Creating environment descriptor '/home/gbb/rrbot_ws/install/controlko_hardware_interface/share/controlko_hardware_interface/hook/ld_library_path_lib.dsv'
[1.071s] INFO:colcon.colcon_core.shell:Creating environment hook '/home/gbb/rrbot_ws/install/controlko_hardware_interface/share/controlko_hardware_interface/hook/ld_library_path_lib.sh'
[1.073s] Level 1:colcon.colcon_core.environment:checking '/home/gbb/rrbot_ws/install/controlko_hardware_interface/bin'
[1.073s] Level 1:colcon.colcon_core.environment:checking '/home/gbb/rrbot_ws/install/controlko_hardware_interface/lib/pkgconfig/controlko_hardware_interface.pc'
[1.074s] Level 1:colcon.colcon_core.environment:checking '/home/gbb/rrbot_ws/install/controlko_hardware_interface/lib/python3.10/site-packages'
[1.074s] Level 1:colcon.colcon_core.environment:checking '/home/gbb/rrbot_ws/install/controlko_hardware_interface/bin'
[1.075s] INFO:colcon.colcon_core.shell:Creating package script '/home/gbb/rrbot_ws/install/controlko_hardware_interface/share/controlko_hardware_interface/package.ps1'
[1.076s] INFO:colcon.colcon_core.shell:Creating package descriptor '/home/gbb/rrbot_ws/install/controlko_hardware_interface/share/controlko_hardware_interface/package.dsv'
[1.078s] INFO:colcon.colcon_core.shell:Creating package script '/home/gbb/rrbot_ws/install/controlko_hardware_interface/share/controlko_hardware_interface/package.sh'
[1.080s] INFO:colcon.colcon_core.shell:Creating package script '/home/gbb/rrbot_ws/install/controlko_hardware_interface/share/controlko_hardware_interface/package.bash'
[1.081s] INFO:colcon.colcon_core.shell:Creating package script '/home/gbb/rrbot_ws/install/controlko_hardware_interface/share/controlko_hardware_interface/package.zsh'
[1.082s] Level 1:colcon.colcon_core.environment:create_file_with_runtime_dependencies(/home/gbb/rrbot_ws/install/controlko_hardware_interface/share/colcon-core/packages/controlko_hardware_interface)
[1.085s] Level 1:colcon.colcon_core.environment:create_environment_scripts_only(controlko_hardware_interface)
[1.086s] Level 1:colcon.colcon_core.environment:checking '/home/gbb/rrbot_ws/install/controlko_hardware_interface' for CMake module files
[1.087s] Level 1:colcon.colcon_core.environment:checking '/home/gbb/rrbot_ws/install/controlko_hardware_interface' for CMake config files
[1.087s] Level 1:colcon.colcon_core.shell:create_environment_hook('controlko_hardware_interface', 'cmake_prefix_path')
[1.088s] INFO:colcon.colcon_core.shell:Creating environment hook '/home/gbb/rrbot_ws/install/controlko_hardware_interface/share/controlko_hardware_interface/hook/cmake_prefix_path.ps1'
[1.089s] INFO:colcon.colcon_core.shell:Creating environment descriptor '/home/gbb/rrbot_ws/install/controlko_hardware_interface/share/controlko_hardware_interface/hook/cmake_prefix_path.dsv'
[1.091s] INFO:colcon.colcon_core.shell:Creating environment hook '/home/gbb/rrbot_ws/install/controlko_hardware_interface/share/controlko_hardware_interface/hook/cmake_prefix_path.sh'
[1.100s] Level 1:colcon.colcon_core.environment:checking '/home/gbb/rrbot_ws/install/controlko_hardware_interface/lib'
[1.100s] Level 1:colcon.colcon_core.shell:create_environment_hook('controlko_hardware_interface', 'ld_library_path_lib')
[1.101s] INFO:colcon.colcon_core.shell:Creating environment hook '/home/gbb/rrbot_ws/install/controlko_hardware_interface/share/controlko_hardware_interface/hook/ld_library_path_lib.ps1'
[1.102s] INFO:colcon.colcon_core.shell:Creating environment descriptor '/home/gbb/rrbot_ws/install/controlko_hardware_interface/share/controlko_hardware_interface/hook/ld_library_path_lib.dsv'
[1.103s] INFO:colcon.colcon_core.shell:Creating environment hook '/home/gbb/rrbot_ws/install/controlko_hardware_interface/share/controlko_hardware_interface/hook/ld_library_path_lib.sh'
[1.105s] Level 1:colcon.colcon_core.environment:checking '/home/gbb/rrbot_ws/install/controlko_hardware_interface/bin'
[1.106s] Level 1:colcon.colcon_core.environment:checking '/home/gbb/rrbot_ws/install/controlko_hardware_interface/lib/pkgconfig/controlko_hardware_interface.pc'
[1.106s] Level 1:colcon.colcon_core.environment:checking '/home/gbb/rrbot_ws/install/controlko_hardware_interface/lib/python3.10/site-packages'
[1.107s] Level 1:colcon.colcon_core.environment:checking '/home/gbb/rrbot_ws/install/controlko_hardware_interface/bin'
[1.108s] INFO:colcon.colcon_core.shell:Creating package script '/home/gbb/rrbot_ws/install/controlko_hardware_interface/share/controlko_hardware_interface/package.ps1'
[1.110s] INFO:colcon.colcon_core.shell:Creating package descriptor '/home/gbb/rrbot_ws/install/controlko_hardware_interface/share/controlko_hardware_interface/package.dsv'
[1.111s] INFO:colcon.colcon_core.shell:Creating package script '/home/gbb/rrbot_ws/install/controlko_hardware_interface/share/controlko_hardware_interface/package.sh'
[1.113s] INFO:colcon.colcon_core.shell:Creating package script '/home/gbb/rrbot_ws/install/controlko_hardware_interface/share/controlko_hardware_interface/package.bash'
[1.114s] INFO:colcon.colcon_core.shell:Creating package script '/home/gbb/rrbot_ws/install/controlko_hardware_interface/share/controlko_hardware_interface/package.zsh'
[1.115s] Level 1:colcon.colcon_core.environment:create_file_with_runtime_dependencies(/home/gbb/rrbot_ws/install/controlko_hardware_interface/share/colcon-core/packages/controlko_hardware_interface)
[1.120s] DEBUG:colcon.colcon_core.event_handler.log_command:Invoked command in '/home/gbb/rrbot_ws/build/controlko_bringup' returned '0': AMENT_PREFIX_PATH=/home/gbb/rrbot_ws/install/controlko_description:${AMENT_PREFIX_PATH} CMAKE_PREFIX_PATH=/home/gbb/rrbot_ws/install/controlko_description:/opt/ros/humble /usr/bin/cmake --build /home/gbb/rrbot_ws/build/controlko_bringup -- -j8 -l8
[1.135s] DEBUG:colcon.colcon_core.event_handler.log_command:Invoking command in '/home/gbb/rrbot_ws/build/controlko_bringup': AMENT_PREFIX_PATH=/home/gbb/rrbot_ws/install/controlko_description:${AMENT_PREFIX_PATH} CMAKE_PREFIX_PATH=/home/gbb/rrbot_ws/install/controlko_description:/opt/ros/humble /usr/bin/cmake --install /home/gbb/rrbot_ws/build/controlko_bringup
[1.138s] DEBUG:colcon.colcon_core.event_handler.log_command:Invoked command in '/home/gbb/rrbot_ws/build/controlko_controllers' returned '0': CMAKE_PREFIX_PATH=/opt/ros/humble /usr/bin/cmake --build /home/gbb/rrbot_ws/build/controlko_controllers -- -j8 -l8
[1.142s] DEBUG:colcon.colcon_core.event_handler.log_command:Invoking command in '/home/gbb/rrbot_ws/build/controlko_controllers': CMAKE_PREFIX_PATH=/opt/ros/humble /usr/bin/cmake --install /home/gbb/rrbot_ws/build/controlko_controllers
[1.152s] Level 1:colcon.colcon_core.environment:create_environment_scripts_only(controlko_bringup)
[1.153s] Level 1:colcon.colcon_core.environment:checking '/home/gbb/rrbot_ws/install/controlko_bringup' for CMake module files
[1.154s] Level 1:colcon.colcon_core.environment:checking '/home/gbb/rrbot_ws/install/controlko_bringup' for CMake config files
[1.155s] Level 1:colcon.colcon_core.shell:create_environment_hook('controlko_bringup', 'cmake_prefix_path')
[1.155s] INFO:colcon.colcon_core.shell:Creating environment hook '/home/gbb/rrbot_ws/install/controlko_bringup/share/controlko_bringup/hook/cmake_prefix_path.ps1'
[1.156s] DEBUG:colcon.colcon_core.event_handler.log_command:Invoked command in '/home/gbb/rrbot_ws/build/controlko_bringup' returned '0': AMENT_PREFIX_PATH=/home/gbb/rrbot_ws/install/controlko_description:${AMENT_PREFIX_PATH} CMAKE_PREFIX_PATH=/home/gbb/rrbot_ws/install/controlko_description:/opt/ros/humble /usr/bin/cmake --install /home/gbb/rrbot_ws/build/controlko_bringup
[1.157s] INFO:colcon.colcon_core.shell:Creating environment descriptor '/home/gbb/rrbot_ws/install/controlko_bringup/share/controlko_bringup/hook/cmake_prefix_path.dsv'
[1.159s] INFO:colcon.colcon_core.shell:Creating environment hook '/home/gbb/rrbot_ws/install/controlko_bringup/share/controlko_bringup/hook/cmake_prefix_path.sh'
[1.165s] Level 1:colcon.colcon_core.environment:checking '/home/gbb/rrbot_ws/install/controlko_bringup/bin'
[1.165s] Level 1:colcon.colcon_core.environment:checking '/home/gbb/rrbot_ws/install/controlko_bringup/lib/pkgconfig/controlko_bringup.pc'
[1.166s] Level 1:colcon.colcon_core.environment:checking '/home/gbb/rrbot_ws/install/controlko_bringup/lib/python3.10/site-packages'
[1.166s] Level 1:colcon.colcon_core.environment:checking '/home/gbb/rrbot_ws/install/controlko_bringup/bin'
[1.167s] INFO:colcon.colcon_core.shell:Creating package script '/home/gbb/rrbot_ws/install/controlko_bringup/share/controlko_bringup/package.ps1'
[1.169s] INFO:colcon.colcon_core.shell:Creating package descriptor '/home/gbb/rrbot_ws/install/controlko_bringup/share/controlko_bringup/package.dsv'
[1.171s] INFO:colcon.colcon_core.shell:Creating package script '/home/gbb/rrbot_ws/install/controlko_bringup/share/controlko_bringup/package.sh'
[1.174s] INFO:colcon.colcon_core.shell:Creating package script '/home/gbb/rrbot_ws/install/controlko_bringup/share/controlko_bringup/package.bash'
[1.175s] INFO:colcon.colcon_core.shell:Creating package script '/home/gbb/rrbot_ws/install/controlko_bringup/share/controlko_bringup/package.zsh'
[1.177s] Level 1:colcon.colcon_core.environment:create_file_with_runtime_dependencies(/home/gbb/rrbot_ws/install/controlko_bringup/share/colcon-core/packages/controlko_bringup)
[1.178s] Level 1:colcon.colcon_core.environment:create_environment_scripts_only(controlko_bringup)
[1.179s] Level 1:colcon.colcon_core.environment:checking '/home/gbb/rrbot_ws/install/controlko_bringup' for CMake module files
[1.180s] Level 1:colcon.colcon_core.environment:checking '/home/gbb/rrbot_ws/install/controlko_bringup' for CMake config files
[1.181s] Level 1:colcon.colcon_core.shell:create_environment_hook('controlko_bringup', 'cmake_prefix_path')
[1.181s] INFO:colcon.colcon_core.shell:Creating environment hook '/home/gbb/rrbot_ws/install/controlko_bringup/share/controlko_bringup/hook/cmake_prefix_path.ps1'
[1.182s] INFO:colcon.colcon_core.shell:Creating environment descriptor '/home/gbb/rrbot_ws/install/controlko_bringup/share/controlko_bringup/hook/cmake_prefix_path.dsv'
[1.183s] INFO:colcon.colcon_core.shell:Creating environment hook '/home/gbb/rrbot_ws/install/controlko_bringup/share/controlko_bringup/hook/cmake_prefix_path.sh'
[1.184s] Level 1:colcon.colcon_core.environment:checking '/home/gbb/rrbot_ws/install/controlko_bringup/bin'
[1.185s] Level 1:colcon.colcon_core.environment:checking '/home/gbb/rrbot_ws/install/controlko_bringup/lib/pkgconfig/controlko_bringup.pc'
[1.185s] Level 1:colcon.colcon_core.environment:checking '/home/gbb/rrbot_ws/install/controlko_bringup/lib/python3.10/site-packages'
[1.185s] Level 1:colcon.colcon_core.environment:checking '/home/gbb/rrbot_ws/install/controlko_bringup/bin'
[1.186s] INFO:colcon.colcon_core.shell:Creating package script '/home/gbb/rrbot_ws/install/controlko_bringup/share/controlko_bringup/package.ps1'
[1.187s] INFO:colcon.colcon_core.shell:Creating package descriptor '/home/gbb/rrbot_ws/install/controlko_bringup/share/controlko_bringup/package.dsv'
[1.188s] INFO:colcon.colcon_core.shell:Creating package script '/home/gbb/rrbot_ws/install/controlko_bringup/share/controlko_bringup/package.sh'
[1.189s] INFO:colcon.colcon_core.shell:Creating package script '/home/gbb/rrbot_ws/install/controlko_bringup/share/controlko_bringup/package.bash'
[1.190s] INFO:colcon.colcon_core.shell:Creating package script '/home/gbb/rrbot_ws/install/controlko_bringup/share/controlko_bringup/package.zsh'
[1.191s] Level 1:colcon.colcon_core.environment:create_file_with_runtime_dependencies(/home/gbb/rrbot_ws/install/controlko_bringup/share/colcon-core/packages/controlko_bringup)
[1.193s] Level 1:colcon.colcon_core.environment:create_environment_scripts_only(controlko_controllers)
[1.193s] Level 1:colcon.colcon_core.environment:checking '/home/gbb/rrbot_ws/install/controlko_controllers' for CMake module files
[1.195s] Level 1:colcon.colcon_core.environment:checking '/home/gbb/rrbot_ws/install/controlko_controllers' for CMake config files
[1.196s] DEBUG:colcon.colcon_core.event_handler.log_command:Invoked command in '/home/gbb/rrbot_ws/build/controlko_controllers' returned '0': CMAKE_PREFIX_PATH=/opt/ros/humble /usr/bin/cmake --install /home/gbb/rrbot_ws/build/controlko_controllers
[1.196s] Level 1:colcon.colcon_core.shell:create_environment_hook('controlko_controllers', 'cmake_prefix_path')
[1.197s] INFO:colcon.colcon_core.shell:Creating environment hook '/home/gbb/rrbot_ws/install/controlko_controllers/share/controlko_controllers/hook/cmake_prefix_path.ps1'
[1.197s] INFO:colcon.colcon_core.shell:Creating environment descriptor '/home/gbb/rrbot_ws/install/controlko_controllers/share/controlko_controllers/hook/cmake_prefix_path.dsv'
[1.198s] INFO:colcon.colcon_core.shell:Creating environment hook '/home/gbb/rrbot_ws/install/controlko_controllers/share/controlko_controllers/hook/cmake_prefix_path.sh'
[1.200s] Level 1:colcon.colcon_core.environment:checking '/home/gbb/rrbot_ws/install/controlko_controllers/lib'
[1.200s] Level 1:colcon.colcon_core.shell:create_environment_hook('controlko_controllers', 'ld_library_path_lib')
[1.200s] INFO:colcon.colcon_core.shell:Creating environment hook '/home/gbb/rrbot_ws/install/controlko_controllers/share/controlko_controllers/hook/ld_library_path_lib.ps1'
[1.201s] INFO:colcon.colcon_core.shell:Creating environment descriptor '/home/gbb/rrbot_ws/install/controlko_controllers/share/controlko_controllers/hook/ld_library_path_lib.dsv'
[1.202s] INFO:colcon.colcon_core.shell:Creating environment hook '/home/gbb/rrbot_ws/install/controlko_controllers/share/controlko_controllers/hook/ld_library_path_lib.sh'
[1.204s] Level 1:colcon.colcon_core.environment:checking '/home/gbb/rrbot_ws/install/controlko_controllers/bin'
[1.204s] Level 1:colcon.colcon_core.environment:checking '/home/gbb/rrbot_ws/install/controlko_controllers/lib/pkgconfig/controlko_controllers.pc'
[1.205s] Level 1:colcon.colcon_core.environment:checking '/home/gbb/rrbot_ws/install/controlko_controllers/lib/python3.10/site-packages'
[1.205s] Level 1:colcon.colcon_core.environment:checking '/home/gbb/rrbot_ws/install/controlko_controllers/bin'
[1.205s] INFO:colcon.colcon_core.shell:Creating package script '/home/gbb/rrbot_ws/install/controlko_controllers/share/controlko_controllers/package.ps1'
[1.206s] INFO:colcon.colcon_core.shell:Creating package descriptor '/home/gbb/rrbot_ws/install/controlko_controllers/share/controlko_controllers/package.dsv'
[1.207s] INFO:colcon.colcon_core.shell:Creating package script '/home/gbb/rrbot_ws/install/controlko_controllers/share/controlko_controllers/package.sh'
[1.208s] INFO:colcon.colcon_core.shell:Creating package script '/home/gbb/rrbot_ws/install/controlko_controllers/share/controlko_controllers/package.bash'
[1.209s] INFO:colcon.colcon_core.shell:Creating package script '/home/gbb/rrbot_ws/install/controlko_controllers/share/controlko_controllers/package.zsh'
[1.210s] Level 1:colcon.colcon_core.environment:create_file_with_runtime_dependencies(/home/gbb/rrbot_ws/install/controlko_controllers/share/colcon-core/packages/controlko_controllers)
[1.211s] Level 1:colcon.colcon_core.environment:create_environment_scripts_only(controlko_controllers)
[1.212s] Level 1:colcon.colcon_core.environment:checking '/home/gbb/rrbot_ws/install/controlko_controllers' for CMake module files
[1.212s] Level 1:colcon.colcon_core.environment:checking '/home/gbb/rrbot_ws/install/controlko_controllers' for CMake config files
[1.213s] Level 1:colcon.colcon_core.shell:create_environment_hook('controlko_controllers', 'cmake_prefix_path')
[1.213s] INFO:colcon.colcon_core.shell:Creating environment hook '/home/gbb/rrbot_ws/install/controlko_controllers/share/controlko_controllers/hook/cmake_prefix_path.ps1'
[1.214s] INFO:colcon.colcon_core.shell:Creating environment descriptor '/home/gbb/rrbot_ws/install/controlko_controllers/share/controlko_controllers/hook/cmake_prefix_path.dsv'
[1.216s] INFO:colcon.colcon_core.shell:Creating environment hook '/home/gbb/rrbot_ws/install/controlko_controllers/share/controlko_controllers/hook/cmake_prefix_path.sh'
[1.218s] Level 1:colcon.colcon_core.environment:checking '/home/gbb/rrbot_ws/install/controlko_controllers/lib'
[1.218s] Level 1:colcon.colcon_core.shell:create_environment_hook('controlko_controllers', 'ld_library_path_lib')
[1.218s] INFO:colcon.colcon_core.shell:Creating environment hook '/home/gbb/rrbot_ws/install/controlko_controllers/share/controlko_controllers/hook/ld_library_path_lib.ps1'
[1.219s] INFO:colcon.colcon_core.shell:Creating environment descriptor '/home/gbb/rrbot_ws/install/controlko_controllers/share/controlko_controllers/hook/ld_library_path_lib.dsv'
[1.220s] INFO:colcon.colcon_core.shell:Creating environment hook '/home/gbb/rrbot_ws/install/controlko_controllers/share/controlko_controllers/hook/ld_library_path_lib.sh'
[1.221s] Level 1:colcon.colcon_core.environment:checking '/home/gbb/rrbot_ws/install/controlko_controllers/bin'
[1.221s] Level 1:colcon.colcon_core.environment:checking '/home/gbb/rrbot_ws/install/controlko_controllers/lib/pkgconfig/controlko_controllers.pc'
[1.222s] Level 1:colcon.colcon_core.environment:checking '/home/gbb/rrbot_ws/install/controlko_controllers/lib/python3.10/site-packages'
[1.222s] Level 1:colcon.colcon_core.environment:checking '/home/gbb/rrbot_ws/install/controlko_controllers/bin'
[1.223s] INFO:colcon.colcon_core.shell:Creating package script '/home/gbb/rrbot_ws/install/controlko_controllers/share/controlko_controllers/package.ps1'
[1.224s] INFO:colcon.colcon_core.shell:Creating package descriptor '/home/gbb/rrbot_ws/install/controlko_controllers/share/controlko_controllers/package.dsv'
[1.225s] INFO:colcon.colcon_core.shell:Creating package script '/home/gbb/rrbot_ws/install/controlko_controllers/share/controlko_controllers/package.sh'
[1.226s] INFO:colcon.colcon_core.shell:Creating package script '/home/gbb/rrbot_ws/install/controlko_controllers/share/controlko_controllers/package.bash'
[1.227s] INFO:colcon.colcon_core.shell:Creating package script '/home/gbb/rrbot_ws/install/controlko_controllers/share/controlko_controllers/package.zsh'
[1.228s] Level 1:colcon.colcon_core.environment:create_file_with_runtime_dependencies(/home/gbb/rrbot_ws/install/controlko_controllers/share/colcon-core/packages/controlko_controllers)
[3.832s] DEBUG:colcon.colcon_core.event_handler.log_command:Invoked command in '/home/gbb/rrbot_ws/build/my_hardware_interface' returned '0': CMAKE_PREFIX_PATH=/opt/ros/humble /usr/bin/cmake /home/gbb/rrbot_ws/src/my_hardware_interface -DCMAKE_INSTALL_PREFIX=/home/gbb/rrbot_ws/install/my_hardware_interface
[3.835s] DEBUG:colcon.colcon_core.event_handler.log_command:Invoking command in '/home/gbb/rrbot_ws/build/my_hardware_interface': CMAKE_PREFIX_PATH=/opt/ros/humble /usr/bin/cmake --build /home/gbb/rrbot_ws/build/my_hardware_interface -- -j8 -l8
[12.813s] DEBUG:colcon.colcon_core.event_handler.log_command:Invoked command in '/home/gbb/rrbot_ws/build/my_hardware_interface' returned '0': CMAKE_PREFIX_PATH=/opt/ros/humble /usr/bin/cmake --build /home/gbb/rrbot_ws/build/my_hardware_interface -- -j8 -l8
[12.816s] DEBUG:colcon.colcon_core.event_handler.log_command:Invoking command in '/home/gbb/rrbot_ws/build/my_hardware_interface': CMAKE_PREFIX_PATH=/opt/ros/humble /usr/bin/cmake --install /home/gbb/rrbot_ws/build/my_hardware_interface
[12.833s] Level 1:colcon.colcon_core.environment:create_environment_scripts_only(my_hardware_interface)
[12.833s] Level 1:colcon.colcon_core.environment:checking '/home/gbb/rrbot_ws/install/my_hardware_interface' for CMake module files
[12.834s] DEBUG:colcon.colcon_core.event_handler.log_command:Invoked command in '/home/gbb/rrbot_ws/build/my_hardware_interface' returned '0': CMAKE_PREFIX_PATH=/opt/ros/humble /usr/bin/cmake --install /home/gbb/rrbot_ws/build/my_hardware_interface
[12.835s] Level 1:colcon.colcon_core.environment:checking '/home/gbb/rrbot_ws/install/my_hardware_interface' for CMake config files
[12.836s] Level 1:colcon.colcon_core.shell:create_environment_hook('my_hardware_interface', 'cmake_prefix_path')
[12.836s] INFO:colcon.colcon_core.shell:Creating environment hook '/home/gbb/rrbot_ws/install/my_hardware_interface/share/my_hardware_interface/hook/cmake_prefix_path.ps1'
[12.837s] INFO:colcon.colcon_core.shell:Creating environment descriptor '/home/gbb/rrbot_ws/install/my_hardware_interface/share/my_hardware_interface/hook/cmake_prefix_path.dsv'
[12.837s] INFO:colcon.colcon_core.shell:Creating environment hook '/home/gbb/rrbot_ws/install/my_hardware_interface/share/my_hardware_interface/hook/cmake_prefix_path.sh'
[12.837s] Level 1:colcon.colcon_core.environment:checking '/home/gbb/rrbot_ws/install/my_hardware_interface/lib'
[12.838s] Level 1:colcon.colcon_core.shell:create_environment_hook('my_hardware_interface', 'ld_library_path_lib')
[12.838s] INFO:colcon.colcon_core.shell:Creating environment hook '/home/gbb/rrbot_ws/install/my_hardware_interface/share/my_hardware_interface/hook/ld_library_path_lib.ps1'
[12.838s] INFO:colcon.colcon_core.shell:Creating environment descriptor '/home/gbb/rrbot_ws/install/my_hardware_interface/share/my_hardware_interface/hook/ld_library_path_lib.dsv'
[12.838s] INFO:colcon.colcon_core.shell:Creating environment hook '/home/gbb/rrbot_ws/install/my_hardware_interface/share/my_hardware_interface/hook/ld_library_path_lib.sh'
[12.839s] Level 1:colcon.colcon_core.environment:checking '/home/gbb/rrbot_ws/install/my_hardware_interface/bin'
[12.839s] Level 1:colcon.colcon_core.environment:checking '/home/gbb/rrbot_ws/install/my_hardware_interface/lib/pkgconfig/my_hardware_interface.pc'
[12.839s] Level 1:colcon.colcon_core.environment:checking '/home/gbb/rrbot_ws/install/my_hardware_interface/lib/python3.10/site-packages'
[12.839s] Level 1:colcon.colcon_core.environment:checking '/home/gbb/rrbot_ws/install/my_hardware_interface/bin'
[12.840s] INFO:colcon.colcon_core.shell:Creating package script '/home/gbb/rrbot_ws/install/my_hardware_interface/share/my_hardware_interface/package.ps1'
[12.840s] INFO:colcon.colcon_core.shell:Creating package descriptor '/home/gbb/rrbot_ws/install/my_hardware_interface/share/my_hardware_interface/package.dsv'
[12.841s] INFO:colcon.colcon_core.shell:Creating package script '/home/gbb/rrbot_ws/install/my_hardware_interface/share/my_hardware_interface/package.sh'
[12.842s] INFO:colcon.colcon_core.shell:Creating package script '/home/gbb/rrbot_ws/install/my_hardware_interface/share/my_hardware_interface/package.bash'
[12.842s] INFO:colcon.colcon_core.shell:Creating package script '/home/gbb/rrbot_ws/install/my_hardware_interface/share/my_hardware_interface/package.zsh'
[12.843s] Level 1:colcon.colcon_core.environment:create_file_with_runtime_dependencies(/home/gbb/rrbot_ws/install/my_hardware_interface/share/colcon-core/packages/my_hardware_interface)
[12.843s] Level 1:colcon.colcon_core.environment:create_environment_scripts_only(my_hardware_interface)
[12.844s] Level 1:colcon.colcon_core.environment:checking '/home/gbb/rrbot_ws/install/my_hardware_interface' for CMake module files
[12.844s] Level 1:colcon.colcon_core.environment:checking '/home/gbb/rrbot_ws/install/my_hardware_interface' for CMake config files
[12.845s] Level 1:colcon.colcon_core.shell:create_environment_hook('my_hardware_interface', 'cmake_prefix_path')
[12.845s] INFO:colcon.colcon_core.shell:Creating environment hook '/home/gbb/rrbot_ws/install/my_hardware_interface/share/my_hardware_interface/hook/cmake_prefix_path.ps1'
[12.845s] INFO:colcon.colcon_core.shell:Creating environment descriptor '/home/gbb/rrbot_ws/install/my_hardware_interface/share/my_hardware_interface/hook/cmake_prefix_path.dsv'
[12.846s] INFO:colcon.colcon_core.shell:Creating environment hook '/home/gbb/rrbot_ws/install/my_hardware_interface/share/my_hardware_interface/hook/cmake_prefix_path.sh'
[12.846s] Level 1:colcon.colcon_core.environment:checking '/home/gbb/rrbot_ws/install/my_hardware_interface/lib'
[12.847s] Level 1:colcon.colcon_core.shell:create_environment_hook('my_hardware_interface', 'ld_library_path_lib')
[12.847s] INFO:colcon.colcon_core.shell:Creating environment hook '/home/gbb/rrbot_ws/install/my_hardware_interface/share/my_hardware_interface/hook/ld_library_path_lib.ps1'
[12.847s] INFO:colcon.colcon_core.shell:Creating environment descriptor '/home/gbb/rrbot_ws/install/my_hardware_interface/share/my_hardware_interface/hook/ld_library_path_lib.dsv'
[12.848s] INFO:colcon.colcon_core.shell:Creating environment hook '/home/gbb/rrbot_ws/install/my_hardware_interface/share/my_hardware_interface/hook/ld_library_path_lib.sh'
[12.849s] Level 1:colcon.colcon_core.environment:checking '/home/gbb/rrbot_ws/install/my_hardware_interface/bin'
[12.849s] Level 1:colcon.colcon_core.environment:checking '/home/gbb/rrbot_ws/install/my_hardware_interface/lib/pkgconfig/my_hardware_interface.pc'
[12.849s] Level 1:colcon.colcon_core.environment:checking '/home/gbb/rrbot_ws/install/my_hardware_interface/lib/python3.10/site-packages'
[12.849s] Level 1:colcon.colcon_core.environment:checking '/home/gbb/rrbot_ws/install/my_hardware_interface/bin'
[12.850s] INFO:colcon.colcon_core.shell:Creating package script '/home/gbb/rrbot_ws/install/my_hardware_interface/share/my_hardware_interface/package.ps1'
[12.851s] INFO:colcon.colcon_core.shell:Creating package descriptor '/home/gbb/rrbot_ws/install/my_hardware_interface/share/my_hardware_interface/package.dsv'
[12.852s] INFO:colcon.colcon_core.shell:Creating package script '/home/gbb/rrbot_ws/install/my_hardware_interface/share/my_hardware_interface/package.sh'
[12.852s] INFO:colcon.colcon_core.shell:Creating package script '/home/gbb/rrbot_ws/install/my_hardware_interface/share/my_hardware_interface/package.bash'
[12.853s] INFO:colcon.colcon_core.shell:Creating package script '/home/gbb/rrbot_ws/install/my_hardware_interface/share/my_hardware_interface/package.zsh'
[12.855s] Level 1:colcon.colcon_core.environment:create_file_with_runtime_dependencies(/home/gbb/rrbot_ws/install/my_hardware_interface/share/colcon-core/packages/my_hardware_interface)
[12.856s] DEBUG:colcon.colcon_parallel_executor.executor.parallel:closing loop
[12.857s] DEBUG:colcon.colcon_parallel_executor.executor.parallel:loop closed
[12.857s] DEBUG:colcon.colcon_parallel_executor.executor.parallel:run_until_complete finished with '0'
[12.857s] DEBUG:colcon.colcon_core.event_reactor:joining thread
[12.877s] INFO:colcon.colcon_core.plugin_system:Skipping extension 'colcon_notification.desktop_notification.terminal_notifier': Not used on non-Darwin systems
[12.878s] INFO:colcon.colcon_core.plugin_system:Skipping extension 'colcon_notification.desktop_notification.win32': Not used on non-Windows systems
[12.878s] INFO:colcon.colcon_notification.desktop_notification:Sending desktop notification using 'notify2'
[12.906s] DEBUG:colcon.colcon_core.event_reactor:joined thread
[12.906s] INFO:colcon.colcon_core.shell:Creating prefix script '/home/gbb/rrbot_ws/install/local_setup.ps1'
[12.909s] INFO:colcon.colcon_core.shell:Creating prefix util module '/home/gbb/rrbot_ws/install/_local_setup_util_ps1.py'
[12.912s] INFO:colcon.colcon_core.shell:Creating prefix chain script '/home/gbb/rrbot_ws/install/setup.ps1'
[12.914s] INFO:colcon.colcon_core.shell:Creating prefix script '/home/gbb/rrbot_ws/install/local_setup.sh'
[12.915s] INFO:colcon.colcon_core.shell:Creating prefix util module '/home/gbb/rrbot_ws/install/_local_setup_util_sh.py'
[12.916s] INFO:colcon.colcon_core.shell:Creating prefix chain script '/home/gbb/rrbot_ws/install/setup.sh'
[12.918s] INFO:colcon.colcon_core.shell:Creating prefix script '/home/gbb/rrbot_ws/install/local_setup.bash'
[12.920s] INFO:colcon.colcon_core.shell:Creating prefix chain script '/home/gbb/rrbot_ws/install/setup.bash'
[12.922s] INFO:colcon.colcon_core.shell:Creating prefix script '/home/gbb/rrbot_ws/install/local_setup.zsh'
[12.924s] INFO:colcon.colcon_core.shell:Creating prefix chain script '/home/gbb/rrbot_ws/install/setup.zsh'
