[0.089s] Invoking command in '/home/gbb/rrbot_ws/build/forward_command_controller': CMAKE_PREFIX_PATH=${CMAKE_PREFIX_PATH}:/opt/ros/humble /usr/bin/cmake --build /home/gbb/rrbot_ws/build/forward_command_controller -- -j8 -l8
[0.403s] [  9%] Built target gmock_main
[0.408s] [ 19%] Built target multi_interface_forward_command_controller_parameters
[0.415s] [ 28%] Built target forward_command_controller_parameters
[0.464s] [ 42%] Built target gmock
[0.540s] [ 61%] Built target forward_command_controller
[0.739s] [ 71%] Built target test_forward_command_controller
[0.750s] [ 80%] Built target test_load_forward_command_controller
[0.752s] [ 90%] Built target test_multi_interface_forward_command_controller
[0.771s] [100%] Built target test_load_multi_interface_forward_command_controller
[1.016s] Invoked command in '/home/gbb/rrbot_ws/build/forward_command_controller' returned '0': CMAKE_PREFIX_PATH=${CMAKE_PREFIX_PATH}:/opt/ros/humble /usr/bin/cmake --build /home/gbb/rrbot_ws/build/forward_command_controller -- -j8 -l8
[1.019s] Invoking command in '/home/gbb/rrbot_ws/build/forward_command_controller': CMAKE_PREFIX_PATH=${CMAKE_PREFIX_PATH}:/opt/ros/humble /usr/bin/cmake --install /home/gbb/rrbot_ws/build/forward_command_controller
[1.080s] -- Install configuration: ""
[1.080s] -- Up-to-date: /home/gbb/rrbot_ws/install/forward_command_controller/include/forward_command_controller
[1.081s] -- Up-to-date: /home/gbb/rrbot_ws/install/forward_command_controller/include/forward_command_controller/multi_interface_forward_command_controller_parameters.hpp
[1.081s] -- Up-to-date: /home/gbb/rrbot_ws/install/forward_command_controller/include/forward_command_controller/forward_command_controller_parameters.hpp
[1.081s] -- Up-to-date: /home/gbb/rrbot_ws/install/forward_command_controller/include/forward_command_controller
[1.081s] -- Up-to-date: /home/gbb/rrbot_ws/install/forward_command_controller/include/forward_command_controller/multi_interface_forward_command_controller_parameters.hpp
[1.081s] -- Up-to-date: /home/gbb/rrbot_ws/install/forward_command_controller/include/forward_command_controller/forward_command_controller_parameters.hpp
[1.082s] -- Up-to-date: /home/gbb/rrbot_ws/install/forward_command_controller/share/forward_command_controller/forward_command_plugin.xml
[1.082s] -- Up-to-date: /home/gbb/rrbot_ws/install/forward_command_controller/include/forward_command_controller
[1.082s] -- Up-to-date: /home/gbb/rrbot_ws/install/forward_command_controller/include/forward_command_controller/forward_command_controller
[1.083s] -- Up-to-date: /home/gbb/rrbot_ws/install/forward_command_controller/include/forward_command_controller/forward_command_controller/visibility_control.h
[1.083s] -- Up-to-date: /home/gbb/rrbot_ws/install/forward_command_controller/include/forward_command_controller/forward_command_controller/multi_interface_forward_command_controller.hpp
[1.083s] -- Up-to-date: /home/gbb/rrbot_ws/install/forward_command_controller/include/forward_command_controller/forward_command_controller/forward_command_controller.hpp
[1.083s] -- Up-to-date: /home/gbb/rrbot_ws/install/forward_command_controller/include/forward_command_controller/forward_command_controller/forward_controllers_base.hpp
[1.093s] -- Up-to-date: /home/gbb/rrbot_ws/install/forward_command_controller/lib/libforward_command_controller.so
[1.093s] -- Up-to-date: /home/gbb/rrbot_ws/install/forward_command_controller/share/forward_command_controller/environment/library_path.sh
[1.093s] -- Up-to-date: /home/gbb/rrbot_ws/install/forward_command_controller/share/forward_command_controller/environment/library_path.dsv
[1.094s] -- Up-to-date: /home/gbb/rrbot_ws/install/forward_command_controller/share/ament_index/resource_index/package_run_dependencies/forward_command_controller
[1.094s] -- Up-to-date: /home/gbb/rrbot_ws/install/forward_command_controller/share/ament_index/resource_index/parent_prefix_path/forward_command_controller
[1.094s] -- Up-to-date: /home/gbb/rrbot_ws/install/forward_command_controller/share/forward_command_controller/environment/ament_prefix_path.sh
[1.094s] -- Up-to-date: /home/gbb/rrbot_ws/install/forward_command_controller/share/forward_command_controller/environment/ament_prefix_path.dsv
[1.095s] -- Up-to-date: /home/gbb/rrbot_ws/install/forward_command_controller/share/forward_command_controller/environment/path.sh
[1.095s] -- Up-to-date: /home/gbb/rrbot_ws/install/forward_command_controller/share/forward_command_controller/environment/path.dsv
[1.096s] -- Up-to-date: /home/gbb/rrbot_ws/install/forward_command_controller/share/forward_command_controller/local_setup.bash
[1.096s] -- Up-to-date: /home/gbb/rrbot_ws/install/forward_command_controller/share/forward_command_controller/local_setup.sh
[1.096s] -- Up-to-date: /home/gbb/rrbot_ws/install/forward_command_controller/share/forward_command_controller/local_setup.zsh
[1.096s] -- Up-to-date: /home/gbb/rrbot_ws/install/forward_command_controller/share/forward_command_controller/local_setup.dsv
[1.096s] -- Installing: /home/gbb/rrbot_ws/install/forward_command_controller/share/forward_command_controller/package.dsv
[1.097s] -- Up-to-date: /home/gbb/rrbot_ws/install/forward_command_controller/share/ament_index/resource_index/packages/forward_command_controller
[1.097s] -- Up-to-date: /home/gbb/rrbot_ws/install/forward_command_controller/share/ament_index/resource_index/controller_interface__pluginlib__plugin/forward_command_controller
[1.097s] -- Up-to-date: /home/gbb/rrbot_ws/install/forward_command_controller/share/forward_command_controller/cmake/export_forward_command_controllerExport.cmake
[1.097s] -- Up-to-date: /home/gbb/rrbot_ws/install/forward_command_controller/share/forward_command_controller/cmake/export_forward_command_controllerExport-noconfig.cmake
[1.098s] -- Up-to-date: /home/gbb/rrbot_ws/install/forward_command_controller/share/forward_command_controller/cmake/ament_cmake_export_dependencies-extras.cmake
[1.098s] -- Up-to-date: /home/gbb/rrbot_ws/install/forward_command_controller/share/forward_command_controller/cmake/ament_cmake_export_targets-extras.cmake
[1.098s] -- Up-to-date: /home/gbb/rrbot_ws/install/forward_command_controller/share/forward_command_controller/cmake/forward_command_controllerConfig.cmake
[1.098s] -- Up-to-date: /home/gbb/rrbot_ws/install/forward_command_controller/share/forward_command_controller/cmake/forward_command_controllerConfig-version.cmake
[1.099s] -- Up-to-date: /home/gbb/rrbot_ws/install/forward_command_controller/share/forward_command_controller/package.xml
[1.342s] Invoked command in '/home/gbb/rrbot_ws/build/forward_command_controller' returned '0': CMAKE_PREFIX_PATH=${CMAKE_PREFIX_PATH}:/opt/ros/humble /usr/bin/cmake --install /home/gbb/rrbot_ws/build/forward_command_controller
