[0.042s] Invoking command in '/home/gbb/rrbot_ws/build/controlko_description': CMAKE_PREFIX_PATH=/opt/ros/humble /usr/bin/cmake --build /home/gbb/rrbot_ws/build/controlko_description -- -j8 -l8
[0.214s] Invoked command in '/home/gbb/rrbot_ws/build/controlko_description' returned '0': CMAKE_PREFIX_PATH=/opt/ros/humble /usr/bin/cmake --build /home/gbb/rrbot_ws/build/controlko_description -- -j8 -l8
[0.225s] Invoking command in '/home/gbb/rrbot_ws/build/controlko_description': CMAKE_PREFIX_PATH=/opt/ros/humble /usr/bin/cmake --install /home/gbb/rrbot_ws/build/controlko_description
[0.257s] -- Install configuration: ""
[0.257s] -- Up-to-date: /home/gbb/rrbot_ws/install/controlko_description/share/controlko_description/config
[0.258s] -- Up-to-date: /home/gbb/rrbot_ws/install/controlko_description/share/controlko_description/config/.gitkeep
[0.258s] -- Up-to-date: /home/gbb/rrbot_ws/install/controlko_description/share/controlko_description
[0.258s] -- Up-to-date: /home/gbb/rrbot_ws/install/controlko_description/share/controlko_description/view_rrbot.launch.py
[0.259s] -- Up-to-date: /home/gbb/rrbot_ws/install/controlko_description/share/controlko_description/meshes
[0.259s] -- Up-to-date: /home/gbb/rrbot_ws/install/controlko_description/share/controlko_description/meshes/rrbot
[0.259s] -- Up-to-date: /home/gbb/rrbot_ws/install/controlko_description/share/controlko_description/meshes/rrbot/visual
[0.259s] -- Up-to-date: /home/gbb/rrbot_ws/install/controlko_description/share/controlko_description/meshes/rrbot/visual/.gitkeep
[0.260s] -- Up-to-date: /home/gbb/rrbot_ws/install/controlko_description/share/controlko_description/rviz
[0.260s] -- Up-to-date: /home/gbb/rrbot_ws/install/controlko_description/share/controlko_description/rviz/rrbot.rviz
[0.260s] -- Up-to-date: /home/gbb/rrbot_ws/install/controlko_description/share/controlko_description/urdf
[0.261s] -- Up-to-date: /home/gbb/rrbot_ws/install/controlko_description/share/controlko_description/urdf/common.xacro
[0.261s] -- Up-to-date: /home/gbb/rrbot_ws/install/controlko_description/share/controlko_description/urdf/rrbot.urdf.xacro
[0.261s] -- Up-to-date: /home/gbb/rrbot_ws/install/controlko_description/share/controlko_description/urdf/rrbot
[0.261s] -- Installing: /home/gbb/rrbot_ws/install/controlko_description/share/controlko_description/urdf/rrbot/rrbot_macro.ros2_control.xacro
[0.262s] -- Up-to-date: /home/gbb/rrbot_ws/install/controlko_description/share/controlko_description/urdf/rrbot/rrbot_macro.xacro
[0.262s] -- Up-to-date: /home/gbb/rrbot_ws/install/controlko_description/share/ament_index/resource_index/package_run_dependencies/controlko_description
[0.262s] -- Up-to-date: /home/gbb/rrbot_ws/install/controlko_description/share/ament_index/resource_index/parent_prefix_path/controlko_description
[0.263s] -- Up-to-date: /home/gbb/rrbot_ws/install/controlko_description/share/controlko_description/environment/ament_prefix_path.sh
[0.263s] -- Up-to-date: /home/gbb/rrbot_ws/install/controlko_description/share/controlko_description/environment/ament_prefix_path.dsv
[0.263s] -- Up-to-date: /home/gbb/rrbot_ws/install/controlko_description/share/controlko_description/environment/path.sh
[0.263s] -- Up-to-date: /home/gbb/rrbot_ws/install/controlko_description/share/controlko_description/environment/path.dsv
[0.263s] -- Up-to-date: /home/gbb/rrbot_ws/install/controlko_description/share/controlko_description/local_setup.bash
[0.264s] -- Up-to-date: /home/gbb/rrbot_ws/install/controlko_description/share/controlko_description/local_setup.sh
[0.264s] -- Up-to-date: /home/gbb/rrbot_ws/install/controlko_description/share/controlko_description/local_setup.zsh
[0.264s] -- Up-to-date: /home/gbb/rrbot_ws/install/controlko_description/share/controlko_description/local_setup.dsv
[0.265s] -- Up-to-date: /home/gbb/rrbot_ws/install/controlko_description/share/controlko_description/package.dsv
[0.265s] -- Up-to-date: /home/gbb/rrbot_ws/install/controlko_description/share/ament_index/resource_index/packages/controlko_description
[0.266s] -- Up-to-date: /home/gbb/rrbot_ws/install/controlko_description/share/controlko_description/cmake/controlko_descriptionConfig.cmake
[0.267s] -- Up-to-date: /home/gbb/rrbot_ws/install/controlko_description/share/controlko_description/cmake/controlko_descriptionConfig-version.cmake
[0.267s] -- Up-to-date: /home/gbb/rrbot_ws/install/controlko_description/share/controlko_description/package.xml
[0.346s] Invoked command in '/home/gbb/rrbot_ws/build/controlko_description' returned '0': CMAKE_PREFIX_PATH=/opt/ros/humble /usr/bin/cmake --install /home/gbb/rrbot_ws/build/controlko_description
