[0.093s] Invoking command in '/home/gbb/rrbot_ws/build/controlko_controllers': CMAKE_PREFIX_PATH=/opt/ros/humble /usr/bin/cmake --build /home/gbb/rrbot_ws/build/controlko_controllers -- -j8 -l8
[0.278s] [ 13%] Built target displacement_controller_parameters
[0.359s] [ 33%] Built target gmock
[0.464s] [ 46%] Built target displacement_controller
[0.551s] [ 60%] Built target gmock_main
[0.711s] [ 73%] Built target test_displacement_controller_preceeding
[0.904s] [ 86%] Built target test_load_displacement_controller
[1.065s] [100%] Built target test_displacement_controller
[1.149s] Invoked command in '/home/gbb/rrbot_ws/build/controlko_controllers' returned '0': CMAKE_PREFIX_PATH=/opt/ros/humble /usr/bin/cmake --build /home/gbb/rrbot_ws/build/controlko_controllers -- -j8 -l8
[1.169s] Invoking command in '/home/gbb/rrbot_ws/build/controlko_controllers': CMAKE_PREFIX_PATH=/opt/ros/humble /usr/bin/cmake --install /home/gbb/rrbot_ws/build/controlko_controllers
[1.190s] -- Install configuration: ""
[1.191s] -- Up-to-date: /home/gbb/rrbot_ws/install/controlko_controllers/include/controlko_controllers
[1.191s] -- Up-to-date: /home/gbb/rrbot_ws/install/controlko_controllers/include/controlko_controllers/validate_displacement_controller_parameters.hpp
[1.191s] -- Up-to-date: /home/gbb/rrbot_ws/install/controlko_controllers/include/controlko_controllers/displacement_controller_parameters.hpp
[1.191s] -- Up-to-date: /home/gbb/rrbot_ws/install/controlko_controllers/share/controlko_controllers/controlko_controllers.xml
[1.191s] -- Up-to-date: /home/gbb/rrbot_ws/install/controlko_controllers/lib/libdisplacement_controller.so
[1.192s] -- Up-to-date: /home/gbb/rrbot_ws/install/controlko_controllers/include
[1.192s] -- Up-to-date: /home/gbb/rrbot_ws/install/controlko_controllers/include/controlko_controllers
[1.192s] -- Up-to-date: /home/gbb/rrbot_ws/install/controlko_controllers/include/controlko_controllers/validate_displacement_controller_parameters.hpp
[1.192s] -- Up-to-date: /home/gbb/rrbot_ws/install/controlko_controllers/include/controlko_controllers/visibility_control.h
[1.192s] -- Up-to-date: /home/gbb/rrbot_ws/install/controlko_controllers/include/controlko_controllers/displacement_controller.hpp
[1.192s] -- Up-to-date: /home/gbb/rrbot_ws/install/controlko_controllers/share/controlko_controllers/environment/library_path.sh
[1.193s] -- Up-to-date: /home/gbb/rrbot_ws/install/controlko_controllers/share/controlko_controllers/environment/library_path.dsv
[1.193s] -- Up-to-date: /home/gbb/rrbot_ws/install/controlko_controllers/share/ament_index/resource_index/package_run_dependencies/controlko_controllers
[1.193s] -- Up-to-date: /home/gbb/rrbot_ws/install/controlko_controllers/share/ament_index/resource_index/parent_prefix_path/controlko_controllers
[1.193s] -- Up-to-date: /home/gbb/rrbot_ws/install/controlko_controllers/share/controlko_controllers/environment/ament_prefix_path.sh
[1.194s] -- Up-to-date: /home/gbb/rrbot_ws/install/controlko_controllers/share/controlko_controllers/environment/ament_prefix_path.dsv
[1.194s] -- Up-to-date: /home/gbb/rrbot_ws/install/controlko_controllers/share/controlko_controllers/environment/path.sh
[1.202s] -- Up-to-date: /home/gbb/rrbot_ws/install/controlko_controllers/share/controlko_controllers/environment/path.dsv
[1.202s] -- Up-to-date: /home/gbb/rrbot_ws/install/controlko_controllers/share/controlko_controllers/local_setup.bash
[1.207s] -- Up-to-date: /home/gbb/rrbot_ws/install/controlko_controllers/share/controlko_controllers/local_setup.sh
[1.207s] -- Up-to-date: /home/gbb/rrbot_ws/install/controlko_controllers/share/controlko_controllers/local_setup.zsh
[1.207s] -- Up-to-date: /home/gbb/rrbot_ws/install/controlko_controllers/share/controlko_controllers/local_setup.dsv
[1.208s] -- Installing: /home/gbb/rrbot_ws/install/controlko_controllers/share/controlko_controllers/package.dsv
[1.208s] -- Up-to-date: /home/gbb/rrbot_ws/install/controlko_controllers/share/ament_index/resource_index/packages/controlko_controllers
[1.210s] -- Up-to-date: /home/gbb/rrbot_ws/install/controlko_controllers/share/ament_index/resource_index/controller_interface__pluginlib__plugin/controlko_controllers
[1.211s] -- Up-to-date: /home/gbb/rrbot_ws/install/controlko_controllers/share/controlko_controllers/cmake/ament_cmake_export_dependencies-extras.cmake
[1.211s] -- Up-to-date: /home/gbb/rrbot_ws/install/controlko_controllers/share/controlko_controllers/cmake/ament_cmake_export_include_directories-extras.cmake
[1.211s] -- Up-to-date: /home/gbb/rrbot_ws/install/controlko_controllers/share/controlko_controllers/cmake/ament_cmake_export_libraries-extras.cmake
[1.211s] -- Up-to-date: /home/gbb/rrbot_ws/install/controlko_controllers/share/controlko_controllers/cmake/controlko_controllersConfig.cmake
[1.212s] -- Up-to-date: /home/gbb/rrbot_ws/install/controlko_controllers/share/controlko_controllers/cmake/controlko_controllersConfig-version.cmake
[1.212s] -- Up-to-date: /home/gbb/rrbot_ws/install/controlko_controllers/share/controlko_controllers/package.xml
[1.229s] Invoked command in '/home/gbb/rrbot_ws/build/controlko_controllers' returned '0': CMAKE_PREFIX_PATH=/opt/ros/humble /usr/bin/cmake --install /home/gbb/rrbot_ws/build/controlko_controllers
