[0.090s] Invoking command in '/home/gbb/rrbot_ws/build/controlko_controllers': CMAKE_PREFIX_PATH=${CMAKE_PREFIX_PATH}:/home/gbb/rrbot_ws/install/test_my_position_controller:/opt/ros/humble /usr/bin/cmake --build /home/gbb/rrbot_ws/build/controlko_controllers -- -j8 -l8
[0.346s] [ 13%] Built target displacement_controller_parameters
[0.366s] [ 33%] Built target gmock
[0.377s] [ 46%] Built target gmock_main
[0.443s] [ 60%] Built target displacement_controller
[0.550s] [ 73%] Built target test_load_displacement_controller
[0.594s] [ 86%] Built target test_displacement_controller
[0.598s] [100%] Built target test_displacement_controller_preceeding
[0.971s] Invoked command in '/home/gbb/rrbot_ws/build/controlko_controllers' returned '0': CMAKE_PREFIX_PATH=${CMAKE_PREFIX_PATH}:/home/gbb/rrbot_ws/install/test_my_position_controller:/opt/ros/humble /usr/bin/cmake --build /home/gbb/rrbot_ws/build/controlko_controllers -- -j8 -l8
[0.984s] Invoking command in '/home/gbb/rrbot_ws/build/controlko_controllers': CMAKE_PREFIX_PATH=${CMAKE_PREFIX_PATH}:/home/gbb/rrbot_ws/install/test_my_position_controller:/opt/ros/humble /usr/bin/cmake --install /home/gbb/rrbot_ws/build/controlko_controllers
[1.053s] -- Install configuration: ""
[1.054s] -- Up-to-date: /home/gbb/rrbot_ws/install/controlko_controllers/include/controlko_controllers
[1.054s] -- Up-to-date: /home/gbb/rrbot_ws/install/controlko_controllers/include/controlko_controllers/validate_displacement_controller_parameters.hpp
[1.055s] -- Up-to-date: /home/gbb/rrbot_ws/install/controlko_controllers/include/controlko_controllers/displacement_controller_parameters.hpp
[1.056s] -- Up-to-date: /home/gbb/rrbot_ws/install/controlko_controllers/share/controlko_controllers/controlko_controllers.xml
[1.056s] -- Up-to-date: /home/gbb/rrbot_ws/install/controlko_controllers/lib/libdisplacement_controller.so
[1.060s] -- Up-to-date: /home/gbb/rrbot_ws/install/controlko_controllers/include
[1.061s] -- Up-to-date: /home/gbb/rrbot_ws/install/controlko_controllers/include/controlko_controllers
[1.062s] -- Up-to-date: /home/gbb/rrbot_ws/install/controlko_controllers/include/controlko_controllers/validate_displacement_controller_parameters.hpp
[1.063s] -- Up-to-date: /home/gbb/rrbot_ws/install/controlko_controllers/include/controlko_controllers/visibility_control.h
[1.063s] -- Up-to-date: /home/gbb/rrbot_ws/install/controlko_controllers/include/controlko_controllers/displacement_controller.hpp
[1.063s] -- Up-to-date: /home/gbb/rrbot_ws/install/controlko_controllers/share/controlko_controllers/environment/library_path.sh
[1.063s] -- Up-to-date: /home/gbb/rrbot_ws/install/controlko_controllers/share/controlko_controllers/environment/library_path.dsv
[1.064s] -- Up-to-date: /home/gbb/rrbot_ws/install/controlko_controllers/share/ament_index/resource_index/package_run_dependencies/controlko_controllers
[1.064s] -- Up-to-date: /home/gbb/rrbot_ws/install/controlko_controllers/share/ament_index/resource_index/parent_prefix_path/controlko_controllers
[1.064s] -- Up-to-date: /home/gbb/rrbot_ws/install/controlko_controllers/share/controlko_controllers/environment/ament_prefix_path.sh
[1.064s] -- Up-to-date: /home/gbb/rrbot_ws/install/controlko_controllers/share/controlko_controllers/environment/ament_prefix_path.dsv
[1.065s] -- Up-to-date: /home/gbb/rrbot_ws/install/controlko_controllers/share/controlko_controllers/environment/path.sh
[1.065s] -- Up-to-date: /home/gbb/rrbot_ws/install/controlko_controllers/share/controlko_controllers/environment/path.dsv
[1.065s] -- Up-to-date: /home/gbb/rrbot_ws/install/controlko_controllers/share/controlko_controllers/local_setup.bash
[1.066s] -- Up-to-date: /home/gbb/rrbot_ws/install/controlko_controllers/share/controlko_controllers/local_setup.sh
[1.066s] -- Up-to-date: /home/gbb/rrbot_ws/install/controlko_controllers/share/controlko_controllers/local_setup.zsh
[1.066s] -- Up-to-date: /home/gbb/rrbot_ws/install/controlko_controllers/share/controlko_controllers/local_setup.dsv
[1.066s] -- Installing: /home/gbb/rrbot_ws/install/controlko_controllers/share/controlko_controllers/package.dsv
[1.066s] -- Up-to-date: /home/gbb/rrbot_ws/install/controlko_controllers/share/ament_index/resource_index/packages/controlko_controllers
[1.068s] -- Up-to-date: /home/gbb/rrbot_ws/install/controlko_controllers/share/ament_index/resource_index/controller_interface__pluginlib__plugin/controlko_controllers
[1.068s] -- Up-to-date: /home/gbb/rrbot_ws/install/controlko_controllers/share/controlko_controllers/cmake/ament_cmake_export_dependencies-extras.cmake
[1.068s] -- Up-to-date: /home/gbb/rrbot_ws/install/controlko_controllers/share/controlko_controllers/cmake/ament_cmake_export_include_directories-extras.cmake
[1.068s] -- Up-to-date: /home/gbb/rrbot_ws/install/controlko_controllers/share/controlko_controllers/cmake/ament_cmake_export_libraries-extras.cmake
[1.069s] -- Up-to-date: /home/gbb/rrbot_ws/install/controlko_controllers/share/controlko_controllers/cmake/controlko_controllersConfig.cmake
[1.069s] -- Up-to-date: /home/gbb/rrbot_ws/install/controlko_controllers/share/controlko_controllers/cmake/controlko_controllersConfig-version.cmake
[1.069s] -- Up-to-date: /home/gbb/rrbot_ws/install/controlko_controllers/share/controlko_controllers/package.xml
[1.271s] Invoked command in '/home/gbb/rrbot_ws/build/controlko_controllers' returned '0': CMAKE_PREFIX_PATH=${CMAKE_PREFIX_PATH}:/home/gbb/rrbot_ws/install/test_my_position_controller:/opt/ros/humble /usr/bin/cmake --install /home/gbb/rrbot_ws/build/controlko_controllers
