[0.077s] Invoking command in '/home/gbb/rrbot_ws/build/controlko_controllers': CMAKE_PREFIX_PATH=${CMAKE_PREFIX_PATH}:/home/gbb/rrbot_ws/install/test_my_position_controller:/opt/ros/humble /usr/bin/cmake --build /home/gbb/rrbot_ws/build/controlko_controllers -- -j8 -l8
[0.998s] [ 13%] Built target gmock_main
[1.065s] [ 26%] Built target displacement_controller_parameters
[1.189s] [ 46%] Built target gmock
[1.222s] [ 60%] Built target displacement_controller
[1.404s] [ 73%] Built target test_load_displacement_controller
[1.495s] [ 86%] Built target test_displacement_controller
[1.503s] [100%] Built target test_displacement_controller_preceeding
[1.924s] Invoked command in '/home/gbb/rrbot_ws/build/controlko_controllers' returned '0': CMAKE_PREFIX_PATH=${CMAKE_PREFIX_PATH}:/home/gbb/rrbot_ws/install/test_my_position_controller:/opt/ros/humble /usr/bin/cmake --build /home/gbb/rrbot_ws/build/controlko_controllers -- -j8 -l8
[1.928s] Invoking command in '/home/gbb/rrbot_ws/build/controlko_controllers': CMAKE_PREFIX_PATH=${CMAKE_PREFIX_PATH}:/home/gbb/rrbot_ws/install/test_my_position_controller:/opt/ros/humble /usr/bin/cmake --install /home/gbb/rrbot_ws/build/controlko_controllers
[1.967s] -- Install configuration: ""
[1.967s] -- Up-to-date: /home/gbb/rrbot_ws/install/controlko_controllers/include/controlko_controllers
[1.967s] -- Up-to-date: /home/gbb/rrbot_ws/install/controlko_controllers/include/controlko_controllers/validate_displacement_controller_parameters.hpp
[1.967s] -- Up-to-date: /home/gbb/rrbot_ws/install/controlko_controllers/include/controlko_controllers/displacement_controller_parameters.hpp
[1.967s] -- Up-to-date: /home/gbb/rrbot_ws/install/controlko_controllers/share/controlko_controllers/controlko_controllers.xml
[1.969s] -- Up-to-date: /home/gbb/rrbot_ws/install/controlko_controllers/lib/libdisplacement_controller.so
[1.970s] -- Up-to-date: /home/gbb/rrbot_ws/install/controlko_controllers/include
[1.970s] -- Up-to-date: /home/gbb/rrbot_ws/install/controlko_controllers/include/controlko_controllers
[1.970s] -- Up-to-date: /home/gbb/rrbot_ws/install/controlko_controllers/include/controlko_controllers/validate_displacement_controller_parameters.hpp
[1.970s] -- Up-to-date: /home/gbb/rrbot_ws/install/controlko_controllers/include/controlko_controllers/visibility_control.h
[1.971s] -- Up-to-date: /home/gbb/rrbot_ws/install/controlko_controllers/include/controlko_controllers/displacement_controller.hpp
[1.971s] -- Up-to-date: /home/gbb/rrbot_ws/install/controlko_controllers/share/controlko_controllers/environment/library_path.sh
[1.971s] -- Up-to-date: /home/gbb/rrbot_ws/install/controlko_controllers/share/controlko_controllers/environment/library_path.dsv
[1.979s] -- Up-to-date: /home/gbb/rrbot_ws/install/controlko_controllers/share/ament_index/resource_index/package_run_dependencies/controlko_controllers
[1.980s] -- Up-to-date: /home/gbb/rrbot_ws/install/controlko_controllers/share/ament_index/resource_index/parent_prefix_path/controlko_controllers
[1.981s] -- Up-to-date: /home/gbb/rrbot_ws/install/controlko_controllers/share/controlko_controllers/environment/ament_prefix_path.sh
[1.981s] -- Up-to-date: /home/gbb/rrbot_ws/install/controlko_controllers/share/controlko_controllers/environment/ament_prefix_path.dsv
[1.981s] -- Up-to-date: /home/gbb/rrbot_ws/install/controlko_controllers/share/controlko_controllers/environment/path.sh
[1.981s] -- Up-to-date: /home/gbb/rrbot_ws/install/controlko_controllers/share/controlko_controllers/environment/path.dsv
[1.982s] -- Up-to-date: /home/gbb/rrbot_ws/install/controlko_controllers/share/controlko_controllers/local_setup.bash
[1.982s] -- Up-to-date: /home/gbb/rrbot_ws/install/controlko_controllers/share/controlko_controllers/local_setup.sh
[1.982s] -- Up-to-date: /home/gbb/rrbot_ws/install/controlko_controllers/share/controlko_controllers/local_setup.zsh
[1.982s] -- Up-to-date: /home/gbb/rrbot_ws/install/controlko_controllers/share/controlko_controllers/local_setup.dsv
[1.982s] -- Installing: /home/gbb/rrbot_ws/install/controlko_controllers/share/controlko_controllers/package.dsv
[1.982s] -- Up-to-date: /home/gbb/rrbot_ws/install/controlko_controllers/share/ament_index/resource_index/packages/controlko_controllers
[1.982s] -- Up-to-date: /home/gbb/rrbot_ws/install/controlko_controllers/share/ament_index/resource_index/controller_interface__pluginlib__plugin/controlko_controllers
[1.983s] -- Up-to-date: /home/gbb/rrbot_ws/install/controlko_controllers/share/controlko_controllers/cmake/ament_cmake_export_dependencies-extras.cmake
[1.983s] -- Up-to-date: /home/gbb/rrbot_ws/install/controlko_controllers/share/controlko_controllers/cmake/ament_cmake_export_include_directories-extras.cmake
[1.983s] -- Up-to-date: /home/gbb/rrbot_ws/install/controlko_controllers/share/controlko_controllers/cmake/ament_cmake_export_libraries-extras.cmake
[1.983s] -- Up-to-date: /home/gbb/rrbot_ws/install/controlko_controllers/share/controlko_controllers/cmake/controlko_controllersConfig.cmake
[1.983s] -- Up-to-date: /home/gbb/rrbot_ws/install/controlko_controllers/share/controlko_controllers/cmake/controlko_controllersConfig-version.cmake
[1.984s] -- Up-to-date: /home/gbb/rrbot_ws/install/controlko_controllers/share/controlko_controllers/package.xml
[2.102s] Invoked command in '/home/gbb/rrbot_ws/build/controlko_controllers' returned '0': CMAKE_PREFIX_PATH=${CMAKE_PREFIX_PATH}:/home/gbb/rrbot_ws/install/test_my_position_controller:/opt/ros/humble /usr/bin/cmake --install /home/gbb/rrbot_ws/build/controlko_controllers
