[0.113s] DEBUG:colcon:Command line arguments: ['/usr/bin/colcon', 'build']
[0.113s] DEBUG:colcon:Parsed command line arguments: Namespace(log_base=None, log_level=None, verb_name='build', build_base='build', install_base='install', merge_install=False, symlink_install=False, test_result_base=None, continue_on_error=False, executor='parallel', parallel_workers=8, event_handlers=None, ignore_user_meta=False, metas=['./colcon.meta'], base_paths=['.'], packages_ignore=None, packages_ignore_regex=None, paths=None, packages_up_to=None, packages_up_to_regex=None, packages_above=None, packages_above_and_dependencies=None, packages_above_depth=None, packages_select_by_dep=None, packages_skip_by_dep=None, packages_skip_up_to=None, packages_select_build_failed=False, packages_skip_build_finished=False, packages_select_test_failures=False, packages_skip_test_passed=False, packages_select=None, packages_skip=None, packages_select_regex=None, packages_skip_regex=None, packages_start=None, packages_end=None, allow_overriding=[], cmake_args=None, cmake_target=None, cmake_target_skip_unavailable=False, cmake_clean_cache=False, cmake_clean_first=False, cmake_force_configure=False, ament_cmake_args=None, catkin_cmake_args=None, catkin_skip_building_tests=False, verb_parser=<colcon_defaults.argument_parser.defaults.DefaultArgumentsDecorator object at 0x73706cf58940>, verb_extension=<colcon_core.verb.build.BuildVerb object at 0x73706cf58430>, main=<bound method BuildVerb.main of <colcon_core.verb.build.BuildVerb object at 0x73706cf58430>>)
[0.299s] Level 1:colcon.colcon_core.package_discovery:discover_packages(colcon_meta) check parameters
[0.299s] Level 1:colcon.colcon_core.package_discovery:discover_packages(recursive) check parameters
[0.299s] Level 1:colcon.colcon_core.package_discovery:discover_packages(ignore) check parameters
[0.299s] Level 1:colcon.colcon_core.package_discovery:discover_packages(path) check parameters
[0.299s] Level 1:colcon.colcon_core.package_discovery:discover_packages(colcon_meta) discover
[0.299s] Level 1:colcon.colcon_core.package_discovery:discover_packages(recursive) discover
[0.299s] INFO:colcon.colcon_core.package_discovery:Crawling recursively for packages in '/home/gbb/rrbot_ws'
[0.299s] Level 1:colcon.colcon_core.package_identification:_identify(.) by extensions ['ignore', 'ignore_ament_install']
[0.300s] Level 1:colcon.colcon_core.package_identification:_identify(.) by extension 'ignore'
[0.300s] Level 1:colcon.colcon_core.package_identification:_identify(.) by extension 'ignore_ament_install'
[0.300s] Level 1:colcon.colcon_core.package_identification:_identify(.) by extensions ['colcon_pkg']
[0.300s] Level 1:colcon.colcon_core.package_identification:_identify(.) by extension 'colcon_pkg'
[0.300s] Level 1:colcon.colcon_core.package_identification:_identify(.) by extensions ['colcon_meta']
[0.300s] Level 1:colcon.colcon_core.package_identification:_identify(.) by extension 'colcon_meta'
[0.300s] Level 1:colcon.colcon_core.package_identification:_identify(.) by extensions ['ros']
[0.300s] Level 1:colcon.colcon_core.package_identification:_identify(.) by extension 'ros'
[0.311s] Level 1:colcon.colcon_core.package_identification:_identify(.) by extensions ['cmake', 'python']
[0.311s] Level 1:colcon.colcon_core.package_identification:_identify(.) by extension 'cmake'
[0.312s] Level 1:colcon.colcon_core.package_identification:_identify(.) by extension 'python'
[0.312s] Level 1:colcon.colcon_core.package_identification:_identify(.) by extensions ['python_setup_py']
[0.312s] Level 1:colcon.colcon_core.package_identification:_identify(.) by extension 'python_setup_py'
[0.312s] Level 1:colcon.colcon_core.package_identification:_identify(build) by extensions ['ignore', 'ignore_ament_install']
[0.312s] Level 1:colcon.colcon_core.package_identification:_identify(build) by extension 'ignore'
[0.312s] Level 1:colcon.colcon_core.package_identification:_identify(build) ignored
[0.312s] Level 1:colcon.colcon_core.package_identification:_identify(install) by extensions ['ignore', 'ignore_ament_install']
[0.312s] Level 1:colcon.colcon_core.package_identification:_identify(install) by extension 'ignore'
[0.312s] Level 1:colcon.colcon_core.package_identification:_identify(install) ignored
[0.312s] Level 1:colcon.colcon_core.package_identification:_identify(log) by extensions ['ignore', 'ignore_ament_install']
[0.312s] Level 1:colcon.colcon_core.package_identification:_identify(log) by extension 'ignore'
[0.312s] Level 1:colcon.colcon_core.package_identification:_identify(log) ignored
[0.312s] Level 1:colcon.colcon_core.package_identification:_identify(src) by extensions ['ignore', 'ignore_ament_install']
[0.312s] Level 1:colcon.colcon_core.package_identification:_identify(src) by extension 'ignore'
[0.313s] Level 1:colcon.colcon_core.package_identification:_identify(src) by extension 'ignore_ament_install'
[0.313s] Level 1:colcon.colcon_core.package_identification:_identify(src) by extensions ['colcon_pkg']
[0.313s] Level 1:colcon.colcon_core.package_identification:_identify(src) by extension 'colcon_pkg'
[0.313s] Level 1:colcon.colcon_core.package_identification:_identify(src) by extensions ['colcon_meta']
[0.313s] Level 1:colcon.colcon_core.package_identification:_identify(src) by extension 'colcon_meta'
[0.313s] Level 1:colcon.colcon_core.package_identification:_identify(src) by extensions ['ros']
[0.313s] Level 1:colcon.colcon_core.package_identification:_identify(src) by extension 'ros'
[0.313s] Level 1:colcon.colcon_core.package_identification:_identify(src) by extensions ['cmake', 'python']
[0.313s] Level 1:colcon.colcon_core.package_identification:_identify(src) by extension 'cmake'
[0.313s] Level 1:colcon.colcon_core.package_identification:_identify(src) by extension 'python'
[0.313s] Level 1:colcon.colcon_core.package_identification:_identify(src) by extensions ['python_setup_py']
[0.313s] Level 1:colcon.colcon_core.package_identification:_identify(src) by extension 'python_setup_py'
[0.313s] Level 1:colcon.colcon_core.package_identification:_identify(src/controlko_bringup) by extensions ['ignore', 'ignore_ament_install']
[0.313s] Level 1:colcon.colcon_core.package_identification:_identify(src/controlko_bringup) by extension 'ignore'
[0.313s] Level 1:colcon.colcon_core.package_identification:_identify(src/controlko_bringup) by extension 'ignore_ament_install'
[0.313s] Level 1:colcon.colcon_core.package_identification:_identify(src/controlko_bringup) by extensions ['colcon_pkg']
[0.313s] Level 1:colcon.colcon_core.package_identification:_identify(src/controlko_bringup) by extension 'colcon_pkg'
[0.313s] Level 1:colcon.colcon_core.package_identification:_identify(src/controlko_bringup) by extensions ['colcon_meta']
[0.313s] Level 1:colcon.colcon_core.package_identification:_identify(src/controlko_bringup) by extension 'colcon_meta'
[0.313s] Level 1:colcon.colcon_core.package_identification:_identify(src/controlko_bringup) by extensions ['ros']
[0.313s] Level 1:colcon.colcon_core.package_identification:_identify(src/controlko_bringup) by extension 'ros'
[0.316s] DEBUG:colcon.colcon_core.package_identification:Package 'src/controlko_bringup' with type 'ros.ament_cmake' and name 'controlko_bringup'
[0.316s] Level 1:colcon.colcon_core.package_identification:_identify(src/controlko_controllers) by extensions ['ignore', 'ignore_ament_install']
[0.317s] Level 1:colcon.colcon_core.package_identification:_identify(src/controlko_controllers) by extension 'ignore'
[0.317s] Level 1:colcon.colcon_core.package_identification:_identify(src/controlko_controllers) by extension 'ignore_ament_install'
[0.317s] Level 1:colcon.colcon_core.package_identification:_identify(src/controlko_controllers) by extensions ['colcon_pkg']
[0.317s] Level 1:colcon.colcon_core.package_identification:_identify(src/controlko_controllers) by extension 'colcon_pkg'
[0.317s] Level 1:colcon.colcon_core.package_identification:_identify(src/controlko_controllers) by extensions ['colcon_meta']
[0.317s] Level 1:colcon.colcon_core.package_identification:_identify(src/controlko_controllers) by extension 'colcon_meta'
[0.317s] Level 1:colcon.colcon_core.package_identification:_identify(src/controlko_controllers) by extensions ['ros']
[0.317s] Level 1:colcon.colcon_core.package_identification:_identify(src/controlko_controllers) by extension 'ros'
[0.318s] DEBUG:colcon.colcon_core.package_identification:Package 'src/controlko_controllers' with type 'ros.ament_cmake' and name 'controlko_controllers'
[0.318s] Level 1:colcon.colcon_core.package_identification:_identify(src/controlko_description) by extensions ['ignore', 'ignore_ament_install']
[0.318s] Level 1:colcon.colcon_core.package_identification:_identify(src/controlko_description) by extension 'ignore'
[0.318s] Level 1:colcon.colcon_core.package_identification:_identify(src/controlko_description) by extension 'ignore_ament_install'
[0.318s] Level 1:colcon.colcon_core.package_identification:_identify(src/controlko_description) by extensions ['colcon_pkg']
[0.318s] Level 1:colcon.colcon_core.package_identification:_identify(src/controlko_description) by extension 'colcon_pkg'
[0.318s] Level 1:colcon.colcon_core.package_identification:_identify(src/controlko_description) by extensions ['colcon_meta']
[0.318s] Level 1:colcon.colcon_core.package_identification:_identify(src/controlko_description) by extension 'colcon_meta'
[0.318s] Level 1:colcon.colcon_core.package_identification:_identify(src/controlko_description) by extensions ['ros']
[0.319s] Level 1:colcon.colcon_core.package_identification:_identify(src/controlko_description) by extension 'ros'
[0.319s] DEBUG:colcon.colcon_core.package_identification:Package 'src/controlko_description' with type 'ros.ament_cmake' and name 'controlko_description'
[0.319s] Level 1:colcon.colcon_core.package_identification:_identify(src/controlko_hardware_interface) by extensions ['ignore', 'ignore_ament_install']
[0.319s] Level 1:colcon.colcon_core.package_identification:_identify(src/controlko_hardware_interface) by extension 'ignore'
[0.319s] Level 1:colcon.colcon_core.package_identification:_identify(src/controlko_hardware_interface) by extension 'ignore_ament_install'
[0.319s] Level 1:colcon.colcon_core.package_identification:_identify(src/controlko_hardware_interface) by extensions ['colcon_pkg']
[0.319s] Level 1:colcon.colcon_core.package_identification:_identify(src/controlko_hardware_interface) by extension 'colcon_pkg'
[0.319s] Level 1:colcon.colcon_core.package_identification:_identify(src/controlko_hardware_interface) by extensions ['colcon_meta']
[0.319s] Level 1:colcon.colcon_core.package_identification:_identify(src/controlko_hardware_interface) by extension 'colcon_meta'
[0.320s] Level 1:colcon.colcon_core.package_identification:_identify(src/controlko_hardware_interface) by extensions ['ros']
[0.320s] Level 1:colcon.colcon_core.package_identification:_identify(src/controlko_hardware_interface) by extension 'ros'
[0.320s] DEBUG:colcon.colcon_core.package_identification:Package 'src/controlko_hardware_interface' with type 'ros.ament_cmake' and name 'controlko_hardware_interface'
[0.320s] Level 1:colcon.colcon_core.package_identification:_identify(src/roscon2022_control_workshop) by extensions ['ignore', 'ignore_ament_install']
[0.320s] Level 1:colcon.colcon_core.package_identification:_identify(src/roscon2022_control_workshop) by extension 'ignore'
[0.321s] Level 1:colcon.colcon_core.package_identification:_identify(src/roscon2022_control_workshop) by extension 'ignore_ament_install'
[0.321s] Level 1:colcon.colcon_core.package_identification:_identify(src/roscon2022_control_workshop) by extensions ['colcon_pkg']
[0.321s] Level 1:colcon.colcon_core.package_identification:_identify(src/roscon2022_control_workshop) by extension 'colcon_pkg'
[0.321s] Level 1:colcon.colcon_core.package_identification:_identify(src/roscon2022_control_workshop) by extensions ['colcon_meta']
[0.321s] Level 1:colcon.colcon_core.package_identification:_identify(src/roscon2022_control_workshop) by extension 'colcon_meta'
[0.321s] Level 1:colcon.colcon_core.package_identification:_identify(src/roscon2022_control_workshop) by extensions ['ros']
[0.321s] Level 1:colcon.colcon_core.package_identification:_identify(src/roscon2022_control_workshop) by extension 'ros'
[0.321s] DEBUG:colcon.colcon_core.package_identification:Package 'src/roscon2022_control_workshop' with type 'ros.ament_cmake' and name 'roscon2022_control_workshop'
[0.321s] Level 1:colcon.colcon_core.package_discovery:discover_packages(recursive) using defaults
[0.321s] Level 1:colcon.colcon_core.package_discovery:discover_packages(ignore) discover
[0.321s] Level 1:colcon.colcon_core.package_discovery:discover_packages(ignore) using defaults
[0.321s] Level 1:colcon.colcon_core.package_discovery:discover_packages(path) discover
[0.321s] Level 1:colcon.colcon_core.package_discovery:discover_packages(path) using defaults
[0.355s] Level 1:colcon.colcon_core.package_discovery:discover_packages(prefix_path) check parameters
[0.355s] Level 1:colcon.colcon_core.package_discovery:discover_packages(prefix_path) discover
[0.359s] DEBUG:colcon.colcon_installed_package_information.package_discovery:Found 370 installed packages in /opt/ros/humble
[0.361s] Level 1:colcon.colcon_core.package_discovery:discover_packages(prefix_path) using defaults
[0.424s] Level 5:colcon.colcon_core.verb:set package 'controlko_controllers' build argument 'cmake_args' from command line to 'None'
[0.424s] Level 5:colcon.colcon_core.verb:set package 'controlko_controllers' build argument 'cmake_target' from command line to 'None'
[0.425s] Level 5:colcon.colcon_core.verb:set package 'controlko_controllers' build argument 'cmake_target_skip_unavailable' from command line to 'False'
[0.425s] Level 5:colcon.colcon_core.verb:set package 'controlko_controllers' build argument 'cmake_clean_cache' from command line to 'False'
[0.425s] Level 5:colcon.colcon_core.verb:set package 'controlko_controllers' build argument 'cmake_clean_first' from command line to 'False'
[0.425s] Level 5:colcon.colcon_core.verb:set package 'controlko_controllers' build argument 'cmake_force_configure' from command line to 'False'
[0.425s] Level 5:colcon.colcon_core.verb:set package 'controlko_controllers' build argument 'ament_cmake_args' from command line to 'None'
[0.425s] Level 5:colcon.colcon_core.verb:set package 'controlko_controllers' build argument 'catkin_cmake_args' from command line to 'None'
[0.425s] Level 5:colcon.colcon_core.verb:set package 'controlko_controllers' build argument 'catkin_skip_building_tests' from command line to 'False'
[0.425s] DEBUG:colcon.colcon_core.verb:Building package 'controlko_controllers' with the following arguments: {'ament_cmake_args': None, 'build_base': '/home/gbb/rrbot_ws/build/controlko_controllers', 'catkin_cmake_args': None, 'catkin_skip_building_tests': False, 'cmake_args': None, 'cmake_clean_cache': False, 'cmake_clean_first': False, 'cmake_force_configure': False, 'cmake_target': None, 'cmake_target_skip_unavailable': False, 'install_base': '/home/gbb/rrbot_ws/install/controlko_controllers', 'merge_install': False, 'path': '/home/gbb/rrbot_ws/src/controlko_controllers', 'symlink_install': False, 'test_result_base': None}
[0.425s] Level 5:colcon.colcon_core.verb:set package 'controlko_description' build argument 'cmake_args' from command line to 'None'
[0.425s] Level 5:colcon.colcon_core.verb:set package 'controlko_description' build argument 'cmake_target' from command line to 'None'
[0.425s] Level 5:colcon.colcon_core.verb:set package 'controlko_description' build argument 'cmake_target_skip_unavailable' from command line to 'False'
[0.425s] Level 5:colcon.colcon_core.verb:set package 'controlko_description' build argument 'cmake_clean_cache' from command line to 'False'
[0.425s] Level 5:colcon.colcon_core.verb:set package 'controlko_description' build argument 'cmake_clean_first' from command line to 'False'
[0.425s] Level 5:colcon.colcon_core.verb:set package 'controlko_description' build argument 'cmake_force_configure' from command line to 'False'
[0.425s] Level 5:colcon.colcon_core.verb:set package 'controlko_description' build argument 'ament_cmake_args' from command line to 'None'
[0.425s] Level 5:colcon.colcon_core.verb:set package 'controlko_description' build argument 'catkin_cmake_args' from command line to 'None'
[0.425s] Level 5:colcon.colcon_core.verb:set package 'controlko_description' build argument 'catkin_skip_building_tests' from command line to 'False'
[0.426s] DEBUG:colcon.colcon_core.verb:Building package 'controlko_description' with the following arguments: {'ament_cmake_args': None, 'build_base': '/home/gbb/rrbot_ws/build/controlko_description', 'catkin_cmake_args': None, 'catkin_skip_building_tests': False, 'cmake_args': None, 'cmake_clean_cache': False, 'cmake_clean_first': False, 'cmake_force_configure': False, 'cmake_target': None, 'cmake_target_skip_unavailable': False, 'install_base': '/home/gbb/rrbot_ws/install/controlko_description', 'merge_install': False, 'path': '/home/gbb/rrbot_ws/src/controlko_description', 'symlink_install': False, 'test_result_base': None}
[0.426s] Level 5:colcon.colcon_core.verb:set package 'controlko_hardware_interface' build argument 'cmake_args' from command line to 'None'
[0.426s] Level 5:colcon.colcon_core.verb:set package 'controlko_hardware_interface' build argument 'cmake_target' from command line to 'None'
[0.426s] Level 5:colcon.colcon_core.verb:set package 'controlko_hardware_interface' build argument 'cmake_target_skip_unavailable' from command line to 'False'
[0.426s] Level 5:colcon.colcon_core.verb:set package 'controlko_hardware_interface' build argument 'cmake_clean_cache' from command line to 'False'
[0.426s] Level 5:colcon.colcon_core.verb:set package 'controlko_hardware_interface' build argument 'cmake_clean_first' from command line to 'False'
[0.426s] Level 5:colcon.colcon_core.verb:set package 'controlko_hardware_interface' build argument 'cmake_force_configure' from command line to 'False'
[0.426s] Level 5:colcon.colcon_core.verb:set package 'controlko_hardware_interface' build argument 'ament_cmake_args' from command line to 'None'
[0.426s] Level 5:colcon.colcon_core.verb:set package 'controlko_hardware_interface' build argument 'catkin_cmake_args' from command line to 'None'
[0.426s] Level 5:colcon.colcon_core.verb:set package 'controlko_hardware_interface' build argument 'catkin_skip_building_tests' from command line to 'False'
[0.426s] DEBUG:colcon.colcon_core.verb:Building package 'controlko_hardware_interface' with the following arguments: {'ament_cmake_args': None, 'build_base': '/home/gbb/rrbot_ws/build/controlko_hardware_interface', 'catkin_cmake_args': None, 'catkin_skip_building_tests': False, 'cmake_args': None, 'cmake_clean_cache': False, 'cmake_clean_first': False, 'cmake_force_configure': False, 'cmake_target': None, 'cmake_target_skip_unavailable': False, 'install_base': '/home/gbb/rrbot_ws/install/controlko_hardware_interface', 'merge_install': False, 'path': '/home/gbb/rrbot_ws/src/controlko_hardware_interface', 'symlink_install': False, 'test_result_base': None}
[0.427s] Level 5:colcon.colcon_core.verb:set package 'roscon2022_control_workshop' build argument 'cmake_args' from command line to 'None'
[0.427s] Level 5:colcon.colcon_core.verb:set package 'roscon2022_control_workshop' build argument 'cmake_target' from command line to 'None'
[0.427s] Level 5:colcon.colcon_core.verb:set package 'roscon2022_control_workshop' build argument 'cmake_target_skip_unavailable' from command line to 'False'
[0.427s] Level 5:colcon.colcon_core.verb:set package 'roscon2022_control_workshop' build argument 'cmake_clean_cache' from command line to 'False'
[0.427s] Level 5:colcon.colcon_core.verb:set package 'roscon2022_control_workshop' build argument 'cmake_clean_first' from command line to 'False'
[0.427s] Level 5:colcon.colcon_core.verb:set package 'roscon2022_control_workshop' build argument 'cmake_force_configure' from command line to 'False'
[0.427s] Level 5:colcon.colcon_core.verb:set package 'roscon2022_control_workshop' build argument 'ament_cmake_args' from command line to 'None'
[0.427s] Level 5:colcon.colcon_core.verb:set package 'roscon2022_control_workshop' build argument 'catkin_cmake_args' from command line to 'None'
[0.427s] Level 5:colcon.colcon_core.verb:set package 'roscon2022_control_workshop' build argument 'catkin_skip_building_tests' from command line to 'False'
[0.427s] DEBUG:colcon.colcon_core.verb:Building package 'roscon2022_control_workshop' with the following arguments: {'ament_cmake_args': None, 'build_base': '/home/gbb/rrbot_ws/build/roscon2022_control_workshop', 'catkin_cmake_args': None, 'catkin_skip_building_tests': False, 'cmake_args': None, 'cmake_clean_cache': False, 'cmake_clean_first': False, 'cmake_force_configure': False, 'cmake_target': None, 'cmake_target_skip_unavailable': False, 'install_base': '/home/gbb/rrbot_ws/install/roscon2022_control_workshop', 'merge_install': False, 'path': '/home/gbb/rrbot_ws/src/roscon2022_control_workshop', 'symlink_install': False, 'test_result_base': None}
[0.427s] Level 5:colcon.colcon_core.verb:set package 'controlko_bringup' build argument 'cmake_args' from command line to 'None'
[0.427s] Level 5:colcon.colcon_core.verb:set package 'controlko_bringup' build argument 'cmake_target' from command line to 'None'
[0.427s] Level 5:colcon.colcon_core.verb:set package 'controlko_bringup' build argument 'cmake_target_skip_unavailable' from command line to 'False'
[0.427s] Level 5:colcon.colcon_core.verb:set package 'controlko_bringup' build argument 'cmake_clean_cache' from command line to 'False'
[0.427s] Level 5:colcon.colcon_core.verb:set package 'controlko_bringup' build argument 'cmake_clean_first' from command line to 'False'
[0.427s] Level 5:colcon.colcon_core.verb:set package 'controlko_bringup' build argument 'cmake_force_configure' from command line to 'False'
[0.428s] Level 5:colcon.colcon_core.verb:set package 'controlko_bringup' build argument 'ament_cmake_args' from command line to 'None'
[0.428s] Level 5:colcon.colcon_core.verb:set package 'controlko_bringup' build argument 'catkin_cmake_args' from command line to 'None'
[0.428s] Level 5:colcon.colcon_core.verb:set package 'controlko_bringup' build argument 'catkin_skip_building_tests' from command line to 'False'
[0.428s] DEBUG:colcon.colcon_core.verb:Building package 'controlko_bringup' with the following arguments: {'ament_cmake_args': None, 'build_base': '/home/gbb/rrbot_ws/build/controlko_bringup', 'catkin_cmake_args': None, 'catkin_skip_building_tests': False, 'cmake_args': None, 'cmake_clean_cache': False, 'cmake_clean_first': False, 'cmake_force_configure': False, 'cmake_target': None, 'cmake_target_skip_unavailable': False, 'install_base': '/home/gbb/rrbot_ws/install/controlko_bringup', 'merge_install': False, 'path': '/home/gbb/rrbot_ws/src/controlko_bringup', 'symlink_install': False, 'test_result_base': None}
[0.428s] INFO:colcon.colcon_core.executor:Executing jobs using 'parallel' executor
[0.429s] DEBUG:colcon.colcon_parallel_executor.executor.parallel:run_until_complete
[0.429s] INFO:colcon.colcon_ros.task.ament_cmake.build:Building ROS package in '/home/gbb/rrbot_ws/src/controlko_description' with build type 'ament_cmake'
[0.429s] INFO:colcon.colcon_cmake.task.cmake.build:Building CMake package in '/home/gbb/rrbot_ws/src/controlko_description'
[0.433s] INFO:colcon.colcon_core.plugin_system:Skipping extension 'colcon_core.shell.bat': Not used on non-Windows systems
[0.433s] INFO:colcon.colcon_core.shell:Skip shell extension 'powershell' for command environment: Not usable outside of PowerShell
[0.433s] DEBUG:colcon.colcon_core.shell:Skip shell extension 'dsv' for command environment
[0.438s] INFO:colcon.colcon_ros.task.ament_cmake.build:Building ROS package in '/home/gbb/rrbot_ws/src/controlko_controllers' with build type 'ament_cmake'
[0.438s] INFO:colcon.colcon_cmake.task.cmake.build:Building CMake package in '/home/gbb/rrbot_ws/src/controlko_controllers'
[0.439s] INFO:colcon.colcon_core.shell:Skip shell extension 'powershell' for command environment: Not usable outside of PowerShell
[0.439s] DEBUG:colcon.colcon_core.shell:Skip shell extension 'dsv' for command environment
[0.444s] INFO:colcon.colcon_ros.task.ament_cmake.build:Building ROS package in '/home/gbb/rrbot_ws/src/controlko_hardware_interface' with build type 'ament_cmake'
[0.444s] INFO:colcon.colcon_cmake.task.cmake.build:Building CMake package in '/home/gbb/rrbot_ws/src/controlko_hardware_interface'
[0.444s] INFO:colcon.colcon_core.shell:Skip shell extension 'powershell' for command environment: Not usable outside of PowerShell
[0.445s] DEBUG:colcon.colcon_core.shell:Skip shell extension 'dsv' for command environment
[0.452s] INFO:colcon.colcon_ros.task.ament_cmake.build:Building ROS package in '/home/gbb/rrbot_ws/src/roscon2022_control_workshop' with build type 'ament_cmake'
[0.452s] INFO:colcon.colcon_cmake.task.cmake.build:Building CMake package in '/home/gbb/rrbot_ws/src/roscon2022_control_workshop'
[0.452s] INFO:colcon.colcon_core.shell:Skip shell extension 'powershell' for command environment: Not usable outside of PowerShell
[0.452s] DEBUG:colcon.colcon_core.shell:Skip shell extension 'dsv' for command environment
[0.467s] DEBUG:colcon.colcon_core.event_handler.log_command:Invoking command in '/home/gbb/rrbot_ws/build/controlko_description': CMAKE_PREFIX_PATH=/opt/ros/humble /usr/bin/cmake /home/gbb/rrbot_ws/src/controlko_description -DCMAKE_INSTALL_PREFIX=/home/gbb/rrbot_ws/install/controlko_description
[0.476s] DEBUG:colcon.colcon_core.event_handler.log_command:Invoking command in '/home/gbb/rrbot_ws/build/controlko_controllers': CMAKE_PREFIX_PATH=/opt/ros/humble /usr/bin/cmake /home/gbb/rrbot_ws/src/controlko_controllers -DCMAKE_INSTALL_PREFIX=/home/gbb/rrbot_ws/install/controlko_controllers
[0.488s] DEBUG:colcon.colcon_core.event_handler.log_command:Invoking command in '/home/gbb/rrbot_ws/build/controlko_hardware_interface': CMAKE_PREFIX_PATH=/opt/ros/humble /usr/bin/cmake /home/gbb/rrbot_ws/src/controlko_hardware_interface -DCMAKE_INSTALL_PREFIX=/home/gbb/rrbot_ws/install/controlko_hardware_interface
[0.513s] DEBUG:colcon.colcon_core.event_handler.log_command:Invoking command in '/home/gbb/rrbot_ws/build/roscon2022_control_workshop': CMAKE_PREFIX_PATH=/opt/ros/humble /usr/bin/cmake /home/gbb/rrbot_ws/src/roscon2022_control_workshop -DCMAKE_INSTALL_PREFIX=/home/gbb/rrbot_ws/install/roscon2022_control_workshop
[1.715s] DEBUG:colcon.colcon_core.event_handler.log_command:Invoked command in '/home/gbb/rrbot_ws/build/roscon2022_control_workshop' returned '0': CMAKE_PREFIX_PATH=/opt/ros/humble /usr/bin/cmake /home/gbb/rrbot_ws/src/roscon2022_control_workshop -DCMAKE_INSTALL_PREFIX=/home/gbb/rrbot_ws/install/roscon2022_control_workshop
[1.717s] DEBUG:colcon.colcon_core.event_handler.log_command:Invoking command in '/home/gbb/rrbot_ws/build/roscon2022_control_workshop': CMAKE_PREFIX_PATH=/opt/ros/humble /usr/bin/cmake --build /home/gbb/rrbot_ws/build/roscon2022_control_workshop -- -j8 -l8
[1.756s] DEBUG:colcon.colcon_core.event_handler.log_command:Invoked command in '/home/gbb/rrbot_ws/build/controlko_description' returned '0': CMAKE_PREFIX_PATH=/opt/ros/humble /usr/bin/cmake /home/gbb/rrbot_ws/src/controlko_description -DCMAKE_INSTALL_PREFIX=/home/gbb/rrbot_ws/install/controlko_description
[1.757s] DEBUG:colcon.colcon_core.event_handler.log_command:Invoking command in '/home/gbb/rrbot_ws/build/controlko_description': CMAKE_PREFIX_PATH=/opt/ros/humble /usr/bin/cmake --build /home/gbb/rrbot_ws/build/controlko_description -- -j8 -l8
[1.839s] DEBUG:colcon.colcon_core.event_handler.log_command:Invoked command in '/home/gbb/rrbot_ws/build/roscon2022_control_workshop' returned '0': CMAKE_PREFIX_PATH=/opt/ros/humble /usr/bin/cmake --build /home/gbb/rrbot_ws/build/roscon2022_control_workshop -- -j8 -l8
[1.863s] DEBUG:colcon.colcon_core.event_handler.log_command:Invoking command in '/home/gbb/rrbot_ws/build/roscon2022_control_workshop': CMAKE_PREFIX_PATH=/opt/ros/humble /usr/bin/cmake --install /home/gbb/rrbot_ws/build/roscon2022_control_workshop
[1.869s] DEBUG:colcon.colcon_core.event_handler.log_command:Invoked command in '/home/gbb/rrbot_ws/build/controlko_description' returned '0': CMAKE_PREFIX_PATH=/opt/ros/humble /usr/bin/cmake --build /home/gbb/rrbot_ws/build/controlko_description -- -j8 -l8
[1.890s] DEBUG:colcon.colcon_core.event_handler.log_command:Invoking command in '/home/gbb/rrbot_ws/build/controlko_description': CMAKE_PREFIX_PATH=/opt/ros/humble /usr/bin/cmake --install /home/gbb/rrbot_ws/build/controlko_description
[1.915s] Level 1:colcon.colcon_core.environment:create_environment_scripts_only(roscon2022_control_workshop)
[1.924s] DEBUG:colcon.colcon_core.event_handler.log_command:Invoked command in '/home/gbb/rrbot_ws/build/roscon2022_control_workshop' returned '0': CMAKE_PREFIX_PATH=/opt/ros/humble /usr/bin/cmake --install /home/gbb/rrbot_ws/build/roscon2022_control_workshop
[1.948s] Level 1:colcon.colcon_core.environment:checking '/home/gbb/rrbot_ws/install/roscon2022_control_workshop' for CMake module files
[1.950s] Level 1:colcon.colcon_core.environment:checking '/home/gbb/rrbot_ws/install/roscon2022_control_workshop' for CMake config files
[1.950s] Level 1:colcon.colcon_core.shell:create_environment_hook('roscon2022_control_workshop', 'cmake_prefix_path')
[1.951s] INFO:colcon.colcon_core.shell:Creating environment hook '/home/gbb/rrbot_ws/install/roscon2022_control_workshop/share/roscon2022_control_workshop/hook/cmake_prefix_path.ps1'
[1.978s] INFO:colcon.colcon_core.shell:Creating environment descriptor '/home/gbb/rrbot_ws/install/roscon2022_control_workshop/share/roscon2022_control_workshop/hook/cmake_prefix_path.dsv'
[1.981s] INFO:colcon.colcon_core.shell:Creating environment hook '/home/gbb/rrbot_ws/install/roscon2022_control_workshop/share/roscon2022_control_workshop/hook/cmake_prefix_path.sh'
[1.993s] Level 1:colcon.colcon_core.environment:checking '/home/gbb/rrbot_ws/install/roscon2022_control_workshop/bin'
[1.993s] Level 1:colcon.colcon_core.environment:checking '/home/gbb/rrbot_ws/install/roscon2022_control_workshop/lib/pkgconfig/roscon2022_control_workshop.pc'
[1.995s] Level 1:colcon.colcon_core.environment:checking '/home/gbb/rrbot_ws/install/roscon2022_control_workshop/lib/python3.10/site-packages'
[1.996s] Level 1:colcon.colcon_core.environment:checking '/home/gbb/rrbot_ws/install/roscon2022_control_workshop/bin'
[1.997s] INFO:colcon.colcon_core.shell:Creating package script '/home/gbb/rrbot_ws/install/roscon2022_control_workshop/share/roscon2022_control_workshop/package.ps1'
[2.001s] INFO:colcon.colcon_core.shell:Creating package descriptor '/home/gbb/rrbot_ws/install/roscon2022_control_workshop/share/roscon2022_control_workshop/package.dsv'
[2.005s] INFO:colcon.colcon_core.shell:Creating package script '/home/gbb/rrbot_ws/install/roscon2022_control_workshop/share/roscon2022_control_workshop/package.sh'
[2.007s] INFO:colcon.colcon_core.shell:Creating package script '/home/gbb/rrbot_ws/install/roscon2022_control_workshop/share/roscon2022_control_workshop/package.bash'
[2.011s] INFO:colcon.colcon_core.shell:Creating package script '/home/gbb/rrbot_ws/install/roscon2022_control_workshop/share/roscon2022_control_workshop/package.zsh'
[2.014s] Level 1:colcon.colcon_core.environment:create_file_with_runtime_dependencies(/home/gbb/rrbot_ws/install/roscon2022_control_workshop/share/colcon-core/packages/roscon2022_control_workshop)
[2.016s] Level 1:colcon.colcon_core.environment:create_environment_scripts_only(roscon2022_control_workshop)
[2.018s] Level 1:colcon.colcon_core.environment:checking '/home/gbb/rrbot_ws/install/roscon2022_control_workshop' for CMake module files
[2.019s] Level 1:colcon.colcon_core.environment:checking '/home/gbb/rrbot_ws/install/roscon2022_control_workshop' for CMake config files
[2.020s] Level 1:colcon.colcon_core.shell:create_environment_hook('roscon2022_control_workshop', 'cmake_prefix_path')
[2.020s] INFO:colcon.colcon_core.shell:Creating environment hook '/home/gbb/rrbot_ws/install/roscon2022_control_workshop/share/roscon2022_control_workshop/hook/cmake_prefix_path.ps1'
[2.022s] INFO:colcon.colcon_core.shell:Creating environment descriptor '/home/gbb/rrbot_ws/install/roscon2022_control_workshop/share/roscon2022_control_workshop/hook/cmake_prefix_path.dsv'
[2.023s] INFO:colcon.colcon_core.shell:Creating environment hook '/home/gbb/rrbot_ws/install/roscon2022_control_workshop/share/roscon2022_control_workshop/hook/cmake_prefix_path.sh'
[2.025s] Level 1:colcon.colcon_core.environment:checking '/home/gbb/rrbot_ws/install/roscon2022_control_workshop/bin'
[2.025s] Level 1:colcon.colcon_core.environment:checking '/home/gbb/rrbot_ws/install/roscon2022_control_workshop/lib/pkgconfig/roscon2022_control_workshop.pc'
[2.025s] Level 1:colcon.colcon_core.environment:checking '/home/gbb/rrbot_ws/install/roscon2022_control_workshop/lib/python3.10/site-packages'
[2.026s] Level 1:colcon.colcon_core.environment:checking '/home/gbb/rrbot_ws/install/roscon2022_control_workshop/bin'
[2.027s] INFO:colcon.colcon_core.shell:Creating package script '/home/gbb/rrbot_ws/install/roscon2022_control_workshop/share/roscon2022_control_workshop/package.ps1'
[2.030s] INFO:colcon.colcon_core.shell:Creating package descriptor '/home/gbb/rrbot_ws/install/roscon2022_control_workshop/share/roscon2022_control_workshop/package.dsv'
[2.033s] INFO:colcon.colcon_core.shell:Creating package script '/home/gbb/rrbot_ws/install/roscon2022_control_workshop/share/roscon2022_control_workshop/package.sh'
[2.036s] INFO:colcon.colcon_core.shell:Creating package script '/home/gbb/rrbot_ws/install/roscon2022_control_workshop/share/roscon2022_control_workshop/package.bash'
[2.041s] INFO:colcon.colcon_core.shell:Creating package script '/home/gbb/rrbot_ws/install/roscon2022_control_workshop/share/roscon2022_control_workshop/package.zsh'
[2.043s] Level 1:colcon.colcon_core.environment:create_file_with_runtime_dependencies(/home/gbb/rrbot_ws/install/roscon2022_control_workshop/share/colcon-core/packages/roscon2022_control_workshop)
[2.047s] Level 1:colcon.colcon_core.environment:create_environment_scripts_only(controlko_description)
[2.048s] Level 1:colcon.colcon_core.environment:checking '/home/gbb/rrbot_ws/install/controlko_description' for CMake module files
[2.049s] Level 1:colcon.colcon_core.environment:checking '/home/gbb/rrbot_ws/install/controlko_description' for CMake config files
[2.049s] Level 1:colcon.colcon_core.shell:create_environment_hook('controlko_description', 'cmake_prefix_path')
[2.050s] INFO:colcon.colcon_core.shell:Creating environment hook '/home/gbb/rrbot_ws/install/controlko_description/share/controlko_description/hook/cmake_prefix_path.ps1'
[2.051s] INFO:colcon.colcon_core.shell:Creating environment descriptor '/home/gbb/rrbot_ws/install/controlko_description/share/controlko_description/hook/cmake_prefix_path.dsv'
[2.053s] DEBUG:colcon.colcon_core.event_handler.log_command:Invoked command in '/home/gbb/rrbot_ws/build/controlko_description' returned '0': CMAKE_PREFIX_PATH=/opt/ros/humble /usr/bin/cmake --install /home/gbb/rrbot_ws/build/controlko_description
[2.054s] INFO:colcon.colcon_core.shell:Creating environment hook '/home/gbb/rrbot_ws/install/controlko_description/share/controlko_description/hook/cmake_prefix_path.sh'
[2.055s] Level 1:colcon.colcon_core.environment:checking '/home/gbb/rrbot_ws/install/controlko_description/bin'
[2.055s] Level 1:colcon.colcon_core.environment:checking '/home/gbb/rrbot_ws/install/controlko_description/lib/pkgconfig/controlko_description.pc'
[2.056s] Level 1:colcon.colcon_core.environment:checking '/home/gbb/rrbot_ws/install/controlko_description/lib/python3.10/site-packages'
[2.056s] Level 1:colcon.colcon_core.environment:checking '/home/gbb/rrbot_ws/install/controlko_description/bin'
[2.057s] INFO:colcon.colcon_core.shell:Creating package script '/home/gbb/rrbot_ws/install/controlko_description/share/controlko_description/package.ps1'
[2.058s] INFO:colcon.colcon_core.shell:Creating package descriptor '/home/gbb/rrbot_ws/install/controlko_description/share/controlko_description/package.dsv'
[2.060s] INFO:colcon.colcon_core.shell:Creating package script '/home/gbb/rrbot_ws/install/controlko_description/share/controlko_description/package.sh'
[2.061s] INFO:colcon.colcon_core.shell:Creating package script '/home/gbb/rrbot_ws/install/controlko_description/share/controlko_description/package.bash'
[2.063s] INFO:colcon.colcon_core.shell:Creating package script '/home/gbb/rrbot_ws/install/controlko_description/share/controlko_description/package.zsh'
[2.064s] Level 1:colcon.colcon_core.environment:create_file_with_runtime_dependencies(/home/gbb/rrbot_ws/install/controlko_description/share/colcon-core/packages/controlko_description)
[2.065s] Level 1:colcon.colcon_core.environment:create_environment_scripts_only(controlko_description)
[2.067s] Level 1:colcon.colcon_core.environment:checking '/home/gbb/rrbot_ws/install/controlko_description' for CMake module files
[2.068s] Level 1:colcon.colcon_core.environment:checking '/home/gbb/rrbot_ws/install/controlko_description' for CMake config files
[2.069s] Level 1:colcon.colcon_core.shell:create_environment_hook('controlko_description', 'cmake_prefix_path')
[2.069s] INFO:colcon.colcon_core.shell:Creating environment hook '/home/gbb/rrbot_ws/install/controlko_description/share/controlko_description/hook/cmake_prefix_path.ps1'
[2.070s] INFO:colcon.colcon_core.shell:Creating environment descriptor '/home/gbb/rrbot_ws/install/controlko_description/share/controlko_description/hook/cmake_prefix_path.dsv'
[2.071s] INFO:colcon.colcon_core.shell:Creating environment hook '/home/gbb/rrbot_ws/install/controlko_description/share/controlko_description/hook/cmake_prefix_path.sh'
[2.074s] Level 1:colcon.colcon_core.environment:checking '/home/gbb/rrbot_ws/install/controlko_description/bin'
[2.074s] Level 1:colcon.colcon_core.environment:checking '/home/gbb/rrbot_ws/install/controlko_description/lib/pkgconfig/controlko_description.pc'
[2.075s] Level 1:colcon.colcon_core.environment:checking '/home/gbb/rrbot_ws/install/controlko_description/lib/python3.10/site-packages'
[2.076s] Level 1:colcon.colcon_core.environment:checking '/home/gbb/rrbot_ws/install/controlko_description/bin'
[2.076s] INFO:colcon.colcon_core.shell:Creating package script '/home/gbb/rrbot_ws/install/controlko_description/share/controlko_description/package.ps1'
[2.078s] INFO:colcon.colcon_core.shell:Creating package descriptor '/home/gbb/rrbot_ws/install/controlko_description/share/controlko_description/package.dsv'
[2.079s] INFO:colcon.colcon_core.shell:Creating package script '/home/gbb/rrbot_ws/install/controlko_description/share/controlko_description/package.sh'
[2.081s] INFO:colcon.colcon_core.shell:Creating package script '/home/gbb/rrbot_ws/install/controlko_description/share/controlko_description/package.bash'
[2.083s] INFO:colcon.colcon_core.shell:Creating package script '/home/gbb/rrbot_ws/install/controlko_description/share/controlko_description/package.zsh'
[2.085s] Level 1:colcon.colcon_core.environment:create_file_with_runtime_dependencies(/home/gbb/rrbot_ws/install/controlko_description/share/colcon-core/packages/controlko_description)
[2.086s] INFO:colcon.colcon_ros.task.ament_cmake.build:Building ROS package in '/home/gbb/rrbot_ws/src/controlko_bringup' with build type 'ament_cmake'
[2.087s] INFO:colcon.colcon_cmake.task.cmake.build:Building CMake package in '/home/gbb/rrbot_ws/src/controlko_bringup'
[2.088s] INFO:colcon.colcon_core.shell:Skip shell extension 'powershell' for command environment: Not usable outside of PowerShell
[2.089s] DEBUG:colcon.colcon_core.shell:Skip shell extension 'dsv' for command environment
[2.107s] DEBUG:colcon.colcon_core.event_handler.log_command:Invoking command in '/home/gbb/rrbot_ws/build/controlko_bringup': AMENT_PREFIX_PATH=/home/gbb/rrbot_ws/install/controlko_description:${AMENT_PREFIX_PATH} CMAKE_PREFIX_PATH=/home/gbb/rrbot_ws/install/controlko_description:/opt/ros/humble /usr/bin/cmake /home/gbb/rrbot_ws/src/controlko_bringup -DCMAKE_INSTALL_PREFIX=/home/gbb/rrbot_ws/install/controlko_bringup
[3.542s] DEBUG:colcon.colcon_core.event_handler.log_command:Invoked command in '/home/gbb/rrbot_ws/build/controlko_bringup' returned '0': AMENT_PREFIX_PATH=/home/gbb/rrbot_ws/install/controlko_description:${AMENT_PREFIX_PATH} CMAKE_PREFIX_PATH=/home/gbb/rrbot_ws/install/controlko_description:/opt/ros/humble /usr/bin/cmake /home/gbb/rrbot_ws/src/controlko_bringup -DCMAKE_INSTALL_PREFIX=/home/gbb/rrbot_ws/install/controlko_bringup
[3.543s] DEBUG:colcon.colcon_core.event_handler.log_command:Invoking command in '/home/gbb/rrbot_ws/build/controlko_bringup': AMENT_PREFIX_PATH=/home/gbb/rrbot_ws/install/controlko_description:${AMENT_PREFIX_PATH} CMAKE_PREFIX_PATH=/home/gbb/rrbot_ws/install/controlko_description:/opt/ros/humble /usr/bin/cmake --build /home/gbb/rrbot_ws/build/controlko_bringup -- -j8 -l8
[3.564s] DEBUG:colcon.colcon_core.event_handler.log_command:Invoked command in '/home/gbb/rrbot_ws/build/controlko_hardware_interface' returned '0': CMAKE_PREFIX_PATH=/opt/ros/humble /usr/bin/cmake /home/gbb/rrbot_ws/src/controlko_hardware_interface -DCMAKE_INSTALL_PREFIX=/home/gbb/rrbot_ws/install/controlko_hardware_interface
[3.566s] DEBUG:colcon.colcon_core.event_handler.log_command:Invoking command in '/home/gbb/rrbot_ws/build/controlko_hardware_interface': CMAKE_PREFIX_PATH=/opt/ros/humble /usr/bin/cmake --build /home/gbb/rrbot_ws/build/controlko_hardware_interface -- -j8 -l8
[3.647s] DEBUG:colcon.colcon_core.event_handler.log_command:Invoked command in '/home/gbb/rrbot_ws/build/controlko_bringup' returned '0': AMENT_PREFIX_PATH=/home/gbb/rrbot_ws/install/controlko_description:${AMENT_PREFIX_PATH} CMAKE_PREFIX_PATH=/home/gbb/rrbot_ws/install/controlko_description:/opt/ros/humble /usr/bin/cmake --build /home/gbb/rrbot_ws/build/controlko_bringup -- -j8 -l8
[3.661s] DEBUG:colcon.colcon_core.event_handler.log_command:Invoking command in '/home/gbb/rrbot_ws/build/controlko_bringup': AMENT_PREFIX_PATH=/home/gbb/rrbot_ws/install/controlko_description:${AMENT_PREFIX_PATH} CMAKE_PREFIX_PATH=/home/gbb/rrbot_ws/install/controlko_description:/opt/ros/humble /usr/bin/cmake --install /home/gbb/rrbot_ws/build/controlko_bringup
[3.716s] Level 1:colcon.colcon_core.environment:create_environment_scripts_only(controlko_bringup)
[3.717s] Level 1:colcon.colcon_core.environment:checking '/home/gbb/rrbot_ws/install/controlko_bringup' for CMake module files
[3.718s] Level 1:colcon.colcon_core.environment:checking '/home/gbb/rrbot_ws/install/controlko_bringup' for CMake config files
[3.718s] Level 1:colcon.colcon_core.shell:create_environment_hook('controlko_bringup', 'cmake_prefix_path')
[3.719s] INFO:colcon.colcon_core.shell:Creating environment hook '/home/gbb/rrbot_ws/install/controlko_bringup/share/controlko_bringup/hook/cmake_prefix_path.ps1'
[3.727s] INFO:colcon.colcon_core.shell:Creating environment descriptor '/home/gbb/rrbot_ws/install/controlko_bringup/share/controlko_bringup/hook/cmake_prefix_path.dsv'
[3.728s] INFO:colcon.colcon_core.shell:Creating environment hook '/home/gbb/rrbot_ws/install/controlko_bringup/share/controlko_bringup/hook/cmake_prefix_path.sh'
[3.729s] Level 1:colcon.colcon_core.environment:checking '/home/gbb/rrbot_ws/install/controlko_bringup/bin'
[3.729s] Level 1:colcon.colcon_core.environment:checking '/home/gbb/rrbot_ws/install/controlko_bringup/lib/pkgconfig/controlko_bringup.pc'
[3.731s] Level 1:colcon.colcon_core.environment:checking '/home/gbb/rrbot_ws/install/controlko_bringup/lib/python3.10/site-packages'
[3.732s] Level 1:colcon.colcon_core.environment:checking '/home/gbb/rrbot_ws/install/controlko_bringup/bin'
[3.733s] INFO:colcon.colcon_core.shell:Creating package script '/home/gbb/rrbot_ws/install/controlko_bringup/share/controlko_bringup/package.ps1'
[3.732s] DEBUG:colcon.colcon_core.event_handler.log_command:Invoked command in '/home/gbb/rrbot_ws/build/controlko_bringup' returned '0': AMENT_PREFIX_PATH=/home/gbb/rrbot_ws/install/controlko_description:${AMENT_PREFIX_PATH} CMAKE_PREFIX_PATH=/home/gbb/rrbot_ws/install/controlko_description:/opt/ros/humble /usr/bin/cmake --install /home/gbb/rrbot_ws/build/controlko_bringup
[3.737s] INFO:colcon.colcon_core.shell:Creating package descriptor '/home/gbb/rrbot_ws/install/controlko_bringup/share/controlko_bringup/package.dsv'
[3.738s] INFO:colcon.colcon_core.shell:Creating package script '/home/gbb/rrbot_ws/install/controlko_bringup/share/controlko_bringup/package.sh'
[3.741s] INFO:colcon.colcon_core.shell:Creating package script '/home/gbb/rrbot_ws/install/controlko_bringup/share/controlko_bringup/package.bash'
[3.744s] INFO:colcon.colcon_core.shell:Creating package script '/home/gbb/rrbot_ws/install/controlko_bringup/share/controlko_bringup/package.zsh'
[3.748s] Level 1:colcon.colcon_core.environment:create_file_with_runtime_dependencies(/home/gbb/rrbot_ws/install/controlko_bringup/share/colcon-core/packages/controlko_bringup)
[3.749s] Level 1:colcon.colcon_core.environment:create_environment_scripts_only(controlko_bringup)
[3.749s] Level 1:colcon.colcon_core.environment:checking '/home/gbb/rrbot_ws/install/controlko_bringup' for CMake module files
[3.750s] Level 1:colcon.colcon_core.environment:checking '/home/gbb/rrbot_ws/install/controlko_bringup' for CMake config files
[3.751s] Level 1:colcon.colcon_core.shell:create_environment_hook('controlko_bringup', 'cmake_prefix_path')
[3.752s] INFO:colcon.colcon_core.shell:Creating environment hook '/home/gbb/rrbot_ws/install/controlko_bringup/share/controlko_bringup/hook/cmake_prefix_path.ps1'
[3.759s] INFO:colcon.colcon_core.shell:Creating environment descriptor '/home/gbb/rrbot_ws/install/controlko_bringup/share/controlko_bringup/hook/cmake_prefix_path.dsv'
[3.762s] INFO:colcon.colcon_core.shell:Creating environment hook '/home/gbb/rrbot_ws/install/controlko_bringup/share/controlko_bringup/hook/cmake_prefix_path.sh'
[3.769s] Level 1:colcon.colcon_core.environment:checking '/home/gbb/rrbot_ws/install/controlko_bringup/bin'
[3.770s] Level 1:colcon.colcon_core.environment:checking '/home/gbb/rrbot_ws/install/controlko_bringup/lib/pkgconfig/controlko_bringup.pc'
[3.770s] Level 1:colcon.colcon_core.environment:checking '/home/gbb/rrbot_ws/install/controlko_bringup/lib/python3.10/site-packages'
[3.770s] Level 1:colcon.colcon_core.environment:checking '/home/gbb/rrbot_ws/install/controlko_bringup/bin'
[3.771s] INFO:colcon.colcon_core.shell:Creating package script '/home/gbb/rrbot_ws/install/controlko_bringup/share/controlko_bringup/package.ps1'
[3.772s] INFO:colcon.colcon_core.shell:Creating package descriptor '/home/gbb/rrbot_ws/install/controlko_bringup/share/controlko_bringup/package.dsv'
[3.780s] INFO:colcon.colcon_core.shell:Creating package script '/home/gbb/rrbot_ws/install/controlko_bringup/share/controlko_bringup/package.sh'
[3.783s] INFO:colcon.colcon_core.shell:Creating package script '/home/gbb/rrbot_ws/install/controlko_bringup/share/controlko_bringup/package.bash'
[3.784s] INFO:colcon.colcon_core.shell:Creating package script '/home/gbb/rrbot_ws/install/controlko_bringup/share/controlko_bringup/package.zsh'
[3.785s] Level 1:colcon.colcon_core.environment:create_file_with_runtime_dependencies(/home/gbb/rrbot_ws/install/controlko_bringup/share/colcon-core/packages/controlko_bringup)
[4.113s] DEBUG:colcon.colcon_core.event_handler.log_command:Invoked command in '/home/gbb/rrbot_ws/build/controlko_controllers' returned '0': CMAKE_PREFIX_PATH=/opt/ros/humble /usr/bin/cmake /home/gbb/rrbot_ws/src/controlko_controllers -DCMAKE_INSTALL_PREFIX=/home/gbb/rrbot_ws/install/controlko_controllers
[4.118s] DEBUG:colcon.colcon_core.event_handler.log_command:Invoking command in '/home/gbb/rrbot_ws/build/controlko_controllers': CMAKE_PREFIX_PATH=/opt/ros/humble /usr/bin/cmake --build /home/gbb/rrbot_ws/build/controlko_controllers -- -j8 -l8
[18.450s] DEBUG:colcon.colcon_core.event_handler.log_command:Invoked command in '/home/gbb/rrbot_ws/build/controlko_hardware_interface' returned '0': CMAKE_PREFIX_PATH=/opt/ros/humble /usr/bin/cmake --build /home/gbb/rrbot_ws/build/controlko_hardware_interface -- -j8 -l8
[18.456s] DEBUG:colcon.colcon_core.event_handler.log_command:Invoking command in '/home/gbb/rrbot_ws/build/controlko_hardware_interface': CMAKE_PREFIX_PATH=/opt/ros/humble /usr/bin/cmake --install /home/gbb/rrbot_ws/build/controlko_hardware_interface
[18.482s] Level 1:colcon.colcon_core.environment:create_environment_scripts_only(controlko_hardware_interface)
[18.482s] Level 1:colcon.colcon_core.environment:checking '/home/gbb/rrbot_ws/install/controlko_hardware_interface' for CMake module files
[18.484s] DEBUG:colcon.colcon_core.event_handler.log_command:Invoked command in '/home/gbb/rrbot_ws/build/controlko_hardware_interface' returned '0': CMAKE_PREFIX_PATH=/opt/ros/humble /usr/bin/cmake --install /home/gbb/rrbot_ws/build/controlko_hardware_interface
[18.485s] Level 1:colcon.colcon_core.environment:checking '/home/gbb/rrbot_ws/install/controlko_hardware_interface' for CMake config files
[18.486s] Level 1:colcon.colcon_core.shell:create_environment_hook('controlko_hardware_interface', 'cmake_prefix_path')
[18.486s] INFO:colcon.colcon_core.shell:Creating environment hook '/home/gbb/rrbot_ws/install/controlko_hardware_interface/share/controlko_hardware_interface/hook/cmake_prefix_path.ps1'
[18.487s] INFO:colcon.colcon_core.shell:Creating environment descriptor '/home/gbb/rrbot_ws/install/controlko_hardware_interface/share/controlko_hardware_interface/hook/cmake_prefix_path.dsv'
[18.488s] INFO:colcon.colcon_core.shell:Creating environment hook '/home/gbb/rrbot_ws/install/controlko_hardware_interface/share/controlko_hardware_interface/hook/cmake_prefix_path.sh'
[18.488s] Level 1:colcon.colcon_core.environment:checking '/home/gbb/rrbot_ws/install/controlko_hardware_interface/lib'
[18.489s] Level 1:colcon.colcon_core.shell:create_environment_hook('controlko_hardware_interface', 'ld_library_path_lib')
[18.489s] INFO:colcon.colcon_core.shell:Creating environment hook '/home/gbb/rrbot_ws/install/controlko_hardware_interface/share/controlko_hardware_interface/hook/ld_library_path_lib.ps1'
[18.490s] INFO:colcon.colcon_core.shell:Creating environment descriptor '/home/gbb/rrbot_ws/install/controlko_hardware_interface/share/controlko_hardware_interface/hook/ld_library_path_lib.dsv'
[18.491s] INFO:colcon.colcon_core.shell:Creating environment hook '/home/gbb/rrbot_ws/install/controlko_hardware_interface/share/controlko_hardware_interface/hook/ld_library_path_lib.sh'
[18.492s] Level 1:colcon.colcon_core.environment:checking '/home/gbb/rrbot_ws/install/controlko_hardware_interface/bin'
[18.492s] Level 1:colcon.colcon_core.environment:checking '/home/gbb/rrbot_ws/install/controlko_hardware_interface/lib/pkgconfig/controlko_hardware_interface.pc'
[18.492s] Level 1:colcon.colcon_core.environment:checking '/home/gbb/rrbot_ws/install/controlko_hardware_interface/lib/python3.10/site-packages'
[18.492s] Level 1:colcon.colcon_core.environment:checking '/home/gbb/rrbot_ws/install/controlko_hardware_interface/bin'
[18.493s] INFO:colcon.colcon_core.shell:Creating package script '/home/gbb/rrbot_ws/install/controlko_hardware_interface/share/controlko_hardware_interface/package.ps1'
[18.493s] INFO:colcon.colcon_core.shell:Creating package descriptor '/home/gbb/rrbot_ws/install/controlko_hardware_interface/share/controlko_hardware_interface/package.dsv'
[18.494s] INFO:colcon.colcon_core.shell:Creating package script '/home/gbb/rrbot_ws/install/controlko_hardware_interface/share/controlko_hardware_interface/package.sh'
[18.495s] INFO:colcon.colcon_core.shell:Creating package script '/home/gbb/rrbot_ws/install/controlko_hardware_interface/share/controlko_hardware_interface/package.bash'
[18.496s] INFO:colcon.colcon_core.shell:Creating package script '/home/gbb/rrbot_ws/install/controlko_hardware_interface/share/controlko_hardware_interface/package.zsh'
[18.496s] Level 1:colcon.colcon_core.environment:create_file_with_runtime_dependencies(/home/gbb/rrbot_ws/install/controlko_hardware_interface/share/colcon-core/packages/controlko_hardware_interface)
[18.497s] Level 1:colcon.colcon_core.environment:create_environment_scripts_only(controlko_hardware_interface)
[18.498s] Level 1:colcon.colcon_core.environment:checking '/home/gbb/rrbot_ws/install/controlko_hardware_interface' for CMake module files
[18.499s] Level 1:colcon.colcon_core.environment:checking '/home/gbb/rrbot_ws/install/controlko_hardware_interface' for CMake config files
[18.500s] Level 1:colcon.colcon_core.shell:create_environment_hook('controlko_hardware_interface', 'cmake_prefix_path')
[18.500s] INFO:colcon.colcon_core.shell:Creating environment hook '/home/gbb/rrbot_ws/install/controlko_hardware_interface/share/controlko_hardware_interface/hook/cmake_prefix_path.ps1'
[18.501s] INFO:colcon.colcon_core.shell:Creating environment descriptor '/home/gbb/rrbot_ws/install/controlko_hardware_interface/share/controlko_hardware_interface/hook/cmake_prefix_path.dsv'
[18.501s] INFO:colcon.colcon_core.shell:Creating environment hook '/home/gbb/rrbot_ws/install/controlko_hardware_interface/share/controlko_hardware_interface/hook/cmake_prefix_path.sh'
[18.502s] Level 1:colcon.colcon_core.environment:checking '/home/gbb/rrbot_ws/install/controlko_hardware_interface/lib'
[18.502s] Level 1:colcon.colcon_core.shell:create_environment_hook('controlko_hardware_interface', 'ld_library_path_lib')
[18.503s] INFO:colcon.colcon_core.shell:Creating environment hook '/home/gbb/rrbot_ws/install/controlko_hardware_interface/share/controlko_hardware_interface/hook/ld_library_path_lib.ps1'
[18.504s] INFO:colcon.colcon_core.shell:Creating environment descriptor '/home/gbb/rrbot_ws/install/controlko_hardware_interface/share/controlko_hardware_interface/hook/ld_library_path_lib.dsv'
[18.505s] INFO:colcon.colcon_core.shell:Creating environment hook '/home/gbb/rrbot_ws/install/controlko_hardware_interface/share/controlko_hardware_interface/hook/ld_library_path_lib.sh'
[18.506s] Level 1:colcon.colcon_core.environment:checking '/home/gbb/rrbot_ws/install/controlko_hardware_interface/bin'
[18.506s] Level 1:colcon.colcon_core.environment:checking '/home/gbb/rrbot_ws/install/controlko_hardware_interface/lib/pkgconfig/controlko_hardware_interface.pc'
[18.506s] Level 1:colcon.colcon_core.environment:checking '/home/gbb/rrbot_ws/install/controlko_hardware_interface/lib/python3.10/site-packages'
[18.507s] Level 1:colcon.colcon_core.environment:checking '/home/gbb/rrbot_ws/install/controlko_hardware_interface/bin'
[18.507s] INFO:colcon.colcon_core.shell:Creating package script '/home/gbb/rrbot_ws/install/controlko_hardware_interface/share/controlko_hardware_interface/package.ps1'
[18.508s] INFO:colcon.colcon_core.shell:Creating package descriptor '/home/gbb/rrbot_ws/install/controlko_hardware_interface/share/controlko_hardware_interface/package.dsv'
[18.509s] INFO:colcon.colcon_core.shell:Creating package script '/home/gbb/rrbot_ws/install/controlko_hardware_interface/share/controlko_hardware_interface/package.sh'
[18.510s] INFO:colcon.colcon_core.shell:Creating package script '/home/gbb/rrbot_ws/install/controlko_hardware_interface/share/controlko_hardware_interface/package.bash'
[18.512s] INFO:colcon.colcon_core.shell:Creating package script '/home/gbb/rrbot_ws/install/controlko_hardware_interface/share/controlko_hardware_interface/package.zsh'
[18.513s] Level 1:colcon.colcon_core.environment:create_file_with_runtime_dependencies(/home/gbb/rrbot_ws/install/controlko_hardware_interface/share/colcon-core/packages/controlko_hardware_interface)
[54.152s] DEBUG:colcon.colcon_core.event_handler.log_command:Invoked command in '/home/gbb/rrbot_ws/build/controlko_controllers' returned '0': CMAKE_PREFIX_PATH=/opt/ros/humble /usr/bin/cmake --build /home/gbb/rrbot_ws/build/controlko_controllers -- -j8 -l8
[54.155s] DEBUG:colcon.colcon_core.event_handler.log_command:Invoking command in '/home/gbb/rrbot_ws/build/controlko_controllers': CMAKE_PREFIX_PATH=/opt/ros/humble /usr/bin/cmake --install /home/gbb/rrbot_ws/build/controlko_controllers
[54.192s] Level 1:colcon.colcon_core.environment:create_environment_scripts_only(controlko_controllers)
[54.192s] DEBUG:colcon.colcon_core.event_handler.log_command:Invoked command in '/home/gbb/rrbot_ws/build/controlko_controllers' returned '0': CMAKE_PREFIX_PATH=/opt/ros/humble /usr/bin/cmake --install /home/gbb/rrbot_ws/build/controlko_controllers
[54.193s] Level 1:colcon.colcon_core.environment:checking '/home/gbb/rrbot_ws/install/controlko_controllers' for CMake module files
[54.194s] Level 1:colcon.colcon_core.environment:checking '/home/gbb/rrbot_ws/install/controlko_controllers' for CMake config files
[54.194s] Level 1:colcon.colcon_core.shell:create_environment_hook('controlko_controllers', 'cmake_prefix_path')
[54.195s] INFO:colcon.colcon_core.shell:Creating environment hook '/home/gbb/rrbot_ws/install/controlko_controllers/share/controlko_controllers/hook/cmake_prefix_path.ps1'
[54.195s] INFO:colcon.colcon_core.shell:Creating environment descriptor '/home/gbb/rrbot_ws/install/controlko_controllers/share/controlko_controllers/hook/cmake_prefix_path.dsv'
[54.196s] INFO:colcon.colcon_core.shell:Creating environment hook '/home/gbb/rrbot_ws/install/controlko_controllers/share/controlko_controllers/hook/cmake_prefix_path.sh'
[54.197s] Level 1:colcon.colcon_core.environment:checking '/home/gbb/rrbot_ws/install/controlko_controllers/lib'
[54.197s] Level 1:colcon.colcon_core.shell:create_environment_hook('controlko_controllers', 'ld_library_path_lib')
[54.197s] INFO:colcon.colcon_core.shell:Creating environment hook '/home/gbb/rrbot_ws/install/controlko_controllers/share/controlko_controllers/hook/ld_library_path_lib.ps1'
[54.199s] INFO:colcon.colcon_core.shell:Creating environment descriptor '/home/gbb/rrbot_ws/install/controlko_controllers/share/controlko_controllers/hook/ld_library_path_lib.dsv'
[54.200s] INFO:colcon.colcon_core.shell:Creating environment hook '/home/gbb/rrbot_ws/install/controlko_controllers/share/controlko_controllers/hook/ld_library_path_lib.sh'
[54.200s] Level 1:colcon.colcon_core.environment:checking '/home/gbb/rrbot_ws/install/controlko_controllers/bin'
[54.201s] Level 1:colcon.colcon_core.environment:checking '/home/gbb/rrbot_ws/install/controlko_controllers/lib/pkgconfig/controlko_controllers.pc'
[54.201s] Level 1:colcon.colcon_core.environment:checking '/home/gbb/rrbot_ws/install/controlko_controllers/lib/python3.10/site-packages'
[54.202s] Level 1:colcon.colcon_core.environment:checking '/home/gbb/rrbot_ws/install/controlko_controllers/bin'
[54.203s] INFO:colcon.colcon_core.shell:Creating package script '/home/gbb/rrbot_ws/install/controlko_controllers/share/controlko_controllers/package.ps1'
[54.204s] INFO:colcon.colcon_core.shell:Creating package descriptor '/home/gbb/rrbot_ws/install/controlko_controllers/share/controlko_controllers/package.dsv'
[54.205s] INFO:colcon.colcon_core.shell:Creating package script '/home/gbb/rrbot_ws/install/controlko_controllers/share/controlko_controllers/package.sh'
[54.206s] INFO:colcon.colcon_core.shell:Creating package script '/home/gbb/rrbot_ws/install/controlko_controllers/share/controlko_controllers/package.bash'
[54.206s] INFO:colcon.colcon_core.shell:Creating package script '/home/gbb/rrbot_ws/install/controlko_controllers/share/controlko_controllers/package.zsh'
[54.207s] Level 1:colcon.colcon_core.environment:create_file_with_runtime_dependencies(/home/gbb/rrbot_ws/install/controlko_controllers/share/colcon-core/packages/controlko_controllers)
[54.208s] Level 1:colcon.colcon_core.environment:create_environment_scripts_only(controlko_controllers)
[54.208s] Level 1:colcon.colcon_core.environment:checking '/home/gbb/rrbot_ws/install/controlko_controllers' for CMake module files
[54.209s] Level 1:colcon.colcon_core.environment:checking '/home/gbb/rrbot_ws/install/controlko_controllers' for CMake config files
[54.209s] Level 1:colcon.colcon_core.shell:create_environment_hook('controlko_controllers', 'cmake_prefix_path')
[54.210s] INFO:colcon.colcon_core.shell:Creating environment hook '/home/gbb/rrbot_ws/install/controlko_controllers/share/controlko_controllers/hook/cmake_prefix_path.ps1'
[54.211s] INFO:colcon.colcon_core.shell:Creating environment descriptor '/home/gbb/rrbot_ws/install/controlko_controllers/share/controlko_controllers/hook/cmake_prefix_path.dsv'
[54.212s] INFO:colcon.colcon_core.shell:Creating environment hook '/home/gbb/rrbot_ws/install/controlko_controllers/share/controlko_controllers/hook/cmake_prefix_path.sh'
[54.213s] Level 1:colcon.colcon_core.environment:checking '/home/gbb/rrbot_ws/install/controlko_controllers/lib'
[54.213s] Level 1:colcon.colcon_core.shell:create_environment_hook('controlko_controllers', 'ld_library_path_lib')
[54.213s] INFO:colcon.colcon_core.shell:Creating environment hook '/home/gbb/rrbot_ws/install/controlko_controllers/share/controlko_controllers/hook/ld_library_path_lib.ps1'
[54.214s] INFO:colcon.colcon_core.shell:Creating environment descriptor '/home/gbb/rrbot_ws/install/controlko_controllers/share/controlko_controllers/hook/ld_library_path_lib.dsv'
[54.215s] INFO:colcon.colcon_core.shell:Creating environment hook '/home/gbb/rrbot_ws/install/controlko_controllers/share/controlko_controllers/hook/ld_library_path_lib.sh'
[54.215s] Level 1:colcon.colcon_core.environment:checking '/home/gbb/rrbot_ws/install/controlko_controllers/bin'
[54.215s] Level 1:colcon.colcon_core.environment:checking '/home/gbb/rrbot_ws/install/controlko_controllers/lib/pkgconfig/controlko_controllers.pc'
[54.216s] Level 1:colcon.colcon_core.environment:checking '/home/gbb/rrbot_ws/install/controlko_controllers/lib/python3.10/site-packages'
[54.216s] Level 1:colcon.colcon_core.environment:checking '/home/gbb/rrbot_ws/install/controlko_controllers/bin'
[54.216s] INFO:colcon.colcon_core.shell:Creating package script '/home/gbb/rrbot_ws/install/controlko_controllers/share/controlko_controllers/package.ps1'
[54.217s] INFO:colcon.colcon_core.shell:Creating package descriptor '/home/gbb/rrbot_ws/install/controlko_controllers/share/controlko_controllers/package.dsv'
[54.218s] INFO:colcon.colcon_core.shell:Creating package script '/home/gbb/rrbot_ws/install/controlko_controllers/share/controlko_controllers/package.sh'
[54.218s] INFO:colcon.colcon_core.shell:Creating package script '/home/gbb/rrbot_ws/install/controlko_controllers/share/controlko_controllers/package.bash'
[54.219s] INFO:colcon.colcon_core.shell:Creating package script '/home/gbb/rrbot_ws/install/controlko_controllers/share/controlko_controllers/package.zsh'
[54.221s] Level 1:colcon.colcon_core.environment:create_file_with_runtime_dependencies(/home/gbb/rrbot_ws/install/controlko_controllers/share/colcon-core/packages/controlko_controllers)
[54.221s] DEBUG:colcon.colcon_parallel_executor.executor.parallel:closing loop
[54.222s] DEBUG:colcon.colcon_parallel_executor.executor.parallel:loop closed
[54.222s] DEBUG:colcon.colcon_parallel_executor.executor.parallel:run_until_complete finished with '0'
[54.222s] DEBUG:colcon.colcon_core.event_reactor:joining thread
[54.232s] INFO:colcon.colcon_core.plugin_system:Skipping extension 'colcon_notification.desktop_notification.terminal_notifier': Not used on non-Darwin systems
[54.232s] INFO:colcon.colcon_core.plugin_system:Skipping extension 'colcon_notification.desktop_notification.win32': Not used on non-Windows systems
[54.232s] INFO:colcon.colcon_notification.desktop_notification:Sending desktop notification using 'notify2'
[54.253s] DEBUG:colcon.colcon_core.event_reactor:joined thread
[54.254s] INFO:colcon.colcon_core.shell:Creating prefix script '/home/gbb/rrbot_ws/install/local_setup.ps1'
[54.256s] INFO:colcon.colcon_core.shell:Creating prefix util module '/home/gbb/rrbot_ws/install/_local_setup_util_ps1.py'
[54.259s] INFO:colcon.colcon_core.shell:Creating prefix chain script '/home/gbb/rrbot_ws/install/setup.ps1'
[54.261s] INFO:colcon.colcon_core.shell:Creating prefix script '/home/gbb/rrbot_ws/install/local_setup.sh'
[54.262s] INFO:colcon.colcon_core.shell:Creating prefix util module '/home/gbb/rrbot_ws/install/_local_setup_util_sh.py'
[54.263s] INFO:colcon.colcon_core.shell:Creating prefix chain script '/home/gbb/rrbot_ws/install/setup.sh'
[54.265s] INFO:colcon.colcon_core.shell:Creating prefix script '/home/gbb/rrbot_ws/install/local_setup.bash'
[54.266s] INFO:colcon.colcon_core.shell:Creating prefix chain script '/home/gbb/rrbot_ws/install/setup.bash'
[54.268s] INFO:colcon.colcon_core.shell:Creating prefix script '/home/gbb/rrbot_ws/install/local_setup.zsh'
[54.269s] INFO:colcon.colcon_core.shell:Creating prefix chain script '/home/gbb/rrbot_ws/install/setup.zsh'
