[0.044s] Invoking command in '/home/gbb/rrbot_ws/build/controlko_controllers': CMAKE_PREFIX_PATH=/opt/ros/humble /usr/bin/cmake --build /home/gbb/rrbot_ws/build/controlko_controllers -- -j8 -l8
[0.238s] [35m[1mConsolidate compiler generated dependencies of target gmock_main[0m
[0.256s] [35m[1mConsolidate compiler generated dependencies of target gmock[0m
[0.283s] [ 13%] Built target gmock_main
[0.309s] [ 26%] Built target displacement_controller_parameters
[0.309s] [ 46%] Built target gmock
[0.329s] [35m[1mConsolidate compiler generated dependencies of target displacement_controller[0m
[0.335s] [35m[1mConsolidate compiler generated dependencies of target test_load_displacement_controller[0m
[0.375s] [ 60%] Built target displacement_controller
[0.392s] [ 73%] Built target test_load_displacement_controller
[0.408s] [35m[1mConsolidate compiler generated dependencies of target test_displacement_controller[0m
[0.415s] [35m[1mConsolidate compiler generated dependencies of target test_displacement_controller_preceeding[0m
[0.457s] [ 86%] Built target test_displacement_controller
[0.469s] [100%] Built target test_displacement_controller_preceeding
[0.515s] Invoked command in '/home/gbb/rrbot_ws/build/controlko_controllers' returned '0': CMAKE_PREFIX_PATH=/opt/ros/humble /usr/bin/cmake --build /home/gbb/rrbot_ws/build/controlko_controllers -- -j8 -l8
[0.519s] Invoking command in '/home/gbb/rrbot_ws/build/controlko_controllers': CMAKE_PREFIX_PATH=/opt/ros/humble /usr/bin/cmake --install /home/gbb/rrbot_ws/build/controlko_controllers
[0.535s] -- Install configuration: ""
[0.536s] -- Up-to-date: /home/gbb/rrbot_ws/install/controlko_controllers/include/controlko_controllers
[0.539s] -- Up-to-date: /home/gbb/rrbot_ws/install/controlko_controllers/include/controlko_controllers/validate_displacement_controller_parameters.hpp
[0.539s] -- Up-to-date: /home/gbb/rrbot_ws/install/controlko_controllers/include/controlko_controllers/displacement_controller_parameters.hpp
[0.540s] -- Up-to-date: /home/gbb/rrbot_ws/install/controlko_controllers/share/controlko_controllers/controlko_controllers.xml
[0.540s] -- Up-to-date: /home/gbb/rrbot_ws/install/controlko_controllers/lib/libdisplacement_controller.so
[0.541s] -- Up-to-date: /home/gbb/rrbot_ws/install/controlko_controllers/include
[0.541s] -- Up-to-date: /home/gbb/rrbot_ws/install/controlko_controllers/include/controlko_controllers
[0.541s] -- Up-to-date: /home/gbb/rrbot_ws/install/controlko_controllers/include/controlko_controllers/validate_displacement_controller_parameters.hpp
[0.541s] -- Up-to-date: /home/gbb/rrbot_ws/install/controlko_controllers/include/controlko_controllers/visibility_control.h
[0.541s] -- Up-to-date: /home/gbb/rrbot_ws/install/controlko_controllers/include/controlko_controllers/displacement_controller.hpp
[0.541s] -- Up-to-date: /home/gbb/rrbot_ws/install/controlko_controllers/share/controlko_controllers/environment/library_path.sh
[0.541s] -- Up-to-date: /home/gbb/rrbot_ws/install/controlko_controllers/share/controlko_controllers/environment/library_path.dsv
[0.542s] -- Up-to-date: /home/gbb/rrbot_ws/install/controlko_controllers/share/ament_index/resource_index/package_run_dependencies/controlko_controllers
[0.542s] -- Up-to-date: /home/gbb/rrbot_ws/install/controlko_controllers/share/ament_index/resource_index/parent_prefix_path/controlko_controllers
[0.542s] -- Up-to-date: /home/gbb/rrbot_ws/install/controlko_controllers/share/controlko_controllers/environment/ament_prefix_path.sh
[0.543s] -- Up-to-date: /home/gbb/rrbot_ws/install/controlko_controllers/share/controlko_controllers/environment/ament_prefix_path.dsv
[0.543s] -- Up-to-date: /home/gbb/rrbot_ws/install/controlko_controllers/share/controlko_controllers/environment/path.sh
[0.546s] -- Up-to-date: /home/gbb/rrbot_ws/install/controlko_controllers/share/controlko_controllers/environment/path.dsv
[0.548s] -- Up-to-date: /home/gbb/rrbot_ws/install/controlko_controllers/share/controlko_controllers/local_setup.bash
[0.548s] -- Up-to-date: /home/gbb/rrbot_ws/install/controlko_controllers/share/controlko_controllers/local_setup.sh
[0.549s] -- Up-to-date: /home/gbb/rrbot_ws/install/controlko_controllers/share/controlko_controllers/local_setup.zsh
[0.549s] -- Up-to-date: /home/gbb/rrbot_ws/install/controlko_controllers/share/controlko_controllers/local_setup.dsv
[0.549s] -- Installing: /home/gbb/rrbot_ws/install/controlko_controllers/share/controlko_controllers/package.dsv
[0.550s] -- Up-to-date: /home/gbb/rrbot_ws/install/controlko_controllers/share/ament_index/resource_index/packages/controlko_controllers
[0.550s] -- Up-to-date: /home/gbb/rrbot_ws/install/controlko_controllers/share/ament_index/resource_index/controller_interface__pluginlib__plugin/controlko_controllers
[0.550s] -- Up-to-date: /home/gbb/rrbot_ws/install/controlko_controllers/share/controlko_controllers/cmake/ament_cmake_export_dependencies-extras.cmake
[0.550s] -- Up-to-date: /home/gbb/rrbot_ws/install/controlko_controllers/share/controlko_controllers/cmake/ament_cmake_export_include_directories-extras.cmake
[0.550s] -- Up-to-date: /home/gbb/rrbot_ws/install/controlko_controllers/share/controlko_controllers/cmake/ament_cmake_export_libraries-extras.cmake
[0.550s] -- Up-to-date: /home/gbb/rrbot_ws/install/controlko_controllers/share/controlko_controllers/cmake/controlko_controllersConfig.cmake
[0.551s] -- Up-to-date: /home/gbb/rrbot_ws/install/controlko_controllers/share/controlko_controllers/cmake/controlko_controllersConfig-version.cmake
[0.551s] -- Up-to-date: /home/gbb/rrbot_ws/install/controlko_controllers/share/controlko_controllers/package.xml
[0.573s] Invoked command in '/home/gbb/rrbot_ws/build/controlko_controllers' returned '0': CMAKE_PREFIX_PATH=/opt/ros/humble /usr/bin/cmake --install /home/gbb/rrbot_ws/build/controlko_controllers
