[0.037s] Invoking command in '/home/gbb/rrbot_ws/build/controlko_description': CMAKE_PREFIX_PATH=/opt/ros/humble /usr/bin/cmake /home/gbb/rrbot_ws/src/controlko_description -DCMAKE_INSTALL_PREFIX=/home/gbb/rrbot_ws/install/controlko_description
[0.194s] -- The C compiler identification is GNU 11.4.0
[0.316s] -- The CXX compiler identification is GNU 11.4.0
[0.330s] -- Detecting C compiler ABI info
[0.484s] -- Detecting C compiler ABI info - done
[0.502s] -- Check for working C compiler: /usr/bin/cc - skipped
[0.502s] -- Detecting C compile features
[0.503s] -- Detecting C compile features - done
[0.507s] -- Detecting CXX compiler ABI info
[0.659s] -- Detecting CXX compiler ABI info - done
[0.674s] -- Check for working CXX compiler: /usr/bin/c++ - skipped
[0.674s] -- Detecting CXX compile features
[0.675s] -- Detecting CXX compile features - done
[0.684s] -- Found ament_cmake: 1.3.12 (/opt/ros/humble/share/ament_cmake/cmake)
[0.974s] -- Found Python3: /usr/bin/python3 (found version "3.10.12") found components: Interpreter 
[1.154s] -- Found ament_lint_auto: 0.12.14 (/opt/ros/humble/share/ament_lint_auto/cmake)
[1.297s] -- Added test 'flake8' to check Python code syntax and style conventions
[1.299s] -- Added test 'lint_cmake' to check CMake code style
[1.300s] -- Added test 'pep257' to check Python code against some of the docstring style conventions in PEP 257
[1.304s] -- Added test 'xmllint' to check XML markup files
[1.307s] -- Configuring done
[1.312s] -- Generating done
[1.315s] -- Build files have been written to: /home/gbb/rrbot_ws/build/controlko_description
[1.325s] Invoked command in '/home/gbb/rrbot_ws/build/controlko_description' returned '0': CMAKE_PREFIX_PATH=/opt/ros/humble /usr/bin/cmake /home/gbb/rrbot_ws/src/controlko_description -DCMAKE_INSTALL_PREFIX=/home/gbb/rrbot_ws/install/controlko_description
[1.326s] Invoking command in '/home/gbb/rrbot_ws/build/controlko_description': CMAKE_PREFIX_PATH=/opt/ros/humble /usr/bin/cmake --build /home/gbb/rrbot_ws/build/controlko_description -- -j8 -l8
[1.438s] Invoked command in '/home/gbb/rrbot_ws/build/controlko_description' returned '0': CMAKE_PREFIX_PATH=/opt/ros/humble /usr/bin/cmake --build /home/gbb/rrbot_ws/build/controlko_description -- -j8 -l8
[1.459s] Invoking command in '/home/gbb/rrbot_ws/build/controlko_description': CMAKE_PREFIX_PATH=/opt/ros/humble /usr/bin/cmake --install /home/gbb/rrbot_ws/build/controlko_description
[1.480s] -- Install configuration: ""
[1.480s] -- Installing: /home/gbb/rrbot_ws/install/controlko_description/share/controlko_description/config
[1.497s] -- Installing: /home/gbb/rrbot_ws/install/controlko_description/share/controlko_description/config/.gitkeep
[1.497s] -- Up-to-date: /home/gbb/rrbot_ws/install/controlko_description/share/controlko_description
[1.498s] -- Installing: /home/gbb/rrbot_ws/install/controlko_description/share/controlko_description/view_rrbot.launch.py
[1.498s] -- Installing: /home/gbb/rrbot_ws/install/controlko_description/share/controlko_description/meshes
[1.498s] -- Installing: /home/gbb/rrbot_ws/install/controlko_description/share/controlko_description/meshes/rrbot
[1.499s] -- Installing: /home/gbb/rrbot_ws/install/controlko_description/share/controlko_description/meshes/rrbot/visual
[1.499s] -- Installing: /home/gbb/rrbot_ws/install/controlko_description/share/controlko_description/meshes/rrbot/visual/.gitkeep
[1.499s] -- Installing: /home/gbb/rrbot_ws/install/controlko_description/share/controlko_description/rviz
[1.499s] -- Installing: /home/gbb/rrbot_ws/install/controlko_description/share/controlko_description/rviz/rrbot.rviz
[1.499s] -- Installing: /home/gbb/rrbot_ws/install/controlko_description/share/controlko_description/urdf
[1.500s] -- Installing: /home/gbb/rrbot_ws/install/controlko_description/share/controlko_description/urdf/common.xacro
[1.500s] -- Installing: /home/gbb/rrbot_ws/install/controlko_description/share/controlko_description/urdf/rrbot.urdf.xacro
[1.500s] -- Installing: /home/gbb/rrbot_ws/install/controlko_description/share/controlko_description/urdf/rrbot
[1.500s] -- Installing: /home/gbb/rrbot_ws/install/controlko_description/share/controlko_description/urdf/rrbot/rrbot_macro.ros2_control.xacro
[1.500s] -- Installing: /home/gbb/rrbot_ws/install/controlko_description/share/controlko_description/urdf/rrbot/rrbot_macro.xacro
[1.500s] -- Installing: /home/gbb/rrbot_ws/install/controlko_description/share/ament_index/resource_index/package_run_dependencies/controlko_description
[1.505s] -- Installing: /home/gbb/rrbot_ws/install/controlko_description/share/ament_index/resource_index/parent_prefix_path/controlko_description
[1.508s] -- Installing: /home/gbb/rrbot_ws/install/controlko_description/share/controlko_description/environment/ament_prefix_path.sh
[1.509s] -- Installing: /home/gbb/rrbot_ws/install/controlko_description/share/controlko_description/environment/ament_prefix_path.dsv
[1.555s] -- Installing: /home/gbb/rrbot_ws/install/controlko_description/share/controlko_description/environment/path.sh
[1.556s] -- Installing: /home/gbb/rrbot_ws/install/controlko_description/share/controlko_description/environment/path.dsv
[1.564s] -- Installing: /home/gbb/rrbot_ws/install/controlko_description/share/controlko_description/local_setup.bash
[1.564s] -- Installing: /home/gbb/rrbot_ws/install/controlko_description/share/controlko_description/local_setup.sh
[1.564s] -- Installing: /home/gbb/rrbot_ws/install/controlko_description/share/controlko_description/local_setup.zsh
[1.568s] -- Installing: /home/gbb/rrbot_ws/install/controlko_description/share/controlko_description/local_setup.dsv
[1.568s] -- Installing: /home/gbb/rrbot_ws/install/controlko_description/share/controlko_description/package.dsv
[1.569s] -- Installing: /home/gbb/rrbot_ws/install/controlko_description/share/ament_index/resource_index/packages/controlko_description
[1.569s] -- Installing: /home/gbb/rrbot_ws/install/controlko_description/share/controlko_description/cmake/controlko_descriptionConfig.cmake
[1.569s] -- Installing: /home/gbb/rrbot_ws/install/controlko_description/share/controlko_description/cmake/controlko_descriptionConfig-version.cmake
[1.569s] -- Installing: /home/gbb/rrbot_ws/install/controlko_description/share/controlko_description/package.xml
[1.622s] Invoked command in '/home/gbb/rrbot_ws/build/controlko_description' returned '0': CMAKE_PREFIX_PATH=/opt/ros/humble /usr/bin/cmake --install /home/gbb/rrbot_ws/build/controlko_description
