[0.063s] Invoking command in '/home/gbb/rrbot_ws/build/forward_command_controller': CMAKE_PREFIX_PATH=/opt/ros/humble /usr/bin/cmake /home/gbb/rrbot_ws/src/forward_command_controller -DCMAKE_INSTALL_PREFIX=/home/gbb/rrbot_ws/install/forward_command_controller
[0.587s] -- The CXX compiler identification is GNU 11.4.0
[0.626s] -- Detecting CXX compiler ABI info
[0.851s] -- Detecting CXX compiler ABI info - done
[0.879s] -- Check for working CXX compiler: /usr/bin/c++ - skipped
[0.885s] -- Detecting CXX compile features
[0.885s] -- Detecting CXX compile features - done
[0.912s] -- Found ament_cmake: 1.3.12 (/opt/ros/humble/share/ament_cmake/cmake)
[1.249s] -- Found Python3: /usr/bin/python3 (found version "3.10.12") found components: Interpreter 
[1.439s] -- Found controller_interface: 2.51.0 (/opt/ros/humble/share/controller_interface/cmake)
[1.506s] -- Found rosidl_generator_c: 3.1.7 (/opt/ros/humble/share/rosidl_generator_c/cmake)
[1.514s] -- Found rosidl_adapter: 3.1.7 (/opt/ros/humble/share/rosidl_adapter/cmake)
[1.523s] -- Found rosidl_generator_cpp: 3.1.7 (/opt/ros/humble/share/rosidl_generator_cpp/cmake)
[1.539s] -- Using all available rosidl_typesupport_c: rosidl_typesupport_fastrtps_c;rosidl_typesupport_introspection_c
[1.568s] -- Using all available rosidl_typesupport_cpp: rosidl_typesupport_fastrtps_cpp;rosidl_typesupport_introspection_cpp
[1.933s] -- Found rmw_implementation_cmake: 6.1.2 (/opt/ros/humble/share/rmw_implementation_cmake/cmake)
[1.936s] -- Found rmw_fastrtps_cpp: 6.2.8 (/opt/ros/humble/share/rmw_fastrtps_cpp/cmake)
[1.977s] -- Found TinyXML2 via Config file: TinyXML2_DIR-NOTFOUND
[2.064s] -- Found OpenSSL: /usr/lib/x86_64-linux-gnu/libcrypto.so (found version "3.0.2")  
[2.068s] -- Found TinyXML2 via Config file: TinyXML2_DIR-NOTFOUND
[2.096s] -- Found FastRTPS: /opt/ros/humble/include  
[2.100s] -- Found TinyXML2 via Config file: TinyXML2_DIR-NOTFOUND
[2.113s] -- Found TinyXML2 via Config file: TinyXML2_DIR-NOTFOUND
[2.134s] -- Using RMW implementation 'rmw_fastrtps_cpp' as default
[2.153s] -- Looking for C++ include pthread.h
[2.426s] -- Looking for C++ include pthread.h - found
[2.427s] -- Performing Test CMAKE_HAVE_LIBC_PTHREAD
[2.699s] -- Performing Test CMAKE_HAVE_LIBC_PTHREAD - Success
[2.700s] -- Found Threads: TRUE  
[2.809s] -- Found generate_parameter_library: 0.5.0 (/opt/ros/humble/share/generate_parameter_library/cmake)
[2.813s] -- Found parameter_traits: 0.5.0 (/opt/ros/humble/share/parameter_traits/cmake)
[2.860s] -- Found realtime_tools: 2.14.0 (/opt/ros/humble/share/realtime_tools/cmake)
[2.924s] -- Found ament_cmake_gmock: 1.3.12 (/opt/ros/humble/share/ament_cmake_gmock/cmake)
[2.926s] -- Found controller_manager: 2.51.0 (/opt/ros/humble/share/controller_manager/cmake)
[2.989s] -- Found ros2_control_test_assets: 2.51.0 (/opt/ros/humble/share/ros2_control_test_assets/cmake)
[2.992s] -- Found gmock sources under '/opt/ros/humble/src/gmock_vendor': C++ tests using 'Google Mock' will be built
[3.082s] -- The C compiler identification is GNU 11.4.0
[3.099s] -- Detecting C compiler ABI info
[3.344s] -- Detecting C compiler ABI info - done
[3.354s] -- Check for working C compiler: /usr/bin/cc - skipped
[3.355s] -- Detecting C compile features
[3.357s] -- Detecting C compile features - done
[3.366s] -- Found ament_cmake_gtest: 1.3.12 (/opt/ros/humble/share/ament_cmake_gtest/cmake)
[3.370s] -- Found gtest sources under '/opt/ros/humble/src/gtest_vendor': C++ tests using 'Google Test' will be built
[3.615s] -- Configuring done
[3.949s] -- Generating done
[3.995s] -- Build files have been written to: /home/gbb/rrbot_ws/build/forward_command_controller
[4.039s] Invoked command in '/home/gbb/rrbot_ws/build/forward_command_controller' returned '0': CMAKE_PREFIX_PATH=/opt/ros/humble /usr/bin/cmake /home/gbb/rrbot_ws/src/forward_command_controller -DCMAKE_INSTALL_PREFIX=/home/gbb/rrbot_ws/install/forward_command_controller
[4.040s] Invoking command in '/home/gbb/rrbot_ws/build/forward_command_controller': CMAKE_PREFIX_PATH=/opt/ros/humble /usr/bin/cmake --build /home/gbb/rrbot_ws/build/forward_command_controller -- -j8 -l8
[4.171s] [  4%] [34m[1mRunning `/opt/ros/humble/bin/generate_parameter_library_cpp /home/gbb/rrbot_ws/build/forward_command_controller/include/forward_command_controller/multi_interface_forward_command_controller_parameters.hpp /home/gbb/rrbot_ws/src/forward_command_controller/src/multi_interface_forward_command_controller_parameters.yaml `[0m
[4.171s] [  9%] [32mBuilding CXX object gmock/CMakeFiles/gmock.dir/src/gmock-all.cc.o[0m
[4.171s] [ 14%] [32mBuilding CXX object gmock/CMakeFiles/gmock.dir/opt/ros/humble/src/gtest_vendor/src/gtest-all.cc.o[0m
[4.193s] [ 19%] [34m[1mRunning `/opt/ros/humble/bin/generate_parameter_library_cpp /home/gbb/rrbot_ws/build/forward_command_controller/include/forward_command_controller/forward_command_controller_parameters.hpp /home/gbb/rrbot_ws/src/forward_command_controller/src/forward_command_controller_parameters.yaml `[0m
[4.215s] [ 23%] [32mBuilding CXX object gmock/CMakeFiles/gmock_main.dir/src/gmock_main.cc.o[0m
[4.680s] [ 28%] [34m[1mCreating deprecated header file /home/gbb/rrbot_ws/build/forward_command_controller/include/multi_interface_forward_command_controller_parameters.hpp[0m
[4.724s] [ 28%] Built target multi_interface_forward_command_controller_parameters
[4.763s] [ 33%] [34m[1mCreating deprecated header file /home/gbb/rrbot_ws/build/forward_command_controller/include/forward_command_controller_parameters.hpp[0m
[4.838s] [ 33%] Built target forward_command_controller_parameters
[4.914s] [ 38%] [32mBuilding CXX object CMakeFiles/forward_command_controller.dir/src/forward_controllers_base.cpp.o[0m
[4.916s] [ 42%] [32mBuilding CXX object CMakeFiles/forward_command_controller.dir/src/forward_command_controller.cpp.o[0m
[4.917s] [ 47%] [32mBuilding CXX object CMakeFiles/forward_command_controller.dir/src/multi_interface_forward_command_controller.cpp.o[0m
[9.920s] [ 52%] [32m[1mLinking CXX static library libgmock_main.a[0m
[10.396s] [ 52%] Built target gmock_main
[21.155s] [ 57%] [32m[1mLinking CXX static library libgmock.a[0m
[21.805s] [ 57%] Built target gmock
[38.919s] [ 61%] [32m[1mLinking CXX shared library libforward_command_controller.so[0m
[40.126s] [ 61%] Built target forward_command_controller
[40.174s] [ 66%] [32mBuilding CXX object CMakeFiles/test_multi_interface_forward_command_controller.dir/test/test_multi_interface_forward_command_controller.cpp.o[0m
[40.177s] [ 71%] [32mBuilding CXX object CMakeFiles/test_forward_command_controller.dir/test/test_forward_command_controller.cpp.o[0m
[40.177s] [ 76%] [32mBuilding CXX object CMakeFiles/test_load_multi_interface_forward_command_controller.dir/test/test_load_multi_interface_forward_command_controller.cpp.o[0m
[40.180s] [ 80%] [32mBuilding CXX object CMakeFiles/test_load_forward_command_controller.dir/test/test_load_forward_command_controller.cpp.o[0m
[55.378s] [ 85%] [32m[1mLinking CXX executable test_load_forward_command_controller[0m
[55.412s] [ 90%] [32m[1mLinking CXX executable test_load_multi_interface_forward_command_controller[0m
[56.820s] [ 90%] Built target test_load_forward_command_controller
[56.833s] [ 90%] Built target test_load_multi_interface_forward_command_controller
[57.764s] [ 95%] [32m[1mLinking CXX executable test_multi_interface_forward_command_controller[0m
[58.593s] [100%] [32m[1mLinking CXX executable test_forward_command_controller[0m
[59.499s] [100%] Built target test_multi_interface_forward_command_controller
[60.088s] [100%] Built target test_forward_command_controller
