[0.171s] DEBUG:colcon:Command line arguments: ['/usr/bin/colcon', 'build']
[0.171s] DEBUG:colcon:Parsed command line arguments: Namespace(log_base=None, log_level=None, verb_name='build', build_base='build', install_base='install', merge_install=False, symlink_install=False, test_result_base=None, continue_on_error=False, executor='parallel', parallel_workers=8, event_handlers=None, ignore_user_meta=False, metas=['./colcon.meta'], base_paths=['.'], packages_ignore=None, packages_ignore_regex=None, paths=None, packages_up_to=None, packages_up_to_regex=None, packages_above=None, packages_above_and_dependencies=None, packages_above_depth=None, packages_select_by_dep=None, packages_skip_by_dep=None, packages_skip_up_to=None, packages_select_build_failed=False, packages_skip_build_finished=False, packages_select_test_failures=False, packages_skip_test_passed=False, packages_select=None, packages_skip=None, packages_select_regex=None, packages_skip_regex=None, packages_start=None, packages_end=None, allow_overriding=[], cmake_args=None, cmake_target=None, cmake_target_skip_unavailable=False, cmake_clean_cache=False, cmake_clean_first=False, cmake_force_configure=False, ament_cmake_args=None, catkin_cmake_args=None, catkin_skip_building_tests=False, verb_parser=<colcon_defaults.argument_parser.defaults.DefaultArgumentsDecorator object at 0x7b70337591b0>, verb_extension=<colcon_core.verb.build.BuildVerb object at 0x7b7033758ca0>, main=<bound method BuildVerb.main of <colcon_core.verb.build.BuildVerb object at 0x7b7033758ca0>>)
[0.365s] Level 1:colcon.colcon_core.package_discovery:discover_packages(colcon_meta) check parameters
[0.365s] Level 1:colcon.colcon_core.package_discovery:discover_packages(recursive) check parameters
[0.365s] Level 1:colcon.colcon_core.package_discovery:discover_packages(ignore) check parameters
[0.365s] Level 1:colcon.colcon_core.package_discovery:discover_packages(path) check parameters
[0.365s] Level 1:colcon.colcon_core.package_discovery:discover_packages(colcon_meta) discover
[0.365s] Level 1:colcon.colcon_core.package_discovery:discover_packages(recursive) discover
[0.365s] INFO:colcon.colcon_core.package_discovery:Crawling recursively for packages in '/home/gbb/rrbot_ws'
[0.365s] Level 1:colcon.colcon_core.package_identification:_identify(.) by extensions ['ignore', 'ignore_ament_install']
[0.365s] Level 1:colcon.colcon_core.package_identification:_identify(.) by extension 'ignore'
[0.365s] Level 1:colcon.colcon_core.package_identification:_identify(.) by extension 'ignore_ament_install'
[0.365s] Level 1:colcon.colcon_core.package_identification:_identify(.) by extensions ['colcon_pkg']
[0.365s] Level 1:colcon.colcon_core.package_identification:_identify(.) by extension 'colcon_pkg'
[0.365s] Level 1:colcon.colcon_core.package_identification:_identify(.) by extensions ['colcon_meta']
[0.365s] Level 1:colcon.colcon_core.package_identification:_identify(.) by extension 'colcon_meta'
[0.366s] Level 1:colcon.colcon_core.package_identification:_identify(.) by extensions ['ros']
[0.366s] Level 1:colcon.colcon_core.package_identification:_identify(.) by extension 'ros'
[0.378s] Level 1:colcon.colcon_core.package_identification:_identify(.) by extensions ['cmake', 'python']
[0.378s] Level 1:colcon.colcon_core.package_identification:_identify(.) by extension 'cmake'
[0.378s] Level 1:colcon.colcon_core.package_identification:_identify(.) by extension 'python'
[0.378s] Level 1:colcon.colcon_core.package_identification:_identify(.) by extensions ['python_setup_py']
[0.378s] Level 1:colcon.colcon_core.package_identification:_identify(.) by extension 'python_setup_py'
[0.378s] Level 1:colcon.colcon_core.package_identification:_identify(build) by extensions ['ignore', 'ignore_ament_install']
[0.378s] Level 1:colcon.colcon_core.package_identification:_identify(build) by extension 'ignore'
[0.378s] Level 1:colcon.colcon_core.package_identification:_identify(build) ignored
[0.378s] Level 1:colcon.colcon_core.package_identification:_identify(install) by extensions ['ignore', 'ignore_ament_install']
[0.378s] Level 1:colcon.colcon_core.package_identification:_identify(install) by extension 'ignore'
[0.379s] Level 1:colcon.colcon_core.package_identification:_identify(install) ignored
[0.379s] Level 1:colcon.colcon_core.package_identification:_identify(log) by extensions ['ignore', 'ignore_ament_install']
[0.379s] Level 1:colcon.colcon_core.package_identification:_identify(log) by extension 'ignore'
[0.379s] Level 1:colcon.colcon_core.package_identification:_identify(log) ignored
[0.379s] Level 1:colcon.colcon_core.package_identification:_identify(src) by extensions ['ignore', 'ignore_ament_install']
[0.379s] Level 1:colcon.colcon_core.package_identification:_identify(src) by extension 'ignore'
[0.379s] Level 1:colcon.colcon_core.package_identification:_identify(src) by extension 'ignore_ament_install'
[0.379s] Level 1:colcon.colcon_core.package_identification:_identify(src) by extensions ['colcon_pkg']
[0.379s] Level 1:colcon.colcon_core.package_identification:_identify(src) by extension 'colcon_pkg'
[0.379s] Level 1:colcon.colcon_core.package_identification:_identify(src) by extensions ['colcon_meta']
[0.379s] Level 1:colcon.colcon_core.package_identification:_identify(src) by extension 'colcon_meta'
[0.379s] Level 1:colcon.colcon_core.package_identification:_identify(src) by extensions ['ros']
[0.379s] Level 1:colcon.colcon_core.package_identification:_identify(src) by extension 'ros'
[0.379s] Level 1:colcon.colcon_core.package_identification:_identify(src) by extensions ['cmake', 'python']
[0.379s] Level 1:colcon.colcon_core.package_identification:_identify(src) by extension 'cmake'
[0.379s] Level 1:colcon.colcon_core.package_identification:_identify(src) by extension 'python'
[0.379s] Level 1:colcon.colcon_core.package_identification:_identify(src) by extensions ['python_setup_py']
[0.379s] Level 1:colcon.colcon_core.package_identification:_identify(src) by extension 'python_setup_py'
[0.380s] Level 1:colcon.colcon_core.package_identification:_identify(src/controlko_bringup) by extensions ['ignore', 'ignore_ament_install']
[0.380s] Level 1:colcon.colcon_core.package_identification:_identify(src/controlko_bringup) by extension 'ignore'
[0.380s] Level 1:colcon.colcon_core.package_identification:_identify(src/controlko_bringup) by extension 'ignore_ament_install'
[0.380s] Level 1:colcon.colcon_core.package_identification:_identify(src/controlko_bringup) by extensions ['colcon_pkg']
[0.380s] Level 1:colcon.colcon_core.package_identification:_identify(src/controlko_bringup) by extension 'colcon_pkg'
[0.380s] Level 1:colcon.colcon_core.package_identification:_identify(src/controlko_bringup) by extensions ['colcon_meta']
[0.380s] Level 1:colcon.colcon_core.package_identification:_identify(src/controlko_bringup) by extension 'colcon_meta'
[0.380s] Level 1:colcon.colcon_core.package_identification:_identify(src/controlko_bringup) by extensions ['ros']
[0.380s] Level 1:colcon.colcon_core.package_identification:_identify(src/controlko_bringup) by extension 'ros'
[0.383s] DEBUG:colcon.colcon_core.package_identification:Package 'src/controlko_bringup' with type 'ros.ament_cmake' and name 'controlko_bringup'
[0.383s] Level 1:colcon.colcon_core.package_identification:_identify(src/controlko_controllers) by extensions ['ignore', 'ignore_ament_install']
[0.383s] Level 1:colcon.colcon_core.package_identification:_identify(src/controlko_controllers) by extension 'ignore'
[0.383s] Level 1:colcon.colcon_core.package_identification:_identify(src/controlko_controllers) by extension 'ignore_ament_install'
[0.383s] Level 1:colcon.colcon_core.package_identification:_identify(src/controlko_controllers) by extensions ['colcon_pkg']
[0.384s] Level 1:colcon.colcon_core.package_identification:_identify(src/controlko_controllers) by extension 'colcon_pkg'
[0.384s] Level 1:colcon.colcon_core.package_identification:_identify(src/controlko_controllers) by extensions ['colcon_meta']
[0.384s] Level 1:colcon.colcon_core.package_identification:_identify(src/controlko_controllers) by extension 'colcon_meta'
[0.384s] Level 1:colcon.colcon_core.package_identification:_identify(src/controlko_controllers) by extensions ['ros']
[0.384s] Level 1:colcon.colcon_core.package_identification:_identify(src/controlko_controllers) by extension 'ros'
[0.385s] DEBUG:colcon.colcon_core.package_identification:Package 'src/controlko_controllers' with type 'ros.ament_cmake' and name 'controlko_controllers'
[0.385s] Level 1:colcon.colcon_core.package_identification:_identify(src/controlko_description) by extensions ['ignore', 'ignore_ament_install']
[0.385s] Level 1:colcon.colcon_core.package_identification:_identify(src/controlko_description) by extension 'ignore'
[0.385s] Level 1:colcon.colcon_core.package_identification:_identify(src/controlko_description) by extension 'ignore_ament_install'
[0.385s] Level 1:colcon.colcon_core.package_identification:_identify(src/controlko_description) by extensions ['colcon_pkg']
[0.385s] Level 1:colcon.colcon_core.package_identification:_identify(src/controlko_description) by extension 'colcon_pkg'
[0.385s] Level 1:colcon.colcon_core.package_identification:_identify(src/controlko_description) by extensions ['colcon_meta']
[0.385s] Level 1:colcon.colcon_core.package_identification:_identify(src/controlko_description) by extension 'colcon_meta'
[0.385s] Level 1:colcon.colcon_core.package_identification:_identify(src/controlko_description) by extensions ['ros']
[0.385s] Level 1:colcon.colcon_core.package_identification:_identify(src/controlko_description) by extension 'ros'
[0.386s] DEBUG:colcon.colcon_core.package_identification:Package 'src/controlko_description' with type 'ros.ament_cmake' and name 'controlko_description'
[0.386s] Level 1:colcon.colcon_core.package_identification:_identify(src/controlko_hardware_interface) by extensions ['ignore', 'ignore_ament_install']
[0.386s] Level 1:colcon.colcon_core.package_identification:_identify(src/controlko_hardware_interface) by extension 'ignore'
[0.386s] Level 1:colcon.colcon_core.package_identification:_identify(src/controlko_hardware_interface) by extension 'ignore_ament_install'
[0.386s] Level 1:colcon.colcon_core.package_identification:_identify(src/controlko_hardware_interface) by extensions ['colcon_pkg']
[0.386s] Level 1:colcon.colcon_core.package_identification:_identify(src/controlko_hardware_interface) by extension 'colcon_pkg'
[0.386s] Level 1:colcon.colcon_core.package_identification:_identify(src/controlko_hardware_interface) by extensions ['colcon_meta']
[0.386s] Level 1:colcon.colcon_core.package_identification:_identify(src/controlko_hardware_interface) by extension 'colcon_meta'
[0.386s] Level 1:colcon.colcon_core.package_identification:_identify(src/controlko_hardware_interface) by extensions ['ros']
[0.386s] Level 1:colcon.colcon_core.package_identification:_identify(src/controlko_hardware_interface) by extension 'ros'
[0.387s] DEBUG:colcon.colcon_core.package_identification:Package 'src/controlko_hardware_interface' with type 'ros.ament_cmake' and name 'controlko_hardware_interface'
[0.387s] Level 1:colcon.colcon_core.package_identification:_identify(src/roscon2022_control_workshop) by extensions ['ignore', 'ignore_ament_install']
[0.387s] Level 1:colcon.colcon_core.package_identification:_identify(src/roscon2022_control_workshop) by extension 'ignore'
[0.387s] Level 1:colcon.colcon_core.package_identification:_identify(src/roscon2022_control_workshop) by extension 'ignore_ament_install'
[0.387s] Level 1:colcon.colcon_core.package_identification:_identify(src/roscon2022_control_workshop) by extensions ['colcon_pkg']
[0.387s] Level 1:colcon.colcon_core.package_identification:_identify(src/roscon2022_control_workshop) by extension 'colcon_pkg'
[0.387s] Level 1:colcon.colcon_core.package_identification:_identify(src/roscon2022_control_workshop) by extensions ['colcon_meta']
[0.388s] Level 1:colcon.colcon_core.package_identification:_identify(src/roscon2022_control_workshop) by extension 'colcon_meta'
[0.388s] Level 1:colcon.colcon_core.package_identification:_identify(src/roscon2022_control_workshop) by extensions ['ros']
[0.388s] Level 1:colcon.colcon_core.package_identification:_identify(src/roscon2022_control_workshop) by extension 'ros'
[0.388s] DEBUG:colcon.colcon_core.package_identification:Package 'src/roscon2022_control_workshop' with type 'ros.ament_cmake' and name 'roscon2022_control_workshop'
[0.388s] Level 1:colcon.colcon_core.package_discovery:discover_packages(recursive) using defaults
[0.388s] Level 1:colcon.colcon_core.package_discovery:discover_packages(ignore) discover
[0.388s] Level 1:colcon.colcon_core.package_discovery:discover_packages(ignore) using defaults
[0.388s] Level 1:colcon.colcon_core.package_discovery:discover_packages(path) discover
[0.388s] Level 1:colcon.colcon_core.package_discovery:discover_packages(path) using defaults
[0.424s] Level 1:colcon.colcon_core.package_discovery:discover_packages(prefix_path) check parameters
[0.425s] Level 1:colcon.colcon_core.package_discovery:discover_packages(prefix_path) discover
[0.426s] WARNING:colcon.colcon_ros.prefix_path.ament:The path '/home/gbb/rrbot_ws/install/roscon2022_control_workshop' in the environment variable AMENT_PREFIX_PATH doesn't exist
[0.426s] WARNING:colcon.colcon_ros.prefix_path.ament:The path '/home/gbb/rrbot_ws/install/controlko_hardware_interface' in the environment variable AMENT_PREFIX_PATH doesn't exist
[0.426s] WARNING:colcon.colcon_ros.prefix_path.ament:The path '/home/gbb/rrbot_ws/install/controlko_bringup' in the environment variable AMENT_PREFIX_PATH doesn't exist
[0.426s] WARNING:colcon.colcon_ros.prefix_path.ament:The path '/home/gbb/rrbot_ws/install/controlko_description' in the environment variable AMENT_PREFIX_PATH doesn't exist
[0.426s] WARNING:colcon.colcon_ros.prefix_path.ament:The path '/home/gbb/rrbot_ws/install/controlko_controllers' in the environment variable AMENT_PREFIX_PATH doesn't exist
[0.426s] WARNING:colcon.colcon_ros.prefix_path.catkin:The path '/home/gbb/rrbot_ws/install/roscon2022_control_workshop' in the environment variable CMAKE_PREFIX_PATH doesn't exist
[0.427s] WARNING:colcon.colcon_ros.prefix_path.catkin:The path '/home/gbb/rrbot_ws/install/controlko_hardware_interface' in the environment variable CMAKE_PREFIX_PATH doesn't exist
[0.427s] WARNING:colcon.colcon_ros.prefix_path.catkin:The path '/home/gbb/rrbot_ws/install/controlko_bringup' in the environment variable CMAKE_PREFIX_PATH doesn't exist
[0.427s] WARNING:colcon.colcon_ros.prefix_path.catkin:The path '/home/gbb/rrbot_ws/install/controlko_description' in the environment variable CMAKE_PREFIX_PATH doesn't exist
[0.427s] WARNING:colcon.colcon_ros.prefix_path.catkin:The path '/home/gbb/rrbot_ws/install/controlko_controllers' in the environment variable CMAKE_PREFIX_PATH doesn't exist
[0.427s] DEBUG:colcon.colcon_installed_package_information.package_discovery:Found 0 installed packages in /home/gbb/rrbot_ws/install
[0.429s] DEBUG:colcon.colcon_installed_package_information.package_discovery:Found 371 installed packages in /opt/ros/humble
[0.431s] Level 1:colcon.colcon_core.package_discovery:discover_packages(prefix_path) using defaults
[0.498s] Level 5:colcon.colcon_core.verb:set package 'controlko_controllers' build argument 'cmake_args' from command line to 'None'
[0.498s] Level 5:colcon.colcon_core.verb:set package 'controlko_controllers' build argument 'cmake_target' from command line to 'None'
[0.498s] Level 5:colcon.colcon_core.verb:set package 'controlko_controllers' build argument 'cmake_target_skip_unavailable' from command line to 'False'
[0.498s] Level 5:colcon.colcon_core.verb:set package 'controlko_controllers' build argument 'cmake_clean_cache' from command line to 'False'
[0.498s] Level 5:colcon.colcon_core.verb:set package 'controlko_controllers' build argument 'cmake_clean_first' from command line to 'False'
[0.498s] Level 5:colcon.colcon_core.verb:set package 'controlko_controllers' build argument 'cmake_force_configure' from command line to 'False'
[0.498s] Level 5:colcon.colcon_core.verb:set package 'controlko_controllers' build argument 'ament_cmake_args' from command line to 'None'
[0.498s] Level 5:colcon.colcon_core.verb:set package 'controlko_controllers' build argument 'catkin_cmake_args' from command line to 'None'
[0.498s] Level 5:colcon.colcon_core.verb:set package 'controlko_controllers' build argument 'catkin_skip_building_tests' from command line to 'False'
[0.498s] DEBUG:colcon.colcon_core.verb:Building package 'controlko_controllers' with the following arguments: {'ament_cmake_args': None, 'build_base': '/home/gbb/rrbot_ws/build/controlko_controllers', 'catkin_cmake_args': None, 'catkin_skip_building_tests': False, 'cmake_args': None, 'cmake_clean_cache': False, 'cmake_clean_first': False, 'cmake_force_configure': False, 'cmake_target': None, 'cmake_target_skip_unavailable': False, 'install_base': '/home/gbb/rrbot_ws/install/controlko_controllers', 'merge_install': False, 'path': '/home/gbb/rrbot_ws/src/controlko_controllers', 'symlink_install': False, 'test_result_base': None}
[0.499s] Level 5:colcon.colcon_core.verb:set package 'controlko_description' build argument 'cmake_args' from command line to 'None'
[0.499s] Level 5:colcon.colcon_core.verb:set package 'controlko_description' build argument 'cmake_target' from command line to 'None'
[0.499s] Level 5:colcon.colcon_core.verb:set package 'controlko_description' build argument 'cmake_target_skip_unavailable' from command line to 'False'
[0.499s] Level 5:colcon.colcon_core.verb:set package 'controlko_description' build argument 'cmake_clean_cache' from command line to 'False'
[0.499s] Level 5:colcon.colcon_core.verb:set package 'controlko_description' build argument 'cmake_clean_first' from command line to 'False'
[0.499s] Level 5:colcon.colcon_core.verb:set package 'controlko_description' build argument 'cmake_force_configure' from command line to 'False'
[0.499s] Level 5:colcon.colcon_core.verb:set package 'controlko_description' build argument 'ament_cmake_args' from command line to 'None'
[0.499s] Level 5:colcon.colcon_core.verb:set package 'controlko_description' build argument 'catkin_cmake_args' from command line to 'None'
[0.499s] Level 5:colcon.colcon_core.verb:set package 'controlko_description' build argument 'catkin_skip_building_tests' from command line to 'False'
[0.499s] DEBUG:colcon.colcon_core.verb:Building package 'controlko_description' with the following arguments: {'ament_cmake_args': None, 'build_base': '/home/gbb/rrbot_ws/build/controlko_description', 'catkin_cmake_args': None, 'catkin_skip_building_tests': False, 'cmake_args': None, 'cmake_clean_cache': False, 'cmake_clean_first': False, 'cmake_force_configure': False, 'cmake_target': None, 'cmake_target_skip_unavailable': False, 'install_base': '/home/gbb/rrbot_ws/install/controlko_description', 'merge_install': False, 'path': '/home/gbb/rrbot_ws/src/controlko_description', 'symlink_install': False, 'test_result_base': None}
[0.499s] Level 5:colcon.colcon_core.verb:set package 'controlko_hardware_interface' build argument 'cmake_args' from command line to 'None'
[0.499s] Level 5:colcon.colcon_core.verb:set package 'controlko_hardware_interface' build argument 'cmake_target' from command line to 'None'
[0.499s] Level 5:colcon.colcon_core.verb:set package 'controlko_hardware_interface' build argument 'cmake_target_skip_unavailable' from command line to 'False'
[0.499s] Level 5:colcon.colcon_core.verb:set package 'controlko_hardware_interface' build argument 'cmake_clean_cache' from command line to 'False'
[0.499s] Level 5:colcon.colcon_core.verb:set package 'controlko_hardware_interface' build argument 'cmake_clean_first' from command line to 'False'
[0.499s] Level 5:colcon.colcon_core.verb:set package 'controlko_hardware_interface' build argument 'cmake_force_configure' from command line to 'False'
[0.499s] Level 5:colcon.colcon_core.verb:set package 'controlko_hardware_interface' build argument 'ament_cmake_args' from command line to 'None'
[0.499s] Level 5:colcon.colcon_core.verb:set package 'controlko_hardware_interface' build argument 'catkin_cmake_args' from command line to 'None'
[0.499s] Level 5:colcon.colcon_core.verb:set package 'controlko_hardware_interface' build argument 'catkin_skip_building_tests' from command line to 'False'
[0.499s] DEBUG:colcon.colcon_core.verb:Building package 'controlko_hardware_interface' with the following arguments: {'ament_cmake_args': None, 'build_base': '/home/gbb/rrbot_ws/build/controlko_hardware_interface', 'catkin_cmake_args': None, 'catkin_skip_building_tests': False, 'cmake_args': None, 'cmake_clean_cache': False, 'cmake_clean_first': False, 'cmake_force_configure': False, 'cmake_target': None, 'cmake_target_skip_unavailable': False, 'install_base': '/home/gbb/rrbot_ws/install/controlko_hardware_interface', 'merge_install': False, 'path': '/home/gbb/rrbot_ws/src/controlko_hardware_interface', 'symlink_install': False, 'test_result_base': None}
[0.500s] Level 5:colcon.colcon_core.verb:set package 'roscon2022_control_workshop' build argument 'cmake_args' from command line to 'None'
[0.500s] Level 5:colcon.colcon_core.verb:set package 'roscon2022_control_workshop' build argument 'cmake_target' from command line to 'None'
[0.500s] Level 5:colcon.colcon_core.verb:set package 'roscon2022_control_workshop' build argument 'cmake_target_skip_unavailable' from command line to 'False'
[0.500s] Level 5:colcon.colcon_core.verb:set package 'roscon2022_control_workshop' build argument 'cmake_clean_cache' from command line to 'False'
[0.500s] Level 5:colcon.colcon_core.verb:set package 'roscon2022_control_workshop' build argument 'cmake_clean_first' from command line to 'False'
[0.500s] Level 5:colcon.colcon_core.verb:set package 'roscon2022_control_workshop' build argument 'cmake_force_configure' from command line to 'False'
[0.500s] Level 5:colcon.colcon_core.verb:set package 'roscon2022_control_workshop' build argument 'ament_cmake_args' from command line to 'None'
[0.500s] Level 5:colcon.colcon_core.verb:set package 'roscon2022_control_workshop' build argument 'catkin_cmake_args' from command line to 'None'
[0.500s] Level 5:colcon.colcon_core.verb:set package 'roscon2022_control_workshop' build argument 'catkin_skip_building_tests' from command line to 'False'
[0.500s] DEBUG:colcon.colcon_core.verb:Building package 'roscon2022_control_workshop' with the following arguments: {'ament_cmake_args': None, 'build_base': '/home/gbb/rrbot_ws/build/roscon2022_control_workshop', 'catkin_cmake_args': None, 'catkin_skip_building_tests': False, 'cmake_args': None, 'cmake_clean_cache': False, 'cmake_clean_first': False, 'cmake_force_configure': False, 'cmake_target': None, 'cmake_target_skip_unavailable': False, 'install_base': '/home/gbb/rrbot_ws/install/roscon2022_control_workshop', 'merge_install': False, 'path': '/home/gbb/rrbot_ws/src/roscon2022_control_workshop', 'symlink_install': False, 'test_result_base': None}
[0.500s] Level 5:colcon.colcon_core.verb:set package 'controlko_bringup' build argument 'cmake_args' from command line to 'None'
[0.500s] Level 5:colcon.colcon_core.verb:set package 'controlko_bringup' build argument 'cmake_target' from command line to 'None'
[0.500s] Level 5:colcon.colcon_core.verb:set package 'controlko_bringup' build argument 'cmake_target_skip_unavailable' from command line to 'False'
[0.500s] Level 5:colcon.colcon_core.verb:set package 'controlko_bringup' build argument 'cmake_clean_cache' from command line to 'False'
[0.500s] Level 5:colcon.colcon_core.verb:set package 'controlko_bringup' build argument 'cmake_clean_first' from command line to 'False'
[0.500s] Level 5:colcon.colcon_core.verb:set package 'controlko_bringup' build argument 'cmake_force_configure' from command line to 'False'
[0.500s] Level 5:colcon.colcon_core.verb:set package 'controlko_bringup' build argument 'ament_cmake_args' from command line to 'None'
[0.500s] Level 5:colcon.colcon_core.verb:set package 'controlko_bringup' build argument 'catkin_cmake_args' from command line to 'None'
[0.500s] Level 5:colcon.colcon_core.verb:set package 'controlko_bringup' build argument 'catkin_skip_building_tests' from command line to 'False'
[0.500s] DEBUG:colcon.colcon_core.verb:Building package 'controlko_bringup' with the following arguments: {'ament_cmake_args': None, 'build_base': '/home/gbb/rrbot_ws/build/controlko_bringup', 'catkin_cmake_args': None, 'catkin_skip_building_tests': False, 'cmake_args': None, 'cmake_clean_cache': False, 'cmake_clean_first': False, 'cmake_force_configure': False, 'cmake_target': None, 'cmake_target_skip_unavailable': False, 'install_base': '/home/gbb/rrbot_ws/install/controlko_bringup', 'merge_install': False, 'path': '/home/gbb/rrbot_ws/src/controlko_bringup', 'symlink_install': False, 'test_result_base': None}
[0.501s] INFO:colcon.colcon_core.executor:Executing jobs using 'parallel' executor
[0.502s] DEBUG:colcon.colcon_parallel_executor.executor.parallel:run_until_complete
[0.502s] INFO:colcon.colcon_ros.task.ament_cmake.build:Building ROS package in '/home/gbb/rrbot_ws/src/controlko_description' with build type 'ament_cmake'
[0.502s] INFO:colcon.colcon_cmake.task.cmake.build:Building CMake package in '/home/gbb/rrbot_ws/src/controlko_description'
[0.507s] INFO:colcon.colcon_core.plugin_system:Skipping extension 'colcon_core.shell.bat': Not used on non-Windows systems
[0.507s] INFO:colcon.colcon_core.shell:Skip shell extension 'powershell' for command environment: Not usable outside of PowerShell
[0.507s] DEBUG:colcon.colcon_core.shell:Skip shell extension 'dsv' for command environment
[0.511s] INFO:colcon.colcon_ros.task.ament_cmake.build:Building ROS package in '/home/gbb/rrbot_ws/src/controlko_controllers' with build type 'ament_cmake'
[0.512s] INFO:colcon.colcon_cmake.task.cmake.build:Building CMake package in '/home/gbb/rrbot_ws/src/controlko_controllers'
[0.512s] INFO:colcon.colcon_core.shell:Skip shell extension 'powershell' for command environment: Not usable outside of PowerShell
[0.512s] DEBUG:colcon.colcon_core.shell:Skip shell extension 'dsv' for command environment
[0.516s] INFO:colcon.colcon_ros.task.ament_cmake.build:Building ROS package in '/home/gbb/rrbot_ws/src/controlko_hardware_interface' with build type 'ament_cmake'
[0.516s] INFO:colcon.colcon_cmake.task.cmake.build:Building CMake package in '/home/gbb/rrbot_ws/src/controlko_hardware_interface'
[0.517s] INFO:colcon.colcon_core.shell:Skip shell extension 'powershell' for command environment: Not usable outside of PowerShell
[0.517s] DEBUG:colcon.colcon_core.shell:Skip shell extension 'dsv' for command environment
[0.521s] INFO:colcon.colcon_ros.task.ament_cmake.build:Building ROS package in '/home/gbb/rrbot_ws/src/roscon2022_control_workshop' with build type 'ament_cmake'
[0.521s] INFO:colcon.colcon_cmake.task.cmake.build:Building CMake package in '/home/gbb/rrbot_ws/src/roscon2022_control_workshop'
[0.521s] INFO:colcon.colcon_core.shell:Skip shell extension 'powershell' for command environment: Not usable outside of PowerShell
[0.522s] DEBUG:colcon.colcon_core.shell:Skip shell extension 'dsv' for command environment
[0.536s] DEBUG:colcon.colcon_core.event_handler.log_command:Invoking command in '/home/gbb/rrbot_ws/build/controlko_description': CMAKE_PREFIX_PATH=${CMAKE_PREFIX_PATH}:/opt/ros/humble /usr/bin/cmake /home/gbb/rrbot_ws/src/controlko_description -DCMAKE_INSTALL_PREFIX=/home/gbb/rrbot_ws/install/controlko_description
[0.543s] DEBUG:colcon.colcon_core.event_handler.log_command:Invoking command in '/home/gbb/rrbot_ws/build/controlko_controllers': CMAKE_PREFIX_PATH=${CMAKE_PREFIX_PATH}:/opt/ros/humble /usr/bin/cmake /home/gbb/rrbot_ws/src/controlko_controllers -DCMAKE_INSTALL_PREFIX=/home/gbb/rrbot_ws/install/controlko_controllers
[0.548s] DEBUG:colcon.colcon_core.event_handler.log_command:Invoking command in '/home/gbb/rrbot_ws/build/controlko_hardware_interface': CMAKE_PREFIX_PATH=${CMAKE_PREFIX_PATH}:/opt/ros/humble /usr/bin/cmake /home/gbb/rrbot_ws/src/controlko_hardware_interface -DCMAKE_INSTALL_PREFIX=/home/gbb/rrbot_ws/install/controlko_hardware_interface
[0.559s] DEBUG:colcon.colcon_core.event_handler.log_command:Invoking command in '/home/gbb/rrbot_ws/build/roscon2022_control_workshop': CMAKE_PREFIX_PATH=${CMAKE_PREFIX_PATH}:/opt/ros/humble /usr/bin/cmake /home/gbb/rrbot_ws/src/roscon2022_control_workshop -DCMAKE_INSTALL_PREFIX=/home/gbb/rrbot_ws/install/roscon2022_control_workshop
[1.807s] DEBUG:colcon.colcon_core.event_handler.log_command:Invoked command in '/home/gbb/rrbot_ws/build/roscon2022_control_workshop' returned '0': CMAKE_PREFIX_PATH=${CMAKE_PREFIX_PATH}:/opt/ros/humble /usr/bin/cmake /home/gbb/rrbot_ws/src/roscon2022_control_workshop -DCMAKE_INSTALL_PREFIX=/home/gbb/rrbot_ws/install/roscon2022_control_workshop
[1.808s] DEBUG:colcon.colcon_core.event_handler.log_command:Invoking command in '/home/gbb/rrbot_ws/build/roscon2022_control_workshop': CMAKE_PREFIX_PATH=${CMAKE_PREFIX_PATH}:/opt/ros/humble /usr/bin/cmake --build /home/gbb/rrbot_ws/build/roscon2022_control_workshop -- -j8 -l8
[1.875s] DEBUG:colcon.colcon_core.event_handler.log_command:Invoked command in '/home/gbb/rrbot_ws/build/controlko_description' returned '0': CMAKE_PREFIX_PATH=${CMAKE_PREFIX_PATH}:/opt/ros/humble /usr/bin/cmake /home/gbb/rrbot_ws/src/controlko_description -DCMAKE_INSTALL_PREFIX=/home/gbb/rrbot_ws/install/controlko_description
[1.876s] DEBUG:colcon.colcon_core.event_handler.log_command:Invoking command in '/home/gbb/rrbot_ws/build/controlko_description': CMAKE_PREFIX_PATH=${CMAKE_PREFIX_PATH}:/opt/ros/humble /usr/bin/cmake --build /home/gbb/rrbot_ws/build/controlko_description -- -j8 -l8
[1.885s] DEBUG:colcon.colcon_core.event_handler.log_command:Invoked command in '/home/gbb/rrbot_ws/build/roscon2022_control_workshop' returned '0': CMAKE_PREFIX_PATH=${CMAKE_PREFIX_PATH}:/opt/ros/humble /usr/bin/cmake --build /home/gbb/rrbot_ws/build/roscon2022_control_workshop -- -j8 -l8
[1.905s] DEBUG:colcon.colcon_core.event_handler.log_command:Invoking command in '/home/gbb/rrbot_ws/build/roscon2022_control_workshop': CMAKE_PREFIX_PATH=${CMAKE_PREFIX_PATH}:/opt/ros/humble /usr/bin/cmake --install /home/gbb/rrbot_ws/build/roscon2022_control_workshop
[1.922s] Level 1:colcon.colcon_core.environment:create_environment_scripts_only(roscon2022_control_workshop)
[1.923s] DEBUG:colcon.colcon_core.event_handler.log_command:Invoked command in '/home/gbb/rrbot_ws/build/roscon2022_control_workshop' returned '0': CMAKE_PREFIX_PATH=${CMAKE_PREFIX_PATH}:/opt/ros/humble /usr/bin/cmake --install /home/gbb/rrbot_ws/build/roscon2022_control_workshop
[1.931s] Level 1:colcon.colcon_core.environment:checking '/home/gbb/rrbot_ws/install/roscon2022_control_workshop' for CMake module files
[1.932s] Level 1:colcon.colcon_core.environment:checking '/home/gbb/rrbot_ws/install/roscon2022_control_workshop' for CMake config files
[1.932s] Level 1:colcon.colcon_core.shell:create_environment_hook('roscon2022_control_workshop', 'cmake_prefix_path')
[1.933s] INFO:colcon.colcon_core.shell:Creating environment hook '/home/gbb/rrbot_ws/install/roscon2022_control_workshop/share/roscon2022_control_workshop/hook/cmake_prefix_path.ps1'
[1.934s] INFO:colcon.colcon_core.shell:Creating environment descriptor '/home/gbb/rrbot_ws/install/roscon2022_control_workshop/share/roscon2022_control_workshop/hook/cmake_prefix_path.dsv'
[1.935s] INFO:colcon.colcon_core.shell:Creating environment hook '/home/gbb/rrbot_ws/install/roscon2022_control_workshop/share/roscon2022_control_workshop/hook/cmake_prefix_path.sh'
[1.937s] Level 1:colcon.colcon_core.environment:checking '/home/gbb/rrbot_ws/install/roscon2022_control_workshop/bin'
[1.937s] Level 1:colcon.colcon_core.environment:checking '/home/gbb/rrbot_ws/install/roscon2022_control_workshop/lib/pkgconfig/roscon2022_control_workshop.pc'
[1.937s] Level 1:colcon.colcon_core.environment:checking '/home/gbb/rrbot_ws/install/roscon2022_control_workshop/lib/python3.10/site-packages'
[1.938s] Level 1:colcon.colcon_core.environment:checking '/home/gbb/rrbot_ws/install/roscon2022_control_workshop/bin'
[1.938s] INFO:colcon.colcon_core.shell:Creating package script '/home/gbb/rrbot_ws/install/roscon2022_control_workshop/share/roscon2022_control_workshop/package.ps1'
[1.940s] INFO:colcon.colcon_core.shell:Creating package descriptor '/home/gbb/rrbot_ws/install/roscon2022_control_workshop/share/roscon2022_control_workshop/package.dsv'
[1.941s] INFO:colcon.colcon_core.shell:Creating package script '/home/gbb/rrbot_ws/install/roscon2022_control_workshop/share/roscon2022_control_workshop/package.sh'
[1.942s] INFO:colcon.colcon_core.shell:Creating package script '/home/gbb/rrbot_ws/install/roscon2022_control_workshop/share/roscon2022_control_workshop/package.bash'
[1.944s] INFO:colcon.colcon_core.shell:Creating package script '/home/gbb/rrbot_ws/install/roscon2022_control_workshop/share/roscon2022_control_workshop/package.zsh'
[1.946s] Level 1:colcon.colcon_core.environment:create_file_with_runtime_dependencies(/home/gbb/rrbot_ws/install/roscon2022_control_workshop/share/colcon-core/packages/roscon2022_control_workshop)
[1.947s] Level 1:colcon.colcon_core.environment:create_environment_scripts_only(roscon2022_control_workshop)
[1.948s] Level 1:colcon.colcon_core.environment:checking '/home/gbb/rrbot_ws/install/roscon2022_control_workshop' for CMake module files
[1.949s] Level 1:colcon.colcon_core.environment:checking '/home/gbb/rrbot_ws/install/roscon2022_control_workshop' for CMake config files
[1.949s] Level 1:colcon.colcon_core.shell:create_environment_hook('roscon2022_control_workshop', 'cmake_prefix_path')
[1.949s] INFO:colcon.colcon_core.shell:Creating environment hook '/home/gbb/rrbot_ws/install/roscon2022_control_workshop/share/roscon2022_control_workshop/hook/cmake_prefix_path.ps1'
[1.950s] INFO:colcon.colcon_core.shell:Creating environment descriptor '/home/gbb/rrbot_ws/install/roscon2022_control_workshop/share/roscon2022_control_workshop/hook/cmake_prefix_path.dsv'
[1.952s] INFO:colcon.colcon_core.shell:Creating environment hook '/home/gbb/rrbot_ws/install/roscon2022_control_workshop/share/roscon2022_control_workshop/hook/cmake_prefix_path.sh'
[1.953s] Level 1:colcon.colcon_core.environment:checking '/home/gbb/rrbot_ws/install/roscon2022_control_workshop/bin'
[1.953s] Level 1:colcon.colcon_core.environment:checking '/home/gbb/rrbot_ws/install/roscon2022_control_workshop/lib/pkgconfig/roscon2022_control_workshop.pc'
[1.954s] Level 1:colcon.colcon_core.environment:checking '/home/gbb/rrbot_ws/install/roscon2022_control_workshop/lib/python3.10/site-packages'
[1.954s] Level 1:colcon.colcon_core.environment:checking '/home/gbb/rrbot_ws/install/roscon2022_control_workshop/bin'
[1.955s] INFO:colcon.colcon_core.shell:Creating package script '/home/gbb/rrbot_ws/install/roscon2022_control_workshop/share/roscon2022_control_workshop/package.ps1'
[1.956s] INFO:colcon.colcon_core.shell:Creating package descriptor '/home/gbb/rrbot_ws/install/roscon2022_control_workshop/share/roscon2022_control_workshop/package.dsv'
[1.957s] INFO:colcon.colcon_core.shell:Creating package script '/home/gbb/rrbot_ws/install/roscon2022_control_workshop/share/roscon2022_control_workshop/package.sh'
[1.957s] INFO:colcon.colcon_core.shell:Creating package script '/home/gbb/rrbot_ws/install/roscon2022_control_workshop/share/roscon2022_control_workshop/package.bash'
[1.958s] INFO:colcon.colcon_core.shell:Creating package script '/home/gbb/rrbot_ws/install/roscon2022_control_workshop/share/roscon2022_control_workshop/package.zsh'
[1.959s] Level 1:colcon.colcon_core.environment:create_file_with_runtime_dependencies(/home/gbb/rrbot_ws/install/roscon2022_control_workshop/share/colcon-core/packages/roscon2022_control_workshop)
[1.963s] DEBUG:colcon.colcon_core.event_handler.log_command:Invoked command in '/home/gbb/rrbot_ws/build/controlko_description' returned '0': CMAKE_PREFIX_PATH=${CMAKE_PREFIX_PATH}:/opt/ros/humble /usr/bin/cmake --build /home/gbb/rrbot_ws/build/controlko_description -- -j8 -l8
[1.965s] DEBUG:colcon.colcon_core.event_handler.log_command:Invoking command in '/home/gbb/rrbot_ws/build/controlko_description': CMAKE_PREFIX_PATH=${CMAKE_PREFIX_PATH}:/opt/ros/humble /usr/bin/cmake --install /home/gbb/rrbot_ws/build/controlko_description
[1.992s] Level 1:colcon.colcon_core.environment:create_environment_scripts_only(controlko_description)
[1.993s] Level 1:colcon.colcon_core.environment:checking '/home/gbb/rrbot_ws/install/controlko_description' for CMake module files
[1.994s] DEBUG:colcon.colcon_core.event_handler.log_command:Invoked command in '/home/gbb/rrbot_ws/build/controlko_description' returned '0': CMAKE_PREFIX_PATH=${CMAKE_PREFIX_PATH}:/opt/ros/humble /usr/bin/cmake --install /home/gbb/rrbot_ws/build/controlko_description
[1.994s] Level 1:colcon.colcon_core.environment:checking '/home/gbb/rrbot_ws/install/controlko_description' for CMake config files
[1.995s] Level 1:colcon.colcon_core.shell:create_environment_hook('controlko_description', 'cmake_prefix_path')
[1.995s] INFO:colcon.colcon_core.shell:Creating environment hook '/home/gbb/rrbot_ws/install/controlko_description/share/controlko_description/hook/cmake_prefix_path.ps1'
[1.996s] INFO:colcon.colcon_core.shell:Creating environment descriptor '/home/gbb/rrbot_ws/install/controlko_description/share/controlko_description/hook/cmake_prefix_path.dsv'
[1.997s] INFO:colcon.colcon_core.shell:Creating environment hook '/home/gbb/rrbot_ws/install/controlko_description/share/controlko_description/hook/cmake_prefix_path.sh'
[1.998s] Level 1:colcon.colcon_core.environment:checking '/home/gbb/rrbot_ws/install/controlko_description/bin'
[1.998s] Level 1:colcon.colcon_core.environment:checking '/home/gbb/rrbot_ws/install/controlko_description/lib/pkgconfig/controlko_description.pc'
[1.998s] Level 1:colcon.colcon_core.environment:checking '/home/gbb/rrbot_ws/install/controlko_description/lib/python3.10/site-packages'
[1.999s] Level 1:colcon.colcon_core.environment:checking '/home/gbb/rrbot_ws/install/controlko_description/bin'
[1.999s] INFO:colcon.colcon_core.shell:Creating package script '/home/gbb/rrbot_ws/install/controlko_description/share/controlko_description/package.ps1'
[2.000s] INFO:colcon.colcon_core.shell:Creating package descriptor '/home/gbb/rrbot_ws/install/controlko_description/share/controlko_description/package.dsv'
[2.001s] INFO:colcon.colcon_core.shell:Creating package script '/home/gbb/rrbot_ws/install/controlko_description/share/controlko_description/package.sh'
[2.001s] INFO:colcon.colcon_core.shell:Creating package script '/home/gbb/rrbot_ws/install/controlko_description/share/controlko_description/package.bash'
[2.002s] INFO:colcon.colcon_core.shell:Creating package script '/home/gbb/rrbot_ws/install/controlko_description/share/controlko_description/package.zsh'
[2.002s] Level 1:colcon.colcon_core.environment:create_file_with_runtime_dependencies(/home/gbb/rrbot_ws/install/controlko_description/share/colcon-core/packages/controlko_description)
[2.003s] Level 1:colcon.colcon_core.environment:create_environment_scripts_only(controlko_description)
[2.004s] Level 1:colcon.colcon_core.environment:checking '/home/gbb/rrbot_ws/install/controlko_description' for CMake module files
[2.005s] Level 1:colcon.colcon_core.environment:checking '/home/gbb/rrbot_ws/install/controlko_description' for CMake config files
[2.005s] Level 1:colcon.colcon_core.shell:create_environment_hook('controlko_description', 'cmake_prefix_path')
[2.006s] INFO:colcon.colcon_core.shell:Creating environment hook '/home/gbb/rrbot_ws/install/controlko_description/share/controlko_description/hook/cmake_prefix_path.ps1'
[2.006s] INFO:colcon.colcon_core.shell:Creating environment descriptor '/home/gbb/rrbot_ws/install/controlko_description/share/controlko_description/hook/cmake_prefix_path.dsv'
[2.007s] INFO:colcon.colcon_core.shell:Creating environment hook '/home/gbb/rrbot_ws/install/controlko_description/share/controlko_description/hook/cmake_prefix_path.sh'
[2.008s] Level 1:colcon.colcon_core.environment:checking '/home/gbb/rrbot_ws/install/controlko_description/bin'
[2.009s] Level 1:colcon.colcon_core.environment:checking '/home/gbb/rrbot_ws/install/controlko_description/lib/pkgconfig/controlko_description.pc'
[2.009s] Level 1:colcon.colcon_core.environment:checking '/home/gbb/rrbot_ws/install/controlko_description/lib/python3.10/site-packages'
[2.009s] Level 1:colcon.colcon_core.environment:checking '/home/gbb/rrbot_ws/install/controlko_description/bin'
[2.010s] INFO:colcon.colcon_core.shell:Creating package script '/home/gbb/rrbot_ws/install/controlko_description/share/controlko_description/package.ps1'
[2.011s] INFO:colcon.colcon_core.shell:Creating package descriptor '/home/gbb/rrbot_ws/install/controlko_description/share/controlko_description/package.dsv'
[2.012s] INFO:colcon.colcon_core.shell:Creating package script '/home/gbb/rrbot_ws/install/controlko_description/share/controlko_description/package.sh'
[2.014s] INFO:colcon.colcon_core.shell:Creating package script '/home/gbb/rrbot_ws/install/controlko_description/share/controlko_description/package.bash'
[2.015s] INFO:colcon.colcon_core.shell:Creating package script '/home/gbb/rrbot_ws/install/controlko_description/share/controlko_description/package.zsh'
[2.015s] Level 1:colcon.colcon_core.environment:create_file_with_runtime_dependencies(/home/gbb/rrbot_ws/install/controlko_description/share/colcon-core/packages/controlko_description)
[2.016s] INFO:colcon.colcon_ros.task.ament_cmake.build:Building ROS package in '/home/gbb/rrbot_ws/src/controlko_bringup' with build type 'ament_cmake'
[2.016s] INFO:colcon.colcon_cmake.task.cmake.build:Building CMake package in '/home/gbb/rrbot_ws/src/controlko_bringup'
[2.017s] INFO:colcon.colcon_core.shell:Skip shell extension 'powershell' for command environment: Not usable outside of PowerShell
[2.017s] DEBUG:colcon.colcon_core.shell:Skip shell extension 'dsv' for command environment
[2.038s] DEBUG:colcon.colcon_core.event_handler.log_command:Invoking command in '/home/gbb/rrbot_ws/build/controlko_bringup': CMAKE_PREFIX_PATH=/home/gbb/rrbot_ws/install/controlko_description:/home/gbb/rrbot_ws/install/roscon2022_control_workshop:/home/gbb/rrbot_ws/install/controlko_hardware_interface:/home/gbb/rrbot_ws/install/controlko_bringup:/home/gbb/rrbot_ws/install/controlko_controllers:/opt/ros/humble /usr/bin/cmake /home/gbb/rrbot_ws/src/controlko_bringup -DCMAKE_INSTALL_PREFIX=/home/gbb/rrbot_ws/install/controlko_bringup
[3.233s] DEBUG:colcon.colcon_core.event_handler.log_command:Invoked command in '/home/gbb/rrbot_ws/build/controlko_bringup' returned '0': CMAKE_PREFIX_PATH=/home/gbb/rrbot_ws/install/controlko_description:/home/gbb/rrbot_ws/install/roscon2022_control_workshop:/home/gbb/rrbot_ws/install/controlko_hardware_interface:/home/gbb/rrbot_ws/install/controlko_bringup:/home/gbb/rrbot_ws/install/controlko_controllers:/opt/ros/humble /usr/bin/cmake /home/gbb/rrbot_ws/src/controlko_bringup -DCMAKE_INSTALL_PREFIX=/home/gbb/rrbot_ws/install/controlko_bringup
[3.238s] DEBUG:colcon.colcon_core.event_handler.log_command:Invoking command in '/home/gbb/rrbot_ws/build/controlko_bringup': CMAKE_PREFIX_PATH=/home/gbb/rrbot_ws/install/controlko_description:/home/gbb/rrbot_ws/install/roscon2022_control_workshop:/home/gbb/rrbot_ws/install/controlko_hardware_interface:/home/gbb/rrbot_ws/install/controlko_bringup:/home/gbb/rrbot_ws/install/controlko_controllers:/opt/ros/humble /usr/bin/cmake --build /home/gbb/rrbot_ws/build/controlko_bringup -- -j8 -l8
[3.307s] DEBUG:colcon.colcon_core.event_handler.log_command:Invoked command in '/home/gbb/rrbot_ws/build/controlko_bringup' returned '0': CMAKE_PREFIX_PATH=/home/gbb/rrbot_ws/install/controlko_description:/home/gbb/rrbot_ws/install/roscon2022_control_workshop:/home/gbb/rrbot_ws/install/controlko_hardware_interface:/home/gbb/rrbot_ws/install/controlko_bringup:/home/gbb/rrbot_ws/install/controlko_controllers:/opt/ros/humble /usr/bin/cmake --build /home/gbb/rrbot_ws/build/controlko_bringup -- -j8 -l8
[3.310s] DEBUG:colcon.colcon_core.event_handler.log_command:Invoking command in '/home/gbb/rrbot_ws/build/controlko_bringup': CMAKE_PREFIX_PATH=/home/gbb/rrbot_ws/install/controlko_description:/home/gbb/rrbot_ws/install/roscon2022_control_workshop:/home/gbb/rrbot_ws/install/controlko_hardware_interface:/home/gbb/rrbot_ws/install/controlko_bringup:/home/gbb/rrbot_ws/install/controlko_controllers:/opt/ros/humble /usr/bin/cmake --install /home/gbb/rrbot_ws/build/controlko_bringup
[3.311s] DEBUG:colcon.colcon_core.event_handler.log_command:Invoked command in '/home/gbb/rrbot_ws/build/controlko_hardware_interface' returned '0': CMAKE_PREFIX_PATH=${CMAKE_PREFIX_PATH}:/opt/ros/humble /usr/bin/cmake /home/gbb/rrbot_ws/src/controlko_hardware_interface -DCMAKE_INSTALL_PREFIX=/home/gbb/rrbot_ws/install/controlko_hardware_interface
[3.314s] DEBUG:colcon.colcon_core.event_handler.log_command:Invoking command in '/home/gbb/rrbot_ws/build/controlko_hardware_interface': CMAKE_PREFIX_PATH=${CMAKE_PREFIX_PATH}:/opt/ros/humble /usr/bin/cmake --build /home/gbb/rrbot_ws/build/controlko_hardware_interface -- -j8 -l8
[3.329s] Level 1:colcon.colcon_core.environment:create_environment_scripts_only(controlko_bringup)
[3.330s] Level 1:colcon.colcon_core.environment:checking '/home/gbb/rrbot_ws/install/controlko_bringup' for CMake module files
[3.330s] DEBUG:colcon.colcon_core.event_handler.log_command:Invoked command in '/home/gbb/rrbot_ws/build/controlko_bringup' returned '0': CMAKE_PREFIX_PATH=/home/gbb/rrbot_ws/install/controlko_description:/home/gbb/rrbot_ws/install/roscon2022_control_workshop:/home/gbb/rrbot_ws/install/controlko_hardware_interface:/home/gbb/rrbot_ws/install/controlko_bringup:/home/gbb/rrbot_ws/install/controlko_controllers:/opt/ros/humble /usr/bin/cmake --install /home/gbb/rrbot_ws/build/controlko_bringup
[3.331s] Level 1:colcon.colcon_core.environment:checking '/home/gbb/rrbot_ws/install/controlko_bringup' for CMake config files
[3.331s] Level 1:colcon.colcon_core.shell:create_environment_hook('controlko_bringup', 'cmake_prefix_path')
[3.332s] INFO:colcon.colcon_core.shell:Creating environment hook '/home/gbb/rrbot_ws/install/controlko_bringup/share/controlko_bringup/hook/cmake_prefix_path.ps1'
[3.332s] INFO:colcon.colcon_core.shell:Creating environment descriptor '/home/gbb/rrbot_ws/install/controlko_bringup/share/controlko_bringup/hook/cmake_prefix_path.dsv'
[3.333s] INFO:colcon.colcon_core.shell:Creating environment hook '/home/gbb/rrbot_ws/install/controlko_bringup/share/controlko_bringup/hook/cmake_prefix_path.sh'
[3.334s] Level 1:colcon.colcon_core.environment:checking '/home/gbb/rrbot_ws/install/controlko_bringup/bin'
[3.336s] Level 1:colcon.colcon_core.environment:checking '/home/gbb/rrbot_ws/install/controlko_bringup/lib/pkgconfig/controlko_bringup.pc'
[3.337s] Level 1:colcon.colcon_core.environment:checking '/home/gbb/rrbot_ws/install/controlko_bringup/lib/python3.10/site-packages'
[3.337s] Level 1:colcon.colcon_core.environment:checking '/home/gbb/rrbot_ws/install/controlko_bringup/bin'
[3.338s] INFO:colcon.colcon_core.shell:Creating package script '/home/gbb/rrbot_ws/install/controlko_bringup/share/controlko_bringup/package.ps1'
[3.339s] INFO:colcon.colcon_core.shell:Creating package descriptor '/home/gbb/rrbot_ws/install/controlko_bringup/share/controlko_bringup/package.dsv'
[3.339s] INFO:colcon.colcon_core.shell:Creating package script '/home/gbb/rrbot_ws/install/controlko_bringup/share/controlko_bringup/package.sh'
[3.340s] INFO:colcon.colcon_core.shell:Creating package script '/home/gbb/rrbot_ws/install/controlko_bringup/share/controlko_bringup/package.bash'
[3.341s] INFO:colcon.colcon_core.shell:Creating package script '/home/gbb/rrbot_ws/install/controlko_bringup/share/controlko_bringup/package.zsh'
[3.341s] Level 1:colcon.colcon_core.environment:create_file_with_runtime_dependencies(/home/gbb/rrbot_ws/install/controlko_bringup/share/colcon-core/packages/controlko_bringup)
[3.342s] Level 1:colcon.colcon_core.environment:create_environment_scripts_only(controlko_bringup)
[3.343s] Level 1:colcon.colcon_core.environment:checking '/home/gbb/rrbot_ws/install/controlko_bringup' for CMake module files
[3.344s] Level 1:colcon.colcon_core.environment:checking '/home/gbb/rrbot_ws/install/controlko_bringup' for CMake config files
[3.344s] Level 1:colcon.colcon_core.shell:create_environment_hook('controlko_bringup', 'cmake_prefix_path')
[3.345s] INFO:colcon.colcon_core.shell:Creating environment hook '/home/gbb/rrbot_ws/install/controlko_bringup/share/controlko_bringup/hook/cmake_prefix_path.ps1'
[3.346s] INFO:colcon.colcon_core.shell:Creating environment descriptor '/home/gbb/rrbot_ws/install/controlko_bringup/share/controlko_bringup/hook/cmake_prefix_path.dsv'
[3.346s] INFO:colcon.colcon_core.shell:Creating environment hook '/home/gbb/rrbot_ws/install/controlko_bringup/share/controlko_bringup/hook/cmake_prefix_path.sh'
[3.348s] Level 1:colcon.colcon_core.environment:checking '/home/gbb/rrbot_ws/install/controlko_bringup/bin'
[3.348s] Level 1:colcon.colcon_core.environment:checking '/home/gbb/rrbot_ws/install/controlko_bringup/lib/pkgconfig/controlko_bringup.pc'
[3.348s] Level 1:colcon.colcon_core.environment:checking '/home/gbb/rrbot_ws/install/controlko_bringup/lib/python3.10/site-packages'
[3.349s] Level 1:colcon.colcon_core.environment:checking '/home/gbb/rrbot_ws/install/controlko_bringup/bin'
[3.349s] INFO:colcon.colcon_core.shell:Creating package script '/home/gbb/rrbot_ws/install/controlko_bringup/share/controlko_bringup/package.ps1'
[3.350s] INFO:colcon.colcon_core.shell:Creating package descriptor '/home/gbb/rrbot_ws/install/controlko_bringup/share/controlko_bringup/package.dsv'
[3.351s] INFO:colcon.colcon_core.shell:Creating package script '/home/gbb/rrbot_ws/install/controlko_bringup/share/controlko_bringup/package.sh'
[3.352s] INFO:colcon.colcon_core.shell:Creating package script '/home/gbb/rrbot_ws/install/controlko_bringup/share/controlko_bringup/package.bash'
[3.353s] INFO:colcon.colcon_core.shell:Creating package script '/home/gbb/rrbot_ws/install/controlko_bringup/share/controlko_bringup/package.zsh'
[3.354s] Level 1:colcon.colcon_core.environment:create_file_with_runtime_dependencies(/home/gbb/rrbot_ws/install/controlko_bringup/share/colcon-core/packages/controlko_bringup)
[3.815s] DEBUG:colcon.colcon_core.event_handler.log_command:Invoked command in '/home/gbb/rrbot_ws/build/controlko_controllers' returned '0': CMAKE_PREFIX_PATH=${CMAKE_PREFIX_PATH}:/opt/ros/humble /usr/bin/cmake /home/gbb/rrbot_ws/src/controlko_controllers -DCMAKE_INSTALL_PREFIX=/home/gbb/rrbot_ws/install/controlko_controllers
[3.823s] DEBUG:colcon.colcon_core.event_handler.log_command:Invoking command in '/home/gbb/rrbot_ws/build/controlko_controllers': CMAKE_PREFIX_PATH=${CMAKE_PREFIX_PATH}:/opt/ros/humble /usr/bin/cmake --build /home/gbb/rrbot_ws/build/controlko_controllers -- -j8 -l8
[19.464s] DEBUG:colcon.colcon_core.event_handler.log_command:Invoked command in '/home/gbb/rrbot_ws/build/controlko_hardware_interface' returned '0': CMAKE_PREFIX_PATH=${CMAKE_PREFIX_PATH}:/opt/ros/humble /usr/bin/cmake --build /home/gbb/rrbot_ws/build/controlko_hardware_interface -- -j8 -l8
[19.466s] DEBUG:colcon.colcon_core.event_handler.log_command:Invoking command in '/home/gbb/rrbot_ws/build/controlko_hardware_interface': CMAKE_PREFIX_PATH=${CMAKE_PREFIX_PATH}:/opt/ros/humble /usr/bin/cmake --install /home/gbb/rrbot_ws/build/controlko_hardware_interface
[19.514s] Level 1:colcon.colcon_core.environment:create_environment_scripts_only(controlko_hardware_interface)
[19.514s] Level 1:colcon.colcon_core.environment:checking '/home/gbb/rrbot_ws/install/controlko_hardware_interface' for CMake module files
[19.516s] Level 1:colcon.colcon_core.environment:checking '/home/gbb/rrbot_ws/install/controlko_hardware_interface' for CMake config files
[19.516s] Level 1:colcon.colcon_core.shell:create_environment_hook('controlko_hardware_interface', 'cmake_prefix_path')
[19.518s] INFO:colcon.colcon_core.shell:Creating environment hook '/home/gbb/rrbot_ws/install/controlko_hardware_interface/share/controlko_hardware_interface/hook/cmake_prefix_path.ps1'
[19.519s] INFO:colcon.colcon_core.shell:Creating environment descriptor '/home/gbb/rrbot_ws/install/controlko_hardware_interface/share/controlko_hardware_interface/hook/cmake_prefix_path.dsv'
[19.523s] DEBUG:colcon.colcon_core.event_handler.log_command:Invoked command in '/home/gbb/rrbot_ws/build/controlko_hardware_interface' returned '0': CMAKE_PREFIX_PATH=${CMAKE_PREFIX_PATH}:/opt/ros/humble /usr/bin/cmake --install /home/gbb/rrbot_ws/build/controlko_hardware_interface
[19.525s] INFO:colcon.colcon_core.shell:Creating environment hook '/home/gbb/rrbot_ws/install/controlko_hardware_interface/share/controlko_hardware_interface/hook/cmake_prefix_path.sh'
[19.527s] Level 1:colcon.colcon_core.environment:checking '/home/gbb/rrbot_ws/install/controlko_hardware_interface/lib'
[19.527s] Level 1:colcon.colcon_core.shell:create_environment_hook('controlko_hardware_interface', 'ld_library_path_lib')
[19.528s] INFO:colcon.colcon_core.shell:Creating environment hook '/home/gbb/rrbot_ws/install/controlko_hardware_interface/share/controlko_hardware_interface/hook/ld_library_path_lib.ps1'
[19.529s] INFO:colcon.colcon_core.shell:Creating environment descriptor '/home/gbb/rrbot_ws/install/controlko_hardware_interface/share/controlko_hardware_interface/hook/ld_library_path_lib.dsv'
[19.529s] INFO:colcon.colcon_core.shell:Creating environment hook '/home/gbb/rrbot_ws/install/controlko_hardware_interface/share/controlko_hardware_interface/hook/ld_library_path_lib.sh'
[19.530s] Level 1:colcon.colcon_core.environment:checking '/home/gbb/rrbot_ws/install/controlko_hardware_interface/bin'
[19.530s] Level 1:colcon.colcon_core.environment:checking '/home/gbb/rrbot_ws/install/controlko_hardware_interface/lib/pkgconfig/controlko_hardware_interface.pc'
[19.531s] Level 1:colcon.colcon_core.environment:checking '/home/gbb/rrbot_ws/install/controlko_hardware_interface/lib/python3.10/site-packages'
[19.531s] Level 1:colcon.colcon_core.environment:checking '/home/gbb/rrbot_ws/install/controlko_hardware_interface/bin'
[19.532s] INFO:colcon.colcon_core.shell:Creating package script '/home/gbb/rrbot_ws/install/controlko_hardware_interface/share/controlko_hardware_interface/package.ps1'
[19.534s] INFO:colcon.colcon_core.shell:Creating package descriptor '/home/gbb/rrbot_ws/install/controlko_hardware_interface/share/controlko_hardware_interface/package.dsv'
[19.535s] INFO:colcon.colcon_core.shell:Creating package script '/home/gbb/rrbot_ws/install/controlko_hardware_interface/share/controlko_hardware_interface/package.sh'
[19.536s] INFO:colcon.colcon_core.shell:Creating package script '/home/gbb/rrbot_ws/install/controlko_hardware_interface/share/controlko_hardware_interface/package.bash'
[19.537s] INFO:colcon.colcon_core.shell:Creating package script '/home/gbb/rrbot_ws/install/controlko_hardware_interface/share/controlko_hardware_interface/package.zsh'
[19.537s] Level 1:colcon.colcon_core.environment:create_file_with_runtime_dependencies(/home/gbb/rrbot_ws/install/controlko_hardware_interface/share/colcon-core/packages/controlko_hardware_interface)
[19.539s] Level 1:colcon.colcon_core.environment:create_environment_scripts_only(controlko_hardware_interface)
[19.539s] Level 1:colcon.colcon_core.environment:checking '/home/gbb/rrbot_ws/install/controlko_hardware_interface' for CMake module files
[19.541s] Level 1:colcon.colcon_core.environment:checking '/home/gbb/rrbot_ws/install/controlko_hardware_interface' for CMake config files
[19.542s] Level 1:colcon.colcon_core.shell:create_environment_hook('controlko_hardware_interface', 'cmake_prefix_path')
[19.542s] INFO:colcon.colcon_core.shell:Creating environment hook '/home/gbb/rrbot_ws/install/controlko_hardware_interface/share/controlko_hardware_interface/hook/cmake_prefix_path.ps1'
[19.543s] INFO:colcon.colcon_core.shell:Creating environment descriptor '/home/gbb/rrbot_ws/install/controlko_hardware_interface/share/controlko_hardware_interface/hook/cmake_prefix_path.dsv'
[19.544s] INFO:colcon.colcon_core.shell:Creating environment hook '/home/gbb/rrbot_ws/install/controlko_hardware_interface/share/controlko_hardware_interface/hook/cmake_prefix_path.sh'
[19.545s] Level 1:colcon.colcon_core.environment:checking '/home/gbb/rrbot_ws/install/controlko_hardware_interface/lib'
[19.546s] Level 1:colcon.colcon_core.shell:create_environment_hook('controlko_hardware_interface', 'ld_library_path_lib')
[19.546s] INFO:colcon.colcon_core.shell:Creating environment hook '/home/gbb/rrbot_ws/install/controlko_hardware_interface/share/controlko_hardware_interface/hook/ld_library_path_lib.ps1'
[19.547s] INFO:colcon.colcon_core.shell:Creating environment descriptor '/home/gbb/rrbot_ws/install/controlko_hardware_interface/share/controlko_hardware_interface/hook/ld_library_path_lib.dsv'
[19.549s] INFO:colcon.colcon_core.shell:Creating environment hook '/home/gbb/rrbot_ws/install/controlko_hardware_interface/share/controlko_hardware_interface/hook/ld_library_path_lib.sh'
[19.550s] Level 1:colcon.colcon_core.environment:checking '/home/gbb/rrbot_ws/install/controlko_hardware_interface/bin'
[19.551s] Level 1:colcon.colcon_core.environment:checking '/home/gbb/rrbot_ws/install/controlko_hardware_interface/lib/pkgconfig/controlko_hardware_interface.pc'
[19.551s] Level 1:colcon.colcon_core.environment:checking '/home/gbb/rrbot_ws/install/controlko_hardware_interface/lib/python3.10/site-packages'
[19.552s] Level 1:colcon.colcon_core.environment:checking '/home/gbb/rrbot_ws/install/controlko_hardware_interface/bin'
[19.553s] INFO:colcon.colcon_core.shell:Creating package script '/home/gbb/rrbot_ws/install/controlko_hardware_interface/share/controlko_hardware_interface/package.ps1'
[19.555s] INFO:colcon.colcon_core.shell:Creating package descriptor '/home/gbb/rrbot_ws/install/controlko_hardware_interface/share/controlko_hardware_interface/package.dsv'
[19.558s] INFO:colcon.colcon_core.shell:Creating package script '/home/gbb/rrbot_ws/install/controlko_hardware_interface/share/controlko_hardware_interface/package.sh'
[19.560s] INFO:colcon.colcon_core.shell:Creating package script '/home/gbb/rrbot_ws/install/controlko_hardware_interface/share/controlko_hardware_interface/package.bash'
[19.562s] INFO:colcon.colcon_core.shell:Creating package script '/home/gbb/rrbot_ws/install/controlko_hardware_interface/share/controlko_hardware_interface/package.zsh'
[19.564s] Level 1:colcon.colcon_core.environment:create_file_with_runtime_dependencies(/home/gbb/rrbot_ws/install/controlko_hardware_interface/share/colcon-core/packages/controlko_hardware_interface)
[71.176s] DEBUG:colcon.colcon_core.event_handler.log_command:Invoked command in '/home/gbb/rrbot_ws/build/controlko_controllers' returned '0': CMAKE_PREFIX_PATH=${CMAKE_PREFIX_PATH}:/opt/ros/humble /usr/bin/cmake --build /home/gbb/rrbot_ws/build/controlko_controllers -- -j8 -l8
[71.179s] DEBUG:colcon.colcon_core.event_handler.log_command:Invoking command in '/home/gbb/rrbot_ws/build/controlko_controllers': CMAKE_PREFIX_PATH=${CMAKE_PREFIX_PATH}:/opt/ros/humble /usr/bin/cmake --install /home/gbb/rrbot_ws/build/controlko_controllers
[71.212s] Level 1:colcon.colcon_core.environment:create_environment_scripts_only(controlko_controllers)
[71.213s] Level 1:colcon.colcon_core.environment:checking '/home/gbb/rrbot_ws/install/controlko_controllers' for CMake module files
[71.213s] DEBUG:colcon.colcon_core.event_handler.log_command:Invoked command in '/home/gbb/rrbot_ws/build/controlko_controllers' returned '0': CMAKE_PREFIX_PATH=${CMAKE_PREFIX_PATH}:/opt/ros/humble /usr/bin/cmake --install /home/gbb/rrbot_ws/build/controlko_controllers
[71.214s] Level 1:colcon.colcon_core.environment:checking '/home/gbb/rrbot_ws/install/controlko_controllers' for CMake config files
[71.214s] Level 1:colcon.colcon_core.shell:create_environment_hook('controlko_controllers', 'cmake_prefix_path')
[71.215s] INFO:colcon.colcon_core.shell:Creating environment hook '/home/gbb/rrbot_ws/install/controlko_controllers/share/controlko_controllers/hook/cmake_prefix_path.ps1'
[71.215s] INFO:colcon.colcon_core.shell:Creating environment descriptor '/home/gbb/rrbot_ws/install/controlko_controllers/share/controlko_controllers/hook/cmake_prefix_path.dsv'
[71.216s] INFO:colcon.colcon_core.shell:Creating environment hook '/home/gbb/rrbot_ws/install/controlko_controllers/share/controlko_controllers/hook/cmake_prefix_path.sh'
[71.217s] Level 1:colcon.colcon_core.environment:checking '/home/gbb/rrbot_ws/install/controlko_controllers/lib'
[71.217s] Level 1:colcon.colcon_core.shell:create_environment_hook('controlko_controllers', 'ld_library_path_lib')
[71.217s] INFO:colcon.colcon_core.shell:Creating environment hook '/home/gbb/rrbot_ws/install/controlko_controllers/share/controlko_controllers/hook/ld_library_path_lib.ps1'
[71.218s] INFO:colcon.colcon_core.shell:Creating environment descriptor '/home/gbb/rrbot_ws/install/controlko_controllers/share/controlko_controllers/hook/ld_library_path_lib.dsv'
[71.218s] INFO:colcon.colcon_core.shell:Creating environment hook '/home/gbb/rrbot_ws/install/controlko_controllers/share/controlko_controllers/hook/ld_library_path_lib.sh'
[71.219s] Level 1:colcon.colcon_core.environment:checking '/home/gbb/rrbot_ws/install/controlko_controllers/bin'
[71.219s] Level 1:colcon.colcon_core.environment:checking '/home/gbb/rrbot_ws/install/controlko_controllers/lib/pkgconfig/controlko_controllers.pc'
[71.219s] Level 1:colcon.colcon_core.environment:checking '/home/gbb/rrbot_ws/install/controlko_controllers/lib/python3.10/site-packages'
[71.220s] Level 1:colcon.colcon_core.environment:checking '/home/gbb/rrbot_ws/install/controlko_controllers/bin'
[71.220s] INFO:colcon.colcon_core.shell:Creating package script '/home/gbb/rrbot_ws/install/controlko_controllers/share/controlko_controllers/package.ps1'
[71.221s] INFO:colcon.colcon_core.shell:Creating package descriptor '/home/gbb/rrbot_ws/install/controlko_controllers/share/controlko_controllers/package.dsv'
[71.223s] INFO:colcon.colcon_core.shell:Creating package script '/home/gbb/rrbot_ws/install/controlko_controllers/share/controlko_controllers/package.sh'
[71.224s] INFO:colcon.colcon_core.shell:Creating package script '/home/gbb/rrbot_ws/install/controlko_controllers/share/controlko_controllers/package.bash'
[71.225s] INFO:colcon.colcon_core.shell:Creating package script '/home/gbb/rrbot_ws/install/controlko_controllers/share/controlko_controllers/package.zsh'
[71.228s] Level 1:colcon.colcon_core.environment:create_file_with_runtime_dependencies(/home/gbb/rrbot_ws/install/controlko_controllers/share/colcon-core/packages/controlko_controllers)
[71.230s] Level 1:colcon.colcon_core.environment:create_environment_scripts_only(controlko_controllers)
[71.230s] Level 1:colcon.colcon_core.environment:checking '/home/gbb/rrbot_ws/install/controlko_controllers' for CMake module files
[71.231s] Level 1:colcon.colcon_core.environment:checking '/home/gbb/rrbot_ws/install/controlko_controllers' for CMake config files
[71.231s] Level 1:colcon.colcon_core.shell:create_environment_hook('controlko_controllers', 'cmake_prefix_path')
[71.232s] INFO:colcon.colcon_core.shell:Creating environment hook '/home/gbb/rrbot_ws/install/controlko_controllers/share/controlko_controllers/hook/cmake_prefix_path.ps1'
[71.233s] INFO:colcon.colcon_core.shell:Creating environment descriptor '/home/gbb/rrbot_ws/install/controlko_controllers/share/controlko_controllers/hook/cmake_prefix_path.dsv'
[71.234s] INFO:colcon.colcon_core.shell:Creating environment hook '/home/gbb/rrbot_ws/install/controlko_controllers/share/controlko_controllers/hook/cmake_prefix_path.sh'
[71.236s] Level 1:colcon.colcon_core.environment:checking '/home/gbb/rrbot_ws/install/controlko_controllers/lib'
[71.236s] Level 1:colcon.colcon_core.shell:create_environment_hook('controlko_controllers', 'ld_library_path_lib')
[71.237s] INFO:colcon.colcon_core.shell:Creating environment hook '/home/gbb/rrbot_ws/install/controlko_controllers/share/controlko_controllers/hook/ld_library_path_lib.ps1'
[71.238s] INFO:colcon.colcon_core.shell:Creating environment descriptor '/home/gbb/rrbot_ws/install/controlko_controllers/share/controlko_controllers/hook/ld_library_path_lib.dsv'
[71.238s] INFO:colcon.colcon_core.shell:Creating environment hook '/home/gbb/rrbot_ws/install/controlko_controllers/share/controlko_controllers/hook/ld_library_path_lib.sh'
[71.239s] Level 1:colcon.colcon_core.environment:checking '/home/gbb/rrbot_ws/install/controlko_controllers/bin'
[71.240s] Level 1:colcon.colcon_core.environment:checking '/home/gbb/rrbot_ws/install/controlko_controllers/lib/pkgconfig/controlko_controllers.pc'
[71.240s] Level 1:colcon.colcon_core.environment:checking '/home/gbb/rrbot_ws/install/controlko_controllers/lib/python3.10/site-packages'
[71.240s] Level 1:colcon.colcon_core.environment:checking '/home/gbb/rrbot_ws/install/controlko_controllers/bin'
[71.241s] INFO:colcon.colcon_core.shell:Creating package script '/home/gbb/rrbot_ws/install/controlko_controllers/share/controlko_controllers/package.ps1'
[71.243s] INFO:colcon.colcon_core.shell:Creating package descriptor '/home/gbb/rrbot_ws/install/controlko_controllers/share/controlko_controllers/package.dsv'
[71.244s] INFO:colcon.colcon_core.shell:Creating package script '/home/gbb/rrbot_ws/install/controlko_controllers/share/controlko_controllers/package.sh'
[71.246s] INFO:colcon.colcon_core.shell:Creating package script '/home/gbb/rrbot_ws/install/controlko_controllers/share/controlko_controllers/package.bash'
[71.249s] INFO:colcon.colcon_core.shell:Creating package script '/home/gbb/rrbot_ws/install/controlko_controllers/share/controlko_controllers/package.zsh'
[71.252s] Level 1:colcon.colcon_core.environment:create_file_with_runtime_dependencies(/home/gbb/rrbot_ws/install/controlko_controllers/share/colcon-core/packages/controlko_controllers)
[71.253s] DEBUG:colcon.colcon_parallel_executor.executor.parallel:closing loop
[71.261s] DEBUG:colcon.colcon_parallel_executor.executor.parallel:loop closed
[71.261s] DEBUG:colcon.colcon_parallel_executor.executor.parallel:run_until_complete finished with '0'
[71.262s] DEBUG:colcon.colcon_core.event_reactor:joining thread
[71.294s] INFO:colcon.colcon_core.plugin_system:Skipping extension 'colcon_notification.desktop_notification.terminal_notifier': Not used on non-Darwin systems
[71.294s] INFO:colcon.colcon_core.plugin_system:Skipping extension 'colcon_notification.desktop_notification.win32': Not used on non-Windows systems
[71.294s] INFO:colcon.colcon_notification.desktop_notification:Sending desktop notification using 'notify2'
[71.455s] DEBUG:colcon.colcon_core.event_reactor:joined thread
[71.456s] INFO:colcon.colcon_core.shell:Creating prefix script '/home/gbb/rrbot_ws/install/local_setup.ps1'
[71.458s] INFO:colcon.colcon_core.shell:Creating prefix util module '/home/gbb/rrbot_ws/install/_local_setup_util_ps1.py'
[71.472s] INFO:colcon.colcon_core.shell:Creating prefix chain script '/home/gbb/rrbot_ws/install/setup.ps1'
[71.482s] INFO:colcon.colcon_core.shell:Creating prefix script '/home/gbb/rrbot_ws/install/local_setup.sh'
[71.486s] INFO:colcon.colcon_core.shell:Creating prefix util module '/home/gbb/rrbot_ws/install/_local_setup_util_sh.py'
[71.491s] INFO:colcon.colcon_core.shell:Creating prefix chain script '/home/gbb/rrbot_ws/install/setup.sh'
[71.497s] INFO:colcon.colcon_core.shell:Creating prefix script '/home/gbb/rrbot_ws/install/local_setup.bash'
[71.500s] INFO:colcon.colcon_core.shell:Creating prefix chain script '/home/gbb/rrbot_ws/install/setup.bash'
[71.505s] INFO:colcon.colcon_core.shell:Creating prefix script '/home/gbb/rrbot_ws/install/local_setup.zsh'
[71.509s] INFO:colcon.colcon_core.shell:Creating prefix chain script '/home/gbb/rrbot_ws/install/setup.zsh'
