[0.046s] Invoking command in '/home/gbb/rrbot_ws/build/my_hardware_interface': CMAKE_PREFIX_PATH=/opt/ros/humble /usr/bin/cmake /home/gbb/rrbot_ws/src/my_hardware_interface -DCMAKE_INSTALL_PREFIX=/home/gbb/rrbot_ws/install/my_hardware_interface
[0.280s] -- The C compiler identification is GNU 11.4.0
[0.385s] -- The CXX compiler identification is GNU 11.4.0
[0.409s] -- Detecting C compiler ABI info
[0.534s] -- Detecting C compiler ABI info - done
[0.551s] -- Check for working C compiler: /usr/bin/cc - skipped
[0.552s] -- Detecting C compile features
[0.554s] -- Detecting C compile features - done
[0.560s] -- Detecting CXX compiler ABI info
[0.734s] -- Detecting CXX compiler ABI info - done
[0.761s] -- Check for working CXX compiler: /usr/bin/c++ - skipped
[0.765s] -- Detecting CXX compile features
[0.767s] -- Detecting CXX compile features - done
[0.778s] -- Found ament_cmake: 1.3.12 (/opt/ros/humble/share/ament_cmake/cmake)
[1.173s] -- Found Python3: /usr/bin/python3 (found version "3.10.12") found components: Interpreter 
[1.400s] -- Found hardware_interface: 2.51.0 (/opt/ros/humble/share/hardware_interface/cmake)
[1.509s] -- Found rosidl_generator_c: 3.1.7 (/opt/ros/humble/share/rosidl_generator_c/cmake)
[1.522s] -- Found rosidl_adapter: 3.1.7 (/opt/ros/humble/share/rosidl_adapter/cmake)
[1.543s] -- Found rosidl_generator_cpp: 3.1.7 (/opt/ros/humble/share/rosidl_generator_cpp/cmake)
[1.573s] -- Using all available rosidl_typesupport_c: rosidl_typesupport_fastrtps_c;rosidl_typesupport_introspection_c
[1.619s] -- Using all available rosidl_typesupport_cpp: rosidl_typesupport_fastrtps_cpp;rosidl_typesupport_introspection_cpp
[2.109s] -- Found rmw_implementation_cmake: 6.1.2 (/opt/ros/humble/share/rmw_implementation_cmake/cmake)
[2.111s] -- Found rmw_fastrtps_cpp: 6.2.8 (/opt/ros/humble/share/rmw_fastrtps_cpp/cmake)
[2.152s] -- Found TinyXML2 via Config file: TinyXML2_DIR-NOTFOUND
[2.243s] -- Found OpenSSL: /usr/lib/x86_64-linux-gnu/libcrypto.so (found version "3.0.2")  
[2.247s] -- Found TinyXML2 via Config file: TinyXML2_DIR-NOTFOUND
[2.274s] -- Found FastRTPS: /opt/ros/humble/include  
[2.281s] -- Found TinyXML2 via Config file: TinyXML2_DIR-NOTFOUND
[2.296s] -- Found TinyXML2 via Config file: TinyXML2_DIR-NOTFOUND
[2.316s] -- Using RMW implementation 'rmw_fastrtps_cpp' as default
[2.332s] -- Looking for pthread.h
[2.452s] -- Looking for pthread.h - found
[2.452s] -- Performing Test CMAKE_HAVE_LIBC_PTHREAD
[2.570s] -- Performing Test CMAKE_HAVE_LIBC_PTHREAD - Success
[2.571s] -- Found Threads: TRUE  
[2.655s] -- Found ament_lint_auto: 0.12.14 (/opt/ros/humble/share/ament_lint_auto/cmake)
[2.775s] -- Found gmock sources under '/opt/ros/humble/src/gmock_vendor': C++ tests using 'Google Mock' will be built
[2.781s] -- Found ament_cmake_gtest: 1.3.12 (/opt/ros/humble/share/ament_cmake_gtest/cmake)
[2.786s] -- Found gtest sources under '/opt/ros/humble/src/gtest_vendor': C++ tests using 'Google Test' will be built
[2.807s] -- Added test 'cppcheck' to perform static code analysis on C / C++ code
[2.812s] -- Configured cppcheck include dirs: /home/gbb/rrbot_ws/src/my_hardware_interface/include
[2.812s] -- Configured cppcheck exclude dirs and/or files: 
[2.812s] -- Added test 'lint_cmake' to check CMake code style
[2.813s] -- Added test 'uncrustify' to check C / C++ code style
[2.813s] -- Configured uncrustify additional arguments: 
[2.816s] -- Added test 'xmllint' to check XML markup files
[2.824s] -- Configuring done
[2.981s] -- Generating done
[3.004s] -- Build files have been written to: /home/gbb/rrbot_ws/build/my_hardware_interface
[3.027s] Invoked command in '/home/gbb/rrbot_ws/build/my_hardware_interface' returned '0': CMAKE_PREFIX_PATH=/opt/ros/humble /usr/bin/cmake /home/gbb/rrbot_ws/src/my_hardware_interface -DCMAKE_INSTALL_PREFIX=/home/gbb/rrbot_ws/install/my_hardware_interface
[3.028s] Invoking command in '/home/gbb/rrbot_ws/build/my_hardware_interface': CMAKE_PREFIX_PATH=/opt/ros/humble /usr/bin/cmake --build /home/gbb/rrbot_ws/build/my_hardware_interface -- -j8 -l8
[3.122s] [ 11%] [32mBuilding CXX object gmock/CMakeFiles/gmock.dir/opt/ros/humble/src/gtest_vendor/src/gtest-all.cc.o[0m
[3.125s] [ 22%] [32mBuilding CXX object gmock/CMakeFiles/gmock_main.dir/src/gmock_main.cc.o[0m
[3.133s] [ 33%] [32mBuilding CXX object gmock/CMakeFiles/gmock.dir/src/gmock-all.cc.o[0m
[3.144s] [ 44%] [32mBuilding CXX object CMakeFiles/my_hardware_interface.dir/src/rrbot_hardware_interface.cpp.o[0m
[13.060s] [ 55%] [32m[1mLinking CXX static library libgmock_main.a[0m
[13.576s] [ 55%] Built target gmock_main
[25.397s] [ 66%] [32m[1mLinking CXX static library libgmock.a[0m
[25.842s] [ 66%] Built target gmock
[25.936s] [ 77%] [32mBuilding CXX object CMakeFiles/test_rrbot_hardware_interface.dir/test/test_rrbot_hardware_interface.cpp.o[0m
[26.593s] [ 88%] [32m[1mLinking CXX shared library libmy_hardware_interface.so[0m
[28.078s] [ 88%] Built target my_hardware_interface
[31.235s] [100%] [32m[1mLinking CXX executable test_rrbot_hardware_interface[0m
[31.724s] [100%] Built target test_rrbot_hardware_interface
[31.751s] Invoked command in '/home/gbb/rrbot_ws/build/my_hardware_interface' returned '0': CMAKE_PREFIX_PATH=/opt/ros/humble /usr/bin/cmake --build /home/gbb/rrbot_ws/build/my_hardware_interface -- -j8 -l8
[31.754s] Invoking command in '/home/gbb/rrbot_ws/build/my_hardware_interface': CMAKE_PREFIX_PATH=/opt/ros/humble /usr/bin/cmake --install /home/gbb/rrbot_ws/build/my_hardware_interface
[31.765s] -- Install configuration: ""
[31.766s] -- Installing: /home/gbb/rrbot_ws/install/my_hardware_interface/share/my_hardware_interface/my_hardware_interface.xml
[31.767s] -- Installing: /home/gbb/rrbot_ws/install/my_hardware_interface/lib/libmy_hardware_interface.so
[31.768s] -- Set runtime path of "/home/gbb/rrbot_ws/install/my_hardware_interface/lib/libmy_hardware_interface.so" to ""
[31.769s] -- Installing: /home/gbb/rrbot_ws/install/my_hardware_interface/include
[31.769s] -- Installing: /home/gbb/rrbot_ws/install/my_hardware_interface/include/my_hardware_interface
[31.769s] -- Installing: /home/gbb/rrbot_ws/install/my_hardware_interface/include/my_hardware_interface/rrbot_hardware_interface.hpp
[31.770s] -- Installing: /home/gbb/rrbot_ws/install/my_hardware_interface/include/my_hardware_interface/visibility_control.h
[31.771s] -- Installing: /home/gbb/rrbot_ws/install/my_hardware_interface/share/my_hardware_interface/environment/library_path.sh
[31.772s] -- Installing: /home/gbb/rrbot_ws/install/my_hardware_interface/share/my_hardware_interface/environment/library_path.dsv
[31.772s] -- Installing: /home/gbb/rrbot_ws/install/my_hardware_interface/share/ament_index/resource_index/package_run_dependencies/my_hardware_interface
[31.772s] -- Installing: /home/gbb/rrbot_ws/install/my_hardware_interface/share/ament_index/resource_index/parent_prefix_path/my_hardware_interface
[31.773s] -- Installing: /home/gbb/rrbot_ws/install/my_hardware_interface/share/my_hardware_interface/environment/ament_prefix_path.sh
[31.773s] -- Installing: /home/gbb/rrbot_ws/install/my_hardware_interface/share/my_hardware_interface/environment/ament_prefix_path.dsv
[31.774s] -- Installing: /home/gbb/rrbot_ws/install/my_hardware_interface/share/my_hardware_interface/environment/path.sh
[31.774s] -- Installing: /home/gbb/rrbot_ws/install/my_hardware_interface/share/my_hardware_interface/environment/path.dsv
[31.775s] -- Installing: /home/gbb/rrbot_ws/install/my_hardware_interface/share/my_hardware_interface/local_setup.bash
[31.775s] -- Installing: /home/gbb/rrbot_ws/install/my_hardware_interface/share/my_hardware_interface/local_setup.sh
[31.776s] -- Installing: /home/gbb/rrbot_ws/install/my_hardware_interface/share/my_hardware_interface/local_setup.zsh
[31.776s] -- Installing: /home/gbb/rrbot_ws/install/my_hardware_interface/share/my_hardware_interface/local_setup.dsv
[31.776s] -- Installing: /home/gbb/rrbot_ws/install/my_hardware_interface/share/my_hardware_interface/package.dsv
[31.776s] -- Installing: /home/gbb/rrbot_ws/install/my_hardware_interface/share/ament_index/resource_index/packages/my_hardware_interface
[31.777s] -- Installing: /home/gbb/rrbot_ws/install/my_hardware_interface/share/ament_index/resource_index/hardware_interface__pluginlib__plugin/my_hardware_interface
[31.777s] -- Installing: /home/gbb/rrbot_ws/install/my_hardware_interface/share/my_hardware_interface/cmake/ament_cmake_export_include_directories-extras.cmake
[31.778s] -- Installing: /home/gbb/rrbot_ws/install/my_hardware_interface/share/my_hardware_interface/cmake/ament_cmake_export_libraries-extras.cmake
[31.778s] -- Installing: /home/gbb/rrbot_ws/install/my_hardware_interface/share/my_hardware_interface/cmake/ament_cmake_export_dependencies-extras.cmake
[31.778s] -- Installing: /home/gbb/rrbot_ws/install/my_hardware_interface/share/my_hardware_interface/cmake/my_hardware_interfaceConfig.cmake
[31.779s] -- Installing: /home/gbb/rrbot_ws/install/my_hardware_interface/share/my_hardware_interface/cmake/my_hardware_interfaceConfig-version.cmake
[31.779s] -- Installing: /home/gbb/rrbot_ws/install/my_hardware_interface/share/my_hardware_interface/package.xml
[31.785s] Invoked command in '/home/gbb/rrbot_ws/build/my_hardware_interface' returned '0': CMAKE_PREFIX_PATH=/opt/ros/humble /usr/bin/cmake --install /home/gbb/rrbot_ws/build/my_hardware_interface
