[0.038s] Invoking command in '/home/gbb/rrbot_ws/build/my_hardware_interface': CMAKE_PREFIX_PATH=/opt/ros/humble /usr/bin/cmake /home/gbb/rrbot_ws/src/my_hardware_interface -DCMAKE_INSTALL_PREFIX=/home/gbb/rrbot_ws/install/my_hardware_interface
[0.377s] -- The C compiler identification is GNU 11.4.0
[0.541s] -- The CXX compiler identification is GNU 11.4.0
[0.562s] -- Detecting C compiler ABI info
[0.693s] -- Detecting C compiler ABI info - done
[0.709s] -- Check for working C compiler: /usr/bin/cc - skipped
[0.710s] -- Detecting C compile features
[0.714s] -- Detecting C compile features - done
[0.721s] -- Detecting CXX compiler ABI info
[0.910s] -- Detecting CXX compiler ABI info - done
[0.928s] -- Check for working CXX compiler: /usr/bin/c++ - skipped
[0.928s] -- Detecting CXX compile features
[0.928s] -- Detecting CXX compile features - done
[0.935s] -- Found ament_cmake: 1.3.12 (/opt/ros/humble/share/ament_cmake/cmake)
[1.248s] -- Found Python3: /usr/bin/python3 (found version "3.10.12") found components: Interpreter 
[1.512s] -- Found hardware_interface: 2.51.0 (/opt/ros/humble/share/hardware_interface/cmake)
[1.625s] -- Found rosidl_generator_c: 3.1.7 (/opt/ros/humble/share/rosidl_generator_c/cmake)
[1.643s] -- Found rosidl_adapter: 3.1.7 (/opt/ros/humble/share/rosidl_adapter/cmake)
[1.673s] -- Found rosidl_generator_cpp: 3.1.7 (/opt/ros/humble/share/rosidl_generator_cpp/cmake)
[1.711s] -- Using all available rosidl_typesupport_c: rosidl_typesupport_fastrtps_c;rosidl_typesupport_introspection_c
[1.765s] -- Using all available rosidl_typesupport_cpp: rosidl_typesupport_fastrtps_cpp;rosidl_typesupport_introspection_cpp
[2.305s] -- Found rmw_implementation_cmake: 6.1.2 (/opt/ros/humble/share/rmw_implementation_cmake/cmake)
[2.314s] -- Found rmw_fastrtps_cpp: 6.2.8 (/opt/ros/humble/share/rmw_fastrtps_cpp/cmake)
[2.376s] -- Found TinyXML2 via Config file: TinyXML2_DIR-NOTFOUND
[2.456s] -- Found OpenSSL: /usr/lib/x86_64-linux-gnu/libcrypto.so (found version "3.0.2")  
[2.463s] -- Found TinyXML2 via Config file: TinyXML2_DIR-NOTFOUND
[2.485s] -- Found FastRTPS: /opt/ros/humble/include  
[2.489s] -- Found TinyXML2 via Config file: TinyXML2_DIR-NOTFOUND
[2.501s] -- Found TinyXML2 via Config file: TinyXML2_DIR-NOTFOUND
[2.516s] -- Using RMW implementation 'rmw_fastrtps_cpp' as default
[2.535s] -- Looking for pthread.h
[2.653s] -- Looking for pthread.h - found
[2.653s] -- Performing Test CMAKE_HAVE_LIBC_PTHREAD
[2.752s] -- Performing Test CMAKE_HAVE_LIBC_PTHREAD - Success
[2.753s] -- Found Threads: TRUE  
[2.843s] -- Found ament_lint_auto: 0.12.14 (/opt/ros/humble/share/ament_lint_auto/cmake)
[2.955s] -- Found gmock sources under '/opt/ros/humble/src/gmock_vendor': C++ tests using 'Google Mock' will be built
[2.964s] -- Found ament_cmake_gtest: 1.3.12 (/opt/ros/humble/share/ament_cmake_gtest/cmake)
[2.968s] -- Found gtest sources under '/opt/ros/humble/src/gtest_vendor': C++ tests using 'Google Test' will be built
[2.990s] -- Added test 'cppcheck' to perform static code analysis on C / C++ code
[2.991s] -- Configured cppcheck include dirs: /home/gbb/rrbot_ws/src/my_hardware_interface/include
[2.991s] -- Configured cppcheck exclude dirs and/or files: 
[2.992s] -- Added test 'lint_cmake' to check CMake code style
[2.995s] -- Added test 'uncrustify' to check C / C++ code style
[2.995s] -- Configured uncrustify additional arguments: 
[2.996s] -- Added test 'xmllint' to check XML markup files
[3.005s] -- Configuring done
[3.146s] -- Generating done
[3.168s] -- Build files have been written to: /home/gbb/rrbot_ws/build/my_hardware_interface
[3.195s] Invoked command in '/home/gbb/rrbot_ws/build/my_hardware_interface' returned '0': CMAKE_PREFIX_PATH=/opt/ros/humble /usr/bin/cmake /home/gbb/rrbot_ws/src/my_hardware_interface -DCMAKE_INSTALL_PREFIX=/home/gbb/rrbot_ws/install/my_hardware_interface
[3.199s] Invoking command in '/home/gbb/rrbot_ws/build/my_hardware_interface': CMAKE_PREFIX_PATH=/opt/ros/humble /usr/bin/cmake --build /home/gbb/rrbot_ws/build/my_hardware_interface -- -j8 -l8
[3.294s] [ 11%] [32mBuilding CXX object CMakeFiles/my_hardware_interface.dir/src/rrbot_hardware_interface.cpp.o[0m
[3.296s] [ 22%] [32mBuilding CXX object gmock/CMakeFiles/gmock.dir/src/gmock-all.cc.o[0m
[3.296s] [ 33%] [32mBuilding CXX object gmock/CMakeFiles/gmock_main.dir/src/gmock_main.cc.o[0m
[3.300s] [ 44%] [32mBuilding CXX object gmock/CMakeFiles/gmock.dir/opt/ros/humble/src/gtest_vendor/src/gtest-all.cc.o[0m
[5.963s] [ 55%] [32m[1mLinking CXX static library libgmock_main.a[0m
[6.101s] [ 55%] Built target gmock_main
[9.448s] [ 66%] [32m[1mLinking CXX static library libgmock.a[0m
[9.636s] [ 66%] Built target gmock
[9.662s] [ 77%] [32mBuilding CXX object CMakeFiles/test_rrbot_hardware_interface.dir/test/test_rrbot_hardware_interface.cpp.o[0m
[10.048s] [ 88%] [32m[1mLinking CXX shared library libmy_hardware_interface.so[0m
[10.273s] [ 88%] Built target my_hardware_interface
[11.841s] [100%] [32m[1mLinking CXX executable test_rrbot_hardware_interface[0m
[12.163s] [100%] Built target test_rrbot_hardware_interface
[12.177s] Invoked command in '/home/gbb/rrbot_ws/build/my_hardware_interface' returned '0': CMAKE_PREFIX_PATH=/opt/ros/humble /usr/bin/cmake --build /home/gbb/rrbot_ws/build/my_hardware_interface -- -j8 -l8
[12.180s] Invoking command in '/home/gbb/rrbot_ws/build/my_hardware_interface': CMAKE_PREFIX_PATH=/opt/ros/humble /usr/bin/cmake --install /home/gbb/rrbot_ws/build/my_hardware_interface
[12.188s] -- Install configuration: ""
[12.188s] -- Installing: /home/gbb/rrbot_ws/install/my_hardware_interface/share/my_hardware_interface/my_hardware_interface.xml
[12.188s] -- Installing: /home/gbb/rrbot_ws/install/my_hardware_interface/lib/libmy_hardware_interface.so
[12.189s] -- Set runtime path of "/home/gbb/rrbot_ws/install/my_hardware_interface/lib/libmy_hardware_interface.so" to ""
[12.189s] -- Installing: /home/gbb/rrbot_ws/install/my_hardware_interface/include
[12.190s] -- Installing: /home/gbb/rrbot_ws/install/my_hardware_interface/include/my_hardware_interface
[12.190s] -- Installing: /home/gbb/rrbot_ws/install/my_hardware_interface/include/my_hardware_interface/rrbot_hardware_interface.hpp
[12.190s] -- Installing: /home/gbb/rrbot_ws/install/my_hardware_interface/include/my_hardware_interface/visibility_control.h
[12.190s] -- Installing: /home/gbb/rrbot_ws/install/my_hardware_interface/share/my_hardware_interface/environment/library_path.sh
[12.190s] -- Installing: /home/gbb/rrbot_ws/install/my_hardware_interface/share/my_hardware_interface/environment/library_path.dsv
[12.193s] -- Installing: /home/gbb/rrbot_ws/install/my_hardware_interface/share/ament_index/resource_index/package_run_dependencies/my_hardware_interface
[12.193s] -- Installing: /home/gbb/rrbot_ws/install/my_hardware_interface/share/ament_index/resource_index/parent_prefix_path/my_hardware_interface
[12.193s] -- Installing: /home/gbb/rrbot_ws/install/my_hardware_interface/share/my_hardware_interface/environment/ament_prefix_path.sh
[12.193s] -- Installing: /home/gbb/rrbot_ws/install/my_hardware_interface/share/my_hardware_interface/environment/ament_prefix_path.dsv
[12.193s] -- Installing: /home/gbb/rrbot_ws/install/my_hardware_interface/share/my_hardware_interface/environment/path.sh
[12.193s] -- Installing: /home/gbb/rrbot_ws/install/my_hardware_interface/share/my_hardware_interface/environment/path.dsv
[12.193s] -- Installing: /home/gbb/rrbot_ws/install/my_hardware_interface/share/my_hardware_interface/local_setup.bash
[12.193s] -- Installing: /home/gbb/rrbot_ws/install/my_hardware_interface/share/my_hardware_interface/local_setup.sh
[12.193s] -- Installing: /home/gbb/rrbot_ws/install/my_hardware_interface/share/my_hardware_interface/local_setup.zsh
[12.193s] -- Installing: /home/gbb/rrbot_ws/install/my_hardware_interface/share/my_hardware_interface/local_setup.dsv
[12.193s] -- Installing: /home/gbb/rrbot_ws/install/my_hardware_interface/share/my_hardware_interface/package.dsv
[12.194s] -- Installing: /home/gbb/rrbot_ws/install/my_hardware_interface/share/ament_index/resource_index/packages/my_hardware_interface
[12.194s] -- Installing: /home/gbb/rrbot_ws/install/my_hardware_interface/share/ament_index/resource_index/hardware_interface__pluginlib__plugin/my_hardware_interface
[12.194s] -- Installing: /home/gbb/rrbot_ws/install/my_hardware_interface/share/my_hardware_interface/cmake/ament_cmake_export_include_directories-extras.cmake
[12.194s] -- Installing: /home/gbb/rrbot_ws/install/my_hardware_interface/share/my_hardware_interface/cmake/ament_cmake_export_libraries-extras.cmake
[12.194s] -- Installing: /home/gbb/rrbot_ws/install/my_hardware_interface/share/my_hardware_interface/cmake/ament_cmake_export_dependencies-extras.cmake
[12.194s] -- Installing: /home/gbb/rrbot_ws/install/my_hardware_interface/share/my_hardware_interface/cmake/my_hardware_interfaceConfig.cmake
[12.194s] -- Installing: /home/gbb/rrbot_ws/install/my_hardware_interface/share/my_hardware_interface/cmake/my_hardware_interfaceConfig-version.cmake
[12.194s] -- Installing: /home/gbb/rrbot_ws/install/my_hardware_interface/share/my_hardware_interface/package.xml
[12.198s] Invoked command in '/home/gbb/rrbot_ws/build/my_hardware_interface' returned '0': CMAKE_PREFIX_PATH=/opt/ros/humble /usr/bin/cmake --install /home/gbb/rrbot_ws/build/my_hardware_interface
