[0.092s] Invoking command in '/home/gbb/rrbot_ws/build/roscon2022_control_workshop': CMAKE_PREFIX_PATH=${CMAKE_PREFIX_PATH}:/opt/ros/humble /usr/bin/cmake --build /home/gbb/rrbot_ws/build/roscon2022_control_workshop -- -j8 -l8
[0.918s] Invoked command in '/home/gbb/rrbot_ws/build/roscon2022_control_workshop' returned '0': CMAKE_PREFIX_PATH=${CMAKE_PREFIX_PATH}:/opt/ros/humble /usr/bin/cmake --build /home/gbb/rrbot_ws/build/roscon2022_control_workshop -- -j8 -l8
[0.923s] Invoking command in '/home/gbb/rrbot_ws/build/roscon2022_control_workshop': CMAKE_PREFIX_PATH=${CMAKE_PREFIX_PATH}:/opt/ros/humble /usr/bin/cmake --install /home/gbb/rrbot_ws/build/roscon2022_control_workshop
[0.994s] -- Install configuration: ""
[0.994s] -- Up-to-date: /home/gbb/rrbot_ws/install/roscon2022_control_workshop/share/ament_index/resource_index/package_run_dependencies/roscon2022_control_workshop
[0.994s] -- Up-to-date: /home/gbb/rrbot_ws/install/roscon2022_control_workshop/share/ament_index/resource_index/parent_prefix_path/roscon2022_control_workshop
[0.994s] -- Up-to-date: /home/gbb/rrbot_ws/install/roscon2022_control_workshop/share/roscon2022_control_workshop/environment/ament_prefix_path.sh
[0.995s] -- Up-to-date: /home/gbb/rrbot_ws/install/roscon2022_control_workshop/share/roscon2022_control_workshop/environment/ament_prefix_path.dsv
[0.995s] -- Up-to-date: /home/gbb/rrbot_ws/install/roscon2022_control_workshop/share/roscon2022_control_workshop/environment/path.sh
[0.995s] -- Up-to-date: /home/gbb/rrbot_ws/install/roscon2022_control_workshop/share/roscon2022_control_workshop/environment/path.dsv
[0.995s] -- Up-to-date: /home/gbb/rrbot_ws/install/roscon2022_control_workshop/share/roscon2022_control_workshop/local_setup.bash
[0.996s] -- Up-to-date: /home/gbb/rrbot_ws/install/roscon2022_control_workshop/share/roscon2022_control_workshop/local_setup.sh
[0.996s] -- Up-to-date: /home/gbb/rrbot_ws/install/roscon2022_control_workshop/share/roscon2022_control_workshop/local_setup.zsh
[0.996s] -- Up-to-date: /home/gbb/rrbot_ws/install/roscon2022_control_workshop/share/roscon2022_control_workshop/local_setup.dsv
[0.996s] -- Installing: /home/gbb/rrbot_ws/install/roscon2022_control_workshop/share/roscon2022_control_workshop/package.dsv
[0.997s] -- Up-to-date: /home/gbb/rrbot_ws/install/roscon2022_control_workshop/share/ament_index/resource_index/packages/roscon2022_control_workshop
[0.997s] -- Up-to-date: /home/gbb/rrbot_ws/install/roscon2022_control_workshop/share/roscon2022_control_workshop/cmake/roscon2022_control_workshopConfig.cmake
[0.998s] -- Up-to-date: /home/gbb/rrbot_ws/install/roscon2022_control_workshop/share/roscon2022_control_workshop/cmake/roscon2022_control_workshopConfig-version.cmake
[0.998s] -- Up-to-date: /home/gbb/rrbot_ws/install/roscon2022_control_workshop/share/roscon2022_control_workshop/package.xml
[1.051s] Invoked command in '/home/gbb/rrbot_ws/build/roscon2022_control_workshop' returned '0': CMAKE_PREFIX_PATH=${CMAKE_PREFIX_PATH}:/opt/ros/humble /usr/bin/cmake --install /home/gbb/rrbot_ws/build/roscon2022_control_workshop
