[0.015s] Invoking command in '/home/gbb/rrbot_ws/build/controlko_bringup': AMENT_PREFIX_PATH=/home/gbb/rrbot_ws/install/controlko_description:${AMENT_PREFIX_PATH} CMAKE_PREFIX_PATH=/home/gbb/rrbot_ws/install/controlko_description:/opt/ros/humble /usr/bin/cmake /home/gbb/rrbot_ws/src/controlko_bringup -DCMAKE_INSTALL_PREFIX=/home/gbb/rrbot_ws/install/controlko_bringup
[0.172s] -- The C compiler identification is GNU 11.4.0
[0.355s] -- The CXX compiler identification is GNU 11.4.0
[0.373s] -- Detecting C compiler ABI info
[0.529s] -- Detecting C compiler ABI info - done
[0.558s] -- Check for working C compiler: /usr/bin/cc - skipped
[0.559s] -- Detecting C compile features
[0.559s] -- Detecting C compile features - done
[0.564s] -- Detecting CXX compiler ABI info
[0.746s] -- Detecting CXX compiler ABI info - done
[0.757s] -- Check for working CXX compiler: /usr/bin/c++ - skipped
[0.758s] -- Detecting CXX compile features
[0.759s] -- Detecting CXX compile features - done
[0.763s] -- Found ament_cmake: 1.3.12 (/opt/ros/humble/share/ament_cmake/cmake)
[1.051s] -- Found Python3: /usr/bin/python3 (found version "3.10.12") found components: Interpreter 
[1.218s] -- Found ament_lint_auto: 0.12.14 (/opt/ros/humble/share/ament_lint_auto/cmake)
[1.410s] -- Added test 'flake8' to check Python code syntax and style conventions
[1.410s] -- Added test 'lint_cmake' to check CMake code style
[1.410s] -- Added test 'pep257' to check Python code against some of the docstring style conventions in PEP 257
[1.411s] -- Added test 'xmllint' to check XML markup files
[1.414s] -- Configuring done
[1.419s] -- Generating done
[1.431s] -- Build files have been written to: /home/gbb/rrbot_ws/build/controlko_bringup
[1.450s] Invoked command in '/home/gbb/rrbot_ws/build/controlko_bringup' returned '0': AMENT_PREFIX_PATH=/home/gbb/rrbot_ws/install/controlko_description:${AMENT_PREFIX_PATH} CMAKE_PREFIX_PATH=/home/gbb/rrbot_ws/install/controlko_description:/opt/ros/humble /usr/bin/cmake /home/gbb/rrbot_ws/src/controlko_bringup -DCMAKE_INSTALL_PREFIX=/home/gbb/rrbot_ws/install/controlko_bringup
[1.450s] Invoking command in '/home/gbb/rrbot_ws/build/controlko_bringup': AMENT_PREFIX_PATH=/home/gbb/rrbot_ws/install/controlko_description:${AMENT_PREFIX_PATH} CMAKE_PREFIX_PATH=/home/gbb/rrbot_ws/install/controlko_description:/opt/ros/humble /usr/bin/cmake --build /home/gbb/rrbot_ws/build/controlko_bringup -- -j8 -l8
[1.555s] Invoked command in '/home/gbb/rrbot_ws/build/controlko_bringup' returned '0': AMENT_PREFIX_PATH=/home/gbb/rrbot_ws/install/controlko_description:${AMENT_PREFIX_PATH} CMAKE_PREFIX_PATH=/home/gbb/rrbot_ws/install/controlko_description:/opt/ros/humble /usr/bin/cmake --build /home/gbb/rrbot_ws/build/controlko_bringup -- -j8 -l8
[1.569s] Invoking command in '/home/gbb/rrbot_ws/build/controlko_bringup': AMENT_PREFIX_PATH=/home/gbb/rrbot_ws/install/controlko_description:${AMENT_PREFIX_PATH} CMAKE_PREFIX_PATH=/home/gbb/rrbot_ws/install/controlko_description:/opt/ros/humble /usr/bin/cmake --install /home/gbb/rrbot_ws/build/controlko_bringup
[1.608s] -- Install configuration: ""
[1.609s] -- Installing: /home/gbb/rrbot_ws/install/controlko_bringup/share/controlko_bringup/config
[1.609s] -- Installing: /home/gbb/rrbot_ws/install/controlko_bringup/share/controlko_bringup/config/soho-12_controllers.yaml
[1.609s] -- Installing: /home/gbb/rrbot_ws/install/controlko_bringup/share/controlko_bringup/config/test_goal_publishers_config.yaml
[1.609s] -- Installing: /home/gbb/rrbot_ws/install/controlko_bringup/share/controlko_bringup/config/rrbot_controllers.yaml
[1.609s] -- Up-to-date: /home/gbb/rrbot_ws/install/controlko_bringup/share/controlko_bringup
[1.610s] -- Installing: /home/gbb/rrbot_ws/install/controlko_bringup/share/controlko_bringup/test_joint_trajectory_controller.launch.py
[1.610s] -- Installing: /home/gbb/rrbot_ws/install/controlko_bringup/share/controlko_bringup/rrbot_sim_gazebo_classic.launch.py
[1.610s] -- Installing: /home/gbb/rrbot_ws/install/controlko_bringup/share/controlko_bringup/soho-12.launch.py
[1.610s] -- Installing: /home/gbb/rrbot_ws/install/controlko_bringup/share/controlko_bringup/test_forward_position_controller.launch.py
[1.616s] -- Installing: /home/gbb/rrbot_ws/install/controlko_bringup/share/controlko_bringup/rrbot.launch.py
[1.616s] -- Installing: /home/gbb/rrbot_ws/install/controlko_bringup/share/controlko_bringup/rrbot_sim_gazebo.launch.py
[1.616s] -- Installing: /home/gbb/rrbot_ws/install/controlko_bringup/share/ament_index/resource_index/package_run_dependencies/controlko_bringup
[1.617s] -- Installing: /home/gbb/rrbot_ws/install/controlko_bringup/share/ament_index/resource_index/parent_prefix_path/controlko_bringup
[1.617s] -- Installing: /home/gbb/rrbot_ws/install/controlko_bringup/share/controlko_bringup/environment/ament_prefix_path.sh
[1.617s] -- Installing: /home/gbb/rrbot_ws/install/controlko_bringup/share/controlko_bringup/environment/ament_prefix_path.dsv
[1.617s] -- Installing: /home/gbb/rrbot_ws/install/controlko_bringup/share/controlko_bringup/environment/path.sh
[1.618s] -- Installing: /home/gbb/rrbot_ws/install/controlko_bringup/share/controlko_bringup/environment/path.dsv
[1.618s] -- Installing: /home/gbb/rrbot_ws/install/controlko_bringup/share/controlko_bringup/local_setup.bash
[1.618s] -- Installing: /home/gbb/rrbot_ws/install/controlko_bringup/share/controlko_bringup/local_setup.sh
[1.618s] -- Installing: /home/gbb/rrbot_ws/install/controlko_bringup/share/controlko_bringup/local_setup.zsh
[1.618s] -- Installing: /home/gbb/rrbot_ws/install/controlko_bringup/share/controlko_bringup/local_setup.dsv
[1.618s] -- Installing: /home/gbb/rrbot_ws/install/controlko_bringup/share/controlko_bringup/package.dsv
[1.618s] -- Installing: /home/gbb/rrbot_ws/install/controlko_bringup/share/ament_index/resource_index/packages/controlko_bringup
[1.618s] -- Installing: /home/gbb/rrbot_ws/install/controlko_bringup/share/controlko_bringup/cmake/controlko_bringupConfig.cmake
[1.619s] -- Installing: /home/gbb/rrbot_ws/install/controlko_bringup/share/controlko_bringup/cmake/controlko_bringupConfig-version.cmake
[1.621s] -- Installing: /home/gbb/rrbot_ws/install/controlko_bringup/share/controlko_bringup/package.xml
[1.639s] Invoked command in '/home/gbb/rrbot_ws/build/controlko_bringup' returned '0': AMENT_PREFIX_PATH=/home/gbb/rrbot_ws/install/controlko_description:${AMENT_PREFIX_PATH} CMAKE_PREFIX_PATH=/home/gbb/rrbot_ws/install/controlko_description:/opt/ros/humble /usr/bin/cmake --install /home/gbb/rrbot_ws/build/controlko_bringup
