[0.019s] Invoking command in '/home/gbb/rrbot_ws/build/controlko_bringup': CMAKE_PREFIX_PATH=/home/gbb/rrbot_ws/install/controlko_description:/home/gbb/rrbot_ws/install/roscon2022_control_workshop:/home/gbb/rrbot_ws/install/controlko_hardware_interface:/home/gbb/rrbot_ws/install/controlko_bringup:/home/gbb/rrbot_ws/install/controlko_controllers:/opt/ros/humble /usr/bin/cmake /home/gbb/rrbot_ws/src/controlko_bringup -DCMAKE_INSTALL_PREFIX=/home/gbb/rrbot_ws/install/controlko_bringup
[0.114s] -- The C compiler identification is GNU 11.4.0
[0.206s] -- The CXX compiler identification is GNU 11.4.0
[0.216s] -- Detecting C compiler ABI info
[0.334s] -- Detecting C compiler ABI info - done
[0.351s] -- Check for working C compiler: /usr/bin/cc - skipped
[0.353s] -- Detecting C compile features
[0.355s] -- Detecting C compile features - done
[0.359s] -- Detecting CXX compiler ABI info
[0.503s] -- Detecting CXX compiler ABI info - done
[0.516s] -- Check for working CXX compiler: /usr/bin/c++ - skipped
[0.519s] -- Detecting CXX compile features
[0.519s] -- Detecting CXX compile features - done
[0.526s] -- Found ament_cmake: 1.3.12 (/opt/ros/humble/share/ament_cmake/cmake)
[0.892s] -- Found Python3: /usr/bin/python3 (found version "3.10.12") found components: Interpreter 
[1.056s] -- Found ament_lint_auto: 0.12.14 (/opt/ros/humble/share/ament_lint_auto/cmake)
[1.192s] -- Added test 'flake8' to check Python code syntax and style conventions
[1.194s] -- Added test 'lint_cmake' to check CMake code style
[1.196s] -- Added test 'pep257' to check Python code against some of the docstring style conventions in PEP 257
[1.197s] -- Added test 'xmllint' to check XML markup files
[1.199s] -- Configuring done
[1.203s] -- Generating done
[1.206s] -- Build files have been written to: /home/gbb/rrbot_ws/build/controlko_bringup
[1.214s] Invoked command in '/home/gbb/rrbot_ws/build/controlko_bringup' returned '0': CMAKE_PREFIX_PATH=/home/gbb/rrbot_ws/install/controlko_description:/home/gbb/rrbot_ws/install/roscon2022_control_workshop:/home/gbb/rrbot_ws/install/controlko_hardware_interface:/home/gbb/rrbot_ws/install/controlko_bringup:/home/gbb/rrbot_ws/install/controlko_controllers:/opt/ros/humble /usr/bin/cmake /home/gbb/rrbot_ws/src/controlko_bringup -DCMAKE_INSTALL_PREFIX=/home/gbb/rrbot_ws/install/controlko_bringup
[1.219s] Invoking command in '/home/gbb/rrbot_ws/build/controlko_bringup': CMAKE_PREFIX_PATH=/home/gbb/rrbot_ws/install/controlko_description:/home/gbb/rrbot_ws/install/roscon2022_control_workshop:/home/gbb/rrbot_ws/install/controlko_hardware_interface:/home/gbb/rrbot_ws/install/controlko_bringup:/home/gbb/rrbot_ws/install/controlko_controllers:/opt/ros/humble /usr/bin/cmake --build /home/gbb/rrbot_ws/build/controlko_bringup -- -j8 -l8
[1.289s] Invoked command in '/home/gbb/rrbot_ws/build/controlko_bringup' returned '0': CMAKE_PREFIX_PATH=/home/gbb/rrbot_ws/install/controlko_description:/home/gbb/rrbot_ws/install/roscon2022_control_workshop:/home/gbb/rrbot_ws/install/controlko_hardware_interface:/home/gbb/rrbot_ws/install/controlko_bringup:/home/gbb/rrbot_ws/install/controlko_controllers:/opt/ros/humble /usr/bin/cmake --build /home/gbb/rrbot_ws/build/controlko_bringup -- -j8 -l8
[1.291s] Invoking command in '/home/gbb/rrbot_ws/build/controlko_bringup': CMAKE_PREFIX_PATH=/home/gbb/rrbot_ws/install/controlko_description:/home/gbb/rrbot_ws/install/roscon2022_control_workshop:/home/gbb/rrbot_ws/install/controlko_hardware_interface:/home/gbb/rrbot_ws/install/controlko_bringup:/home/gbb/rrbot_ws/install/controlko_controllers:/opt/ros/humble /usr/bin/cmake --install /home/gbb/rrbot_ws/build/controlko_bringup
[1.300s] -- Install configuration: ""
[1.301s] -- Installing: /home/gbb/rrbot_ws/install/controlko_bringup/share/controlko_bringup/config
[1.301s] -- Installing: /home/gbb/rrbot_ws/install/controlko_bringup/share/controlko_bringup/config/soho-12_controllers.yaml
[1.301s] -- Installing: /home/gbb/rrbot_ws/install/controlko_bringup/share/controlko_bringup/config/test_goal_publishers_config.yaml
[1.301s] -- Installing: /home/gbb/rrbot_ws/install/controlko_bringup/share/controlko_bringup/config/rrbot_controllers.yaml
[1.302s] -- Up-to-date: /home/gbb/rrbot_ws/install/controlko_bringup/share/controlko_bringup
[1.302s] -- Installing: /home/gbb/rrbot_ws/install/controlko_bringup/share/controlko_bringup/test_joint_trajectory_controller.launch.py
[1.302s] -- Installing: /home/gbb/rrbot_ws/install/controlko_bringup/share/controlko_bringup/rrbot_sim_gazebo_classic.launch.py
[1.303s] -- Installing: /home/gbb/rrbot_ws/install/controlko_bringup/share/controlko_bringup/soho-12.launch.py
[1.303s] -- Installing: /home/gbb/rrbot_ws/install/controlko_bringup/share/controlko_bringup/test_forward_position_controller.launch.py
[1.304s] -- Installing: /home/gbb/rrbot_ws/install/controlko_bringup/share/controlko_bringup/rrbot.launch.py
[1.304s] -- Installing: /home/gbb/rrbot_ws/install/controlko_bringup/share/controlko_bringup/rrbot_sim_gazebo.launch.py
[1.305s] -- Installing: /home/gbb/rrbot_ws/install/controlko_bringup/share/ament_index/resource_index/package_run_dependencies/controlko_bringup
[1.305s] -- Installing: /home/gbb/rrbot_ws/install/controlko_bringup/share/ament_index/resource_index/parent_prefix_path/controlko_bringup
[1.306s] -- Installing: /home/gbb/rrbot_ws/install/controlko_bringup/share/controlko_bringup/environment/ament_prefix_path.sh
[1.306s] -- Installing: /home/gbb/rrbot_ws/install/controlko_bringup/share/controlko_bringup/environment/ament_prefix_path.dsv
[1.306s] -- Installing: /home/gbb/rrbot_ws/install/controlko_bringup/share/controlko_bringup/environment/path.sh
[1.306s] -- Installing: /home/gbb/rrbot_ws/install/controlko_bringup/share/controlko_bringup/environment/path.dsv
[1.307s] -- Installing: /home/gbb/rrbot_ws/install/controlko_bringup/share/controlko_bringup/local_setup.bash
[1.307s] -- Installing: /home/gbb/rrbot_ws/install/controlko_bringup/share/controlko_bringup/local_setup.sh
[1.307s] -- Installing: /home/gbb/rrbot_ws/install/controlko_bringup/share/controlko_bringup/local_setup.zsh
[1.308s] -- Installing: /home/gbb/rrbot_ws/install/controlko_bringup/share/controlko_bringup/local_setup.dsv
[1.308s] -- Installing: /home/gbb/rrbot_ws/install/controlko_bringup/share/controlko_bringup/package.dsv
[1.308s] -- Installing: /home/gbb/rrbot_ws/install/controlko_bringup/share/ament_index/resource_index/packages/controlko_bringup
[1.308s] -- Installing: /home/gbb/rrbot_ws/install/controlko_bringup/share/controlko_bringup/cmake/controlko_bringupConfig.cmake
[1.309s] -- Installing: /home/gbb/rrbot_ws/install/controlko_bringup/share/controlko_bringup/cmake/controlko_bringupConfig-version.cmake
[1.309s] -- Installing: /home/gbb/rrbot_ws/install/controlko_bringup/share/controlko_bringup/package.xml
[1.312s] Invoked command in '/home/gbb/rrbot_ws/build/controlko_bringup' returned '0': CMAKE_PREFIX_PATH=/home/gbb/rrbot_ws/install/controlko_description:/home/gbb/rrbot_ws/install/roscon2022_control_workshop:/home/gbb/rrbot_ws/install/controlko_hardware_interface:/home/gbb/rrbot_ws/install/controlko_bringup:/home/gbb/rrbot_ws/install/controlko_controllers:/opt/ros/humble /usr/bin/cmake --install /home/gbb/rrbot_ws/build/controlko_bringup
