[0.044s] Invoking command in '/home/gbb/rrbot_ws/build/controlko_hardware_interface': CMAKE_PREFIX_PATH=/opt/ros/humble /usr/bin/cmake --build /home/gbb/rrbot_ws/build/controlko_hardware_interface -- -j8 -l8
[0.229s] [35m[1mConsolidate compiler generated dependencies of target gmock_main[0m
[0.229s] [35m[1mConsolidate compiler generated dependencies of target controlko_hardware_interface[0m
[0.236s] [35m[1mConsolidate compiler generated dependencies of target gmock[0m
[0.278s] [ 22%] Built target gmock_main
[0.302s] [ 55%] Built target gmock
[0.302s] [ 77%] Built target controlko_hardware_interface
[0.325s] [35m[1mConsolidate compiler generated dependencies of target test_rrbot_hardware_interface[0m
[0.361s] [100%] Built target test_rrbot_hardware_interface
[0.400s] Invoked command in '/home/gbb/rrbot_ws/build/controlko_hardware_interface' returned '0': CMAKE_PREFIX_PATH=/opt/ros/humble /usr/bin/cmake --build /home/gbb/rrbot_ws/build/controlko_hardware_interface -- -j8 -l8
[0.401s] Invoking command in '/home/gbb/rrbot_ws/build/controlko_hardware_interface': CMAKE_PREFIX_PATH=/opt/ros/humble /usr/bin/cmake --install /home/gbb/rrbot_ws/build/controlko_hardware_interface
[0.419s] -- Install configuration: ""
[0.419s] -- Up-to-date: /home/gbb/rrbot_ws/install/controlko_hardware_interface/share/controlko_hardware_interface/controlko_hardware_interface.xml
[0.422s] -- Up-to-date: /home/gbb/rrbot_ws/install/controlko_hardware_interface/lib/libcontrolko_hardware_interface.so
[0.423s] -- Up-to-date: /home/gbb/rrbot_ws/install/controlko_hardware_interface/include
[0.423s] -- Up-to-date: /home/gbb/rrbot_ws/install/controlko_hardware_interface/include/controlko_hardware_interface
[0.424s] -- Up-to-date: /home/gbb/rrbot_ws/install/controlko_hardware_interface/include/controlko_hardware_interface/rrbot_hardware_interface.hpp
[0.424s] -- Up-to-date: /home/gbb/rrbot_ws/install/controlko_hardware_interface/include/controlko_hardware_interface/visibility_control.h
[0.424s] -- Up-to-date: /home/gbb/rrbot_ws/install/controlko_hardware_interface/include/controlko_hardware_interface/dr_denis_rrbot_comms.hpp
[0.424s] -- Up-to-date: /home/gbb/rrbot_ws/install/controlko_hardware_interface/share/controlko_hardware_interface/environment/library_path.sh
[0.424s] -- Up-to-date: /home/gbb/rrbot_ws/install/controlko_hardware_interface/share/controlko_hardware_interface/environment/library_path.dsv
[0.425s] -- Up-to-date: /home/gbb/rrbot_ws/install/controlko_hardware_interface/share/ament_index/resource_index/package_run_dependencies/controlko_hardware_interface
[0.425s] -- Up-to-date: /home/gbb/rrbot_ws/install/controlko_hardware_interface/share/ament_index/resource_index/parent_prefix_path/controlko_hardware_interface
[0.425s] -- Up-to-date: /home/gbb/rrbot_ws/install/controlko_hardware_interface/share/controlko_hardware_interface/environment/ament_prefix_path.sh
[0.425s] -- Up-to-date: /home/gbb/rrbot_ws/install/controlko_hardware_interface/share/controlko_hardware_interface/environment/ament_prefix_path.dsv
[0.425s] -- Up-to-date: /home/gbb/rrbot_ws/install/controlko_hardware_interface/share/controlko_hardware_interface/environment/path.sh
[0.425s] -- Up-to-date: /home/gbb/rrbot_ws/install/controlko_hardware_interface/share/controlko_hardware_interface/environment/path.dsv
[0.427s] -- Up-to-date: /home/gbb/rrbot_ws/install/controlko_hardware_interface/share/controlko_hardware_interface/local_setup.bash
[0.427s] -- Up-to-date: /home/gbb/rrbot_ws/install/controlko_hardware_interface/share/controlko_hardware_interface/local_setup.sh
[0.428s] -- Up-to-date: /home/gbb/rrbot_ws/install/controlko_hardware_interface/share/controlko_hardware_interface/local_setup.zsh
[0.428s] -- Up-to-date: /home/gbb/rrbot_ws/install/controlko_hardware_interface/share/controlko_hardware_interface/local_setup.dsv
[0.428s] -- Installing: /home/gbb/rrbot_ws/install/controlko_hardware_interface/share/controlko_hardware_interface/package.dsv
[0.428s] -- Up-to-date: /home/gbb/rrbot_ws/install/controlko_hardware_interface/share/ament_index/resource_index/packages/controlko_hardware_interface
[0.428s] -- Up-to-date: /home/gbb/rrbot_ws/install/controlko_hardware_interface/share/ament_index/resource_index/hardware_interface__pluginlib__plugin/controlko_hardware_interface
[0.429s] -- Up-to-date: /home/gbb/rrbot_ws/install/controlko_hardware_interface/share/controlko_hardware_interface/cmake/ament_cmake_export_include_directories-extras.cmake
[0.429s] -- Up-to-date: /home/gbb/rrbot_ws/install/controlko_hardware_interface/share/controlko_hardware_interface/cmake/ament_cmake_export_libraries-extras.cmake
[0.429s] -- Up-to-date: /home/gbb/rrbot_ws/install/controlko_hardware_interface/share/controlko_hardware_interface/cmake/ament_cmake_export_dependencies-extras.cmake
[0.429s] -- Up-to-date: /home/gbb/rrbot_ws/install/controlko_hardware_interface/share/controlko_hardware_interface/cmake/controlko_hardware_interfaceConfig.cmake
[0.429s] -- Up-to-date: /home/gbb/rrbot_ws/install/controlko_hardware_interface/share/controlko_hardware_interface/cmake/controlko_hardware_interfaceConfig-version.cmake
[0.429s] -- Up-to-date: /home/gbb/rrbot_ws/install/controlko_hardware_interface/share/controlko_hardware_interface/package.xml
[0.433s] Invoked command in '/home/gbb/rrbot_ws/build/controlko_hardware_interface' returned '0': CMAKE_PREFIX_PATH=/opt/ros/humble /usr/bin/cmake --install /home/gbb/rrbot_ws/build/controlko_hardware_interface
