[0.045s] Invoking command in '/home/gbb/rrbot_ws/build/controlko_bringup': AMENT_PREFIX_PATH=/home/gbb/rrbot_ws/install/forward_command_controller:/home/gbb/rrbot_ws/install/controlko_description:${AMENT_PREFIX_PATH} CMAKE_PREFIX_PATH=/home/gbb/rrbot_ws/install/forward_command_controller:/home/gbb/rrbot_ws/install/controlko_description:/opt/ros/humble LD_LIBRARY_PATH=/home/gbb/rrbot_ws/install/forward_command_controller/lib:${LD_LIBRARY_PATH} /usr/bin/cmake --build /home/gbb/rrbot_ws/build/controlko_bringup -- -j8 -l8
[0.095s] Invoked command in '/home/gbb/rrbot_ws/build/controlko_bringup' returned '0': AMENT_PREFIX_PATH=/home/gbb/rrbot_ws/install/forward_command_controller:/home/gbb/rrbot_ws/install/controlko_description:${AMENT_PREFIX_PATH} CMAKE_PREFIX_PATH=/home/gbb/rrbot_ws/install/forward_command_controller:/home/gbb/rrbot_ws/install/controlko_description:/opt/ros/humble LD_LIBRARY_PATH=/home/gbb/rrbot_ws/install/forward_command_controller/lib:${LD_LIBRARY_PATH} /usr/bin/cmake --build /home/gbb/rrbot_ws/build/controlko_bringup -- -j8 -l8
[0.097s] Invoking command in '/home/gbb/rrbot_ws/build/controlko_bringup': AMENT_PREFIX_PATH=/home/gbb/rrbot_ws/install/forward_command_controller:/home/gbb/rrbot_ws/install/controlko_description:${AMENT_PREFIX_PATH} CMAKE_PREFIX_PATH=/home/gbb/rrbot_ws/install/forward_command_controller:/home/gbb/rrbot_ws/install/controlko_description:/opt/ros/humble LD_LIBRARY_PATH=/home/gbb/rrbot_ws/install/forward_command_controller/lib:${LD_LIBRARY_PATH} /usr/bin/cmake --install /home/gbb/rrbot_ws/build/controlko_bringup
[0.110s] -- Install configuration: ""
[0.111s] -- Up-to-date: /home/gbb/rrbot_ws/install/controlko_bringup/share/controlko_bringup/config
[0.112s] -- Up-to-date: /home/gbb/rrbot_ws/install/controlko_bringup/share/controlko_bringup/config/soho-12_controllers.yaml
[0.117s] -- Up-to-date: /home/gbb/rrbot_ws/install/controlko_bringup/share/controlko_bringup/config/test_goal_publishers_config.yaml
[0.117s] -- Up-to-date: /home/gbb/rrbot_ws/install/controlko_bringup/share/controlko_bringup/config/rrbot_controllers.yaml
[0.117s] -- Up-to-date: /home/gbb/rrbot_ws/install/controlko_bringup/share/controlko_bringup
[0.118s] -- Up-to-date: /home/gbb/rrbot_ws/install/controlko_bringup/share/controlko_bringup/rrbot_real.launch.py
[0.118s] -- Up-to-date: /home/gbb/rrbot_ws/install/controlko_bringup/share/controlko_bringup/test_joint_trajectory_controller.launch.py
[0.118s] -- Up-to-date: /home/gbb/rrbot_ws/install/controlko_bringup/share/controlko_bringup/rrbot_sim_gazebo_classic.launch.py
[0.118s] -- Up-to-date: /home/gbb/rrbot_ws/install/controlko_bringup/share/controlko_bringup/soho-12.launch.py
[0.119s] -- Up-to-date: /home/gbb/rrbot_ws/install/controlko_bringup/share/controlko_bringup/test_forward_position_controller.launch.py
[0.119s] -- Up-to-date: /home/gbb/rrbot_ws/install/controlko_bringup/share/controlko_bringup/rrbot.launch.py
[0.119s] -- Up-to-date: /home/gbb/rrbot_ws/install/controlko_bringup/share/controlko_bringup/rrbot_sim_gazebo.launch.py
[0.119s] -- Up-to-date: /home/gbb/rrbot_ws/install/controlko_bringup/share/ament_index/resource_index/package_run_dependencies/controlko_bringup
[0.119s] -- Up-to-date: /home/gbb/rrbot_ws/install/controlko_bringup/share/ament_index/resource_index/parent_prefix_path/controlko_bringup
[0.119s] -- Up-to-date: /home/gbb/rrbot_ws/install/controlko_bringup/share/controlko_bringup/environment/ament_prefix_path.sh
[0.120s] -- Up-to-date: /home/gbb/rrbot_ws/install/controlko_bringup/share/controlko_bringup/environment/ament_prefix_path.dsv
[0.120s] -- Up-to-date: /home/gbb/rrbot_ws/install/controlko_bringup/share/controlko_bringup/environment/path.sh
[0.120s] -- Up-to-date: /home/gbb/rrbot_ws/install/controlko_bringup/share/controlko_bringup/environment/path.dsv
[0.120s] -- Up-to-date: /home/gbb/rrbot_ws/install/controlko_bringup/share/controlko_bringup/local_setup.bash
[0.120s] -- Up-to-date: /home/gbb/rrbot_ws/install/controlko_bringup/share/controlko_bringup/local_setup.sh
[0.121s] -- Up-to-date: /home/gbb/rrbot_ws/install/controlko_bringup/share/controlko_bringup/local_setup.zsh
[0.121s] -- Up-to-date: /home/gbb/rrbot_ws/install/controlko_bringup/share/controlko_bringup/local_setup.dsv
[0.121s] -- Up-to-date: /home/gbb/rrbot_ws/install/controlko_bringup/share/controlko_bringup/package.dsv
[0.122s] -- Up-to-date: /home/gbb/rrbot_ws/install/controlko_bringup/share/ament_index/resource_index/packages/controlko_bringup
[0.122s] -- Up-to-date: /home/gbb/rrbot_ws/install/controlko_bringup/share/controlko_bringup/cmake/controlko_bringupConfig.cmake
[0.122s] -- Up-to-date: /home/gbb/rrbot_ws/install/controlko_bringup/share/controlko_bringup/cmake/controlko_bringupConfig-version.cmake
[0.122s] -- Up-to-date: /home/gbb/rrbot_ws/install/controlko_bringup/share/controlko_bringup/package.xml
[0.122s] Invoked command in '/home/gbb/rrbot_ws/build/controlko_bringup' returned '0': AMENT_PREFIX_PATH=/home/gbb/rrbot_ws/install/forward_command_controller:/home/gbb/rrbot_ws/install/controlko_description:${AMENT_PREFIX_PATH} CMAKE_PREFIX_PATH=/home/gbb/rrbot_ws/install/forward_command_controller:/home/gbb/rrbot_ws/install/controlko_description:/opt/ros/humble LD_LIBRARY_PATH=/home/gbb/rrbot_ws/install/forward_command_controller/lib:${LD_LIBRARY_PATH} /usr/bin/cmake --install /home/gbb/rrbot_ws/build/controlko_bringup
