[0.090s] Invoking command in '/home/gbb/rrbot_ws/build/roscon2022_control_workshop': CMAKE_PREFIX_PATH=${CMAKE_PREFIX_PATH}:/home/gbb/rrbot_ws/install/test_my_position_controller:/opt/ros/humble /usr/bin/cmake --build /home/gbb/rrbot_ws/build/roscon2022_control_workshop -- -j8 -l8
[0.993s] Invoked command in '/home/gbb/rrbot_ws/build/roscon2022_control_workshop' returned '0': CMAKE_PREFIX_PATH=${CMAKE_PREFIX_PATH}:/home/gbb/rrbot_ws/install/test_my_position_controller:/opt/ros/humble /usr/bin/cmake --build /home/gbb/rrbot_ws/build/roscon2022_control_workshop -- -j8 -l8
[1.026s] Invoking command in '/home/gbb/rrbot_ws/build/roscon2022_control_workshop': CMAKE_PREFIX_PATH=${CMAKE_PREFIX_PATH}:/home/gbb/rrbot_ws/install/test_my_position_controller:/opt/ros/humble /usr/bin/cmake --install /home/gbb/rrbot_ws/build/roscon2022_control_workshop
[1.058s] -- Install configuration: ""
[1.058s] -- Up-to-date: /home/gbb/rrbot_ws/install/roscon2022_control_workshop/share/ament_index/resource_index/package_run_dependencies/roscon2022_control_workshop
[1.058s] -- Up-to-date: /home/gbb/rrbot_ws/install/roscon2022_control_workshop/share/ament_index/resource_index/parent_prefix_path/roscon2022_control_workshop
[1.058s] -- Up-to-date: /home/gbb/rrbot_ws/install/roscon2022_control_workshop/share/roscon2022_control_workshop/environment/ament_prefix_path.sh
[1.058s] -- Up-to-date: /home/gbb/rrbot_ws/install/roscon2022_control_workshop/share/roscon2022_control_workshop/environment/ament_prefix_path.dsv
[1.059s] -- Up-to-date: /home/gbb/rrbot_ws/install/roscon2022_control_workshop/share/roscon2022_control_workshop/environment/path.sh
[1.059s] -- Up-to-date: /home/gbb/rrbot_ws/install/roscon2022_control_workshop/share/roscon2022_control_workshop/environment/path.dsv
[1.060s] -- Up-to-date: /home/gbb/rrbot_ws/install/roscon2022_control_workshop/share/roscon2022_control_workshop/local_setup.bash
[1.060s] -- Up-to-date: /home/gbb/rrbot_ws/install/roscon2022_control_workshop/share/roscon2022_control_workshop/local_setup.sh
[1.064s] -- Up-to-date: /home/gbb/rrbot_ws/install/roscon2022_control_workshop/share/roscon2022_control_workshop/local_setup.zsh
[1.065s] -- Up-to-date: /home/gbb/rrbot_ws/install/roscon2022_control_workshop/share/roscon2022_control_workshop/local_setup.dsv
[1.065s] -- Installing: /home/gbb/rrbot_ws/install/roscon2022_control_workshop/share/roscon2022_control_workshop/package.dsv
[1.066s] -- Up-to-date: /home/gbb/rrbot_ws/install/roscon2022_control_workshop/share/ament_index/resource_index/packages/roscon2022_control_workshop
[1.067s] -- Up-to-date: /home/gbb/rrbot_ws/install/roscon2022_control_workshop/share/roscon2022_control_workshop/cmake/roscon2022_control_workshopConfig.cmake
[1.067s] -- Up-to-date: /home/gbb/rrbot_ws/install/roscon2022_control_workshop/share/roscon2022_control_workshop/cmake/roscon2022_control_workshopConfig-version.cmake
[1.070s] -- Up-to-date: /home/gbb/rrbot_ws/install/roscon2022_control_workshop/share/roscon2022_control_workshop/package.xml
[1.170s] Invoked command in '/home/gbb/rrbot_ws/build/roscon2022_control_workshop' returned '0': CMAKE_PREFIX_PATH=${CMAKE_PREFIX_PATH}:/home/gbb/rrbot_ws/install/test_my_position_controller:/opt/ros/humble /usr/bin/cmake --install /home/gbb/rrbot_ws/build/roscon2022_control_workshop
